[0.514s] DEBUG:colcon:Command line arguments: ['/usr/bin/colcon', 'build']
[0.514s] DEBUG:colcon:Parsed command line arguments: Namespace(log_base=None, log_level=None, verb_name='build', build_base='build', install_base='install', merge_install=False, symlink_install=False, test_result_base=None, continue_on_error=False, executor='parallel', parallel_workers=5, event_handlers=None, ignore_user_meta=False, metas=['./colcon.meta'], base_paths=['.'], packages_ignore=None, packages_ignore_regex=None, paths=None, packages_up_to=None, packages_up_to_regex=None, packages_above=None, packages_above_and_dependencies=None, packages_above_depth=None, packages_select_by_dep=None, packages_skip_by_dep=None, packages_skip_up_to=None, packages_select_build_failed=False, packages_skip_build_finished=False, packages_select_test_failures=False, packages_skip_test_passed=False, packages_select=None, packages_skip=None, packages_select_regex=None, packages_skip_regex=None, packages_start=None, packages_end=None, allow_overriding=[], cmake_args=None, cmake_target=None, cmake_target_skip_unavailable=False, cmake_clean_cache=False, cmake_clean_first=False, cmake_force_configure=False, ament_cmake_args=None, catkin_cmake_args=None, catkin_skip_building_tests=False, verb_parser=<colcon_defaults.argument_parser.defaults.DefaultArgumentsDecorator object at 0x7320713a7c40>, verb_extension=<colcon_core.verb.build.BuildVerb object at 0x7320713a7730>, main=<bound method BuildVerb.main of <colcon_core.verb.build.BuildVerb object at 0x7320713a7730>>)
[4.894s] Level 1:colcon.colcon_core.package_discovery:discover_packages(colcon_meta) check parameters
[4.895s] Level 1:colcon.colcon_core.package_discovery:discover_packages(recursive) check parameters
[4.895s] Level 1:colcon.colcon_core.package_discovery:discover_packages(ignore) check parameters
[4.895s] Level 1:colcon.colcon_core.package_discovery:discover_packages(path) check parameters
[4.895s] Level 1:colcon.colcon_core.package_discovery:discover_packages(colcon_meta) discover
[4.895s] Level 1:colcon.colcon_core.package_discovery:discover_packages(recursive) discover
[4.895s] INFO:colcon.colcon_core.package_discovery:Crawling recursively for packages in '/home/emir/ros2_ws/src'
[4.895s] Level 1:colcon.colcon_core.package_identification:_identify(.) by extensions ['ignore', 'ignore_ament_install']
[4.895s] Level 1:colcon.colcon_core.package_identification:_identify(.) by extension 'ignore'
[4.895s] Level 1:colcon.colcon_core.package_identification:_identify(.) by extension 'ignore_ament_install'
[4.895s] Level 1:colcon.colcon_core.package_identification:_identify(.) by extensions ['colcon_pkg']
[4.895s] Level 1:colcon.colcon_core.package_identification:_identify(.) by extension 'colcon_pkg'
[4.895s] Level 1:colcon.colcon_core.package_identification:_identify(.) by extensions ['colcon_meta']
[4.896s] Level 1:colcon.colcon_core.package_identification:_identify(.) by extension 'colcon_meta'
[4.896s] Level 1:colcon.colcon_core.package_identification:_identify(.) by extensions ['ros']
[4.896s] Level 1:colcon.colcon_core.package_identification:_identify(.) by extension 'ros'
[4.908s] Level 1:colcon.colcon_core.package_identification:_identify(.) by extensions ['cmake', 'python']
[4.909s] Level 1:colcon.colcon_core.package_identification:_identify(.) by extension 'cmake'
[4.909s] Level 1:colcon.colcon_core.package_identification:_identify(.) by extension 'python'
[4.909s] Level 1:colcon.colcon_core.package_identification:_identify(.) by extensions ['python_setup_py']
[4.909s] Level 1:colcon.colcon_core.package_identification:_identify(.) by extension 'python_setup_py'
[4.909s] Level 1:colcon.colcon_core.package_identification:_identify(build) by extensions ['ignore', 'ignore_ament_install']
[4.909s] Level 1:colcon.colcon_core.package_identification:_identify(build) by extension 'ignore'
[4.909s] Level 1:colcon.colcon_core.package_identification:_identify(build) ignored
[4.909s] Level 1:colcon.colcon_core.package_identification:_identify(install) by extensions ['ignore', 'ignore_ament_install']
[4.909s] Level 1:colcon.colcon_core.package_identification:_identify(install) by extension 'ignore'
[4.909s] Level 1:colcon.colcon_core.package_identification:_identify(install) ignored
[4.910s] Level 1:colcon.colcon_core.package_identification:_identify(log) by extensions ['ignore', 'ignore_ament_install']
[4.910s] Level 1:colcon.colcon_core.package_identification:_identify(log) by extension 'ignore'
[4.910s] Level 1:colcon.colcon_core.package_identification:_identify(log) ignored
[4.910s] Level 1:colcon.colcon_core.package_identification:_identify(my_cpp_pkg) by extensions ['ignore', 'ignore_ament_install']
[4.910s] Level 1:colcon.colcon_core.package_identification:_identify(my_cpp_pkg) by extension 'ignore'
[4.910s] Level 1:colcon.colcon_core.package_identification:_identify(my_cpp_pkg) by extension 'ignore_ament_install'
[4.910s] Level 1:colcon.colcon_core.package_identification:_identify(my_cpp_pkg) by extensions ['colcon_pkg']
[4.910s] Level 1:colcon.colcon_core.package_identification:_identify(my_cpp_pkg) by extension 'colcon_pkg'
[4.910s] Level 1:colcon.colcon_core.package_identification:_identify(my_cpp_pkg) by extensions ['colcon_meta']
[4.910s] Level 1:colcon.colcon_core.package_identification:_identify(my_cpp_pkg) by extension 'colcon_meta'
[4.910s] Level 1:colcon.colcon_core.package_identification:_identify(my_cpp_pkg) by extensions ['ros']
[4.910s] Level 1:colcon.colcon_core.package_identification:_identify(my_cpp_pkg) by extension 'ros'
[4.943s] DEBUG:colcon.colcon_core.package_identification:Package 'my_cpp_pkg' with type 'ros.ament_cmake' and name 'my_cpp_pkg'
[4.943s] Level 1:colcon.colcon_core.package_identification:_identify(my_py_pkg) by extensions ['ignore', 'ignore_ament_install']
[4.943s] Level 1:colcon.colcon_core.package_identification:_identify(my_py_pkg) by extension 'ignore'
[4.943s] Level 1:colcon.colcon_core.package_identification:_identify(my_py_pkg) by extension 'ignore_ament_install'
[4.943s] Level 1:colcon.colcon_core.package_identification:_identify(my_py_pkg) by extensions ['colcon_pkg']
[4.944s] Level 1:colcon.colcon_core.package_identification:_identify(my_py_pkg) by extension 'colcon_pkg'
[4.944s] Level 1:colcon.colcon_core.package_identification:_identify(my_py_pkg) by extensions ['colcon_meta']
[4.944s] Level 1:colcon.colcon_core.package_identification:_identify(my_py_pkg) by extension 'colcon_meta'
[4.944s] Level 1:colcon.colcon_core.package_identification:_identify(my_py_pkg) by extensions ['ros']
[4.944s] Level 1:colcon.colcon_core.package_identification:_identify(my_py_pkg) by extension 'ros'
[4.959s] DEBUG:colcon.colcon_core.package_identification:Package 'my_py_pkg' with type 'ros.ament_python' and name 'my_py_pkg'
[4.959s] Level 1:colcon.colcon_core.package_discovery:discover_packages(recursive) using defaults
[4.959s] Level 1:colcon.colcon_core.package_discovery:discover_packages(ignore) discover
[4.959s] Level 1:colcon.colcon_core.package_discovery:discover_packages(ignore) using defaults
[4.959s] Level 1:colcon.colcon_core.package_discovery:discover_packages(path) discover
[4.959s] Level 1:colcon.colcon_core.package_discovery:discover_packages(path) using defaults
[5.250s] Level 1:colcon.colcon_core.package_discovery:discover_packages(prefix_path) check parameters
[5.250s] Level 1:colcon.colcon_core.package_discovery:discover_packages(prefix_path) discover
[5.268s] DEBUG:colcon.colcon_installed_package_information.package_discovery:Found 3 installed packages in /home/emir/ros2_ws/install
[5.271s] DEBUG:colcon.colcon_installed_package_information.package_discovery:Found 270 installed packages in /opt/ros/humble
[5.273s] Level 1:colcon.colcon_core.package_discovery:discover_packages(prefix_path) using defaults
[5.387s] Level 5:colcon.colcon_core.verb:set package 'my_cpp_pkg' build argument 'cmake_args' from command line to 'None'
[5.387s] Level 5:colcon.colcon_core.verb:set package 'my_cpp_pkg' build argument 'cmake_target' from command line to 'None'
[5.387s] Level 5:colcon.colcon_core.verb:set package 'my_cpp_pkg' build argument 'cmake_target_skip_unavailable' from command line to 'False'
[5.387s] Level 5:colcon.colcon_core.verb:set package 'my_cpp_pkg' build argument 'cmake_clean_cache' from command line to 'False'
[5.387s] Level 5:colcon.colcon_core.verb:set package 'my_cpp_pkg' build argument 'cmake_clean_first' from command line to 'False'
[5.387s] Level 5:colcon.colcon_core.verb:set package 'my_cpp_pkg' build argument 'cmake_force_configure' from command line to 'False'
[5.387s] Level 5:colcon.colcon_core.verb:set package 'my_cpp_pkg' build argument 'ament_cmake_args' from command line to 'None'
[5.387s] Level 5:colcon.colcon_core.verb:set package 'my_cpp_pkg' build argument 'catkin_cmake_args' from command line to 'None'
[5.387s] Level 5:colcon.colcon_core.verb:set package 'my_cpp_pkg' build argument 'catkin_skip_building_tests' from command line to 'False'
[5.388s] DEBUG:colcon.colcon_core.verb:Building package 'my_cpp_pkg' with the following arguments: {'ament_cmake_args': None, 'build_base': '/home/emir/ros2_ws/src/build/my_cpp_pkg', 'catkin_cmake_args': None, 'catkin_skip_building_tests': False, 'cmake_args': None, 'cmake_clean_cache': False, 'cmake_clean_first': False, 'cmake_force_configure': False, 'cmake_target': None, 'cmake_target_skip_unavailable': False, 'install_base': '/home/emir/ros2_ws/src/install/my_cpp_pkg', 'merge_install': False, 'path': '/home/emir/ros2_ws/src/my_cpp_pkg', 'symlink_install': False, 'test_result_base': None}
[5.388s] Level 5:colcon.colcon_core.verb:set package 'my_py_pkg' build argument 'cmake_args' from command line to 'None'
[5.388s] Level 5:colcon.colcon_core.verb:set package 'my_py_pkg' build argument 'cmake_target' from command line to 'None'
[5.388s] Level 5:colcon.colcon_core.verb:set package 'my_py_pkg' build argument 'cmake_target_skip_unavailable' from command line to 'False'
[5.388s] Level 5:colcon.colcon_core.verb:set package 'my_py_pkg' build argument 'cmake_clean_cache' from command line to 'False'
[5.388s] Level 5:colcon.colcon_core.verb:set package 'my_py_pkg' build argument 'cmake_clean_first' from command line to 'False'
[5.388s] Level 5:colcon.colcon_core.verb:set package 'my_py_pkg' build argument 'cmake_force_configure' from command line to 'False'
[5.388s] Level 5:colcon.colcon_core.verb:set package 'my_py_pkg' build argument 'ament_cmake_args' from command line to 'None'
[5.388s] Level 5:colcon.colcon_core.verb:set package 'my_py_pkg' build argument 'catkin_cmake_args' from command line to 'None'
[5.388s] Level 5:colcon.colcon_core.verb:set package 'my_py_pkg' build argument 'catkin_skip_building_tests' from command line to 'False'
[5.388s] DEBUG:colcon.colcon_core.verb:Building package 'my_py_pkg' with the following arguments: {'ament_cmake_args': None, 'build_base': '/home/emir/ros2_ws/src/build/my_py_pkg', 'catkin_cmake_args': None, 'catkin_skip_building_tests': False, 'cmake_args': None, 'cmake_clean_cache': False, 'cmake_clean_first': False, 'cmake_force_configure': False, 'cmake_target': None, 'cmake_target_skip_unavailable': False, 'install_base': '/home/emir/ros2_ws/src/install/my_py_pkg', 'merge_install': False, 'path': '/home/emir/ros2_ws/src/my_py_pkg', 'symlink_install': False, 'test_result_base': None}
[5.389s] INFO:colcon.colcon_core.executor:Executing jobs using 'parallel' executor
[5.390s] DEBUG:colcon.colcon_parallel_executor.executor.parallel:run_until_complete
[5.390s] INFO:colcon.colcon_ros.task.ament_cmake.build:Building ROS package in '/home/emir/ros2_ws/src/my_cpp_pkg' with build type 'ament_cmake'
[5.391s] INFO:colcon.colcon_cmake.task.cmake.build:Building CMake package in '/home/emir/ros2_ws/src/my_cpp_pkg'
[5.417s] INFO:colcon.colcon_core.plugin_system:Skipping extension 'colcon_core.shell.bat': Not used on non-Windows systems
[5.417s] INFO:colcon.colcon_core.shell:Skip shell extension 'powershell' for command environment: Not usable outside of PowerShell
[5.418s] DEBUG:colcon.colcon_core.shell:Skip shell extension 'dsv' for command environment
[5.444s] INFO:colcon.colcon_ros.task.ament_python.build:Building ROS package in '/home/emir/ros2_ws/src/my_py_pkg' with build type 'ament_python'
[5.444s] Level 1:colcon.colcon_core.shell:create_environment_hook('my_py_pkg', 'ament_prefix_path')
[5.445s] INFO:colcon.colcon_core.shell:Creating environment hook '/home/emir/ros2_ws/src/install/my_py_pkg/share/my_py_pkg/hook/ament_prefix_path.ps1'
[5.449s] INFO:colcon.colcon_core.shell:Creating environment descriptor '/home/emir/ros2_ws/src/install/my_py_pkg/share/my_py_pkg/hook/ament_prefix_path.dsv'
[5.450s] INFO:colcon.colcon_core.shell:Creating environment hook '/home/emir/ros2_ws/src/install/my_py_pkg/share/my_py_pkg/hook/ament_prefix_path.sh'
[5.452s] INFO:colcon.colcon_core.shell:Skip shell extension 'powershell' for command environment: Not usable outside of PowerShell
[5.452s] DEBUG:colcon.colcon_core.shell:Skip shell extension 'dsv' for command environment
[5.462s] DEBUG:colcon.colcon_core.event_handler.log_command:Invoking command in '/home/emir/ros2_ws/src/build/my_cpp_pkg': CMAKE_PREFIX_PATH=${CMAKE_PREFIX_PATH}:/home/emir/ros2_ws/install/my_py_pkg:/opt/ros/humble /usr/bin/cmake /home/emir/ros2_ws/src/my_cpp_pkg -DCMAKE_INSTALL_PREFIX=/home/emir/ros2_ws/src/install/my_cpp_pkg
[5.843s] INFO:colcon.colcon_core.task.python.build:Building Python package in '/home/emir/ros2_ws/src/my_py_pkg'
[5.844s] INFO:colcon.colcon_core.shell:Skip shell extension 'powershell' for command environment: Not usable outside of PowerShell
[5.844s] DEBUG:colcon.colcon_core.shell:Skip shell extension 'dsv' for command environment
[7.590s] DEBUG:colcon.colcon_core.event_handler.log_command:Invoking command in '/home/emir/ros2_ws/src/my_py_pkg': PYTHONPATH=/home/emir/ros2_ws/src/build/my_py_pkg/prefix_override:/usr/lib/python3/dist-packages/colcon_core/task/python/colcon_distutils_commands:/home/emir/ros2_ws/src/install/my_py_pkg/lib/python3.10/site-packages:${PYTHONPATH} /usr/bin/python3 -W ignore:setup.py install is deprecated setup.py egg_info --egg-base ../build/my_py_pkg build --build-base /home/emir/ros2_ws/src/build/my_py_pkg/build install --record /home/emir/ros2_ws/src/build/my_py_pkg/install.log --single-version-externally-managed install_data
[8.116s] DEBUG:colcon.colcon_core.event_handler.log_command:Invoked command in '/home/emir/ros2_ws/src/my_py_pkg' returned '0': PYTHONPATH=/home/emir/ros2_ws/src/build/my_py_pkg/prefix_override:/usr/lib/python3/dist-packages/colcon_core/task/python/colcon_distutils_commands:/home/emir/ros2_ws/src/install/my_py_pkg/lib/python3.10/site-packages:${PYTHONPATH} /usr/bin/python3 -W ignore:setup.py install is deprecated setup.py egg_info --egg-base ../build/my_py_pkg build --build-base /home/emir/ros2_ws/src/build/my_py_pkg/build install --record /home/emir/ros2_ws/src/build/my_py_pkg/install.log --single-version-externally-managed install_data
[8.204s] Level 1:colcon.colcon_core.environment:checking '/home/emir/ros2_ws/src/install/my_py_pkg' for CMake module files
[8.205s] Level 1:colcon.colcon_core.environment:checking '/home/emir/ros2_ws/src/install/my_py_pkg' for CMake config files
[8.207s] Level 1:colcon.colcon_core.environment:checking '/home/emir/ros2_ws/src/install/my_py_pkg/lib'
[8.207s] Level 1:colcon.colcon_core.environment:checking '/home/emir/ros2_ws/src/install/my_py_pkg/bin'
[8.207s] Level 1:colcon.colcon_core.environment:checking '/home/emir/ros2_ws/src/install/my_py_pkg/lib/pkgconfig/my_py_pkg.pc'
[8.208s] Level 1:colcon.colcon_core.environment:checking '/home/emir/ros2_ws/src/install/my_py_pkg/lib/python3.10/site-packages'
[8.208s] Level 1:colcon.colcon_core.shell:create_environment_hook('my_py_pkg', 'pythonpath')
[8.209s] INFO:colcon.colcon_core.shell:Creating environment hook '/home/emir/ros2_ws/src/install/my_py_pkg/share/my_py_pkg/hook/pythonpath.ps1'
[8.209s] INFO:colcon.colcon_core.shell:Creating environment descriptor '/home/emir/ros2_ws/src/install/my_py_pkg/share/my_py_pkg/hook/pythonpath.dsv'
[8.209s] INFO:colcon.colcon_core.shell:Creating environment hook '/home/emir/ros2_ws/src/install/my_py_pkg/share/my_py_pkg/hook/pythonpath.sh'
[8.210s] Level 1:colcon.colcon_core.environment:checking '/home/emir/ros2_ws/src/install/my_py_pkg/bin'
[8.210s] Level 1:colcon.colcon_core.environment:create_environment_scripts_only(my_py_pkg)
[8.211s] INFO:colcon.colcon_core.shell:Creating package script '/home/emir/ros2_ws/src/install/my_py_pkg/share/my_py_pkg/package.ps1'
[8.235s] INFO:colcon.colcon_core.shell:Creating package descriptor '/home/emir/ros2_ws/src/install/my_py_pkg/share/my_py_pkg/package.dsv'
[8.237s] INFO:colcon.colcon_core.shell:Creating package script '/home/emir/ros2_ws/src/install/my_py_pkg/share/my_py_pkg/package.sh'
[8.259s] INFO:colcon.colcon_core.shell:Creating package script '/home/emir/ros2_ws/src/install/my_py_pkg/share/my_py_pkg/package.bash'
[8.275s] INFO:colcon.colcon_core.shell:Creating package script '/home/emir/ros2_ws/src/install/my_py_pkg/share/my_py_pkg/package.zsh'
[8.324s] Level 1:colcon.colcon_core.environment:create_file_with_runtime_dependencies(/home/emir/ros2_ws/src/install/my_py_pkg/share/colcon-core/packages/my_py_pkg)
[11.452s] DEBUG:colcon.colcon_core.event_handler.log_command:Invoked command in '/home/emir/ros2_ws/src/build/my_cpp_pkg' returned '0': CMAKE_PREFIX_PATH=${CMAKE_PREFIX_PATH}:/home/emir/ros2_ws/install/my_py_pkg:/opt/ros/humble /usr/bin/cmake /home/emir/ros2_ws/src/my_cpp_pkg -DCMAKE_INSTALL_PREFIX=/home/emir/ros2_ws/src/install/my_cpp_pkg
[11.454s] DEBUG:colcon.colcon_core.event_handler.log_command:Invoking command in '/home/emir/ros2_ws/src/build/my_cpp_pkg': CMAKE_PREFIX_PATH=${CMAKE_PREFIX_PATH}:/home/emir/ros2_ws/install/my_py_pkg:/opt/ros/humble /usr/bin/cmake --build /home/emir/ros2_ws/src/build/my_cpp_pkg -- -j5 -l5
[27.738s] DEBUG:colcon.colcon_core.event_handler.log_command:Invoked command in '/home/emir/ros2_ws/src/build/my_cpp_pkg' returned '0': CMAKE_PREFIX_PATH=${CMAKE_PREFIX_PATH}:/home/emir/ros2_ws/install/my_py_pkg:/opt/ros/humble /usr/bin/cmake --build /home/emir/ros2_ws/src/build/my_cpp_pkg -- -j5 -l5
[27.826s] DEBUG:colcon.colcon_core.event_handler.log_command:Invoking command in '/home/emir/ros2_ws/src/build/my_cpp_pkg': CMAKE_PREFIX_PATH=${CMAKE_PREFIX_PATH}:/home/emir/ros2_ws/install/my_py_pkg:/opt/ros/humble /usr/bin/cmake --install /home/emir/ros2_ws/src/build/my_cpp_pkg
[27.887s] Level 1:colcon.colcon_core.environment:create_environment_scripts_only(my_cpp_pkg)
[27.888s] Level 1:colcon.colcon_core.environment:checking '/home/emir/ros2_ws/src/install/my_cpp_pkg' for CMake module files
[27.889s] DEBUG:colcon.colcon_core.event_handler.log_command:Invoked command in '/home/emir/ros2_ws/src/build/my_cpp_pkg' returned '0': CMAKE_PREFIX_PATH=${CMAKE_PREFIX_PATH}:/home/emir/ros2_ws/install/my_py_pkg:/opt/ros/humble /usr/bin/cmake --install /home/emir/ros2_ws/src/build/my_cpp_pkg
[27.889s] Level 1:colcon.colcon_core.environment:checking '/home/emir/ros2_ws/src/install/my_cpp_pkg' for CMake config files
[27.890s] Level 1:colcon.colcon_core.shell:create_environment_hook('my_cpp_pkg', 'cmake_prefix_path')
[27.890s] INFO:colcon.colcon_core.shell:Creating environment hook '/home/emir/ros2_ws/src/install/my_cpp_pkg/share/my_cpp_pkg/hook/cmake_prefix_path.ps1'
[28.003s] INFO:colcon.colcon_core.shell:Creating environment descriptor '/home/emir/ros2_ws/src/install/my_cpp_pkg/share/my_cpp_pkg/hook/cmake_prefix_path.dsv'
[28.040s] INFO:colcon.colcon_core.shell:Creating environment hook '/home/emir/ros2_ws/src/install/my_cpp_pkg/share/my_cpp_pkg/hook/cmake_prefix_path.sh'
[28.059s] Level 1:colcon.colcon_core.environment:checking '/home/emir/ros2_ws/src/install/my_cpp_pkg/lib'
[28.059s] Level 1:colcon.colcon_core.environment:checking '/home/emir/ros2_ws/src/install/my_cpp_pkg/bin'
[28.060s] Level 1:colcon.colcon_core.environment:checking '/home/emir/ros2_ws/src/install/my_cpp_pkg/lib/pkgconfig/my_cpp_pkg.pc'
[28.060s] Level 1:colcon.colcon_core.environment:checking '/home/emir/ros2_ws/src/install/my_cpp_pkg/lib/python3.10/site-packages'
[28.061s] Level 1:colcon.colcon_core.environment:checking '/home/emir/ros2_ws/src/install/my_cpp_pkg/bin'
[28.061s] INFO:colcon.colcon_core.shell:Creating package script '/home/emir/ros2_ws/src/install/my_cpp_pkg/share/my_cpp_pkg/package.ps1'
[28.063s] INFO:colcon.colcon_core.shell:Creating package descriptor '/home/emir/ros2_ws/src/install/my_cpp_pkg/share/my_cpp_pkg/package.dsv'
[28.065s] INFO:colcon.colcon_core.shell:Creating package script '/home/emir/ros2_ws/src/install/my_cpp_pkg/share/my_cpp_pkg/package.sh'
[28.067s] INFO:colcon.colcon_core.shell:Creating package script '/home/emir/ros2_ws/src/install/my_cpp_pkg/share/my_cpp_pkg/package.bash'
[28.109s] INFO:colcon.colcon_core.shell:Creating package script '/home/emir/ros2_ws/src/install/my_cpp_pkg/share/my_cpp_pkg/package.zsh'
[28.127s] Level 1:colcon.colcon_core.environment:create_file_with_runtime_dependencies(/home/emir/ros2_ws/src/install/my_cpp_pkg/share/colcon-core/packages/my_cpp_pkg)
[28.178s] Level 1:colcon.colcon_core.environment:create_environment_scripts_only(my_cpp_pkg)
[28.178s] Level 1:colcon.colcon_core.environment:checking '/home/emir/ros2_ws/src/install/my_cpp_pkg' for CMake module files
[28.179s] Level 1:colcon.colcon_core.environment:checking '/home/emir/ros2_ws/src/install/my_cpp_pkg' for CMake config files
[28.179s] Level 1:colcon.colcon_core.shell:create_environment_hook('my_cpp_pkg', 'cmake_prefix_path')
[28.180s] INFO:colcon.colcon_core.shell:Creating environment hook '/home/emir/ros2_ws/src/install/my_cpp_pkg/share/my_cpp_pkg/hook/cmake_prefix_path.ps1'
[28.180s] INFO:colcon.colcon_core.shell:Creating environment descriptor '/home/emir/ros2_ws/src/install/my_cpp_pkg/share/my_cpp_pkg/hook/cmake_prefix_path.dsv'
[28.181s] INFO:colcon.colcon_core.shell:Creating environment hook '/home/emir/ros2_ws/src/install/my_cpp_pkg/share/my_cpp_pkg/hook/cmake_prefix_path.sh'
[28.183s] Level 1:colcon.colcon_core.environment:checking '/home/emir/ros2_ws/src/install/my_cpp_pkg/lib'
[28.183s] Level 1:colcon.colcon_core.environment:checking '/home/emir/ros2_ws/src/install/my_cpp_pkg/bin'
[28.183s] Level 1:colcon.colcon_core.environment:checking '/home/emir/ros2_ws/src/install/my_cpp_pkg/lib/pkgconfig/my_cpp_pkg.pc'
[28.183s] Level 1:colcon.colcon_core.environment:checking '/home/emir/ros2_ws/src/install/my_cpp_pkg/lib/python3.10/site-packages'
[28.184s] Level 1:colcon.colcon_core.environment:checking '/home/emir/ros2_ws/src/install/my_cpp_pkg/bin'
[28.184s] INFO:colcon.colcon_core.shell:Creating package script '/home/emir/ros2_ws/src/install/my_cpp_pkg/share/my_cpp_pkg/package.ps1'
[28.185s] INFO:colcon.colcon_core.shell:Creating package descriptor '/home/emir/ros2_ws/src/install/my_cpp_pkg/share/my_cpp_pkg/package.dsv'
[28.186s] INFO:colcon.colcon_core.shell:Creating package script '/home/emir/ros2_ws/src/install/my_cpp_pkg/share/my_cpp_pkg/package.sh'
[28.188s] INFO:colcon.colcon_core.shell:Creating package script '/home/emir/ros2_ws/src/install/my_cpp_pkg/share/my_cpp_pkg/package.bash'
[28.191s] INFO:colcon.colcon_core.shell:Creating package script '/home/emir/ros2_ws/src/install/my_cpp_pkg/share/my_cpp_pkg/package.zsh'
[28.192s] Level 1:colcon.colcon_core.environment:create_file_with_runtime_dependencies(/home/emir/ros2_ws/src/install/my_cpp_pkg/share/colcon-core/packages/my_cpp_pkg)
[28.193s] DEBUG:colcon.colcon_parallel_executor.executor.parallel:closing loop
[28.193s] DEBUG:colcon.colcon_parallel_executor.executor.parallel:loop closed
[28.193s] DEBUG:colcon.colcon_parallel_executor.executor.parallel:run_until_complete finished with '0'
[28.193s] DEBUG:colcon.colcon_core.event_reactor:joining thread
[29.119s] INFO:colcon.colcon_core.plugin_system:Skipping extension 'colcon_notification.desktop_notification.terminal_notifier': Not used on non-Darwin systems
[29.119s] INFO:colcon.colcon_core.plugin_system:Skipping extension 'colcon_notification.desktop_notification.win32': Not used on non-Windows systems
[29.119s] INFO:colcon.colcon_notification.desktop_notification:Sending desktop notification using 'notify2'
[32.456s] DEBUG:colcon.colcon_core.event_reactor:joined thread
[32.456s] INFO:colcon.colcon_core.shell:Creating prefix script '/home/emir/ros2_ws/src/install/local_setup.ps1'
[32.470s] INFO:colcon.colcon_core.shell:Creating prefix util module '/home/emir/ros2_ws/src/install/_local_setup_util_ps1.py'
[32.509s] INFO:colcon.colcon_core.shell:Creating prefix chain script '/home/emir/ros2_ws/src/install/setup.ps1'
[32.640s] INFO:colcon.colcon_core.shell:Creating prefix script '/home/emir/ros2_ws/src/install/local_setup.sh'
[32.642s] INFO:colcon.colcon_core.shell:Creating prefix util module '/home/emir/ros2_ws/src/install/_local_setup_util_sh.py'
[32.660s] INFO:colcon.colcon_core.shell:Creating prefix chain script '/home/emir/ros2_ws/src/install/setup.sh'
[32.676s] INFO:colcon.colcon_core.shell:Creating prefix script '/home/emir/ros2_ws/src/install/local_setup.bash'
[32.709s] INFO:colcon.colcon_core.shell:Creating prefix chain script '/home/emir/ros2_ws/src/install/setup.bash'
[32.711s] INFO:colcon.colcon_core.shell:Creating prefix script '/home/emir/ros2_ws/src/install/local_setup.zsh'
[32.718s] INFO:colcon.colcon_core.shell:Creating prefix chain script '/home/emir/ros2_ws/src/install/setup.zsh'
