[0.642s] Invoking command in '/home/emir/ros2_ws/src/turtlesim_catch_them_all': PYTHONPATH=/home/emir/ros2_ws/build/turtlesim_catch_them_all/prefix_override:/usr/lib/python3/dist-packages/colcon_core/task/python/colcon_distutils_commands:/home/emir/ros2_ws/install/turtlesim_catch_them_all/lib/python3.10/site-packages:${PYTHONPATH} /usr/bin/python3 -W ignore:setup.py install is deprecated setup.py egg_info --egg-base ../../build/turtlesim_catch_them_all build --build-base /home/emir/ros2_ws/build/turtlesim_catch_them_all/build install --record /home/emir/ros2_ws/build/turtlesim_catch_them_all/install.log --single-version-externally-managed install_data
[0.867s] running egg_info
[0.870s] writing ../../build/turtlesim_catch_them_all/turtlesim_catch_them_all.egg-info/PKG-INFO
[0.870s] writing dependency_links to ../../build/turtlesim_catch_them_all/turtlesim_catch_them_all.egg-info/dependency_links.txt
[0.870s] writing entry points to ../../build/turtlesim_catch_them_all/turtlesim_catch_them_all.egg-info/entry_points.txt
[0.870s] writing requirements to ../../build/turtlesim_catch_them_all/turtlesim_catch_them_all.egg-info/requires.txt
[0.870s] writing top-level names to ../../build/turtlesim_catch_them_all/turtlesim_catch_them_all.egg-info/top_level.txt
[0.870s] reading manifest file '../../build/turtlesim_catch_them_all/turtlesim_catch_them_all.egg-info/SOURCES.txt'
[0.870s] writing manifest file '../../build/turtlesim_catch_them_all/turtlesim_catch_them_all.egg-info/SOURCES.txt'
[0.870s] running build
[0.870s] running build_py
[0.876s] running install
[0.876s] running install_lib
[0.876s] running install_data
[0.876s] running install_egg_info
[0.876s] removing '/home/emir/ros2_ws/install/turtlesim_catch_them_all/lib/python3.10/site-packages/turtlesim_catch_them_all-0.0.0-py3.10.egg-info' (and everything under it)
[0.876s] Copying ../../build/turtlesim_catch_them_all/turtlesim_catch_them_all.egg-info to /home/emir/ros2_ws/install/turtlesim_catch_them_all/lib/python3.10/site-packages/turtlesim_catch_them_all-0.0.0-py3.10.egg-info
[0.876s] running install_scripts
[0.896s] Installing turtlesim_catch_them_all script to /home/emir/ros2_ws/install/turtlesim_catch_them_all/lib/turtlesim_catch_them_all
[0.896s] writing list of installed files to '/home/emir/ros2_ws/build/turtlesim_catch_them_all/install.log'
[0.998s] Invoked command in '/home/emir/ros2_ws/src/turtlesim_catch_them_all' returned '0': PYTHONPATH=/home/emir/ros2_ws/build/turtlesim_catch_them_all/prefix_override:/usr/lib/python3/dist-packages/colcon_core/task/python/colcon_distutils_commands:/home/emir/ros2_ws/install/turtlesim_catch_them_all/lib/python3.10/site-packages:${PYTHONPATH} /usr/bin/python3 -W ignore:setup.py install is deprecated setup.py egg_info --egg-base ../../build/turtlesim_catch_them_all build --build-base /home/emir/ros2_ws/build/turtlesim_catch_them_all/build install --record /home/emir/ros2_ws/build/turtlesim_catch_them_all/install.log --single-version-externally-managed install_data
