[0.137s] Invoking command in '/home/emir/ros2_ws/build/custom_interfaces1': CMAKE_PREFIX_PATH=${CMAKE_PREFIX_PATH}:/home/emir/ros2_ws/install/my_py_pkg:/opt/ros/humble /usr/bin/cmake --build /home/emir/ros2_ws/build/custom_interfaces1 -- -j5 -l5
[0.695s] [  0%] Built target ament_cmake_python_symlink_custom_interfaces1
[0.721s] [  2%] Built target custom_interfaces1__cpp
[0.859s] [ 12%] Built target custom_interfaces1__rosidl_typesupport_cpp
[0.859s] [ 23%] Built target custom_interfaces1__rosidl_generator_c
[0.876s] [ 34%] Built target custom_interfaces1__rosidl_typesupport_fastrtps_cpp
[0.931s] [ 44%] Built target custom_interfaces1__rosidl_typesupport_introspection_cpp
[1.019s] [ 55%] Built target custom_interfaces1__rosidl_typesupport_c
[1.034s] [ 65%] Built target custom_interfaces1__rosidl_typesupport_introspection_c
[1.035s] [ 76%] Built target custom_interfaces1__rosidl_typesupport_fastrtps_c
[1.095s] [ 76%] Built target custom_interfaces1
[1.155s] [ 78%] Built target custom_interfaces1__py
[1.232s] [ 87%] Built target custom_interfaces1__rosidl_generator_py
[1.243s] running egg_info
[1.244s] writing custom_interfaces1.egg-info/PKG-INFO
[1.244s] writing dependency_links to custom_interfaces1.egg-info/dependency_links.txt
[1.244s] writing top-level names to custom_interfaces1.egg-info/top_level.txt
[1.251s] reading manifest file 'custom_interfaces1.egg-info/SOURCES.txt'
[1.251s] writing manifest file 'custom_interfaces1.egg-info/SOURCES.txt'
[1.293s] [ 91%] Built target custom_interfaces1__rosidl_typesupport_c__pyext
[1.298s] [ 91%] Built target ament_cmake_python_build_custom_interfaces1_egg
[1.326s] [ 95%] Built target custom_interfaces1__rosidl_typesupport_fastrtps_c__pyext
[1.326s] [100%] Built target custom_interfaces1__rosidl_typesupport_introspection_c__pyext
[1.353s] Invoked command in '/home/emir/ros2_ws/build/custom_interfaces1' returned '0': CMAKE_PREFIX_PATH=${CMAKE_PREFIX_PATH}:/home/emir/ros2_ws/install/my_py_pkg:/opt/ros/humble /usr/bin/cmake --build /home/emir/ros2_ws/build/custom_interfaces1 -- -j5 -l5
[1.524s] Invoking command in '/home/emir/ros2_ws/build/custom_interfaces1': CMAKE_PREFIX_PATH=${CMAKE_PREFIX_PATH}:/home/emir/ros2_ws/install/my_py_pkg:/opt/ros/humble /usr/bin/cmake --install /home/emir/ros2_ws/build/custom_interfaces1
[1.556s] -- Install configuration: ""
[1.580s] -- Execute custom install script
[1.580s] -- Up-to-date symlink: /home/emir/ros2_ws/install/custom_interfaces1/share/ament_index/resource_index/rosidl_interfaces/custom_interfaces1
[1.583s] -- Up-to-date symlink: /home/emir/ros2_ws/install/custom_interfaces1/include/custom_interfaces1/custom_interfaces1/msg/detail/led_state_array__functions.h
[1.584s] -- Up-to-date symlink: /home/emir/ros2_ws/install/custom_interfaces1/include/custom_interfaces1/custom_interfaces1/msg/detail/led_state_array__struct.h
[1.584s] -- Up-to-date symlink: /home/emir/ros2_ws/install/custom_interfaces1/include/custom_interfaces1/custom_interfaces1/msg/detail/led_state_array__type_support.h
[1.584s] -- Up-to-date symlink: /home/emir/ros2_ws/install/custom_interfaces1/include/custom_interfaces1/custom_interfaces1/msg/detail/target_coordinates__functions.h
[1.586s] -- Up-to-date symlink: /home/emir/ros2_ws/install/custom_interfaces1/include/custom_interfaces1/custom_interfaces1/msg/detail/target_coordinates__struct.h
[1.586s] -- Up-to-date symlink: /home/emir/ros2_ws/install/custom_interfaces1/include/custom_interfaces1/custom_interfaces1/msg/detail/target_coordinates__type_support.h
[1.586s] -- Up-to-date symlink: /home/emir/ros2_ws/install/custom_interfaces1/include/custom_interfaces1/custom_interfaces1/msg/led_state_array.h
[1.586s] -- Up-to-date symlink: /home/emir/ros2_ws/install/custom_interfaces1/include/custom_interfaces1/custom_interfaces1/msg/rosidl_generator_c__visibility_control.h
[1.586s] -- Up-to-date symlink: /home/emir/ros2_ws/install/custom_interfaces1/include/custom_interfaces1/custom_interfaces1/msg/target_coordinates.h
[1.587s] -- Up-to-date symlink: /home/emir/ros2_ws/install/custom_interfaces1/include/custom_interfaces1/custom_interfaces1/srv/detail/set_led__functions.h
[1.589s] -- Up-to-date symlink: /home/emir/ros2_ws/install/custom_interfaces1/include/custom_interfaces1/custom_interfaces1/srv/detail/set_led__struct.h
[1.590s] -- Up-to-date symlink: /home/emir/ros2_ws/install/custom_interfaces1/include/custom_interfaces1/custom_interfaces1/srv/detail/set_led__type_support.h
[1.591s] -- Up-to-date symlink: /home/emir/ros2_ws/install/custom_interfaces1/include/custom_interfaces1/custom_interfaces1/srv/set_led.h
[1.591s] -- Up-to-date symlink: /home/emir/ros2_ws/install/custom_interfaces1/share/custom_interfaces1/environment/library_path.sh
[1.591s] -- Up-to-date symlink: /home/emir/ros2_ws/install/custom_interfaces1/share/custom_interfaces1/environment/library_path.dsv
[1.591s] -- Up-to-date symlink: /home/emir/ros2_ws/install/custom_interfaces1/include/custom_interfaces1/custom_interfaces1/msg/detail/led_state_array__rosidl_typesupport_fastrtps_c.h
[1.591s] -- Up-to-date symlink: /home/emir/ros2_ws/install/custom_interfaces1/include/custom_interfaces1/custom_interfaces1/msg/detail/target_coordinates__rosidl_typesupport_fastrtps_c.h
[1.591s] -- Up-to-date symlink: /home/emir/ros2_ws/install/custom_interfaces1/include/custom_interfaces1/custom_interfaces1/msg/rosidl_typesupport_fastrtps_c__visibility_control.h
[1.595s] -- Up-to-date symlink: /home/emir/ros2_ws/install/custom_interfaces1/include/custom_interfaces1/custom_interfaces1/srv/detail/set_led__rosidl_typesupport_fastrtps_c.h
[1.596s] -- Up-to-date symlink: /home/emir/ros2_ws/install/custom_interfaces1/include/custom_interfaces1/custom_interfaces1/msg/detail/led_state_array__builder.hpp
[1.597s] -- Up-to-date symlink: /home/emir/ros2_ws/install/custom_interfaces1/include/custom_interfaces1/custom_interfaces1/msg/detail/led_state_array__struct.hpp
[1.597s] -- Up-to-date symlink: /home/emir/ros2_ws/install/custom_interfaces1/include/custom_interfaces1/custom_interfaces1/msg/detail/led_state_array__traits.hpp
[1.598s] -- Up-to-date symlink: /home/emir/ros2_ws/install/custom_interfaces1/include/custom_interfaces1/custom_interfaces1/msg/detail/target_coordinates__builder.hpp
[1.598s] -- Up-to-date symlink: /home/emir/ros2_ws/install/custom_interfaces1/include/custom_interfaces1/custom_interfaces1/msg/detail/target_coordinates__struct.hpp
[1.599s] -- Up-to-date symlink: /home/emir/ros2_ws/install/custom_interfaces1/include/custom_interfaces1/custom_interfaces1/msg/detail/target_coordinates__traits.hpp
[1.599s] -- Up-to-date symlink: /home/emir/ros2_ws/install/custom_interfaces1/include/custom_interfaces1/custom_interfaces1/msg/led_state_array.hpp
[1.599s] -- Up-to-date symlink: /home/emir/ros2_ws/install/custom_interfaces1/include/custom_interfaces1/custom_interfaces1/msg/target_coordinates.hpp
[1.599s] -- Up-to-date symlink: /home/emir/ros2_ws/install/custom_interfaces1/include/custom_interfaces1/custom_interfaces1/srv/detail/set_led__builder.hpp
[1.599s] -- Up-to-date symlink: /home/emir/ros2_ws/install/custom_interfaces1/include/custom_interfaces1/custom_interfaces1/srv/detail/set_led__struct.hpp
[1.599s] -- Up-to-date symlink: /home/emir/ros2_ws/install/custom_interfaces1/include/custom_interfaces1/custom_interfaces1/srv/detail/set_led__traits.hpp
[1.599s] -- Up-to-date symlink: /home/emir/ros2_ws/install/custom_interfaces1/include/custom_interfaces1/custom_interfaces1/srv/set_led.hpp
[1.599s] -- Up-to-date symlink: /home/emir/ros2_ws/install/custom_interfaces1/include/custom_interfaces1/custom_interfaces1/msg/detail/led_state_array__rosidl_typesupport_fastrtps_cpp.hpp
[1.599s] -- Up-to-date symlink: /home/emir/ros2_ws/install/custom_interfaces1/include/custom_interfaces1/custom_interfaces1/msg/detail/target_coordinates__rosidl_typesupport_fastrtps_cpp.hpp
[1.599s] -- Up-to-date symlink: /home/emir/ros2_ws/install/custom_interfaces1/include/custom_interfaces1/custom_interfaces1/msg/rosidl_typesupport_fastrtps_cpp__visibility_control.h
[1.599s] -- Up-to-date symlink: /home/emir/ros2_ws/install/custom_interfaces1/include/custom_interfaces1/custom_interfaces1/srv/detail/set_led__rosidl_typesupport_fastrtps_cpp.hpp
[1.600s] -- Up-to-date symlink: /home/emir/ros2_ws/install/custom_interfaces1/include/custom_interfaces1/custom_interfaces1/msg/detail/led_state_array__rosidl_typesupport_introspection_c.h
[1.600s] -- Up-to-date symlink: /home/emir/ros2_ws/install/custom_interfaces1/include/custom_interfaces1/custom_interfaces1/msg/detail/target_coordinates__rosidl_typesupport_introspection_c.h
[1.600s] -- Up-to-date symlink: /home/emir/ros2_ws/install/custom_interfaces1/include/custom_interfaces1/custom_interfaces1/msg/rosidl_typesupport_introspection_c__visibility_control.h
[1.600s] -- Up-to-date symlink: /home/emir/ros2_ws/install/custom_interfaces1/include/custom_interfaces1/custom_interfaces1/srv/detail/set_led__rosidl_typesupport_introspection_c.h
[1.600s] -- Up-to-date symlink: /home/emir/ros2_ws/install/custom_interfaces1/include/custom_interfaces1/custom_interfaces1/msg/detail/led_state_array__rosidl_typesupport_introspection_cpp.hpp
[1.600s] -- Up-to-date symlink: /home/emir/ros2_ws/install/custom_interfaces1/include/custom_interfaces1/custom_interfaces1/msg/detail/target_coordinates__rosidl_typesupport_introspection_cpp.hpp
[1.600s] -- Up-to-date symlink: /home/emir/ros2_ws/install/custom_interfaces1/include/custom_interfaces1/custom_interfaces1/srv/detail/set_led__rosidl_typesupport_introspection_cpp.hpp
[1.600s] -- Up-to-date symlink: /home/emir/ros2_ws/install/custom_interfaces1/share/custom_interfaces1/environment/pythonpath.sh
[1.600s] -- Up-to-date symlink: /home/emir/ros2_ws/install/custom_interfaces1/share/custom_interfaces1/environment/pythonpath.dsv
[1.600s] -- Up-to-date symlink: /home/emir/ros2_ws/install/custom_interfaces1/local/lib/python3.10/dist-packages/custom_interfaces1-0.0.0-py3.10.egg-info/PKG-INFO
[1.600s] -- Up-to-date symlink: /home/emir/ros2_ws/install/custom_interfaces1/local/lib/python3.10/dist-packages/custom_interfaces1-0.0.0-py3.10.egg-info/SOURCES.txt
[1.600s] -- Up-to-date symlink: /home/emir/ros2_ws/install/custom_interfaces1/local/lib/python3.10/dist-packages/custom_interfaces1-0.0.0-py3.10.egg-info/dependency_links.txt
[1.600s] -- Up-to-date symlink: /home/emir/ros2_ws/install/custom_interfaces1/local/lib/python3.10/dist-packages/custom_interfaces1-0.0.0-py3.10.egg-info/top_level.txt
[1.606s] -- Up-to-date symlink: /home/emir/ros2_ws/install/custom_interfaces1/local/lib/python3.10/dist-packages/custom_interfaces1/__init__.py
[1.607s] -- Up-to-date symlink: /home/emir/ros2_ws/install/custom_interfaces1/local/lib/python3.10/dist-packages/custom_interfaces1/_custom_interfaces1_s.ep.rosidl_typesupport_c.c
[1.607s] -- Up-to-date symlink: /home/emir/ros2_ws/install/custom_interfaces1/local/lib/python3.10/dist-packages/custom_interfaces1/_custom_interfaces1_s.ep.rosidl_typesupport_fastrtps_c.c
[1.607s] -- Up-to-date symlink: /home/emir/ros2_ws/install/custom_interfaces1/local/lib/python3.10/dist-packages/custom_interfaces1/_custom_interfaces1_s.ep.rosidl_typesupport_introspection_c.c
[1.607s] -- Up-to-date symlink: /home/emir/ros2_ws/install/custom_interfaces1/local/lib/python3.10/dist-packages/custom_interfaces1/custom_interfaces1_s__rosidl_typesupport_c.cpython-310-x86_64-linux-gnu.so
[1.607s] -- Up-to-date symlink: /home/emir/ros2_ws/install/custom_interfaces1/local/lib/python3.10/dist-packages/custom_interfaces1/custom_interfaces1_s__rosidl_typesupport_fastrtps_c.cpython-310-x86_64-linux-gnu.so
[1.607s] -- Up-to-date symlink: /home/emir/ros2_ws/install/custom_interfaces1/local/lib/python3.10/dist-packages/custom_interfaces1/custom_interfaces1_s__rosidl_typesupport_introspection_c.cpython-310-x86_64-linux-gnu.so
[1.608s] -- Up-to-date symlink: /home/emir/ros2_ws/install/custom_interfaces1/local/lib/python3.10/dist-packages/custom_interfaces1/libcustom_interfaces1__rosidl_generator_py.so
[1.609s] -- Up-to-date symlink: /home/emir/ros2_ws/install/custom_interfaces1/local/lib/python3.10/dist-packages/custom_interfaces1/msg/__init__.py
[1.609s] -- Up-to-date symlink: /home/emir/ros2_ws/install/custom_interfaces1/local/lib/python3.10/dist-packages/custom_interfaces1/msg/_led_state_array.py
[1.609s] -- Up-to-date symlink: /home/emir/ros2_ws/install/custom_interfaces1/local/lib/python3.10/dist-packages/custom_interfaces1/msg/_led_state_array_s.c
[1.610s] -- Up-to-date symlink: /home/emir/ros2_ws/install/custom_interfaces1/local/lib/python3.10/dist-packages/custom_interfaces1/msg/_target_coordinates.py
[1.611s] -- Up-to-date symlink: /home/emir/ros2_ws/install/custom_interfaces1/local/lib/python3.10/dist-packages/custom_interfaces1/msg/_target_coordinates_s.c
[1.612s] -- Up-to-date symlink: /home/emir/ros2_ws/install/custom_interfaces1/local/lib/python3.10/dist-packages/custom_interfaces1/srv/__init__.py
[1.613s] -- Up-to-date symlink: /home/emir/ros2_ws/install/custom_interfaces1/local/lib/python3.10/dist-packages/custom_interfaces1/srv/_set_led.py
[1.614s] -- Up-to-date symlink: /home/emir/ros2_ws/install/custom_interfaces1/local/lib/python3.10/dist-packages/custom_interfaces1/srv/_set_led_s.c
[1.614s] -- Up-to-date symlink: /home/emir/ros2_ws/install/custom_interfaces1/local/lib/python3.10/dist-packages/custom_interfaces1/custom_interfaces1_s__rosidl_typesupport_fastrtps_c.cpython-310-x86_64-linux-gnu.so
[1.614s] -- Up-to-date symlink: /home/emir/ros2_ws/install/custom_interfaces1/local/lib/python3.10/dist-packages/custom_interfaces1/custom_interfaces1_s__rosidl_typesupport_introspection_c.cpython-310-x86_64-linux-gnu.so
[1.615s] -- Up-to-date symlink: /home/emir/ros2_ws/install/custom_interfaces1/local/lib/python3.10/dist-packages/custom_interfaces1/custom_interfaces1_s__rosidl_typesupport_c.cpython-310-x86_64-linux-gnu.so
[1.616s] -- Up-to-date symlink: /home/emir/ros2_ws/install/custom_interfaces1/share/custom_interfaces1/msg/TargetCoordinates.idl
[1.618s] -- Up-to-date symlink: /home/emir/ros2_ws/install/custom_interfaces1/share/custom_interfaces1/msg/LedStateArray.idl
[1.618s] -- Up-to-date symlink: /home/emir/ros2_ws/install/custom_interfaces1/share/custom_interfaces1/srv/SetLed.idl
[1.618s] -- Up-to-date symlink: /home/emir/ros2_ws/install/custom_interfaces1/share/custom_interfaces1/msg/TargetCoordinates.msg
[1.618s] -- Up-to-date symlink: /home/emir/ros2_ws/install/custom_interfaces1/share/custom_interfaces1/msg/LedStateArray.msg
[1.620s] -- Up-to-date symlink: /home/emir/ros2_ws/install/custom_interfaces1/share/custom_interfaces1/srv/SetLed.srv
[1.620s] -- Up-to-date symlink: /home/emir/ros2_ws/install/custom_interfaces1/share/custom_interfaces1/srv/SetLed_Request.msg
[1.620s] -- Up-to-date symlink: /home/emir/ros2_ws/install/custom_interfaces1/share/custom_interfaces1/srv/SetLed_Response.msg
[1.620s] -- Up-to-date symlink: /home/emir/ros2_ws/install/custom_interfaces1/share/ament_index/resource_index/package_run_dependencies/custom_interfaces1
[1.620s] -- Up-to-date symlink: /home/emir/ros2_ws/install/custom_interfaces1/share/ament_index/resource_index/parent_prefix_path/custom_interfaces1
[1.621s] -- Up-to-date symlink: /home/emir/ros2_ws/install/custom_interfaces1/share/custom_interfaces1/environment/ament_prefix_path.sh
[1.623s] -- Up-to-date symlink: /home/emir/ros2_ws/install/custom_interfaces1/share/custom_interfaces1/environment/ament_prefix_path.dsv
[1.623s] -- Up-to-date symlink: /home/emir/ros2_ws/install/custom_interfaces1/share/custom_interfaces1/environment/path.sh
[1.624s] -- Up-to-date symlink: /home/emir/ros2_ws/install/custom_interfaces1/share/custom_interfaces1/environment/path.dsv
[1.625s] -- Up-to-date symlink: /home/emir/ros2_ws/install/custom_interfaces1/share/custom_interfaces1/local_setup.bash
[1.625s] -- Up-to-date symlink: /home/emir/ros2_ws/install/custom_interfaces1/share/custom_interfaces1/local_setup.sh
[1.625s] -- Up-to-date symlink: /home/emir/ros2_ws/install/custom_interfaces1/share/custom_interfaces1/local_setup.zsh
[1.625s] -- Up-to-date symlink: /home/emir/ros2_ws/install/custom_interfaces1/share/custom_interfaces1/local_setup.dsv
[1.625s] -- Symlinking: /home/emir/ros2_ws/install/custom_interfaces1/share/custom_interfaces1/package.dsv
[1.644s] -- Up-to-date symlink: /home/emir/ros2_ws/install/custom_interfaces1/share/ament_index/resource_index/packages/custom_interfaces1
[1.645s] -- Up-to-date symlink: /home/emir/ros2_ws/install/custom_interfaces1/share/custom_interfaces1/cmake/rosidl_cmake-extras.cmake
[1.645s] -- Up-to-date symlink: /home/emir/ros2_ws/install/custom_interfaces1/share/custom_interfaces1/cmake/ament_cmake_export_dependencies-extras.cmake
[1.647s] -- Up-to-date symlink: /home/emir/ros2_ws/install/custom_interfaces1/share/custom_interfaces1/cmake/ament_cmake_export_include_directories-extras.cmake
[1.647s] -- Up-to-date symlink: /home/emir/ros2_ws/install/custom_interfaces1/share/custom_interfaces1/cmake/ament_cmake_export_libraries-extras.cmake
[1.649s] -- Up-to-date symlink: /home/emir/ros2_ws/install/custom_interfaces1/share/custom_interfaces1/cmake/ament_cmake_export_targets-extras.cmake
[1.649s] -- Up-to-date symlink: /home/emir/ros2_ws/install/custom_interfaces1/share/custom_interfaces1/cmake/rosidl_cmake_export_typesupport_targets-extras.cmake
[1.650s] -- Up-to-date symlink: /home/emir/ros2_ws/install/custom_interfaces1/share/custom_interfaces1/cmake/rosidl_cmake_export_typesupport_libraries-extras.cmake
[1.650s] -- Up-to-date symlink: /home/emir/ros2_ws/install/custom_interfaces1/share/custom_interfaces1/cmake/custom_interfaces1Config.cmake
[1.650s] -- Up-to-date symlink: /home/emir/ros2_ws/install/custom_interfaces1/share/custom_interfaces1/cmake/custom_interfaces1Config-version.cmake
[1.650s] -- Up-to-date symlink: /home/emir/ros2_ws/install/custom_interfaces1/share/custom_interfaces1/package.xml
[1.677s] -- Up-to-date: /home/emir/ros2_ws/install/custom_interfaces1/lib/libcustom_interfaces1__rosidl_generator_c.so
[1.679s] -- Up-to-date: /home/emir/ros2_ws/install/custom_interfaces1/lib/libcustom_interfaces1__rosidl_typesupport_fastrtps_c.so
[1.716s] -- Up-to-date: /home/emir/ros2_ws/install/custom_interfaces1/lib/libcustom_interfaces1__rosidl_typesupport_fastrtps_cpp.so
[1.717s] -- Up-to-date: /home/emir/ros2_ws/install/custom_interfaces1/lib/libcustom_interfaces1__rosidl_typesupport_introspection_c.so
[1.720s] -- Up-to-date: /home/emir/ros2_ws/install/custom_interfaces1/lib/libcustom_interfaces1__rosidl_typesupport_c.so
[1.720s] -- Up-to-date: /home/emir/ros2_ws/install/custom_interfaces1/lib/libcustom_interfaces1__rosidl_typesupport_introspection_cpp.so
[1.722s] -- Up-to-date: /home/emir/ros2_ws/install/custom_interfaces1/lib/libcustom_interfaces1__rosidl_typesupport_cpp.so
[1.837s] Listing '/home/emir/ros2_ws/install/custom_interfaces1/local/lib/python3.10/dist-packages/custom_interfaces1'...
[1.837s] Listing '/home/emir/ros2_ws/install/custom_interfaces1/local/lib/python3.10/dist-packages/custom_interfaces1/msg'...
[1.839s] Listing '/home/emir/ros2_ws/install/custom_interfaces1/local/lib/python3.10/dist-packages/custom_interfaces1/srv'...
[1.845s] -- Up-to-date: /home/emir/ros2_ws/install/custom_interfaces1/lib/libcustom_interfaces1__rosidl_generator_py.so
[1.883s] -- Up-to-date: /home/emir/ros2_ws/install/custom_interfaces1/share/custom_interfaces1/cmake/export_custom_interfaces1__rosidl_generator_cExport.cmake
[1.883s] -- Up-to-date: /home/emir/ros2_ws/install/custom_interfaces1/share/custom_interfaces1/cmake/export_custom_interfaces1__rosidl_generator_cExport-noconfig.cmake
[1.885s] -- Up-to-date: /home/emir/ros2_ws/install/custom_interfaces1/share/custom_interfaces1/cmake/export_custom_interfaces1__rosidl_typesupport_fastrtps_cExport.cmake
[1.885s] -- Up-to-date: /home/emir/ros2_ws/install/custom_interfaces1/share/custom_interfaces1/cmake/export_custom_interfaces1__rosidl_typesupport_fastrtps_cExport-noconfig.cmake
[1.903s] -- Up-to-date: /home/emir/ros2_ws/install/custom_interfaces1/share/custom_interfaces1/cmake/export_custom_interfaces1__rosidl_generator_cppExport.cmake
[1.905s] -- Up-to-date: /home/emir/ros2_ws/install/custom_interfaces1/share/custom_interfaces1/cmake/export_custom_interfaces1__rosidl_typesupport_fastrtps_cppExport.cmake
[1.905s] -- Up-to-date: /home/emir/ros2_ws/install/custom_interfaces1/share/custom_interfaces1/cmake/export_custom_interfaces1__rosidl_typesupport_fastrtps_cppExport-noconfig.cmake
[1.917s] -- Up-to-date: /home/emir/ros2_ws/install/custom_interfaces1/share/custom_interfaces1/cmake/custom_interfaces1__rosidl_typesupport_introspection_cExport.cmake
[1.918s] -- Up-to-date: /home/emir/ros2_ws/install/custom_interfaces1/share/custom_interfaces1/cmake/custom_interfaces1__rosidl_typesupport_introspection_cExport-noconfig.cmake
[1.919s] -- Up-to-date: /home/emir/ros2_ws/install/custom_interfaces1/share/custom_interfaces1/cmake/custom_interfaces1__rosidl_typesupport_cExport.cmake
[1.920s] -- Up-to-date: /home/emir/ros2_ws/install/custom_interfaces1/share/custom_interfaces1/cmake/custom_interfaces1__rosidl_typesupport_cExport-noconfig.cmake
[1.921s] -- Up-to-date: /home/emir/ros2_ws/install/custom_interfaces1/share/custom_interfaces1/cmake/custom_interfaces1__rosidl_typesupport_introspection_cppExport.cmake
[1.921s] -- Up-to-date: /home/emir/ros2_ws/install/custom_interfaces1/share/custom_interfaces1/cmake/custom_interfaces1__rosidl_typesupport_introspection_cppExport-noconfig.cmake
[1.922s] -- Up-to-date: /home/emir/ros2_ws/install/custom_interfaces1/share/custom_interfaces1/cmake/custom_interfaces1__rosidl_typesupport_cppExport.cmake
[1.923s] -- Up-to-date: /home/emir/ros2_ws/install/custom_interfaces1/share/custom_interfaces1/cmake/custom_interfaces1__rosidl_typesupport_cppExport-noconfig.cmake
[1.924s] -- Up-to-date: /home/emir/ros2_ws/install/custom_interfaces1/share/custom_interfaces1/cmake/export_custom_interfaces1__rosidl_generator_pyExport.cmake
[1.924s] -- Up-to-date: /home/emir/ros2_ws/install/custom_interfaces1/share/custom_interfaces1/cmake/export_custom_interfaces1__rosidl_generator_pyExport-noconfig.cmake
[1.944s] Invoked command in '/home/emir/ros2_ws/build/custom_interfaces1' returned '0': CMAKE_PREFIX_PATH=${CMAKE_PREFIX_PATH}:/home/emir/ros2_ws/install/my_py_pkg:/opt/ros/humble /usr/bin/cmake --install /home/emir/ros2_ws/build/custom_interfaces1
