[1.002s] Invoking command in '/home/emir/ros2_ws/build/turtlesim_catch_them_all': PYTHONPATH=/home/emir/ros2_ws/build/turtlesim_catch_them_all/prefix_override:/usr/lib/python3/dist-packages/colcon_core/task/python/colcon_distutils_commands:/home/emir/ros2_ws/install/turtlesim_catch_them_all/lib/python3.10/site-packages:${PYTHONPATH} /usr/bin/python3 -W ignore:setup.py install is deprecated setup.py develop --uninstall --editable --build-directory /home/emir/ros2_ws/build/turtlesim_catch_them_all/build
[1.247s] running develop
[1.324s] /usr/lib/python3/dist-packages/setuptools/command/easy_install.py:158: EasyInstallDeprecationWarning: easy_install command is deprecated. Use build and pip and other standards-based tools.
[1.325s]   warnings.warn(
[1.477s] Removing /home/emir/ros2_ws/install/turtlesim_catch_them_all/lib/python3.10/site-packages/turtlesim-catch-them-all.egg-link (link to .)
[1.508s] Invoked command in '/home/emir/ros2_ws/build/turtlesim_catch_them_all' returned '0': PYTHONPATH=/home/emir/ros2_ws/build/turtlesim_catch_them_all/prefix_override:/usr/lib/python3/dist-packages/colcon_core/task/python/colcon_distutils_commands:/home/emir/ros2_ws/install/turtlesim_catch_them_all/lib/python3.10/site-packages:${PYTHONPATH} /usr/bin/python3 -W ignore:setup.py install is deprecated setup.py develop --uninstall --editable --build-directory /home/emir/ros2_ws/build/turtlesim_catch_them_all/build
[1.509s] Invoking command in '/home/emir/ros2_ws/src/turtlesim_catch_them_all': PYTHONPATH=/home/emir/ros2_ws/build/turtlesim_catch_them_all/prefix_override:/usr/lib/python3/dist-packages/colcon_core/task/python/colcon_distutils_commands:/home/emir/ros2_ws/install/turtlesim_catch_them_all/lib/python3.10/site-packages:${PYTHONPATH} /usr/bin/python3 -W ignore:setup.py install is deprecated setup.py egg_info --egg-base ../../build/turtlesim_catch_them_all build --build-base /home/emir/ros2_ws/build/turtlesim_catch_them_all/build install --record /home/emir/ros2_ws/build/turtlesim_catch_them_all/install.log --single-version-externally-managed install_data --force
[1.743s] running egg_info
[1.744s] writing ../../build/turtlesim_catch_them_all/turtlesim_catch_them_all.egg-info/PKG-INFO
[1.744s] writing dependency_links to ../../build/turtlesim_catch_them_all/turtlesim_catch_them_all.egg-info/dependency_links.txt
[1.744s] writing entry points to ../../build/turtlesim_catch_them_all/turtlesim_catch_them_all.egg-info/entry_points.txt
[1.744s] writing requirements to ../../build/turtlesim_catch_them_all/turtlesim_catch_them_all.egg-info/requires.txt
[1.744s] writing top-level names to ../../build/turtlesim_catch_them_all/turtlesim_catch_them_all.egg-info/top_level.txt
[1.746s] reading manifest file '../../build/turtlesim_catch_them_all/turtlesim_catch_them_all.egg-info/SOURCES.txt'
[1.746s] writing manifest file '../../build/turtlesim_catch_them_all/turtlesim_catch_them_all.egg-info/SOURCES.txt'
[1.746s] running build
[1.746s] running build_py
[1.746s] creating /home/emir/ros2_ws/build/turtlesim_catch_them_all/build
[1.746s] creating /home/emir/ros2_ws/build/turtlesim_catch_them_all/build/lib
[1.747s] creating /home/emir/ros2_ws/build/turtlesim_catch_them_all/build/lib/turtlesim_catch_them_all
[1.747s] copying turtlesim_catch_them_all/turtlesim_controller.py -> /home/emir/ros2_ws/build/turtlesim_catch_them_all/build/lib/turtlesim_catch_them_all
[1.749s] copying turtlesim_catch_them_all/__init__.py -> /home/emir/ros2_ws/build/turtlesim_catch_them_all/build/lib/turtlesim_catch_them_all
[1.749s] running install
[1.750s] running install_lib
[1.750s] creating /home/emir/ros2_ws/install/turtlesim_catch_them_all/lib/python3.10/site-packages/turtlesim_catch_them_all
[1.750s] copying /home/emir/ros2_ws/build/turtlesim_catch_them_all/build/lib/turtlesim_catch_them_all/turtlesim_controller.py -> /home/emir/ros2_ws/install/turtlesim_catch_them_all/lib/python3.10/site-packages/turtlesim_catch_them_all
[1.750s] copying /home/emir/ros2_ws/build/turtlesim_catch_them_all/build/lib/turtlesim_catch_them_all/__init__.py -> /home/emir/ros2_ws/install/turtlesim_catch_them_all/lib/python3.10/site-packages/turtlesim_catch_them_all
[1.750s] byte-compiling /home/emir/ros2_ws/install/turtlesim_catch_them_all/lib/python3.10/site-packages/turtlesim_catch_them_all/turtlesim_controller.py to turtlesim_controller.cpython-310.pyc
[1.750s] byte-compiling /home/emir/ros2_ws/install/turtlesim_catch_them_all/lib/python3.10/site-packages/turtlesim_catch_them_all/__init__.py to __init__.cpython-310.pyc
[1.750s] running install_data
[1.750s] copying resource/turtlesim_catch_them_all -> /home/emir/ros2_ws/install/turtlesim_catch_them_all/share/ament_index/resource_index/packages
[1.953s] copying package.xml -> /home/emir/ros2_ws/install/turtlesim_catch_them_all/share/turtlesim_catch_them_all
[2.018s] running install_egg_info
[2.019s] Copying ../../build/turtlesim_catch_them_all/turtlesim_catch_them_all.egg-info to /home/emir/ros2_ws/install/turtlesim_catch_them_all/lib/python3.10/site-packages/turtlesim_catch_them_all-0.0.0-py3.10.egg-info
[2.085s] running install_scripts
[2.104s] Installing turtlesim_catch_them_all script to /home/emir/ros2_ws/install/turtlesim_catch_them_all/lib/turtlesim_catch_them_all
[2.104s] writing list of installed files to '/home/emir/ros2_ws/build/turtlesim_catch_them_all/install.log'
[2.128s] Invoked command in '/home/emir/ros2_ws/src/turtlesim_catch_them_all' returned '0': PYTHONPATH=/home/emir/ros2_ws/build/turtlesim_catch_them_all/prefix_override:/usr/lib/python3/dist-packages/colcon_core/task/python/colcon_distutils_commands:/home/emir/ros2_ws/install/turtlesim_catch_them_all/lib/python3.10/site-packages:${PYTHONPATH} /usr/bin/python3 -W ignore:setup.py install is deprecated setup.py egg_info --egg-base ../../build/turtlesim_catch_them_all build --build-base /home/emir/ros2_ws/build/turtlesim_catch_them_all/build install --record /home/emir/ros2_ws/build/turtlesim_catch_them_all/install.log --single-version-externally-managed install_data --force
