[0.548s] Invoking command in '/home/emir/ros2_ws/build/my_py_pkg': PYTHONPATH=/home/emir/ros2_ws/build/my_py_pkg/prefix_override:/usr/lib/python3/dist-packages/colcon_core/task/python/colcon_distutils_commands:/home/emir/ros2_ws/install/my_py_pkg/lib/python3.10/site-packages:${PYTHONPATH} /usr/bin/python3 -W ignore:setup.py install is deprecated setup.py develop --editable --build-directory /home/emir/ros2_ws/build/my_py_pkg/build --no-deps symlink_data
[0.780s] running develop
[0.780s] /usr/lib/python3/dist-packages/setuptools/command/easy_install.py:158: EasyInstallDeprecationWarning: easy_install command is deprecated. Use build and pip and other standards-based tools.
[0.780s]   warnings.warn(
[0.919s] running egg_info
[0.919s] writing my_py_pkg.egg-info/PKG-INFO
[0.920s] writing dependency_links to my_py_pkg.egg-info/dependency_links.txt
[0.920s] writing entry points to my_py_pkg.egg-info/entry_points.txt
[0.920s] writing requirements to my_py_pkg.egg-info/requires.txt
[0.920s] writing top-level names to my_py_pkg.egg-info/top_level.txt
[0.922s] reading manifest file 'my_py_pkg.egg-info/SOURCES.txt'
[0.922s] writing manifest file 'my_py_pkg.egg-info/SOURCES.txt'
[0.923s] running build_ext
[0.924s] Creating /home/emir/ros2_ws/install/my_py_pkg/lib/python3.10/site-packages/my-py-pkg.egg-link (link to .)
[0.924s] Installing add_two_ints_client_no_oop script to /home/emir/ros2_ws/install/my_py_pkg/lib/my_py_pkg
[0.925s] Installing add_two_ints_client_oop script to /home/emir/ros2_ws/install/my_py_pkg/lib/my_py_pkg
[0.925s] Installing add_two_ints_server script to /home/emir/ros2_ws/install/my_py_pkg/lib/my_py_pkg
[0.925s] Installing number_counter script to /home/emir/ros2_ws/install/my_py_pkg/lib/my_py_pkg
[0.925s] Installing number_publisher script to /home/emir/ros2_ws/install/my_py_pkg/lib/my_py_pkg
[0.925s] Installing py_node script to /home/emir/ros2_ws/install/my_py_pkg/lib/my_py_pkg
[0.925s] Installing robot_news_station script to /home/emir/ros2_ws/install/my_py_pkg/lib/my_py_pkg
[0.925s] Installing smartphone script to /home/emir/ros2_ws/install/my_py_pkg/lib/my_py_pkg
[0.926s] 
[0.926s] Installed /home/emir/ros2_ws/build/my_py_pkg
[0.926s] running symlink_data
[0.948s] Invoked command in '/home/emir/ros2_ws/build/my_py_pkg' returned '0': PYTHONPATH=/home/emir/ros2_ws/build/my_py_pkg/prefix_override:/usr/lib/python3/dist-packages/colcon_core/task/python/colcon_distutils_commands:/home/emir/ros2_ws/install/my_py_pkg/lib/python3.10/site-packages:${PYTHONPATH} /usr/bin/python3 -W ignore:setup.py install is deprecated setup.py develop --editable --build-directory /home/emir/ros2_ws/build/my_py_pkg/build --no-deps symlink_data
