[01m[K/home/emir/ros2_ws/src/my_cpp_pkg/src/robot_news_station.cpp:[m[K In constructor ‘[01m[KRobotNewsStationNode::RobotNewsStationNode()[m[K’:
[01m[K/home/emir/ros2_ws/src/my_cpp_pkg/src/robot_news_station.cpp:12:27:[m[K [01;31m[Kerror: [m[Kexpected primary-expression before ‘[01m[K<[m[K’ token
   12 |             timer_ = this-[01;31m[K<[m[Kcreate_wall_timer(std::chrono::milliseconds(500),std::bind(&RobotNewsStationNode::publishNews,this))>
      |                           [01;31m[K^[m[K
In file included from [01m[K/opt/ros/humble/include/rclcpp/rclcpp/client.hpp:40[m[K,
                 from [01m[K/opt/ros/humble/include/rclcpp/rclcpp/callback_group.hpp:24[m[K,
                 from [01m[K/opt/ros/humble/include/rclcpp/rclcpp/any_executable.hpp:20[m[K,
                 from [01m[K/opt/ros/humble/include/rclcpp/rclcpp/memory_strategy.hpp:25[m[K,
                 from [01m[K/opt/ros/humble/include/rclcpp/rclcpp/memory_strategies.hpp:18[m[K,
                 from [01m[K/opt/ros/humble/include/rclcpp/rclcpp/executor_options.hpp:20[m[K,
                 from [01m[K/opt/ros/humble/include/rclcpp/rclcpp/executor.hpp:37[m[K,
                 from [01m[K/opt/ros/humble/include/rclcpp/rclcpp/executors/multi_threaded_executor.hpp:25[m[K,
                 from [01m[K/opt/ros/humble/include/rclcpp/rclcpp/executors.hpp:21[m[K,
                 from [01m[K/opt/ros/humble/include/rclcpp/rclcpp/rclcpp.hpp:155[m[K,
                 from [01m[K/home/emir/ros2_ws/src/my_cpp_pkg/src/robot_news_station.cpp:2[m[K:
[01m[K/home/emir/ros2_ws/src/my_cpp_pkg/src/robot_news_station.cpp:13:13:[m[K [01;31m[Kerror: [m[Kexpected primary-expression before ‘[01m[Kdo[m[K’
   13 |             [01;31m[KRCLCPP_INFO[m[K(this->get_logger(),"Robot News Station has been started.");
      |             [01;31m[K^~~~~~~~~~~[m[K
gmake[2]: *** [CMakeFiles/robot_news_station.dir/build.make:76: CMakeFiles/robot_news_station.dir/src/robot_news_station.cpp.o] Error 1
gmake[1]: *** [CMakeFiles/Makefile2:165: CMakeFiles/robot_news_station.dir/all] Error 2
gmake: *** [Makefile:146: all] Error 2
