[0.588s] Invoking command in '/home/emir/ros2_ws/build/my_py_pkg': CMAKE_PREFIX_PATH=/home/emir/ros2_ws/install/custom_interfaces1:/home/emir/ros2_ws/install/my_cpp_pkg PYTHONPATH=/home/emir/ros2_ws/build/my_py_pkg/prefix_override:/usr/lib/python3/dist-packages/colcon_core/task/python/colcon_distutils_commands:/home/emir/ros2_ws/install/my_py_pkg/lib/python3.10/site-packages:${PYTHONPATH} /usr/bin/python3 -W ignore:setup.py install is deprecated setup.py develop --editable --build-directory /home/emir/ros2_ws/build/my_py_pkg/build --no-deps symlink_data --force
[0.837s] running develop
[0.851s] /usr/lib/python3/dist-packages/setuptools/command/easy_install.py:158: EasyInstallDeprecationWarning: easy_install command is deprecated. Use build and pip and other standards-based tools.
[0.851s]   warnings.warn(
[0.997s] running egg_info
[0.997s] writing my_py_pkg.egg-info/PKG-INFO
[0.997s] writing dependency_links to my_py_pkg.egg-info/dependency_links.txt
[0.998s] writing entry points to my_py_pkg.egg-info/entry_points.txt
[0.998s] writing requirements to my_py_pkg.egg-info/requires.txt
[0.998s] writing top-level names to my_py_pkg.egg-info/top_level.txt
[1.000s] reading manifest file 'my_py_pkg.egg-info/SOURCES.txt'
[1.000s] writing manifest file 'my_py_pkg.egg-info/SOURCES.txt'
[1.002s] running build_ext
[1.002s] Creating /home/emir/ros2_ws/install/my_py_pkg/lib/python3.10/site-packages/my-py-pkg.egg-link (link to .)
[1.002s] Installing add_two_ints_client_no_oop script to /home/emir/ros2_ws/install/my_py_pkg/lib/my_py_pkg
[1.019s] Installing add_two_ints_client_oop script to /home/emir/ros2_ws/install/my_py_pkg/lib/my_py_pkg
[1.019s] Installing add_two_ints_server script to /home/emir/ros2_ws/install/my_py_pkg/lib/my_py_pkg
[1.019s] Installing number_counter script to /home/emir/ros2_ws/install/my_py_pkg/lib/my_py_pkg
[1.020s] Installing number_publisher script to /home/emir/ros2_ws/install/my_py_pkg/lib/my_py_pkg
[1.020s] Installing py_node script to /home/emir/ros2_ws/install/my_py_pkg/lib/my_py_pkg
[1.020s] Installing robot_news_station script to /home/emir/ros2_ws/install/my_py_pkg/lib/my_py_pkg
[1.020s] Installing smartphone script to /home/emir/ros2_ws/install/my_py_pkg/lib/my_py_pkg
[1.020s] Installing target_coordinates_publisher script to /home/emir/ros2_ws/install/my_py_pkg/lib/my_py_pkg
[1.020s] 
[1.020s] Installed /home/emir/ros2_ws/build/my_py_pkg
[1.021s] running symlink_data
[1.021s] symbolically linking /home/emir/ros2_ws/build/my_py_pkg/resource/my_py_pkg -> /home/emir/ros2_ws/install/my_py_pkg/share/ament_index/resource_index/packages
[1.042s] symbolically linking /home/emir/ros2_ws/build/my_py_pkg/package.xml -> /home/emir/ros2_ws/install/my_py_pkg/share/my_py_pkg
[1.066s] Invoked command in '/home/emir/ros2_ws/build/my_py_pkg' returned '0': CMAKE_PREFIX_PATH=/home/emir/ros2_ws/install/custom_interfaces1:/home/emir/ros2_ws/install/my_cpp_pkg PYTHONPATH=/home/emir/ros2_ws/build/my_py_pkg/prefix_override:/usr/lib/python3/dist-packages/colcon_core/task/python/colcon_distutils_commands:/home/emir/ros2_ws/install/my_py_pkg/lib/python3.10/site-packages:${PYTHONPATH} /usr/bin/python3 -W ignore:setup.py install is deprecated setup.py develop --editable --build-directory /home/emir/ros2_ws/build/my_py_pkg/build --no-deps symlink_data --force
