[0.009s] Invoking command in '/home/emir/ros2_ws/build/my_robot_interfaces': /usr/bin/cmake /home/emir/ros2_ws/src/my_robot_interfaces -DCMAKE_INSTALL_PREFIX=/home/emir/ros2_ws/install/my_robot_interfaces
[1.070s] -- The C compiler identification is GNU 11.4.0
[1.189s] -- The CXX compiler identification is GNU 11.4.0
[1.200s] -- Detecting C compiler ABI info
[1.352s] -- Detecting C compiler ABI info - done
[1.358s] -- Check for working C compiler: /usr/bin/cc - skipped
[1.359s] -- Detecting C compile features
[1.374s] -- Detecting C compile features - done
[1.377s] -- Detecting CXX compiler ABI info
[1.481s] -- Detecting CXX compiler ABI info - done
[1.489s] -- Check for working CXX compiler: /usr/bin/c++ - skipped
[1.489s] -- Detecting CXX compile features
[1.489s] -- Detecting CXX compile features - done
[1.508s] -- Found ament_cmake: 1.3.10 (/opt/ros/humble/share/ament_cmake/cmake)
[1.789s] -- Found Python3: /usr/bin/python3 (found version "3.10.12") found components: Interpreter 
[1.962s] -- Found rosidl_default_generators: 1.2.0 (/opt/ros/humble/share/rosidl_default_generators/cmake)
[1.989s] -- Using all available rosidl_typesupport_c: rosidl_typesupport_fastrtps_c;rosidl_typesupport_introspection_c
[1.997s] -- Found rosidl_adapter: 3.1.5 (/opt/ros/humble/share/rosidl_adapter/cmake)
[2.048s] -- Using all available rosidl_typesupport_cpp: rosidl_typesupport_fastrtps_cpp;rosidl_typesupport_introspection_cpp
[2.125s] [31mCMake Error at /opt/ros/humble/share/rosidl_cmake/cmake/rosidl_generate_interfaces.cmake:93 (message):
[2.125s]   rosidl_generate_interfaces() the passed file 'MSG/HardwareStatus.msg'
[2.125s]   doesn't exist relative to the CMAKE_CURRENT_SOURCE_DIR
[2.125s]   '/home/emir/ros2_ws/src/my_robot_interfaces'
[2.126s] Call Stack (most recent call first):
[2.126s]   CMakeLists.txt:12 (rosidl_generate_interfaces)
[2.126s] 
[2.126s] [0m
[2.126s] -- Configuring incomplete, errors occurred!
[2.126s] See also "/home/emir/ros2_ws/build/my_robot_interfaces/CMakeFiles/CMakeOutput.log".
[2.130s] Invoked command in '/home/emir/ros2_ws/build/my_robot_interfaces' returned '1': /usr/bin/cmake /home/emir/ros2_ws/src/my_robot_interfaces -DCMAKE_INSTALL_PREFIX=/home/emir/ros2_ws/install/my_robot_interfaces
