-- Found ament_cmake: 1.3.10 (/opt/ros/humble/share/ament_cmake/cmake)
-- Override CMake install command with custom implementation using symlinks instead of copying resources
-- Found geometry_msgs: 4.2.4 (/opt/ros/humble/share/geometry_msgs/cmake)
-- Found rosidl_generator_c: 3.1.5 (/opt/ros/humble/share/rosidl_generator_c/cmake)
-- Found rosidl_adapter: 3.1.5 (/opt/ros/humble/share/rosidl_adapter/cmake)
-- Found rosidl_generator_cpp: 3.1.5 (/opt/ros/humble/share/rosidl_generator_cpp/cmake)
-- Using all available rosidl_typesupport_c: rosidl_typesupport_fastrtps_c;rosidl_typesupport_introspection_c
-- Using all available rosidl_typesupport_cpp: rosidl_typesupport_fastrtps_cpp;rosidl_typesupport_introspection_cpp
-- Found rosidl_default_generators: 1.2.0 (/opt/ros/humble/share/rosidl_default_generators/cmake)
-- Found ament_cmake_ros: 0.10.0 (/opt/ros/humble/share/ament_cmake_ros/cmake)
-- Using all available rosidl_typesupport_c: rosidl_typesupport_fastrtps_c;rosidl_typesupport_introspection_c
-- Using all available rosidl_typesupport_cpp: rosidl_typesupport_fastrtps_cpp;rosidl_typesupport_introspection_cpp
-- Found python_cmake_module: 0.10.0 (/opt/ros/humble/share/python_cmake_module/cmake)
-- Using PYTHON_EXECUTABLE: /usr/bin/python3
-- Using PYTHON_INCLUDE_DIRS: /usr/include/python3.10
-- Using PYTHON_LIBRARIES: /usr/lib/x86_64-linux-gnu/libpython3.10.so
-- Configuring done
-- Generating done
-- Build files have been written to: /home/emir/ros2_ws/build/custom_interfaces1
[  1%] [34m[1mGenerating C code for ROS interfaces[0m
[  2%] [34m[1mGenerating C++ code for ROS interfaces[0m
[  2%] Built target ament_cmake_python_symlink_custom_interfaces1
running egg_info
writing custom_interfaces1.egg-info/PKG-INFO
writing dependency_links to custom_interfaces1.egg-info/dependency_links.txt
writing top-level names to custom_interfaces1.egg-info/top_level.txt
reading manifest file 'custom_interfaces1.egg-info/SOURCES.txt'
writing manifest file 'custom_interfaces1.egg-info/SOURCES.txt'
[  2%] Built target ament_cmake_python_build_custom_interfaces1_egg
[  2%] Built target custom_interfaces1__cpp
[  4%] [34m[1mGenerating C++ type support dispatch for ROS interfaces[0m
[  5%] [34m[1mGenerating C++ type support for eProsima Fast-RTPS[0m
[  7%] [34m[1mGenerating C++ introspection for ROS interfaces[0m
[35m[1mConsolidate compiler generated dependencies of target custom_interfaces1__rosidl_generator_c[0m
[  8%] [32mBuilding C object CMakeFiles/custom_interfaces1__rosidl_generator_c.dir/rosidl_generator_c/custom_interfaces1/msg/detail/target_coordinates__functions.c.o[0m
[  9%] [32mBuilding C object CMakeFiles/custom_interfaces1__rosidl_generator_c.dir/rosidl_generator_c/custom_interfaces1/msg/detail/led_state_array__functions.c.o[0m
[35m[1mConsolidate compiler generated dependencies of target custom_interfaces1__rosidl_typesupport_cpp[0m
[ 11%] [32mBuilding CXX object CMakeFiles/custom_interfaces1__rosidl_typesupport_cpp.dir/rosidl_typesupport_cpp/custom_interfaces1/msg/target_coordinates__type_support.cpp.o[0m
[35m[1mConsolidate compiler generated dependencies of target custom_interfaces1__rosidl_typesupport_introspection_cpp[0m
[ 12%] [32mBuilding CXX object CMakeFiles/custom_interfaces1__rosidl_typesupport_introspection_cpp.dir/rosidl_typesupport_introspection_cpp/custom_interfaces1/msg/detail/target_coordinates__type_support.cpp.o[0m
[35m[1mConsolidate compiler generated dependencies of target custom_interfaces1__rosidl_typesupport_fastrtps_cpp[0m
[ 14%] [32mBuilding CXX object CMakeFiles/custom_interfaces1__rosidl_typesupport_fastrtps_cpp.dir/rosidl_typesupport_fastrtps_cpp/custom_interfaces1/msg/detail/dds_fastrtps/target_coordinates__type_support.cpp.o[0m
[ 15%] [32mBuilding C object CMakeFiles/custom_interfaces1__rosidl_generator_c.dir/rosidl_generator_c/custom_interfaces1/msg/detail/turtle__functions.c.o[0m
[ 16%] [32mBuilding C object CMakeFiles/custom_interfaces1__rosidl_generator_c.dir/rosidl_generator_c/custom_interfaces1/msg/detail/turtle_array__functions.c.o[0m
[ 18%] [32mBuilding C object CMakeFiles/custom_interfaces1__rosidl_generator_c.dir/rosidl_generator_c/custom_interfaces1/srv/detail/set_led__functions.c.o[0m
[ 19%] [32mBuilding C object CMakeFiles/custom_interfaces1__rosidl_generator_c.dir/rosidl_generator_c/custom_interfaces1/srv/detail/catch_turtle__functions.c.o[0m
[ 21%] [32mBuilding CXX object CMakeFiles/custom_interfaces1__rosidl_typesupport_introspection_cpp.dir/rosidl_typesupport_introspection_cpp/custom_interfaces1/msg/detail/led_state_array__type_support.cpp.o[0m
[ 22%] [32m[1mLinking C shared library libcustom_interfaces1__rosidl_generator_c.so[0m
[ 22%] Built target custom_interfaces1__rosidl_generator_c
[ 23%] [32mBuilding CXX object CMakeFiles/custom_interfaces1__rosidl_typesupport_cpp.dir/rosidl_typesupport_cpp/custom_interfaces1/msg/led_state_array__type_support.cpp.o[0m
[ 29%] [34m[1mGenerating C type support for eProsima Fast-RTPS[0m
[ 30%] [32mBuilding CXX object CMakeFiles/custom_interfaces1__rosidl_typesupport_introspection_cpp.dir/rosidl_typesupport_introspection_cpp/custom_interfaces1/msg/detail/turtle__type_support.cpp.o[0m
[ 29%] [32mBuilding CXX object CMakeFiles/custom_interfaces1__rosidl_typesupport_cpp.dir/rosidl_typesupport_cpp/custom_interfaces1/msg/turtle__type_support.cpp.o[0m
[ 29%] [32mBuilding CXX object CMakeFiles/custom_interfaces1__rosidl_typesupport_fastrtps_cpp.dir/rosidl_typesupport_fastrtps_cpp/custom_interfaces1/msg/detail/dds_fastrtps/turtle__type_support.cpp.o[0m
[ 30%] [32mBuilding CXX object CMakeFiles/custom_interfaces1__rosidl_typesupport_fastrtps_cpp.dir/rosidl_typesupport_fastrtps_cpp/custom_interfaces1/msg/detail/dds_fastrtps/led_state_array__type_support.cpp.o[0m
[ 32%] [32mBuilding CXX object CMakeFiles/custom_interfaces1__rosidl_typesupport_cpp.dir/rosidl_typesupport_cpp/custom_interfaces1/msg/turtle_array__type_support.cpp.o[0m
[ 33%] [32mBuilding CXX object CMakeFiles/custom_interfaces1__rosidl_typesupport_introspection_cpp.dir/rosidl_typesupport_introspection_cpp/custom_interfaces1/msg/detail/turtle_array__type_support.cpp.o[0m
[ 35%] [32mBuilding CXX object CMakeFiles/custom_interfaces1__rosidl_typesupport_fastrtps_cpp.dir/rosidl_typesupport_fastrtps_cpp/custom_interfaces1/msg/detail/dds_fastrtps/turtle_array__type_support.cpp.o[0m
[ 36%] [32mBuilding CXX object CMakeFiles/custom_interfaces1__rosidl_typesupport_fastrtps_cpp.dir/rosidl_typesupport_fastrtps_cpp/custom_interfaces1/srv/detail/dds_fastrtps/set_led__type_support.cpp.o[0m
[ 38%] [32mBuilding CXX object CMakeFiles/custom_interfaces1__rosidl_typesupport_cpp.dir/rosidl_typesupport_cpp/custom_interfaces1/srv/set_led__type_support.cpp.o[0m
[ 39%] [32mBuilding CXX object CMakeFiles/custom_interfaces1__rosidl_typesupport_introspection_cpp.dir/rosidl_typesupport_introspection_cpp/custom_interfaces1/srv/detail/set_led__type_support.cpp.o[0m
[ 40%] [32mBuilding CXX object CMakeFiles/custom_interfaces1__rosidl_typesupport_cpp.dir/rosidl_typesupport_cpp/custom_interfaces1/srv/catch_turtle__type_support.cpp.o[0m
[ 42%] [32mBuilding CXX object CMakeFiles/custom_interfaces1__rosidl_typesupport_fastrtps_cpp.dir/rosidl_typesupport_fastrtps_cpp/custom_interfaces1/srv/detail/dds_fastrtps/catch_turtle__type_support.cpp.o[0m
[ 43%] [32m[1mLinking CXX shared library libcustom_interfaces1__rosidl_typesupport_cpp.so[0m
[ 45%] [34m[1mGenerating C introspection for ROS interfaces[0m
[35m[1mConsolidate compiler generated dependencies of target custom_interfaces1__rosidl_typesupport_fastrtps_c[0m
[ 46%] [32mBuilding CXX object CMakeFiles/custom_interfaces1__rosidl_typesupport_fastrtps_c.dir/rosidl_typesupport_fastrtps_c/custom_interfaces1/msg/detail/target_coordinates__type_support_c.cpp.o[0m
[ 47%] [32m[1mLinking CXX shared library libcustom_interfaces1__rosidl_typesupport_fastrtps_cpp.so[0m
[ 49%] [32mBuilding CXX object CMakeFiles/custom_interfaces1__rosidl_typesupport_introspection_cpp.dir/rosidl_typesupport_introspection_cpp/custom_interfaces1/srv/detail/catch_turtle__type_support.cpp.o[0m
[ 49%] Built target custom_interfaces1__rosidl_typesupport_cpp
[ 50%] [32mBuilding CXX object CMakeFiles/custom_interfaces1__rosidl_typesupport_fastrtps_c.dir/rosidl_typesupport_fastrtps_c/custom_interfaces1/msg/detail/led_state_array__type_support_c.cpp.o[0m
[ 50%] Built target custom_interfaces1__rosidl_typesupport_fastrtps_cpp
[ 52%] [34m[1mGenerating C type support dispatch for ROS interfaces[0m
[ 53%] [32mBuilding CXX object CMakeFiles/custom_interfaces1__rosidl_typesupport_fastrtps_c.dir/rosidl_typesupport_fastrtps_c/custom_interfaces1/msg/detail/turtle__type_support_c.cpp.o[0m
[ 54%] [32mBuilding CXX object CMakeFiles/custom_interfaces1__rosidl_typesupport_fastrtps_c.dir/rosidl_typesupport_fastrtps_c/custom_interfaces1/msg/detail/turtle_array__type_support_c.cpp.o[0m
[ 56%] [32m[1mLinking CXX shared library libcustom_interfaces1__rosidl_typesupport_introspection_cpp.so[0m
[35m[1mConsolidate compiler generated dependencies of target custom_interfaces1__rosidl_typesupport_introspection_c[0m
[ 57%] [32mBuilding C object CMakeFiles/custom_interfaces1__rosidl_typesupport_introspection_c.dir/rosidl_typesupport_introspection_c/custom_interfaces1/msg/detail/target_coordinates__type_support.c.o[0m
[ 57%] Built target custom_interfaces1__rosidl_typesupport_introspection_cpp
[ 59%] [32mBuilding CXX object CMakeFiles/custom_interfaces1__rosidl_typesupport_fastrtps_c.dir/rosidl_typesupport_fastrtps_c/custom_interfaces1/srv/detail/set_led__type_support_c.cpp.o[0m
[35m[1mConsolidate compiler generated dependencies of target custom_interfaces1__rosidl_typesupport_c[0m
[ 60%] [32mBuilding CXX object CMakeFiles/custom_interfaces1__rosidl_typesupport_c.dir/rosidl_typesupport_c/custom_interfaces1/msg/target_coordinates__type_support.cpp.o[0m
[ 61%] [32mBuilding C object CMakeFiles/custom_interfaces1__rosidl_typesupport_introspection_c.dir/rosidl_typesupport_introspection_c/custom_interfaces1/msg/detail/led_state_array__type_support.c.o[0m
[ 63%] [32mBuilding CXX object CMakeFiles/custom_interfaces1__rosidl_typesupport_c.dir/rosidl_typesupport_c/custom_interfaces1/msg/led_state_array__type_support.cpp.o[0m
[ 64%] [32mBuilding CXX object CMakeFiles/custom_interfaces1__rosidl_typesupport_fastrtps_c.dir/rosidl_typesupport_fastrtps_c/custom_interfaces1/srv/detail/catch_turtle__type_support_c.cpp.o[0m
[ 66%] [32mBuilding CXX object CMakeFiles/custom_interfaces1__rosidl_typesupport_c.dir/rosidl_typesupport_c/custom_interfaces1/msg/turtle__type_support.cpp.o[0m
[ 67%] [32mBuilding C object CMakeFiles/custom_interfaces1__rosidl_typesupport_introspection_c.dir/rosidl_typesupport_introspection_c/custom_interfaces1/msg/detail/turtle__type_support.c.o[0m
[ 69%] [32mBuilding CXX object CMakeFiles/custom_interfaces1__rosidl_typesupport_c.dir/rosidl_typesupport_c/custom_interfaces1/msg/turtle_array__type_support.cpp.o[0m
[ 70%] [32mBuilding CXX object CMakeFiles/custom_interfaces1__rosidl_typesupport_c.dir/rosidl_typesupport_c/custom_interfaces1/srv/set_led__type_support.cpp.o[0m
[ 71%] [32mBuilding C object CMakeFiles/custom_interfaces1__rosidl_typesupport_introspection_c.dir/rosidl_typesupport_introspection_c/custom_interfaces1/msg/detail/turtle_array__type_support.c.o[0m
[ 73%] [32mBuilding CXX object CMakeFiles/custom_interfaces1__rosidl_typesupport_c.dir/rosidl_typesupport_c/custom_interfaces1/srv/catch_turtle__type_support.cpp.o[0m
[ 74%] [32mBuilding C object CMakeFiles/custom_interfaces1__rosidl_typesupport_introspection_c.dir/rosidl_typesupport_introspection_c/custom_interfaces1/srv/detail/set_led__type_support.c.o[0m
[ 76%] [32m[1mLinking CXX shared library libcustom_interfaces1__rosidl_typesupport_c.so[0m
[ 77%] [32mBuilding C object CMakeFiles/custom_interfaces1__rosidl_typesupport_introspection_c.dir/rosidl_typesupport_introspection_c/custom_interfaces1/srv/detail/catch_turtle__type_support.c.o[0m
[ 77%] Built target custom_interfaces1__rosidl_typesupport_c
[ 78%] [32m[1mLinking C shared library libcustom_interfaces1__rosidl_typesupport_introspection_c.so[0m
[ 78%] Built target custom_interfaces1__rosidl_typesupport_introspection_c
[ 80%] [32m[1mLinking CXX shared library libcustom_interfaces1__rosidl_typesupport_fastrtps_c.so[0m
[ 80%] Built target custom_interfaces1__rosidl_typesupport_fastrtps_c
[ 80%] Built target custom_interfaces1
[ 81%] [34m[1mGenerating Python code for ROS interfaces[0m
[ 81%] Built target custom_interfaces1__py
[35m[1mConsolidate compiler generated dependencies of target custom_interfaces1__rosidl_generator_py[0m
[ 84%] [32mBuilding C object CMakeFiles/custom_interfaces1__rosidl_generator_py.dir/rosidl_generator_py/custom_interfaces1/msg/_target_coordinates_s.c.o[0m
[ 84%] [32mBuilding C object CMakeFiles/custom_interfaces1__rosidl_generator_py.dir/rosidl_generator_py/custom_interfaces1/msg/_led_state_array_s.c.o[0m
[ 85%] [32mBuilding C object CMakeFiles/custom_interfaces1__rosidl_generator_py.dir/rosidl_generator_py/custom_interfaces1/msg/_turtle_s.c.o[0m
[ 87%] [32mBuilding C object CMakeFiles/custom_interfaces1__rosidl_generator_py.dir/rosidl_generator_py/custom_interfaces1/msg/_turtle_array_s.c.o[0m
[ 88%] [32mBuilding C object CMakeFiles/custom_interfaces1__rosidl_generator_py.dir/rosidl_generator_py/custom_interfaces1/srv/_set_led_s.c.o[0m
[ 90%] [32mBuilding C object CMakeFiles/custom_interfaces1__rosidl_generator_py.dir/rosidl_generator_py/custom_interfaces1/srv/_catch_turtle_s.c.o[0m
[ 91%] [32m[1mLinking C shared library rosidl_generator_py/custom_interfaces1/libcustom_interfaces1__rosidl_generator_py.so[0m
[ 91%] Built target custom_interfaces1__rosidl_generator_py
[35m[1mConsolidate compiler generated dependencies of target custom_interfaces1__rosidl_typesupport_introspection_c__pyext[0m
[35m[1mConsolidate compiler generated dependencies of target custom_interfaces1__rosidl_typesupport_c__pyext[0m
[35m[1mConsolidate compiler generated dependencies of target custom_interfaces1__rosidl_typesupport_fastrtps_c__pyext[0m
[ 92%] [32mBuilding C object CMakeFiles/custom_interfaces1__rosidl_typesupport_introspection_c__pyext.dir/rosidl_generator_py/custom_interfaces1/_custom_interfaces1_s.ep.rosidl_typesupport_introspection_c.c.o[0m
[ 94%] [32mBuilding C object CMakeFiles/custom_interfaces1__rosidl_typesupport_fastrtps_c__pyext.dir/rosidl_generator_py/custom_interfaces1/_custom_interfaces1_s.ep.rosidl_typesupport_fastrtps_c.c.o[0m
[ 95%] [32mBuilding C object CMakeFiles/custom_interfaces1__rosidl_typesupport_c__pyext.dir/rosidl_generator_py/custom_interfaces1/_custom_interfaces1_s.ep.rosidl_typesupport_c.c.o[0m
[ 98%] [32m[1mLinking C shared library rosidl_generator_py/custom_interfaces1/custom_interfaces1_s__rosidl_typesupport_fastrtps_c.cpython-310-x86_64-linux-gnu.so[0m
[ 98%] [32m[1mLinking C shared library rosidl_generator_py/custom_interfaces1/custom_interfaces1_s__rosidl_typesupport_introspection_c.cpython-310-x86_64-linux-gnu.so[0m
[100%] [32m[1mLinking C shared library rosidl_generator_py/custom_interfaces1/custom_interfaces1_s__rosidl_typesupport_c.cpython-310-x86_64-linux-gnu.so[0m
[100%] Built target custom_interfaces1__rosidl_typesupport_c__pyext
[100%] Built target custom_interfaces1__rosidl_typesupport_introspection_c__pyext
[100%] Built target custom_interfaces1__rosidl_typesupport_fastrtps_c__pyext
-- Install configuration: ""
-- Execute custom install script
-- Up-to-date symlink: /home/emir/ros2_ws/install/custom_interfaces1/share/ament_index/resource_index/rosidl_interfaces/custom_interfaces1
-- Up-to-date symlink: /home/emir/ros2_ws/install/custom_interfaces1/include/custom_interfaces1/custom_interfaces1/msg/detail/led_state_array__functions.h
-- Up-to-date symlink: /home/emir/ros2_ws/install/custom_interfaces1/include/custom_interfaces1/custom_interfaces1/msg/detail/led_state_array__struct.h
-- Up-to-date symlink: /home/emir/ros2_ws/install/custom_interfaces1/include/custom_interfaces1/custom_interfaces1/msg/detail/led_state_array__type_support.h
-- Up-to-date symlink: /home/emir/ros2_ws/install/custom_interfaces1/include/custom_interfaces1/custom_interfaces1/msg/detail/target_coordinates__functions.h
-- Up-to-date symlink: /home/emir/ros2_ws/install/custom_interfaces1/include/custom_interfaces1/custom_interfaces1/msg/detail/target_coordinates__struct.h
-- Up-to-date symlink: /home/emir/ros2_ws/install/custom_interfaces1/include/custom_interfaces1/custom_interfaces1/msg/detail/target_coordinates__type_support.h
-- Up-to-date symlink: /home/emir/ros2_ws/install/custom_interfaces1/include/custom_interfaces1/custom_interfaces1/msg/detail/turtle__functions.h
-- Up-to-date symlink: /home/emir/ros2_ws/install/custom_interfaces1/include/custom_interfaces1/custom_interfaces1/msg/detail/turtle__struct.h
-- Up-to-date symlink: /home/emir/ros2_ws/install/custom_interfaces1/include/custom_interfaces1/custom_interfaces1/msg/detail/turtle__type_support.h
-- Up-to-date symlink: /home/emir/ros2_ws/install/custom_interfaces1/include/custom_interfaces1/custom_interfaces1/msg/detail/turtle_array__functions.h
-- Up-to-date symlink: /home/emir/ros2_ws/install/custom_interfaces1/include/custom_interfaces1/custom_interfaces1/msg/detail/turtle_array__struct.h
-- Up-to-date symlink: /home/emir/ros2_ws/install/custom_interfaces1/include/custom_interfaces1/custom_interfaces1/msg/detail/turtle_array__type_support.h
-- Up-to-date symlink: /home/emir/ros2_ws/install/custom_interfaces1/include/custom_interfaces1/custom_interfaces1/msg/led_state_array.h
-- Up-to-date symlink: /home/emir/ros2_ws/install/custom_interfaces1/include/custom_interfaces1/custom_interfaces1/msg/rosidl_generator_c__visibility_control.h
-- Up-to-date symlink: /home/emir/ros2_ws/install/custom_interfaces1/include/custom_interfaces1/custom_interfaces1/msg/target_coordinates.h
-- Up-to-date symlink: /home/emir/ros2_ws/install/custom_interfaces1/include/custom_interfaces1/custom_interfaces1/msg/turtle.h
-- Up-to-date symlink: /home/emir/ros2_ws/install/custom_interfaces1/include/custom_interfaces1/custom_interfaces1/msg/turtle_array.h
-- Symlinking: /home/emir/ros2_ws/install/custom_interfaces1/include/custom_interfaces1/custom_interfaces1/srv/catch_turtle.h
-- Symlinking: /home/emir/ros2_ws/install/custom_interfaces1/include/custom_interfaces1/custom_interfaces1/srv/detail/catch_turtle__functions.h
-- Symlinking: /home/emir/ros2_ws/install/custom_interfaces1/include/custom_interfaces1/custom_interfaces1/srv/detail/catch_turtle__struct.h
-- Symlinking: /home/emir/ros2_ws/install/custom_interfaces1/include/custom_interfaces1/custom_interfaces1/srv/detail/catch_turtle__type_support.h
-- Up-to-date symlink: /home/emir/ros2_ws/install/custom_interfaces1/include/custom_interfaces1/custom_interfaces1/srv/detail/set_led__functions.h
-- Up-to-date symlink: /home/emir/ros2_ws/install/custom_interfaces1/include/custom_interfaces1/custom_interfaces1/srv/detail/set_led__struct.h
-- Up-to-date symlink: /home/emir/ros2_ws/install/custom_interfaces1/include/custom_interfaces1/custom_interfaces1/srv/detail/set_led__type_support.h
-- Up-to-date symlink: /home/emir/ros2_ws/install/custom_interfaces1/include/custom_interfaces1/custom_interfaces1/srv/set_led.h
-- Up-to-date symlink: /home/emir/ros2_ws/install/custom_interfaces1/share/custom_interfaces1/environment/library_path.sh
-- Up-to-date symlink: /home/emir/ros2_ws/install/custom_interfaces1/share/custom_interfaces1/environment/library_path.dsv
-- Up-to-date symlink: /home/emir/ros2_ws/install/custom_interfaces1/include/custom_interfaces1/custom_interfaces1/msg/detail/led_state_array__rosidl_typesupport_fastrtps_c.h
-- Up-to-date symlink: /home/emir/ros2_ws/install/custom_interfaces1/include/custom_interfaces1/custom_interfaces1/msg/detail/target_coordinates__rosidl_typesupport_fastrtps_c.h
-- Up-to-date symlink: /home/emir/ros2_ws/install/custom_interfaces1/include/custom_interfaces1/custom_interfaces1/msg/detail/turtle__rosidl_typesupport_fastrtps_c.h
-- Up-to-date symlink: /home/emir/ros2_ws/install/custom_interfaces1/include/custom_interfaces1/custom_interfaces1/msg/detail/turtle_array__rosidl_typesupport_fastrtps_c.h
-- Up-to-date symlink: /home/emir/ros2_ws/install/custom_interfaces1/include/custom_interfaces1/custom_interfaces1/msg/rosidl_typesupport_fastrtps_c__visibility_control.h
-- Symlinking: /home/emir/ros2_ws/install/custom_interfaces1/include/custom_interfaces1/custom_interfaces1/srv/detail/catch_turtle__rosidl_typesupport_fastrtps_c.h
-- Up-to-date symlink: /home/emir/ros2_ws/install/custom_interfaces1/include/custom_interfaces1/custom_interfaces1/srv/detail/set_led__rosidl_typesupport_fastrtps_c.h
-- Up-to-date symlink: /home/emir/ros2_ws/install/custom_interfaces1/include/custom_interfaces1/custom_interfaces1/msg/detail/led_state_array__builder.hpp
-- Up-to-date symlink: /home/emir/ros2_ws/install/custom_interfaces1/include/custom_interfaces1/custom_interfaces1/msg/detail/led_state_array__struct.hpp
-- Up-to-date symlink: /home/emir/ros2_ws/install/custom_interfaces1/include/custom_interfaces1/custom_interfaces1/msg/detail/led_state_array__traits.hpp
-- Up-to-date symlink: /home/emir/ros2_ws/install/custom_interfaces1/include/custom_interfaces1/custom_interfaces1/msg/detail/target_coordinates__builder.hpp
-- Up-to-date symlink: /home/emir/ros2_ws/install/custom_interfaces1/include/custom_interfaces1/custom_interfaces1/msg/detail/target_coordinates__struct.hpp
-- Up-to-date symlink: /home/emir/ros2_ws/install/custom_interfaces1/include/custom_interfaces1/custom_interfaces1/msg/detail/target_coordinates__traits.hpp
-- Up-to-date symlink: /home/emir/ros2_ws/install/custom_interfaces1/include/custom_interfaces1/custom_interfaces1/msg/detail/turtle__builder.hpp
-- Up-to-date symlink: /home/emir/ros2_ws/install/custom_interfaces1/include/custom_interfaces1/custom_interfaces1/msg/detail/turtle__struct.hpp
-- Up-to-date symlink: /home/emir/ros2_ws/install/custom_interfaces1/include/custom_interfaces1/custom_interfaces1/msg/detail/turtle__traits.hpp
-- Up-to-date symlink: /home/emir/ros2_ws/install/custom_interfaces1/include/custom_interfaces1/custom_interfaces1/msg/detail/turtle_array__builder.hpp
-- Up-to-date symlink: /home/emir/ros2_ws/install/custom_interfaces1/include/custom_interfaces1/custom_interfaces1/msg/detail/turtle_array__struct.hpp
-- Up-to-date symlink: /home/emir/ros2_ws/install/custom_interfaces1/include/custom_interfaces1/custom_interfaces1/msg/detail/turtle_array__traits.hpp
-- Up-to-date symlink: /home/emir/ros2_ws/install/custom_interfaces1/include/custom_interfaces1/custom_interfaces1/msg/led_state_array.hpp
-- Up-to-date symlink: /home/emir/ros2_ws/install/custom_interfaces1/include/custom_interfaces1/custom_interfaces1/msg/target_coordinates.hpp
-- Up-to-date symlink: /home/emir/ros2_ws/install/custom_interfaces1/include/custom_interfaces1/custom_interfaces1/msg/turtle.hpp
-- Up-to-date symlink: /home/emir/ros2_ws/install/custom_interfaces1/include/custom_interfaces1/custom_interfaces1/msg/turtle_array.hpp
-- Symlinking: /home/emir/ros2_ws/install/custom_interfaces1/include/custom_interfaces1/custom_interfaces1/srv/catch_turtle.hpp
-- Symlinking: /home/emir/ros2_ws/install/custom_interfaces1/include/custom_interfaces1/custom_interfaces1/srv/detail/catch_turtle__builder.hpp
-- Symlinking: /home/emir/ros2_ws/install/custom_interfaces1/include/custom_interfaces1/custom_interfaces1/srv/detail/catch_turtle__struct.hpp
-- Symlinking: /home/emir/ros2_ws/install/custom_interfaces1/include/custom_interfaces1/custom_interfaces1/srv/detail/catch_turtle__traits.hpp
-- Up-to-date symlink: /home/emir/ros2_ws/install/custom_interfaces1/include/custom_interfaces1/custom_interfaces1/srv/detail/set_led__builder.hpp
-- Up-to-date symlink: /home/emir/ros2_ws/install/custom_interfaces1/include/custom_interfaces1/custom_interfaces1/srv/detail/set_led__struct.hpp
-- Up-to-date symlink: /home/emir/ros2_ws/install/custom_interfaces1/include/custom_interfaces1/custom_interfaces1/srv/detail/set_led__traits.hpp
-- Up-to-date symlink: /home/emir/ros2_ws/install/custom_interfaces1/include/custom_interfaces1/custom_interfaces1/srv/set_led.hpp
-- Up-to-date symlink: /home/emir/ros2_ws/install/custom_interfaces1/include/custom_interfaces1/custom_interfaces1/msg/detail/led_state_array__rosidl_typesupport_fastrtps_cpp.hpp
-- Up-to-date symlink: /home/emir/ros2_ws/install/custom_interfaces1/include/custom_interfaces1/custom_interfaces1/msg/detail/target_coordinates__rosidl_typesupport_fastrtps_cpp.hpp
-- Up-to-date symlink: /home/emir/ros2_ws/install/custom_interfaces1/include/custom_interfaces1/custom_interfaces1/msg/detail/turtle__rosidl_typesupport_fastrtps_cpp.hpp
-- Up-to-date symlink: /home/emir/ros2_ws/install/custom_interfaces1/include/custom_interfaces1/custom_interfaces1/msg/detail/turtle_array__rosidl_typesupport_fastrtps_cpp.hpp
-- Up-to-date symlink: /home/emir/ros2_ws/install/custom_interfaces1/include/custom_interfaces1/custom_interfaces1/msg/rosidl_typesupport_fastrtps_cpp__visibility_control.h
-- Symlinking: /home/emir/ros2_ws/install/custom_interfaces1/include/custom_interfaces1/custom_interfaces1/srv/detail/catch_turtle__rosidl_typesupport_fastrtps_cpp.hpp
-- Up-to-date symlink: /home/emir/ros2_ws/install/custom_interfaces1/include/custom_interfaces1/custom_interfaces1/srv/detail/set_led__rosidl_typesupport_fastrtps_cpp.hpp
-- Up-to-date symlink: /home/emir/ros2_ws/install/custom_interfaces1/include/custom_interfaces1/custom_interfaces1/msg/detail/led_state_array__rosidl_typesupport_introspection_c.h
-- Up-to-date symlink: /home/emir/ros2_ws/install/custom_interfaces1/include/custom_interfaces1/custom_interfaces1/msg/detail/target_coordinates__rosidl_typesupport_introspection_c.h
-- Up-to-date symlink: /home/emir/ros2_ws/install/custom_interfaces1/include/custom_interfaces1/custom_interfaces1/msg/detail/turtle__rosidl_typesupport_introspection_c.h
-- Up-to-date symlink: /home/emir/ros2_ws/install/custom_interfaces1/include/custom_interfaces1/custom_interfaces1/msg/detail/turtle_array__rosidl_typesupport_introspection_c.h
-- Up-to-date symlink: /home/emir/ros2_ws/install/custom_interfaces1/include/custom_interfaces1/custom_interfaces1/msg/rosidl_typesupport_introspection_c__visibility_control.h
-- Symlinking: /home/emir/ros2_ws/install/custom_interfaces1/include/custom_interfaces1/custom_interfaces1/srv/detail/catch_turtle__rosidl_typesupport_introspection_c.h
-- Up-to-date symlink: /home/emir/ros2_ws/install/custom_interfaces1/include/custom_interfaces1/custom_interfaces1/srv/detail/set_led__rosidl_typesupport_introspection_c.h
-- Up-to-date symlink: /home/emir/ros2_ws/install/custom_interfaces1/include/custom_interfaces1/custom_interfaces1/msg/detail/led_state_array__rosidl_typesupport_introspection_cpp.hpp
-- Up-to-date symlink: /home/emir/ros2_ws/install/custom_interfaces1/include/custom_interfaces1/custom_interfaces1/msg/detail/target_coordinates__rosidl_typesupport_introspection_cpp.hpp
-- Up-to-date symlink: /home/emir/ros2_ws/install/custom_interfaces1/include/custom_interfaces1/custom_interfaces1/msg/detail/turtle__rosidl_typesupport_introspection_cpp.hpp
-- Up-to-date symlink: /home/emir/ros2_ws/install/custom_interfaces1/include/custom_interfaces1/custom_interfaces1/msg/detail/turtle_array__rosidl_typesupport_introspection_cpp.hpp
-- Symlinking: /home/emir/ros2_ws/install/custom_interfaces1/include/custom_interfaces1/custom_interfaces1/srv/detail/catch_turtle__rosidl_typesupport_introspection_cpp.hpp
-- Up-to-date symlink: /home/emir/ros2_ws/install/custom_interfaces1/include/custom_interfaces1/custom_interfaces1/srv/detail/set_led__rosidl_typesupport_introspection_cpp.hpp
-- Up-to-date symlink: /home/emir/ros2_ws/install/custom_interfaces1/share/custom_interfaces1/environment/pythonpath.sh
-- Up-to-date symlink: /home/emir/ros2_ws/install/custom_interfaces1/share/custom_interfaces1/environment/pythonpath.dsv
-- Up-to-date symlink: /home/emir/ros2_ws/install/custom_interfaces1/local/lib/python3.10/dist-packages/custom_interfaces1-0.0.0-py3.10.egg-info/PKG-INFO
-- Up-to-date symlink: /home/emir/ros2_ws/install/custom_interfaces1/local/lib/python3.10/dist-packages/custom_interfaces1-0.0.0-py3.10.egg-info/SOURCES.txt
-- Up-to-date symlink: /home/emir/ros2_ws/install/custom_interfaces1/local/lib/python3.10/dist-packages/custom_interfaces1-0.0.0-py3.10.egg-info/dependency_links.txt
-- Up-to-date symlink: /home/emir/ros2_ws/install/custom_interfaces1/local/lib/python3.10/dist-packages/custom_interfaces1-0.0.0-py3.10.egg-info/top_level.txt
-- Up-to-date symlink: /home/emir/ros2_ws/install/custom_interfaces1/local/lib/python3.10/dist-packages/custom_interfaces1/__init__.py
-- Up-to-date symlink: /home/emir/ros2_ws/install/custom_interfaces1/local/lib/python3.10/dist-packages/custom_interfaces1/_custom_interfaces1_s.ep.rosidl_typesupport_c.c
-- Up-to-date symlink: /home/emir/ros2_ws/install/custom_interfaces1/local/lib/python3.10/dist-packages/custom_interfaces1/_custom_interfaces1_s.ep.rosidl_typesupport_fastrtps_c.c
-- Up-to-date symlink: /home/emir/ros2_ws/install/custom_interfaces1/local/lib/python3.10/dist-packages/custom_interfaces1/_custom_interfaces1_s.ep.rosidl_typesupport_introspection_c.c
-- Up-to-date symlink: /home/emir/ros2_ws/install/custom_interfaces1/local/lib/python3.10/dist-packages/custom_interfaces1/custom_interfaces1_s__rosidl_typesupport_c.cpython-310-x86_64-linux-gnu.so
-- Up-to-date symlink: /home/emir/ros2_ws/install/custom_interfaces1/local/lib/python3.10/dist-packages/custom_interfaces1/custom_interfaces1_s__rosidl_typesupport_fastrtps_c.cpython-310-x86_64-linux-gnu.so
-- Up-to-date symlink: /home/emir/ros2_ws/install/custom_interfaces1/local/lib/python3.10/dist-packages/custom_interfaces1/custom_interfaces1_s__rosidl_typesupport_introspection_c.cpython-310-x86_64-linux-gnu.so
-- Up-to-date symlink: /home/emir/ros2_ws/install/custom_interfaces1/local/lib/python3.10/dist-packages/custom_interfaces1/libcustom_interfaces1__rosidl_generator_py.so
-- Up-to-date symlink: /home/emir/ros2_ws/install/custom_interfaces1/local/lib/python3.10/dist-packages/custom_interfaces1/msg/__init__.py
-- Up-to-date symlink: /home/emir/ros2_ws/install/custom_interfaces1/local/lib/python3.10/dist-packages/custom_interfaces1/msg/_led_state_array.py
-- Up-to-date symlink: /home/emir/ros2_ws/install/custom_interfaces1/local/lib/python3.10/dist-packages/custom_interfaces1/msg/_led_state_array_s.c
-- Up-to-date symlink: /home/emir/ros2_ws/install/custom_interfaces1/local/lib/python3.10/dist-packages/custom_interfaces1/msg/_target_coordinates.py
-- Up-to-date symlink: /home/emir/ros2_ws/install/custom_interfaces1/local/lib/python3.10/dist-packages/custom_interfaces1/msg/_target_coordinates_s.c
-- Up-to-date symlink: /home/emir/ros2_ws/install/custom_interfaces1/local/lib/python3.10/dist-packages/custom_interfaces1/msg/_turtle.py
-- Up-to-date symlink: /home/emir/ros2_ws/install/custom_interfaces1/local/lib/python3.10/dist-packages/custom_interfaces1/msg/_turtle_array.py
-- Up-to-date symlink: /home/emir/ros2_ws/install/custom_interfaces1/local/lib/python3.10/dist-packages/custom_interfaces1/msg/_turtle_array_s.c
-- Up-to-date symlink: /home/emir/ros2_ws/install/custom_interfaces1/local/lib/python3.10/dist-packages/custom_interfaces1/msg/_turtle_s.c
-- Up-to-date symlink: /home/emir/ros2_ws/install/custom_interfaces1/local/lib/python3.10/dist-packages/custom_interfaces1/srv/__init__.py
-- Symlinking: /home/emir/ros2_ws/install/custom_interfaces1/local/lib/python3.10/dist-packages/custom_interfaces1/srv/_catch_turtle.py
-- Symlinking: /home/emir/ros2_ws/install/custom_interfaces1/local/lib/python3.10/dist-packages/custom_interfaces1/srv/_catch_turtle_s.c
-- Up-to-date symlink: /home/emir/ros2_ws/install/custom_interfaces1/local/lib/python3.10/dist-packages/custom_interfaces1/srv/_set_led.py
-- Up-to-date symlink: /home/emir/ros2_ws/install/custom_interfaces1/local/lib/python3.10/dist-packages/custom_interfaces1/srv/_set_led_s.c
-- Up-to-date symlink: /home/emir/ros2_ws/install/custom_interfaces1/local/lib/python3.10/dist-packages/custom_interfaces1/custom_interfaces1_s__rosidl_typesupport_fastrtps_c.cpython-310-x86_64-linux-gnu.so
-- Up-to-date symlink: /home/emir/ros2_ws/install/custom_interfaces1/local/lib/python3.10/dist-packages/custom_interfaces1/custom_interfaces1_s__rosidl_typesupport_introspection_c.cpython-310-x86_64-linux-gnu.so
-- Up-to-date symlink: /home/emir/ros2_ws/install/custom_interfaces1/local/lib/python3.10/dist-packages/custom_interfaces1/custom_interfaces1_s__rosidl_typesupport_c.cpython-310-x86_64-linux-gnu.so
-- Up-to-date symlink: /home/emir/ros2_ws/install/custom_interfaces1/share/custom_interfaces1/msg/TargetCoordinates.idl
-- Up-to-date symlink: /home/emir/ros2_ws/install/custom_interfaces1/share/custom_interfaces1/msg/LedStateArray.idl
-- Up-to-date symlink: /home/emir/ros2_ws/install/custom_interfaces1/share/custom_interfaces1/msg/Turtle.idl
-- Up-to-date symlink: /home/emir/ros2_ws/install/custom_interfaces1/share/custom_interfaces1/msg/TurtleArray.idl
-- Up-to-date symlink: /home/emir/ros2_ws/install/custom_interfaces1/share/custom_interfaces1/srv/SetLed.idl
-- Symlinking: /home/emir/ros2_ws/install/custom_interfaces1/share/custom_interfaces1/srv/CatchTurtle.idl
-- Up-to-date symlink: /home/emir/ros2_ws/install/custom_interfaces1/share/custom_interfaces1/msg/TargetCoordinates.msg
-- Up-to-date symlink: /home/emir/ros2_ws/install/custom_interfaces1/share/custom_interfaces1/msg/LedStateArray.msg
-- Up-to-date symlink: /home/emir/ros2_ws/install/custom_interfaces1/share/custom_interfaces1/msg/Turtle.msg
-- Up-to-date symlink: /home/emir/ros2_ws/install/custom_interfaces1/share/custom_interfaces1/msg/TurtleArray.msg
-- Up-to-date symlink: /home/emir/ros2_ws/install/custom_interfaces1/share/custom_interfaces1/srv/SetLed.srv
-- Up-to-date symlink: /home/emir/ros2_ws/install/custom_interfaces1/share/custom_interfaces1/srv/SetLed_Request.msg
-- Up-to-date symlink: /home/emir/ros2_ws/install/custom_interfaces1/share/custom_interfaces1/srv/SetLed_Response.msg
-- Symlinking: /home/emir/ros2_ws/install/custom_interfaces1/share/custom_interfaces1/srv/CatchTurtle.srv
-- Symlinking: /home/emir/ros2_ws/install/custom_interfaces1/share/custom_interfaces1/srv/CatchTurtle_Request.msg
-- Symlinking: /home/emir/ros2_ws/install/custom_interfaces1/share/custom_interfaces1/srv/CatchTurtle_Response.msg
-- Up-to-date symlink: /home/emir/ros2_ws/install/custom_interfaces1/share/ament_index/resource_index/package_run_dependencies/custom_interfaces1
-- Up-to-date symlink: /home/emir/ros2_ws/install/custom_interfaces1/share/ament_index/resource_index/parent_prefix_path/custom_interfaces1
-- Up-to-date symlink: /home/emir/ros2_ws/install/custom_interfaces1/share/custom_interfaces1/environment/ament_prefix_path.sh
-- Up-to-date symlink: /home/emir/ros2_ws/install/custom_interfaces1/share/custom_interfaces1/environment/ament_prefix_path.dsv
-- Up-to-date symlink: /home/emir/ros2_ws/install/custom_interfaces1/share/custom_interfaces1/environment/path.sh
-- Up-to-date symlink: /home/emir/ros2_ws/install/custom_interfaces1/share/custom_interfaces1/environment/path.dsv
-- Up-to-date symlink: /home/emir/ros2_ws/install/custom_interfaces1/share/custom_interfaces1/local_setup.bash
-- Up-to-date symlink: /home/emir/ros2_ws/install/custom_interfaces1/share/custom_interfaces1/local_setup.sh
-- Up-to-date symlink: /home/emir/ros2_ws/install/custom_interfaces1/share/custom_interfaces1/local_setup.zsh
-- Up-to-date symlink: /home/emir/ros2_ws/install/custom_interfaces1/share/custom_interfaces1/local_setup.dsv
-- Symlinking: /home/emir/ros2_ws/install/custom_interfaces1/share/custom_interfaces1/package.dsv
-- Up-to-date symlink: /home/emir/ros2_ws/install/custom_interfaces1/share/ament_index/resource_index/packages/custom_interfaces1
-- Up-to-date symlink: /home/emir/ros2_ws/install/custom_interfaces1/share/custom_interfaces1/cmake/rosidl_cmake-extras.cmake
-- Up-to-date symlink: /home/emir/ros2_ws/install/custom_interfaces1/share/custom_interfaces1/cmake/ament_cmake_export_dependencies-extras.cmake
-- Up-to-date symlink: /home/emir/ros2_ws/install/custom_interfaces1/share/custom_interfaces1/cmake/ament_cmake_export_include_directories-extras.cmake
-- Up-to-date symlink: /home/emir/ros2_ws/install/custom_interfaces1/share/custom_interfaces1/cmake/ament_cmake_export_libraries-extras.cmake
-- Up-to-date symlink: /home/emir/ros2_ws/install/custom_interfaces1/share/custom_interfaces1/cmake/ament_cmake_export_targets-extras.cmake
-- Up-to-date symlink: /home/emir/ros2_ws/install/custom_interfaces1/share/custom_interfaces1/cmake/rosidl_cmake_export_typesupport_targets-extras.cmake
-- Up-to-date symlink: /home/emir/ros2_ws/install/custom_interfaces1/share/custom_interfaces1/cmake/rosidl_cmake_export_typesupport_libraries-extras.cmake
-- Up-to-date symlink: /home/emir/ros2_ws/install/custom_interfaces1/share/custom_interfaces1/cmake/custom_interfaces1Config.cmake
-- Up-to-date symlink: /home/emir/ros2_ws/install/custom_interfaces1/share/custom_interfaces1/cmake/custom_interfaces1Config-version.cmake
-- Up-to-date symlink: /home/emir/ros2_ws/install/custom_interfaces1/share/custom_interfaces1/package.xml
-- Installing: /home/emir/ros2_ws/install/custom_interfaces1/lib/libcustom_interfaces1__rosidl_generator_c.so
-- Set runtime path of "/home/emir/ros2_ws/install/custom_interfaces1/lib/libcustom_interfaces1__rosidl_generator_c.so" to ""
-- Installing: /home/emir/ros2_ws/install/custom_interfaces1/lib/libcustom_interfaces1__rosidl_typesupport_fastrtps_c.so
-- Set runtime path of "/home/emir/ros2_ws/install/custom_interfaces1/lib/libcustom_interfaces1__rosidl_typesupport_fastrtps_c.so" to ""
-- Installing: /home/emir/ros2_ws/install/custom_interfaces1/lib/libcustom_interfaces1__rosidl_typesupport_fastrtps_cpp.so
-- Set runtime path of "/home/emir/ros2_ws/install/custom_interfaces1/lib/libcustom_interfaces1__rosidl_typesupport_fastrtps_cpp.so" to ""
-- Installing: /home/emir/ros2_ws/install/custom_interfaces1/lib/libcustom_interfaces1__rosidl_typesupport_introspection_c.so
-- Set runtime path of "/home/emir/ros2_ws/install/custom_interfaces1/lib/libcustom_interfaces1__rosidl_typesupport_introspection_c.so" to ""
-- Installing: /home/emir/ros2_ws/install/custom_interfaces1/lib/libcustom_interfaces1__rosidl_typesupport_c.so
-- Set runtime path of "/home/emir/ros2_ws/install/custom_interfaces1/lib/libcustom_interfaces1__rosidl_typesupport_c.so" to ""
-- Installing: /home/emir/ros2_ws/install/custom_interfaces1/lib/libcustom_interfaces1__rosidl_typesupport_introspection_cpp.so
-- Set runtime path of "/home/emir/ros2_ws/install/custom_interfaces1/lib/libcustom_interfaces1__rosidl_typesupport_introspection_cpp.so" to ""
-- Installing: /home/emir/ros2_ws/install/custom_interfaces1/lib/libcustom_interfaces1__rosidl_typesupport_cpp.so
-- Set runtime path of "/home/emir/ros2_ws/install/custom_interfaces1/lib/libcustom_interfaces1__rosidl_typesupport_cpp.so" to ""
Listing '/home/emir/ros2_ws/install/custom_interfaces1/local/lib/python3.10/dist-packages/custom_interfaces1'...
Compiling '/home/emir/ros2_ws/install/custom_interfaces1/local/lib/python3.10/dist-packages/custom_interfaces1/__init__.py'...
Listing '/home/emir/ros2_ws/install/custom_interfaces1/local/lib/python3.10/dist-packages/custom_interfaces1/msg'...
Compiling '/home/emir/ros2_ws/install/custom_interfaces1/local/lib/python3.10/dist-packages/custom_interfaces1/msg/__init__.py'...
Compiling '/home/emir/ros2_ws/install/custom_interfaces1/local/lib/python3.10/dist-packages/custom_interfaces1/msg/_led_state_array.py'...
Compiling '/home/emir/ros2_ws/install/custom_interfaces1/local/lib/python3.10/dist-packages/custom_interfaces1/msg/_target_coordinates.py'...
Compiling '/home/emir/ros2_ws/install/custom_interfaces1/local/lib/python3.10/dist-packages/custom_interfaces1/msg/_turtle.py'...
Compiling '/home/emir/ros2_ws/install/custom_interfaces1/local/lib/python3.10/dist-packages/custom_interfaces1/msg/_turtle_array.py'...
Listing '/home/emir/ros2_ws/install/custom_interfaces1/local/lib/python3.10/dist-packages/custom_interfaces1/srv'...
Compiling '/home/emir/ros2_ws/install/custom_interfaces1/local/lib/python3.10/dist-packages/custom_interfaces1/srv/__init__.py'...
Compiling '/home/emir/ros2_ws/install/custom_interfaces1/local/lib/python3.10/dist-packages/custom_interfaces1/srv/_catch_turtle.py'...
Compiling '/home/emir/ros2_ws/install/custom_interfaces1/local/lib/python3.10/dist-packages/custom_interfaces1/srv/_set_led.py'...
-- Installing: /home/emir/ros2_ws/install/custom_interfaces1/lib/libcustom_interfaces1__rosidl_generator_py.so
-- Set runtime path of "/home/emir/ros2_ws/install/custom_interfaces1/lib/libcustom_interfaces1__rosidl_generator_py.so" to ""
-- Up-to-date: /home/emir/ros2_ws/install/custom_interfaces1/share/custom_interfaces1/cmake/export_custom_interfaces1__rosidl_generator_cExport.cmake
-- Up-to-date: /home/emir/ros2_ws/install/custom_interfaces1/share/custom_interfaces1/cmake/export_custom_interfaces1__rosidl_generator_cExport-noconfig.cmake
-- Up-to-date: /home/emir/ros2_ws/install/custom_interfaces1/share/custom_interfaces1/cmake/export_custom_interfaces1__rosidl_typesupport_fastrtps_cExport.cmake
-- Up-to-date: /home/emir/ros2_ws/install/custom_interfaces1/share/custom_interfaces1/cmake/export_custom_interfaces1__rosidl_typesupport_fastrtps_cExport-noconfig.cmake
-- Up-to-date: /home/emir/ros2_ws/install/custom_interfaces1/share/custom_interfaces1/cmake/export_custom_interfaces1__rosidl_generator_cppExport.cmake
-- Up-to-date: /home/emir/ros2_ws/install/custom_interfaces1/share/custom_interfaces1/cmake/export_custom_interfaces1__rosidl_typesupport_fastrtps_cppExport.cmake
-- Up-to-date: /home/emir/ros2_ws/install/custom_interfaces1/share/custom_interfaces1/cmake/export_custom_interfaces1__rosidl_typesupport_fastrtps_cppExport-noconfig.cmake
-- Up-to-date: /home/emir/ros2_ws/install/custom_interfaces1/share/custom_interfaces1/cmake/custom_interfaces1__rosidl_typesupport_introspection_cExport.cmake
-- Up-to-date: /home/emir/ros2_ws/install/custom_interfaces1/share/custom_interfaces1/cmake/custom_interfaces1__rosidl_typesupport_introspection_cExport-noconfig.cmake
-- Up-to-date: /home/emir/ros2_ws/install/custom_interfaces1/share/custom_interfaces1/cmake/custom_interfaces1__rosidl_typesupport_cExport.cmake
-- Up-to-date: /home/emir/ros2_ws/install/custom_interfaces1/share/custom_interfaces1/cmake/custom_interfaces1__rosidl_typesupport_cExport-noconfig.cmake
-- Up-to-date: /home/emir/ros2_ws/install/custom_interfaces1/share/custom_interfaces1/cmake/custom_interfaces1__rosidl_typesupport_introspection_cppExport.cmake
-- Up-to-date: /home/emir/ros2_ws/install/custom_interfaces1/share/custom_interfaces1/cmake/custom_interfaces1__rosidl_typesupport_introspection_cppExport-noconfig.cmake
-- Up-to-date: /home/emir/ros2_ws/install/custom_interfaces1/share/custom_interfaces1/cmake/custom_interfaces1__rosidl_typesupport_cppExport.cmake
-- Up-to-date: /home/emir/ros2_ws/install/custom_interfaces1/share/custom_interfaces1/cmake/custom_interfaces1__rosidl_typesupport_cppExport-noconfig.cmake
-- Up-to-date: /home/emir/ros2_ws/install/custom_interfaces1/share/custom_interfaces1/cmake/export_custom_interfaces1__rosidl_generator_pyExport.cmake
-- Up-to-date: /home/emir/ros2_ws/install/custom_interfaces1/share/custom_interfaces1/cmake/export_custom_interfaces1__rosidl_generator_pyExport-noconfig.cmake
