[0.209s] Invoking command in '/home/emir/ros2_ws/build/my_robot_bringup': CMAKE_PREFIX_PATH=${CMAKE_PREFIX_PATH}:/home/emir/ros2_ws/install/turtlesim_catch_them_all:/home/emir/ros2_ws/install/my_py_pkg:/home/emir/install/my_py_pkg:/opt/ros/humble /usr/bin/cmake /home/emir/ros2_ws/src/my_robot_bringup -DCMAKE_INSTALL_PREFIX=/home/emir/ros2_ws/install/my_robot_bringup
[1.774s] -- The C compiler identification is GNU 11.4.0
[2.472s] -- The CXX compiler identification is GNU 11.4.0
[2.499s] -- Detecting C compiler ABI info
[2.699s] -- Detecting C compiler ABI info - done
[2.710s] -- Check for working C compiler: /usr/bin/cc - skipped
[2.718s] -- Detecting C compile features
[2.745s] -- Detecting C compile features - done
[2.751s] -- Detecting CXX compiler ABI info
[2.896s] -- Detecting CXX compiler ABI info - done
[2.908s] -- Check for working CXX compiler: /usr/bin/c++ - skipped
[2.908s] -- Detecting CXX compile features
[2.908s] -- Detecting CXX compile features - done
[3.181s] -- Found ament_cmake: 1.3.10 (/opt/ros/humble/share/ament_cmake/cmake)
[3.582s] -- Found Python3: /usr/bin/python3 (found version "3.10.12") found components: Interpreter 
[4.175s] -- Configuring done
[4.179s] -- Generating done
[4.179s] -- Build files have been written to: /home/emir/ros2_ws/build/my_robot_bringup
[4.185s] Invoked command in '/home/emir/ros2_ws/build/my_robot_bringup' returned '0': CMAKE_PREFIX_PATH=${CMAKE_PREFIX_PATH}:/home/emir/ros2_ws/install/turtlesim_catch_them_all:/home/emir/ros2_ws/install/my_py_pkg:/home/emir/install/my_py_pkg:/opt/ros/humble /usr/bin/cmake /home/emir/ros2_ws/src/my_robot_bringup -DCMAKE_INSTALL_PREFIX=/home/emir/ros2_ws/install/my_robot_bringup
[4.189s] Invoking command in '/home/emir/ros2_ws/build/my_robot_bringup': CMAKE_PREFIX_PATH=${CMAKE_PREFIX_PATH}:/home/emir/ros2_ws/install/turtlesim_catch_them_all:/home/emir/ros2_ws/install/my_py_pkg:/home/emir/install/my_py_pkg:/opt/ros/humble /usr/bin/cmake --build /home/emir/ros2_ws/build/my_robot_bringup -- -j5 -l5
[4.255s] Invoked command in '/home/emir/ros2_ws/build/my_robot_bringup' returned '0': CMAKE_PREFIX_PATH=${CMAKE_PREFIX_PATH}:/home/emir/ros2_ws/install/turtlesim_catch_them_all:/home/emir/ros2_ws/install/my_py_pkg:/home/emir/install/my_py_pkg:/opt/ros/humble /usr/bin/cmake --build /home/emir/ros2_ws/build/my_robot_bringup -- -j5 -l5
[4.305s] Invoking command in '/home/emir/ros2_ws/build/my_robot_bringup': CMAKE_PREFIX_PATH=${CMAKE_PREFIX_PATH}:/home/emir/ros2_ws/install/turtlesim_catch_them_all:/home/emir/ros2_ws/install/my_py_pkg:/home/emir/install/my_py_pkg:/opt/ros/humble /usr/bin/cmake --install /home/emir/ros2_ws/build/my_robot_bringup
[4.317s] -- Install configuration: ""
[4.317s] -- Installing: /home/emir/ros2_ws/install/my_robot_bringup/share/ament_index/resource_index/package_run_dependencies/my_robot_bringup
[4.318s] -- Installing: /home/emir/ros2_ws/install/my_robot_bringup/share/ament_index/resource_index/parent_prefix_path/my_robot_bringup
[4.318s] -- Installing: /home/emir/ros2_ws/install/my_robot_bringup/share/my_robot_bringup/environment/ament_prefix_path.sh
[4.318s] -- Installing: /home/emir/ros2_ws/install/my_robot_bringup/share/my_robot_bringup/environment/ament_prefix_path.dsv
[4.319s] -- Installing: /home/emir/ros2_ws/install/my_robot_bringup/share/my_robot_bringup/environment/path.sh
[4.319s] -- Installing: /home/emir/ros2_ws/install/my_robot_bringup/share/my_robot_bringup/environment/path.dsv
[4.319s] -- Installing: /home/emir/ros2_ws/install/my_robot_bringup/share/my_robot_bringup/local_setup.bash
[4.320s] -- Installing: /home/emir/ros2_ws/install/my_robot_bringup/share/my_robot_bringup/local_setup.sh
[4.320s] -- Installing: /home/emir/ros2_ws/install/my_robot_bringup/share/my_robot_bringup/local_setup.zsh
[4.320s] -- Installing: /home/emir/ros2_ws/install/my_robot_bringup/share/my_robot_bringup/local_setup.dsv
[4.321s] -- Installing: /home/emir/ros2_ws/install/my_robot_bringup/share/my_robot_bringup/package.dsv
[4.321s] -- Installing: /home/emir/ros2_ws/install/my_robot_bringup/share/ament_index/resource_index/packages/my_robot_bringup
[4.321s] -- Installing: /home/emir/ros2_ws/install/my_robot_bringup/share/my_robot_bringup/cmake/my_robot_bringupConfig.cmake
[4.321s] -- Installing: /home/emir/ros2_ws/install/my_robot_bringup/share/my_robot_bringup/cmake/my_robot_bringupConfig-version.cmake
[4.322s] -- Installing: /home/emir/ros2_ws/install/my_robot_bringup/share/my_robot_bringup/package.xml
[4.325s] Invoked command in '/home/emir/ros2_ws/build/my_robot_bringup' returned '0': CMAKE_PREFIX_PATH=${CMAKE_PREFIX_PATH}:/home/emir/ros2_ws/install/turtlesim_catch_them_all:/home/emir/ros2_ws/install/my_py_pkg:/home/emir/install/my_py_pkg:/opt/ros/humble /usr/bin/cmake --install /home/emir/ros2_ws/build/my_robot_bringup
