[0.118s] Invoking command in '/home/emir/ros2_ws/src/build/my_cpp_pkg': CMAKE_PREFIX_PATH=${CMAKE_PREFIX_PATH}:/home/emir/ros2_ws/install/my_py_pkg:/opt/ros/humble /usr/bin/cmake --build /home/emir/ros2_ws/src/build/my_cpp_pkg -- -j5 -l5
[0.194s] [35m[1mConsolidate compiler generated dependencies of target robot_news_station[0m
[0.194s] [35m[1mConsolidate compiler generated dependencies of target smartphone[0m
[0.195s] [35m[1mConsolidate compiler generated dependencies of target add_two_ints_server[0m
[0.199s] [35m[1mConsolidate compiler generated dependencies of target cpp_node[0m
[0.209s] [35m[1mConsolidate compiler generated dependencies of target add_two_ints_client_oop[0m
[0.227s] [ 20%] Built target cpp_node
[0.234s] [ 40%] Built target robot_news_station
[0.240s] [ 60%] Built target smartphone
[0.241s] [ 80%] Built target add_two_ints_client_oop
[0.247s] [100%] Built target add_two_ints_server
[0.517s] Invoked command in '/home/emir/ros2_ws/src/build/my_cpp_pkg' returned '0': CMAKE_PREFIX_PATH=${CMAKE_PREFIX_PATH}:/home/emir/ros2_ws/install/my_py_pkg:/opt/ros/humble /usr/bin/cmake --build /home/emir/ros2_ws/src/build/my_cpp_pkg -- -j5 -l5
[0.591s] Invoking command in '/home/emir/ros2_ws/src/build/my_cpp_pkg': CMAKE_PREFIX_PATH=${CMAKE_PREFIX_PATH}:/home/emir/ros2_ws/install/my_py_pkg:/opt/ros/humble /usr/bin/cmake --install /home/emir/ros2_ws/src/build/my_cpp_pkg
[0.604s] -- Install configuration: ""
[0.604s] -- Up-to-date: /home/emir/ros2_ws/src/install/my_cpp_pkg/lib/my_cpp_pkg/cpp_node
[0.604s] -- Up-to-date: /home/emir/ros2_ws/src/install/my_cpp_pkg/lib/my_cpp_pkg/robot_news_station
[0.604s] -- Up-to-date: /home/emir/ros2_ws/src/install/my_cpp_pkg/lib/my_cpp_pkg/smartphone
[0.604s] -- Up-to-date: /home/emir/ros2_ws/src/install/my_cpp_pkg/lib/my_cpp_pkg/add_two_ints_server
[0.604s] -- Up-to-date: /home/emir/ros2_ws/src/install/my_cpp_pkg/lib/my_cpp_pkg/add_two_ints_client_oop
[0.605s] -- Up-to-date: /home/emir/ros2_ws/src/install/my_cpp_pkg/share/ament_index/resource_index/package_run_dependencies/my_cpp_pkg
[0.605s] -- Up-to-date: /home/emir/ros2_ws/src/install/my_cpp_pkg/share/ament_index/resource_index/parent_prefix_path/my_cpp_pkg
[0.605s] -- Up-to-date: /home/emir/ros2_ws/src/install/my_cpp_pkg/share/my_cpp_pkg/environment/ament_prefix_path.sh
[0.605s] -- Up-to-date: /home/emir/ros2_ws/src/install/my_cpp_pkg/share/my_cpp_pkg/environment/ament_prefix_path.dsv
[0.605s] -- Up-to-date: /home/emir/ros2_ws/src/install/my_cpp_pkg/share/my_cpp_pkg/environment/path.sh
[0.605s] -- Up-to-date: /home/emir/ros2_ws/src/install/my_cpp_pkg/share/my_cpp_pkg/environment/path.dsv
[0.605s] -- Up-to-date: /home/emir/ros2_ws/src/install/my_cpp_pkg/share/my_cpp_pkg/local_setup.bash
[0.605s] -- Up-to-date: /home/emir/ros2_ws/src/install/my_cpp_pkg/share/my_cpp_pkg/local_setup.sh
[0.606s] -- Up-to-date: /home/emir/ros2_ws/src/install/my_cpp_pkg/share/my_cpp_pkg/local_setup.zsh
[0.606s] -- Up-to-date: /home/emir/ros2_ws/src/install/my_cpp_pkg/share/my_cpp_pkg/local_setup.dsv
[0.607s] -- Installing: /home/emir/ros2_ws/src/install/my_cpp_pkg/share/my_cpp_pkg/package.dsv
[0.608s] -- Up-to-date: /home/emir/ros2_ws/src/install/my_cpp_pkg/share/ament_index/resource_index/packages/my_cpp_pkg
[0.608s] -- Up-to-date: /home/emir/ros2_ws/src/install/my_cpp_pkg/share/my_cpp_pkg/cmake/my_cpp_pkgConfig.cmake
[0.608s] -- Up-to-date: /home/emir/ros2_ws/src/install/my_cpp_pkg/share/my_cpp_pkg/cmake/my_cpp_pkgConfig-version.cmake
[0.609s] -- Up-to-date: /home/emir/ros2_ws/src/install/my_cpp_pkg/share/my_cpp_pkg/package.xml
[0.609s] Invoked command in '/home/emir/ros2_ws/src/build/my_cpp_pkg' returned '0': CMAKE_PREFIX_PATH=${CMAKE_PREFIX_PATH}:/home/emir/ros2_ws/install/my_py_pkg:/opt/ros/humble /usr/bin/cmake --install /home/emir/ros2_ws/src/build/my_cpp_pkg
