[0.016s] Invoking command in '/home/emir/ros2_ws/build/custom_interfaces1': CMAKE_PREFIX_PATH=${CMAKE_PREFIX_PATH}:/home/emir/ros2_ws/install/my_py_pkg:/opt/ros/humble /usr/bin/cmake --build /home/emir/ros2_ws/build/custom_interfaces1 -- -j5 -l5
[0.057s] [35m[1mConsolidate compiler generated dependencies of target custom_interfaces1__rosidl_generator_c[0m
[0.068s] [  2%] Built target custom_interfaces1__cpp
[0.071s] [ 12%] Built target custom_interfaces1__rosidl_generator_c
[0.077s] [ 12%] Built target ament_cmake_python_symlink_custom_interfaces1
[0.078s] [35m[1mConsolidate compiler generated dependencies of target custom_interfaces1__rosidl_typesupport_cpp[0m
[0.082s] [35m[1mConsolidate compiler generated dependencies of target custom_interfaces1__rosidl_typesupport_fastrtps_cpp[0m
[0.082s] [35m[1mConsolidate compiler generated dependencies of target custom_interfaces1__rosidl_typesupport_introspection_cpp[0m
[0.088s] [35m[1mConsolidate compiler generated dependencies of target custom_interfaces1__rosidl_typesupport_fastrtps_c[0m
[0.100s] [35m[1mConsolidate compiler generated dependencies of target custom_interfaces1__rosidl_typesupport_introspection_c[0m
[0.100s] [ 31%] Built target custom_interfaces1__rosidl_typesupport_introspection_cpp
[0.100s] [ 34%] Built target custom_interfaces1__rosidl_typesupport_cpp
[0.100s] [ 44%] Built target custom_interfaces1__rosidl_typesupport_fastrtps_cpp
[0.104s] [ 55%] Built target custom_interfaces1__rosidl_typesupport_fastrtps_c
[0.107s] [ 65%] Built target custom_interfaces1__rosidl_typesupport_introspection_c
[0.107s] [35m[1mConsolidate compiler generated dependencies of target custom_interfaces1__rosidl_typesupport_c[0m
[0.120s] [ 76%] Built target custom_interfaces1__rosidl_typesupport_c
[0.143s] [ 76%] Built target custom_interfaces1
[0.176s] [ 78%] Built target custom_interfaces1__py
[0.199s] [35m[1mConsolidate compiler generated dependencies of target custom_interfaces1__rosidl_generator_py[0m
[0.212s] [ 87%] Built target custom_interfaces1__rosidl_generator_py
[0.224s] [35m[1mConsolidate compiler generated dependencies of target custom_interfaces1__rosidl_typesupport_fastrtps_c__pyext[0m
[0.224s] [35m[1mConsolidate compiler generated dependencies of target custom_interfaces1__rosidl_typesupport_introspection_c__pyext[0m
[0.235s] [35m[1mConsolidate compiler generated dependencies of target custom_interfaces1__rosidl_typesupport_c__pyext[0m
[0.245s] [ 91%] Built target custom_interfaces1__rosidl_typesupport_introspection_c__pyext
[0.249s] [ 95%] Built target custom_interfaces1__rosidl_typesupport_fastrtps_c__pyext
[0.252s] [100%] Built target custom_interfaces1__rosidl_typesupport_c__pyext
[0.352s] running egg_info
[0.353s] writing custom_interfaces1.egg-info/PKG-INFO
[0.354s] writing dependency_links to custom_interfaces1.egg-info/dependency_links.txt
[0.354s] writing top-level names to custom_interfaces1.egg-info/top_level.txt
[0.356s] reading manifest file 'custom_interfaces1.egg-info/SOURCES.txt'
[0.357s] writing manifest file 'custom_interfaces1.egg-info/SOURCES.txt'
[0.383s] [100%] Built target ament_cmake_python_build_custom_interfaces1_egg
[0.395s] Invoked command in '/home/emir/ros2_ws/build/custom_interfaces1' returned '0': CMAKE_PREFIX_PATH=${CMAKE_PREFIX_PATH}:/home/emir/ros2_ws/install/my_py_pkg:/opt/ros/humble /usr/bin/cmake --build /home/emir/ros2_ws/build/custom_interfaces1 -- -j5 -l5
[0.485s] Invoking command in '/home/emir/ros2_ws/build/custom_interfaces1': CMAKE_PREFIX_PATH=${CMAKE_PREFIX_PATH}:/home/emir/ros2_ws/install/my_py_pkg:/opt/ros/humble /usr/bin/cmake --install /home/emir/ros2_ws/build/custom_interfaces1
[0.493s] -- Install configuration: ""
[0.493s] -- Execute custom install script
[0.494s] -- Up-to-date symlink: /home/emir/ros2_ws/install/custom_interfaces1/share/ament_index/resource_index/rosidl_interfaces/custom_interfaces1
[0.494s] -- Up-to-date symlink: /home/emir/ros2_ws/install/custom_interfaces1/include/custom_interfaces1/custom_interfaces1/msg/detail/led_state_array__functions.h
[0.494s] -- Up-to-date symlink: /home/emir/ros2_ws/install/custom_interfaces1/include/custom_interfaces1/custom_interfaces1/msg/detail/led_state_array__struct.h
[0.494s] -- Up-to-date symlink: /home/emir/ros2_ws/install/custom_interfaces1/include/custom_interfaces1/custom_interfaces1/msg/detail/led_state_array__type_support.h
[0.495s] -- Up-to-date symlink: /home/emir/ros2_ws/install/custom_interfaces1/include/custom_interfaces1/custom_interfaces1/msg/detail/target_coordinates__functions.h
[0.495s] -- Up-to-date symlink: /home/emir/ros2_ws/install/custom_interfaces1/include/custom_interfaces1/custom_interfaces1/msg/detail/target_coordinates__struct.h
[0.495s] -- Up-to-date symlink: /home/emir/ros2_ws/install/custom_interfaces1/include/custom_interfaces1/custom_interfaces1/msg/detail/target_coordinates__type_support.h
[0.495s] -- Up-to-date symlink: /home/emir/ros2_ws/install/custom_interfaces1/include/custom_interfaces1/custom_interfaces1/msg/led_state_array.h
[0.495s] -- Up-to-date symlink: /home/emir/ros2_ws/install/custom_interfaces1/include/custom_interfaces1/custom_interfaces1/msg/rosidl_generator_c__visibility_control.h
[0.495s] -- Up-to-date symlink: /home/emir/ros2_ws/install/custom_interfaces1/include/custom_interfaces1/custom_interfaces1/msg/target_coordinates.h
[0.495s] -- Up-to-date symlink: /home/emir/ros2_ws/install/custom_interfaces1/include/custom_interfaces1/custom_interfaces1/srv/detail/set_led__functions.h
[0.495s] -- Up-to-date symlink: /home/emir/ros2_ws/install/custom_interfaces1/include/custom_interfaces1/custom_interfaces1/srv/detail/set_led__struct.h
[0.495s] -- Up-to-date symlink: /home/emir/ros2_ws/install/custom_interfaces1/include/custom_interfaces1/custom_interfaces1/srv/detail/set_led__type_support.h
[0.495s] -- Up-to-date symlink: /home/emir/ros2_ws/install/custom_interfaces1/include/custom_interfaces1/custom_interfaces1/srv/set_led.h
[0.495s] -- Up-to-date symlink: /home/emir/ros2_ws/install/custom_interfaces1/share/custom_interfaces1/environment/library_path.sh
[0.495s] -- Up-to-date symlink: /home/emir/ros2_ws/install/custom_interfaces1/share/custom_interfaces1/environment/library_path.dsv
[0.495s] -- Up-to-date symlink: /home/emir/ros2_ws/install/custom_interfaces1/include/custom_interfaces1/custom_interfaces1/msg/detail/led_state_array__rosidl_typesupport_fastrtps_c.h
[0.495s] -- Up-to-date symlink: /home/emir/ros2_ws/install/custom_interfaces1/include/custom_interfaces1/custom_interfaces1/msg/detail/target_coordinates__rosidl_typesupport_fastrtps_c.h
[0.495s] -- Up-to-date symlink: /home/emir/ros2_ws/install/custom_interfaces1/include/custom_interfaces1/custom_interfaces1/msg/rosidl_typesupport_fastrtps_c__visibility_control.h
[0.496s] -- Up-to-date symlink: /home/emir/ros2_ws/install/custom_interfaces1/include/custom_interfaces1/custom_interfaces1/srv/detail/set_led__rosidl_typesupport_fastrtps_c.h
[0.498s] -- Up-to-date symlink: /home/emir/ros2_ws/install/custom_interfaces1/include/custom_interfaces1/custom_interfaces1/msg/detail/led_state_array__builder.hpp
[0.498s] -- Up-to-date symlink: /home/emir/ros2_ws/install/custom_interfaces1/include/custom_interfaces1/custom_interfaces1/msg/detail/led_state_array__struct.hpp
[0.498s] -- Up-to-date symlink: /home/emir/ros2_ws/install/custom_interfaces1/include/custom_interfaces1/custom_interfaces1/msg/detail/led_state_array__traits.hpp
[0.498s] -- Up-to-date symlink: /home/emir/ros2_ws/install/custom_interfaces1/include/custom_interfaces1/custom_interfaces1/msg/detail/target_coordinates__builder.hpp
[0.498s] -- Up-to-date symlink: /home/emir/ros2_ws/install/custom_interfaces1/include/custom_interfaces1/custom_interfaces1/msg/detail/target_coordinates__struct.hpp
[0.499s] -- Up-to-date symlink: /home/emir/ros2_ws/install/custom_interfaces1/include/custom_interfaces1/custom_interfaces1/msg/detail/target_coordinates__traits.hpp
[0.499s] -- Up-to-date symlink: /home/emir/ros2_ws/install/custom_interfaces1/include/custom_interfaces1/custom_interfaces1/msg/led_state_array.hpp
[0.499s] -- Up-to-date symlink: /home/emir/ros2_ws/install/custom_interfaces1/include/custom_interfaces1/custom_interfaces1/msg/target_coordinates.hpp
[0.499s] -- Up-to-date symlink: /home/emir/ros2_ws/install/custom_interfaces1/include/custom_interfaces1/custom_interfaces1/srv/detail/set_led__builder.hpp
[0.499s] -- Up-to-date symlink: /home/emir/ros2_ws/install/custom_interfaces1/include/custom_interfaces1/custom_interfaces1/srv/detail/set_led__struct.hpp
[0.499s] -- Up-to-date symlink: /home/emir/ros2_ws/install/custom_interfaces1/include/custom_interfaces1/custom_interfaces1/srv/detail/set_led__traits.hpp
[0.499s] -- Up-to-date symlink: /home/emir/ros2_ws/install/custom_interfaces1/include/custom_interfaces1/custom_interfaces1/srv/set_led.hpp
[0.499s] -- Up-to-date symlink: /home/emir/ros2_ws/install/custom_interfaces1/include/custom_interfaces1/custom_interfaces1/msg/detail/led_state_array__rosidl_typesupport_fastrtps_cpp.hpp
[0.499s] -- Up-to-date symlink: /home/emir/ros2_ws/install/custom_interfaces1/include/custom_interfaces1/custom_interfaces1/msg/detail/target_coordinates__rosidl_typesupport_fastrtps_cpp.hpp
[0.499s] -- Up-to-date symlink: /home/emir/ros2_ws/install/custom_interfaces1/include/custom_interfaces1/custom_interfaces1/msg/rosidl_typesupport_fastrtps_cpp__visibility_control.h
[0.499s] -- Up-to-date symlink: /home/emir/ros2_ws/install/custom_interfaces1/include/custom_interfaces1/custom_interfaces1/srv/detail/set_led__rosidl_typesupport_fastrtps_cpp.hpp
[0.499s] -- Up-to-date symlink: /home/emir/ros2_ws/install/custom_interfaces1/include/custom_interfaces1/custom_interfaces1/msg/detail/led_state_array__rosidl_typesupport_introspection_c.h
[0.499s] -- Up-to-date symlink: /home/emir/ros2_ws/install/custom_interfaces1/include/custom_interfaces1/custom_interfaces1/msg/detail/target_coordinates__rosidl_typesupport_introspection_c.h
[0.499s] -- Up-to-date symlink: /home/emir/ros2_ws/install/custom_interfaces1/include/custom_interfaces1/custom_interfaces1/msg/rosidl_typesupport_introspection_c__visibility_control.h
[0.499s] -- Up-to-date symlink: /home/emir/ros2_ws/install/custom_interfaces1/include/custom_interfaces1/custom_interfaces1/srv/detail/set_led__rosidl_typesupport_introspection_c.h
[0.499s] -- Up-to-date symlink: /home/emir/ros2_ws/install/custom_interfaces1/include/custom_interfaces1/custom_interfaces1/msg/detail/led_state_array__rosidl_typesupport_introspection_cpp.hpp
[0.500s] -- Up-to-date symlink: /home/emir/ros2_ws/install/custom_interfaces1/include/custom_interfaces1/custom_interfaces1/msg/detail/target_coordinates__rosidl_typesupport_introspection_cpp.hpp
[0.500s] -- Up-to-date symlink: /home/emir/ros2_ws/install/custom_interfaces1/include/custom_interfaces1/custom_interfaces1/srv/detail/set_led__rosidl_typesupport_introspection_cpp.hpp
[0.500s] -- Up-to-date symlink: /home/emir/ros2_ws/install/custom_interfaces1/share/custom_interfaces1/environment/pythonpath.sh
[0.500s] -- Up-to-date symlink: /home/emir/ros2_ws/install/custom_interfaces1/share/custom_interfaces1/environment/pythonpath.dsv
[0.500s] -- Up-to-date symlink: /home/emir/ros2_ws/install/custom_interfaces1/local/lib/python3.10/dist-packages/custom_interfaces1-0.0.0-py3.10.egg-info/PKG-INFO
[0.500s] -- Up-to-date symlink: /home/emir/ros2_ws/install/custom_interfaces1/local/lib/python3.10/dist-packages/custom_interfaces1-0.0.0-py3.10.egg-info/SOURCES.txt
[0.500s] -- Up-to-date symlink: /home/emir/ros2_ws/install/custom_interfaces1/local/lib/python3.10/dist-packages/custom_interfaces1-0.0.0-py3.10.egg-info/dependency_links.txt
[0.500s] -- Up-to-date symlink: /home/emir/ros2_ws/install/custom_interfaces1/local/lib/python3.10/dist-packages/custom_interfaces1-0.0.0-py3.10.egg-info/top_level.txt
[0.500s] -- Up-to-date symlink: /home/emir/ros2_ws/install/custom_interfaces1/local/lib/python3.10/dist-packages/custom_interfaces1/__init__.py
[0.500s] -- Up-to-date symlink: /home/emir/ros2_ws/install/custom_interfaces1/local/lib/python3.10/dist-packages/custom_interfaces1/_custom_interfaces1_s.ep.rosidl_typesupport_c.c
[0.500s] -- Up-to-date symlink: /home/emir/ros2_ws/install/custom_interfaces1/local/lib/python3.10/dist-packages/custom_interfaces1/_custom_interfaces1_s.ep.rosidl_typesupport_fastrtps_c.c
[0.500s] -- Up-to-date symlink: /home/emir/ros2_ws/install/custom_interfaces1/local/lib/python3.10/dist-packages/custom_interfaces1/_custom_interfaces1_s.ep.rosidl_typesupport_introspection_c.c
[0.500s] -- Up-to-date symlink: /home/emir/ros2_ws/install/custom_interfaces1/local/lib/python3.10/dist-packages/custom_interfaces1/custom_interfaces1_s__rosidl_typesupport_c.cpython-310-x86_64-linux-gnu.so
[0.501s] -- Up-to-date symlink: /home/emir/ros2_ws/install/custom_interfaces1/local/lib/python3.10/dist-packages/custom_interfaces1/custom_interfaces1_s__rosidl_typesupport_fastrtps_c.cpython-310-x86_64-linux-gnu.so
[0.501s] -- Up-to-date symlink: /home/emir/ros2_ws/install/custom_interfaces1/local/lib/python3.10/dist-packages/custom_interfaces1/custom_interfaces1_s__rosidl_typesupport_introspection_c.cpython-310-x86_64-linux-gnu.so
[0.501s] -- Up-to-date symlink: /home/emir/ros2_ws/install/custom_interfaces1/local/lib/python3.10/dist-packages/custom_interfaces1/libcustom_interfaces1__rosidl_generator_py.so
[0.501s] -- Up-to-date symlink: /home/emir/ros2_ws/install/custom_interfaces1/local/lib/python3.10/dist-packages/custom_interfaces1/msg/__init__.py
[0.501s] -- Up-to-date symlink: /home/emir/ros2_ws/install/custom_interfaces1/local/lib/python3.10/dist-packages/custom_interfaces1/msg/_led_state_array.py
[0.501s] -- Up-to-date symlink: /home/emir/ros2_ws/install/custom_interfaces1/local/lib/python3.10/dist-packages/custom_interfaces1/msg/_led_state_array_s.c
[0.501s] -- Up-to-date symlink: /home/emir/ros2_ws/install/custom_interfaces1/local/lib/python3.10/dist-packages/custom_interfaces1/msg/_target_coordinates.py
[0.503s] -- Up-to-date symlink: /home/emir/ros2_ws/install/custom_interfaces1/local/lib/python3.10/dist-packages/custom_interfaces1/msg/_target_coordinates_s.c
[0.503s] -- Up-to-date symlink: /home/emir/ros2_ws/install/custom_interfaces1/local/lib/python3.10/dist-packages/custom_interfaces1/srv/__init__.py
[0.503s] -- Up-to-date symlink: /home/emir/ros2_ws/install/custom_interfaces1/local/lib/python3.10/dist-packages/custom_interfaces1/srv/_set_led.py
[0.503s] -- Up-to-date symlink: /home/emir/ros2_ws/install/custom_interfaces1/local/lib/python3.10/dist-packages/custom_interfaces1/srv/_set_led_s.c
[0.503s] -- Up-to-date symlink: /home/emir/ros2_ws/install/custom_interfaces1/local/lib/python3.10/dist-packages/custom_interfaces1/custom_interfaces1_s__rosidl_typesupport_fastrtps_c.cpython-310-x86_64-linux-gnu.so
[0.503s] -- Up-to-date symlink: /home/emir/ros2_ws/install/custom_interfaces1/local/lib/python3.10/dist-packages/custom_interfaces1/custom_interfaces1_s__rosidl_typesupport_introspection_c.cpython-310-x86_64-linux-gnu.so
[0.503s] -- Up-to-date symlink: /home/emir/ros2_ws/install/custom_interfaces1/local/lib/python3.10/dist-packages/custom_interfaces1/custom_interfaces1_s__rosidl_typesupport_c.cpython-310-x86_64-linux-gnu.so
[0.503s] -- Up-to-date symlink: /home/emir/ros2_ws/install/custom_interfaces1/share/custom_interfaces1/msg/TargetCoordinates.idl
[0.504s] -- Up-to-date symlink: /home/emir/ros2_ws/install/custom_interfaces1/share/custom_interfaces1/msg/LedStateArray.idl
[0.504s] -- Up-to-date symlink: /home/emir/ros2_ws/install/custom_interfaces1/share/custom_interfaces1/srv/SetLed.idl
[0.504s] -- Up-to-date symlink: /home/emir/ros2_ws/install/custom_interfaces1/share/custom_interfaces1/msg/TargetCoordinates.msg
[0.504s] -- Up-to-date symlink: /home/emir/ros2_ws/install/custom_interfaces1/share/custom_interfaces1/msg/LedStateArray.msg
[0.504s] -- Up-to-date symlink: /home/emir/ros2_ws/install/custom_interfaces1/share/custom_interfaces1/srv/SetLed.srv
[0.504s] -- Up-to-date symlink: /home/emir/ros2_ws/install/custom_interfaces1/share/custom_interfaces1/srv/SetLed_Request.msg
[0.504s] -- Up-to-date symlink: /home/emir/ros2_ws/install/custom_interfaces1/share/custom_interfaces1/srv/SetLed_Response.msg
[0.504s] -- Up-to-date symlink: /home/emir/ros2_ws/install/custom_interfaces1/share/ament_index/resource_index/package_run_dependencies/custom_interfaces1
[0.504s] -- Up-to-date symlink: /home/emir/ros2_ws/install/custom_interfaces1/share/ament_index/resource_index/parent_prefix_path/custom_interfaces1
[0.504s] -- Up-to-date symlink: /home/emir/ros2_ws/install/custom_interfaces1/share/custom_interfaces1/environment/ament_prefix_path.sh
[0.504s] -- Up-to-date symlink: /home/emir/ros2_ws/install/custom_interfaces1/share/custom_interfaces1/environment/ament_prefix_path.dsv
[0.504s] -- Up-to-date symlink: /home/emir/ros2_ws/install/custom_interfaces1/share/custom_interfaces1/environment/path.sh
[0.504s] -- Up-to-date symlink: /home/emir/ros2_ws/install/custom_interfaces1/share/custom_interfaces1/environment/path.dsv
[0.505s] -- Up-to-date symlink: /home/emir/ros2_ws/install/custom_interfaces1/share/custom_interfaces1/local_setup.bash
[0.505s] -- Up-to-date symlink: /home/emir/ros2_ws/install/custom_interfaces1/share/custom_interfaces1/local_setup.sh
[0.505s] -- Up-to-date symlink: /home/emir/ros2_ws/install/custom_interfaces1/share/custom_interfaces1/local_setup.zsh
[0.505s] -- Up-to-date symlink: /home/emir/ros2_ws/install/custom_interfaces1/share/custom_interfaces1/local_setup.dsv
[0.505s] -- Symlinking: /home/emir/ros2_ws/install/custom_interfaces1/share/custom_interfaces1/package.dsv
[0.513s] -- Up-to-date symlink: /home/emir/ros2_ws/install/custom_interfaces1/share/ament_index/resource_index/packages/custom_interfaces1
[0.513s] -- Up-to-date symlink: /home/emir/ros2_ws/install/custom_interfaces1/share/custom_interfaces1/cmake/rosidl_cmake-extras.cmake
[0.513s] -- Up-to-date symlink: /home/emir/ros2_ws/install/custom_interfaces1/share/custom_interfaces1/cmake/ament_cmake_export_dependencies-extras.cmake
[0.514s] -- Up-to-date symlink: /home/emir/ros2_ws/install/custom_interfaces1/share/custom_interfaces1/cmake/ament_cmake_export_include_directories-extras.cmake
[0.514s] -- Up-to-date symlink: /home/emir/ros2_ws/install/custom_interfaces1/share/custom_interfaces1/cmake/ament_cmake_export_libraries-extras.cmake
[0.514s] -- Up-to-date symlink: /home/emir/ros2_ws/install/custom_interfaces1/share/custom_interfaces1/cmake/ament_cmake_export_targets-extras.cmake
[0.514s] -- Up-to-date symlink: /home/emir/ros2_ws/install/custom_interfaces1/share/custom_interfaces1/cmake/rosidl_cmake_export_typesupport_targets-extras.cmake
[0.514s] -- Up-to-date symlink: /home/emir/ros2_ws/install/custom_interfaces1/share/custom_interfaces1/cmake/rosidl_cmake_export_typesupport_libraries-extras.cmake
[0.514s] -- Up-to-date symlink: /home/emir/ros2_ws/install/custom_interfaces1/share/custom_interfaces1/cmake/custom_interfaces1Config.cmake
[0.514s] -- Up-to-date symlink: /home/emir/ros2_ws/install/custom_interfaces1/share/custom_interfaces1/cmake/custom_interfaces1Config-version.cmake
[0.514s] -- Up-to-date symlink: /home/emir/ros2_ws/install/custom_interfaces1/share/custom_interfaces1/package.xml
[0.515s] -- Up-to-date: /home/emir/ros2_ws/install/custom_interfaces1/lib/libcustom_interfaces1__rosidl_generator_c.so
[0.515s] -- Up-to-date: /home/emir/ros2_ws/install/custom_interfaces1/lib/libcustom_interfaces1__rosidl_typesupport_fastrtps_c.so
[0.515s] -- Up-to-date: /home/emir/ros2_ws/install/custom_interfaces1/lib/libcustom_interfaces1__rosidl_typesupport_fastrtps_cpp.so
[0.515s] -- Up-to-date: /home/emir/ros2_ws/install/custom_interfaces1/lib/libcustom_interfaces1__rosidl_typesupport_introspection_c.so
[0.515s] -- Up-to-date: /home/emir/ros2_ws/install/custom_interfaces1/lib/libcustom_interfaces1__rosidl_typesupport_c.so
[0.516s] -- Up-to-date: /home/emir/ros2_ws/install/custom_interfaces1/lib/libcustom_interfaces1__rosidl_typesupport_introspection_cpp.so
[0.516s] -- Up-to-date: /home/emir/ros2_ws/install/custom_interfaces1/lib/libcustom_interfaces1__rosidl_typesupport_cpp.so
[0.546s] Listing '/home/emir/ros2_ws/install/custom_interfaces1/local/lib/python3.10/dist-packages/custom_interfaces1'...
[0.546s] Listing '/home/emir/ros2_ws/install/custom_interfaces1/local/lib/python3.10/dist-packages/custom_interfaces1/msg'...
[0.546s] Listing '/home/emir/ros2_ws/install/custom_interfaces1/local/lib/python3.10/dist-packages/custom_interfaces1/srv'...
[0.551s] -- Up-to-date: /home/emir/ros2_ws/install/custom_interfaces1/lib/libcustom_interfaces1__rosidl_generator_py.so
[0.552s] -- Up-to-date: /home/emir/ros2_ws/install/custom_interfaces1/share/custom_interfaces1/cmake/export_custom_interfaces1__rosidl_generator_cExport.cmake
[0.552s] -- Up-to-date: /home/emir/ros2_ws/install/custom_interfaces1/share/custom_interfaces1/cmake/export_custom_interfaces1__rosidl_generator_cExport-noconfig.cmake
[0.552s] -- Up-to-date: /home/emir/ros2_ws/install/custom_interfaces1/share/custom_interfaces1/cmake/export_custom_interfaces1__rosidl_typesupport_fastrtps_cExport.cmake
[0.552s] -- Up-to-date: /home/emir/ros2_ws/install/custom_interfaces1/share/custom_interfaces1/cmake/export_custom_interfaces1__rosidl_typesupport_fastrtps_cExport-noconfig.cmake
[0.552s] -- Up-to-date: /home/emir/ros2_ws/install/custom_interfaces1/share/custom_interfaces1/cmake/export_custom_interfaces1__rosidl_generator_cppExport.cmake
[0.552s] -- Up-to-date: /home/emir/ros2_ws/install/custom_interfaces1/share/custom_interfaces1/cmake/export_custom_interfaces1__rosidl_typesupport_fastrtps_cppExport.cmake
[0.552s] -- Up-to-date: /home/emir/ros2_ws/install/custom_interfaces1/share/custom_interfaces1/cmake/export_custom_interfaces1__rosidl_typesupport_fastrtps_cppExport-noconfig.cmake
[0.552s] -- Up-to-date: /home/emir/ros2_ws/install/custom_interfaces1/share/custom_interfaces1/cmake/custom_interfaces1__rosidl_typesupport_introspection_cExport.cmake
[0.552s] -- Up-to-date: /home/emir/ros2_ws/install/custom_interfaces1/share/custom_interfaces1/cmake/custom_interfaces1__rosidl_typesupport_introspection_cExport-noconfig.cmake
[0.552s] -- Up-to-date: /home/emir/ros2_ws/install/custom_interfaces1/share/custom_interfaces1/cmake/custom_interfaces1__rosidl_typesupport_cExport.cmake
[0.552s] -- Up-to-date: /home/emir/ros2_ws/install/custom_interfaces1/share/custom_interfaces1/cmake/custom_interfaces1__rosidl_typesupport_cExport-noconfig.cmake
[0.552s] -- Up-to-date: /home/emir/ros2_ws/install/custom_interfaces1/share/custom_interfaces1/cmake/custom_interfaces1__rosidl_typesupport_introspection_cppExport.cmake
[0.552s] -- Up-to-date: /home/emir/ros2_ws/install/custom_interfaces1/share/custom_interfaces1/cmake/custom_interfaces1__rosidl_typesupport_introspection_cppExport-noconfig.cmake
[0.552s] -- Up-to-date: /home/emir/ros2_ws/install/custom_interfaces1/share/custom_interfaces1/cmake/custom_interfaces1__rosidl_typesupport_cppExport.cmake
[0.552s] -- Up-to-date: /home/emir/ros2_ws/install/custom_interfaces1/share/custom_interfaces1/cmake/custom_interfaces1__rosidl_typesupport_cppExport-noconfig.cmake
[0.552s] -- Up-to-date: /home/emir/ros2_ws/install/custom_interfaces1/share/custom_interfaces1/cmake/export_custom_interfaces1__rosidl_generator_pyExport.cmake
[0.552s] -- Up-to-date: /home/emir/ros2_ws/install/custom_interfaces1/share/custom_interfaces1/cmake/export_custom_interfaces1__rosidl_generator_pyExport-noconfig.cmake
[0.555s] Invoked command in '/home/emir/ros2_ws/build/custom_interfaces1' returned '0': CMAKE_PREFIX_PATH=${CMAKE_PREFIX_PATH}:/home/emir/ros2_ws/install/my_py_pkg:/opt/ros/humble /usr/bin/cmake --install /home/emir/ros2_ws/build/custom_interfaces1
