[0.995s] Invoking command in '/home/emir/ros2_ws/src/my_py_pkg': CMAKE_PREFIX_PATH=/home/emir/ros2_ws/install/custom_interfaces1:/home/emir/install/my_robot_interfaces:/home/emir/install/my_cpp_pkg:/home/emir/install/custom_robot_interfaces:/home/emir/install/custom_interfaces1:/home/emir/ros2_ws/install/my_cpp_pkg LD_LIBRARY_PATH=/home/emir/ros2_ws/install/custom_interfaces1/lib:/home/emir/install/my_robot_interfaces/lib:/home/emir/install/custom_interfaces1/lib:/opt/ros/humble/opt/rviz_ogre_vendor/lib:/opt/ros/humble/lib/x86_64-linux-gnu:/opt/ros/humble/lib PYTHONPATH=/home/emir/ros2_ws/build/my_py_pkg/prefix_override:/usr/lib/python3/dist-packages/colcon_core/task/python/colcon_distutils_commands:/home/emir/ros2_ws/install/my_py_pkg/lib/python3.10/site-packages:${PYTHONPATH} /usr/bin/python3 -W ignore:setup.py install is deprecated setup.py egg_info --egg-base ../../build/my_py_pkg build --build-base /home/emir/ros2_ws/build/my_py_pkg/build install --record /home/emir/ros2_ws/build/my_py_pkg/install.log --single-version-externally-managed install_data
[1.308s] running egg_info
[1.308s] writing ../../build/my_py_pkg/my_py_pkg.egg-info/PKG-INFO
[1.309s] writing dependency_links to ../../build/my_py_pkg/my_py_pkg.egg-info/dependency_links.txt
[1.309s] writing entry points to ../../build/my_py_pkg/my_py_pkg.egg-info/entry_points.txt
[1.310s] writing requirements to ../../build/my_py_pkg/my_py_pkg.egg-info/requires.txt
[1.310s] writing top-level names to ../../build/my_py_pkg/my_py_pkg.egg-info/top_level.txt
[1.312s] reading manifest file '../../build/my_py_pkg/my_py_pkg.egg-info/SOURCES.txt'
[1.313s] writing manifest file '../../build/my_py_pkg/my_py_pkg.egg-info/SOURCES.txt'
[1.313s] running build
[1.313s] running build_py
[1.314s] running install
[1.315s] running install_lib
[1.316s] running install_data
[1.316s] running install_egg_info
[1.318s] removing '/home/emir/ros2_ws/install/my_py_pkg/lib/python3.10/site-packages/my_py_pkg-0.0.0-py3.10.egg-info' (and everything under it)
[1.322s] Copying ../../build/my_py_pkg/my_py_pkg.egg-info to /home/emir/ros2_ws/install/my_py_pkg/lib/python3.10/site-packages/my_py_pkg-0.0.0-py3.10.egg-info
[1.322s] running install_scripts
[1.344s] Installing add_two_ints_client_no_oop script to /home/emir/ros2_ws/install/my_py_pkg/lib/my_py_pkg
[1.344s] Installing add_two_ints_client_oop script to /home/emir/ros2_ws/install/my_py_pkg/lib/my_py_pkg
[1.344s] Installing add_two_ints_server script to /home/emir/ros2_ws/install/my_py_pkg/lib/my_py_pkg
[1.345s] Installing battery script to /home/emir/ros2_ws/install/my_py_pkg/lib/my_py_pkg
[1.345s] Installing led_panel script to /home/emir/ros2_ws/install/my_py_pkg/lib/my_py_pkg
[1.345s] Installing number_counter script to /home/emir/ros2_ws/install/my_py_pkg/lib/my_py_pkg
[1.346s] Installing number_publisher script to /home/emir/ros2_ws/install/my_py_pkg/lib/my_py_pkg
[1.346s] Installing py_node script to /home/emir/ros2_ws/install/my_py_pkg/lib/my_py_pkg
[1.346s] Installing robot_news_station script to /home/emir/ros2_ws/install/my_py_pkg/lib/my_py_pkg
[1.347s] Installing smartphone script to /home/emir/ros2_ws/install/my_py_pkg/lib/my_py_pkg
[1.348s] Installing target_coordinates_publisher script to /home/emir/ros2_ws/install/my_py_pkg/lib/my_py_pkg
[1.349s] writing list of installed files to '/home/emir/ros2_ws/build/my_py_pkg/install.log'
[1.385s] Invoked command in '/home/emir/ros2_ws/src/my_py_pkg' returned '0': CMAKE_PREFIX_PATH=/home/emir/ros2_ws/install/custom_interfaces1:/home/emir/install/my_robot_interfaces:/home/emir/install/my_cpp_pkg:/home/emir/install/custom_robot_interfaces:/home/emir/install/custom_interfaces1:/home/emir/ros2_ws/install/my_cpp_pkg LD_LIBRARY_PATH=/home/emir/ros2_ws/install/custom_interfaces1/lib:/home/emir/install/my_robot_interfaces/lib:/home/emir/install/custom_interfaces1/lib:/opt/ros/humble/opt/rviz_ogre_vendor/lib:/opt/ros/humble/lib/x86_64-linux-gnu:/opt/ros/humble/lib PYTHONPATH=/home/emir/ros2_ws/build/my_py_pkg/prefix_override:/usr/lib/python3/dist-packages/colcon_core/task/python/colcon_distutils_commands:/home/emir/ros2_ws/install/my_py_pkg/lib/python3.10/site-packages:${PYTHONPATH} /usr/bin/python3 -W ignore:setup.py install is deprecated setup.py egg_info --egg-base ../../build/my_py_pkg build --build-base /home/emir/ros2_ws/build/my_py_pkg/build install --record /home/emir/ros2_ws/build/my_py_pkg/install.log --single-version-externally-managed install_data
