[0.021s] Invoking command in '/home/emir/ros2_ws/build/my_robot_bringup': AMENT_PREFIX_PATH=/home/emir/ros2_ws/install/turtlesim_catch_them_all:/home/emir/ros2_ws/install/my_py_pkg:/home/emir/ros2_ws/install/my_robot_bringup:/home/emir/ros2_ws/install/my_cpp_pkg:/home/emir/ros2_ws/install/custom_interfaces1:/home/emir/install/my_robot_interfaces:/home/emir/install/my_py_pkg:/home/emir/install/my_cpp_pkg:/home/emir/install/custom_robot_interfaces:/home/emir/install/custom_interfaces1:/opt/ros/humble CMAKE_PREFIX_PATH=/home/emir/ros2_ws/install/my_cpp_pkg:/home/emir/ros2_ws/install/custom_interfaces1:/home/emir/ros2_ws/install/my_robot_bringup:/home/emir/install/my_robot_interfaces:/home/emir/install/my_cpp_pkg:/home/emir/install/custom_robot_interfaces:/home/emir/install/custom_interfaces1:/home/emir/ros2_ws/install/turtlesim_catch_them_all:/home/emir/ros2_ws/install/my_py_pkg:/home/emir/install/my_py_pkg:/opt/ros/humble /usr/bin/cmake --build /home/emir/ros2_ws/build/my_robot_bringup -- -j5 -l5
[0.062s] Invoked command in '/home/emir/ros2_ws/build/my_robot_bringup' returned '0': AMENT_PREFIX_PATH=/home/emir/ros2_ws/install/turtlesim_catch_them_all:/home/emir/ros2_ws/install/my_py_pkg:/home/emir/ros2_ws/install/my_robot_bringup:/home/emir/ros2_ws/install/my_cpp_pkg:/home/emir/ros2_ws/install/custom_interfaces1:/home/emir/install/my_robot_interfaces:/home/emir/install/my_py_pkg:/home/emir/install/my_cpp_pkg:/home/emir/install/custom_robot_interfaces:/home/emir/install/custom_interfaces1:/opt/ros/humble CMAKE_PREFIX_PATH=/home/emir/ros2_ws/install/my_cpp_pkg:/home/emir/ros2_ws/install/custom_interfaces1:/home/emir/ros2_ws/install/my_robot_bringup:/home/emir/install/my_robot_interfaces:/home/emir/install/my_cpp_pkg:/home/emir/install/custom_robot_interfaces:/home/emir/install/custom_interfaces1:/home/emir/ros2_ws/install/turtlesim_catch_them_all:/home/emir/ros2_ws/install/my_py_pkg:/home/emir/install/my_py_pkg:/opt/ros/humble /usr/bin/cmake --build /home/emir/ros2_ws/build/my_robot_bringup -- -j5 -l5
[0.091s] Invoking command in '/home/emir/ros2_ws/build/my_robot_bringup': AMENT_PREFIX_PATH=/home/emir/ros2_ws/install/turtlesim_catch_them_all:/home/emir/ros2_ws/install/my_py_pkg:/home/emir/ros2_ws/install/my_robot_bringup:/home/emir/ros2_ws/install/my_cpp_pkg:/home/emir/ros2_ws/install/custom_interfaces1:/home/emir/install/my_robot_interfaces:/home/emir/install/my_py_pkg:/home/emir/install/my_cpp_pkg:/home/emir/install/custom_robot_interfaces:/home/emir/install/custom_interfaces1:/opt/ros/humble CMAKE_PREFIX_PATH=/home/emir/ros2_ws/install/my_cpp_pkg:/home/emir/ros2_ws/install/custom_interfaces1:/home/emir/ros2_ws/install/my_robot_bringup:/home/emir/install/my_robot_interfaces:/home/emir/install/my_cpp_pkg:/home/emir/install/custom_robot_interfaces:/home/emir/install/custom_interfaces1:/home/emir/ros2_ws/install/turtlesim_catch_them_all:/home/emir/ros2_ws/install/my_py_pkg:/home/emir/install/my_py_pkg:/opt/ros/humble /usr/bin/cmake --install /home/emir/ros2_ws/build/my_robot_bringup
[0.101s] -- Install configuration: ""
[0.101s] -- Up-to-date: /home/emir/ros2_ws/install/my_robot_bringup/share/ament_index/resource_index/package_run_dependencies/my_robot_bringup
[0.102s] -- Up-to-date: /home/emir/ros2_ws/install/my_robot_bringup/share/ament_index/resource_index/parent_prefix_path/my_robot_bringup
[0.102s] -- Up-to-date: /home/emir/ros2_ws/install/my_robot_bringup/share/my_robot_bringup/environment/ament_prefix_path.sh
[0.102s] -- Up-to-date: /home/emir/ros2_ws/install/my_robot_bringup/share/my_robot_bringup/environment/ament_prefix_path.dsv
[0.102s] -- Up-to-date: /home/emir/ros2_ws/install/my_robot_bringup/share/my_robot_bringup/environment/path.sh
[0.102s] -- Up-to-date: /home/emir/ros2_ws/install/my_robot_bringup/share/my_robot_bringup/environment/path.dsv
[0.102s] -- Up-to-date: /home/emir/ros2_ws/install/my_robot_bringup/share/my_robot_bringup/local_setup.bash
[0.103s] -- Up-to-date: /home/emir/ros2_ws/install/my_robot_bringup/share/my_robot_bringup/local_setup.sh
[0.103s] -- Up-to-date: /home/emir/ros2_ws/install/my_robot_bringup/share/my_robot_bringup/local_setup.zsh
[0.103s] -- Up-to-date: /home/emir/ros2_ws/install/my_robot_bringup/share/my_robot_bringup/local_setup.dsv
[0.103s] -- Installing: /home/emir/ros2_ws/install/my_robot_bringup/share/my_robot_bringup/package.dsv
[0.103s] -- Up-to-date: /home/emir/ros2_ws/install/my_robot_bringup/share/ament_index/resource_index/packages/my_robot_bringup
[0.103s] -- Up-to-date: /home/emir/ros2_ws/install/my_robot_bringup/share/my_robot_bringup/cmake/my_robot_bringupConfig.cmake
[0.103s] -- Up-to-date: /home/emir/ros2_ws/install/my_robot_bringup/share/my_robot_bringup/cmake/my_robot_bringupConfig-version.cmake
[0.103s] -- Up-to-date: /home/emir/ros2_ws/install/my_robot_bringup/share/my_robot_bringup/package.xml
[0.108s] Invoked command in '/home/emir/ros2_ws/build/my_robot_bringup' returned '0': AMENT_PREFIX_PATH=/home/emir/ros2_ws/install/turtlesim_catch_them_all:/home/emir/ros2_ws/install/my_py_pkg:/home/emir/ros2_ws/install/my_robot_bringup:/home/emir/ros2_ws/install/my_cpp_pkg:/home/emir/ros2_ws/install/custom_interfaces1:/home/emir/install/my_robot_interfaces:/home/emir/install/my_py_pkg:/home/emir/install/my_cpp_pkg:/home/emir/install/custom_robot_interfaces:/home/emir/install/custom_interfaces1:/opt/ros/humble CMAKE_PREFIX_PATH=/home/emir/ros2_ws/install/my_cpp_pkg:/home/emir/ros2_ws/install/custom_interfaces1:/home/emir/ros2_ws/install/my_robot_bringup:/home/emir/install/my_robot_interfaces:/home/emir/install/my_cpp_pkg:/home/emir/install/custom_robot_interfaces:/home/emir/install/custom_interfaces1:/home/emir/ros2_ws/install/turtlesim_catch_them_all:/home/emir/ros2_ws/install/my_py_pkg:/home/emir/install/my_py_pkg:/opt/ros/humble /usr/bin/cmake --install /home/emir/ros2_ws/build/my_robot_bringup
