[2.205s] DEBUG:colcon:Command line arguments: ['/usr/bin/colcon', 'build']
[2.205s] DEBUG:colcon:Parsed command line arguments: Namespace(log_base=None, log_level=None, verb_name='build', build_base='build', install_base='install', merge_install=False, symlink_install=False, test_result_base=None, continue_on_error=False, executor='parallel', parallel_workers=5, event_handlers=None, ignore_user_meta=False, metas=['./colcon.meta'], base_paths=['.'], packages_ignore=None, packages_ignore_regex=None, paths=None, packages_up_to=None, packages_up_to_regex=None, packages_above=None, packages_above_and_dependencies=None, packages_above_depth=None, packages_select_by_dep=None, packages_skip_by_dep=None, packages_skip_up_to=None, packages_select_build_failed=False, packages_skip_build_finished=False, packages_select_test_failures=False, packages_skip_test_passed=False, packages_select=None, packages_skip=None, packages_select_regex=None, packages_skip_regex=None, packages_start=None, packages_end=None, allow_overriding=[], cmake_args=None, cmake_target=None, cmake_target_skip_unavailable=False, cmake_clean_cache=False, cmake_clean_first=False, cmake_force_configure=False, ament_cmake_args=None, catkin_cmake_args=None, catkin_skip_building_tests=False, verb_parser=<colcon_defaults.argument_parser.defaults.DefaultArgumentsDecorator object at 0x78fa8bc079a0>, verb_extension=<colcon_core.verb.build.BuildVerb object at 0x78fa8bd54550>, main=<bound method BuildVerb.main of <colcon_core.verb.build.BuildVerb object at 0x78fa8bd54550>>)
[3.241s] Level 1:colcon.colcon_core.package_discovery:discover_packages(colcon_meta) check parameters
[3.241s] Level 1:colcon.colcon_core.package_discovery:discover_packages(recursive) check parameters
[3.241s] Level 1:colcon.colcon_core.package_discovery:discover_packages(ignore) check parameters
[3.241s] Level 1:colcon.colcon_core.package_discovery:discover_packages(path) check parameters
[3.241s] Level 1:colcon.colcon_core.package_discovery:discover_packages(colcon_meta) discover
[3.242s] Level 1:colcon.colcon_core.package_discovery:discover_packages(recursive) discover
[3.242s] INFO:colcon.colcon_core.package_discovery:Crawling recursively for packages in '/home/emir/ros2_ws'
[3.242s] Level 1:colcon.colcon_core.package_identification:_identify(.) by extensions ['ignore', 'ignore_ament_install']
[3.242s] Level 1:colcon.colcon_core.package_identification:_identify(.) by extension 'ignore'
[3.242s] Level 1:colcon.colcon_core.package_identification:_identify(.) by extension 'ignore_ament_install'
[3.242s] Level 1:colcon.colcon_core.package_identification:_identify(.) by extensions ['colcon_pkg']
[3.242s] Level 1:colcon.colcon_core.package_identification:_identify(.) by extension 'colcon_pkg'
[3.242s] Level 1:colcon.colcon_core.package_identification:_identify(.) by extensions ['colcon_meta']
[3.242s] Level 1:colcon.colcon_core.package_identification:_identify(.) by extension 'colcon_meta'
[3.242s] Level 1:colcon.colcon_core.package_identification:_identify(.) by extensions ['ros']
[3.242s] Level 1:colcon.colcon_core.package_identification:_identify(.) by extension 'ros'
[3.295s] Level 1:colcon.colcon_core.package_identification:_identify(.) by extensions ['cmake', 'python']
[3.295s] Level 1:colcon.colcon_core.package_identification:_identify(.) by extension 'cmake'
[3.295s] Level 1:colcon.colcon_core.package_identification:_identify(.) by extension 'python'
[3.296s] Level 1:colcon.colcon_core.package_identification:_identify(.) by extensions ['python_setup_py']
[3.296s] Level 1:colcon.colcon_core.package_identification:_identify(.) by extension 'python_setup_py'
[3.296s] Level 1:colcon.colcon_core.package_identification:_identify(build) by extensions ['ignore', 'ignore_ament_install']
[3.296s] Level 1:colcon.colcon_core.package_identification:_identify(build) by extension 'ignore'
[3.296s] Level 1:colcon.colcon_core.package_identification:_identify(build) ignored
[3.297s] Level 1:colcon.colcon_core.package_identification:_identify(install) by extensions ['ignore', 'ignore_ament_install']
[3.297s] Level 1:colcon.colcon_core.package_identification:_identify(install) by extension 'ignore'
[3.297s] Level 1:colcon.colcon_core.package_identification:_identify(install) ignored
[3.297s] Level 1:colcon.colcon_core.package_identification:_identify(log) by extensions ['ignore', 'ignore_ament_install']
[3.297s] Level 1:colcon.colcon_core.package_identification:_identify(log) by extension 'ignore'
[3.297s] Level 1:colcon.colcon_core.package_identification:_identify(log) ignored
[3.297s] Level 1:colcon.colcon_core.package_identification:_identify(src) by extensions ['ignore', 'ignore_ament_install']
[3.297s] Level 1:colcon.colcon_core.package_identification:_identify(src) by extension 'ignore'
[3.298s] Level 1:colcon.colcon_core.package_identification:_identify(src) by extension 'ignore_ament_install'
[3.298s] Level 1:colcon.colcon_core.package_identification:_identify(src) by extensions ['colcon_pkg']
[3.298s] Level 1:colcon.colcon_core.package_identification:_identify(src) by extension 'colcon_pkg'
[3.298s] Level 1:colcon.colcon_core.package_identification:_identify(src) by extensions ['colcon_meta']
[3.298s] Level 1:colcon.colcon_core.package_identification:_identify(src) by extension 'colcon_meta'
[3.298s] Level 1:colcon.colcon_core.package_identification:_identify(src) by extensions ['ros']
[3.298s] Level 1:colcon.colcon_core.package_identification:_identify(src) by extension 'ros'
[3.298s] Level 1:colcon.colcon_core.package_identification:_identify(src) by extensions ['cmake', 'python']
[3.298s] Level 1:colcon.colcon_core.package_identification:_identify(src) by extension 'cmake'
[3.298s] Level 1:colcon.colcon_core.package_identification:_identify(src) by extension 'python'
[3.298s] Level 1:colcon.colcon_core.package_identification:_identify(src) by extensions ['python_setup_py']
[3.298s] Level 1:colcon.colcon_core.package_identification:_identify(src) by extension 'python_setup_py'
[3.298s] Level 1:colcon.colcon_core.package_identification:_identify(src/my_cpp_pkg) by extensions ['ignore', 'ignore_ament_install']
[3.298s] Level 1:colcon.colcon_core.package_identification:_identify(src/my_cpp_pkg) by extension 'ignore'
[3.298s] Level 1:colcon.colcon_core.package_identification:_identify(src/my_cpp_pkg) by extension 'ignore_ament_install'
[3.298s] Level 1:colcon.colcon_core.package_identification:_identify(src/my_cpp_pkg) by extensions ['colcon_pkg']
[3.298s] Level 1:colcon.colcon_core.package_identification:_identify(src/my_cpp_pkg) by extension 'colcon_pkg'
[3.298s] Level 1:colcon.colcon_core.package_identification:_identify(src/my_cpp_pkg) by extensions ['colcon_meta']
[3.298s] Level 1:colcon.colcon_core.package_identification:_identify(src/my_cpp_pkg) by extension 'colcon_meta'
[3.298s] Level 1:colcon.colcon_core.package_identification:_identify(src/my_cpp_pkg) by extensions ['ros']
[3.299s] Level 1:colcon.colcon_core.package_identification:_identify(src/my_cpp_pkg) by extension 'ros'
[3.303s] DEBUG:colcon.colcon_core.package_identification:Package 'src/my_cpp_pkg' with type 'ros.ament_cmake' and name 'my_cpp_pkg'
[3.303s] Level 1:colcon.colcon_core.package_identification:_identify(src/my_py_pkg) by extensions ['ignore', 'ignore_ament_install']
[3.303s] Level 1:colcon.colcon_core.package_identification:_identify(src/my_py_pkg) by extension 'ignore'
[3.304s] Level 1:colcon.colcon_core.package_identification:_identify(src/my_py_pkg) by extension 'ignore_ament_install'
[3.304s] Level 1:colcon.colcon_core.package_identification:_identify(src/my_py_pkg) by extensions ['colcon_pkg']
[3.304s] Level 1:colcon.colcon_core.package_identification:_identify(src/my_py_pkg) by extension 'colcon_pkg'
[3.304s] Level 1:colcon.colcon_core.package_identification:_identify(src/my_py_pkg) by extensions ['colcon_meta']
[3.304s] Level 1:colcon.colcon_core.package_identification:_identify(src/my_py_pkg) by extension 'colcon_meta'
[3.304s] Level 1:colcon.colcon_core.package_identification:_identify(src/my_py_pkg) by extensions ['ros']
[3.304s] Level 1:colcon.colcon_core.package_identification:_identify(src/my_py_pkg) by extension 'ros'
[3.304s] DEBUG:colcon.colcon_core.package_identification:Package 'src/my_py_pkg' with type 'ros.ament_python' and name 'my_py_pkg'
[3.304s] Level 1:colcon.colcon_core.package_discovery:discover_packages(recursive) using defaults
[3.304s] Level 1:colcon.colcon_core.package_discovery:discover_packages(ignore) discover
[3.304s] Level 1:colcon.colcon_core.package_discovery:discover_packages(ignore) using defaults
[3.304s] Level 1:colcon.colcon_core.package_discovery:discover_packages(path) discover
[3.305s] Level 1:colcon.colcon_core.package_discovery:discover_packages(path) using defaults
[3.467s] Level 1:colcon.colcon_core.package_discovery:discover_packages(prefix_path) check parameters
[3.467s] Level 1:colcon.colcon_core.package_discovery:discover_packages(prefix_path) discover
[3.491s] DEBUG:colcon.colcon_installed_package_information.package_discovery:Found 2 installed packages in /home/emir/ros2_ws/install
[3.493s] DEBUG:colcon.colcon_installed_package_information.package_discovery:Found 270 installed packages in /opt/ros/humble
[3.494s] Level 1:colcon.colcon_core.package_discovery:discover_packages(prefix_path) using defaults
[5.470s] Level 5:colcon.colcon_core.verb:set package 'my_cpp_pkg' build argument 'cmake_args' from command line to 'None'
[5.470s] Level 5:colcon.colcon_core.verb:set package 'my_cpp_pkg' build argument 'cmake_target' from command line to 'None'
[5.471s] Level 5:colcon.colcon_core.verb:set package 'my_cpp_pkg' build argument 'cmake_target_skip_unavailable' from command line to 'False'
[5.471s] Level 5:colcon.colcon_core.verb:set package 'my_cpp_pkg' build argument 'cmake_clean_cache' from command line to 'False'
[5.471s] Level 5:colcon.colcon_core.verb:set package 'my_cpp_pkg' build argument 'cmake_clean_first' from command line to 'False'
[5.471s] Level 5:colcon.colcon_core.verb:set package 'my_cpp_pkg' build argument 'cmake_force_configure' from command line to 'False'
[5.471s] Level 5:colcon.colcon_core.verb:set package 'my_cpp_pkg' build argument 'ament_cmake_args' from command line to 'None'
[5.471s] Level 5:colcon.colcon_core.verb:set package 'my_cpp_pkg' build argument 'catkin_cmake_args' from command line to 'None'
[5.471s] Level 5:colcon.colcon_core.verb:set package 'my_cpp_pkg' build argument 'catkin_skip_building_tests' from command line to 'False'
[5.471s] DEBUG:colcon.colcon_core.verb:Building package 'my_cpp_pkg' with the following arguments: {'ament_cmake_args': None, 'build_base': '/home/emir/ros2_ws/build/my_cpp_pkg', 'catkin_cmake_args': None, 'catkin_skip_building_tests': False, 'cmake_args': None, 'cmake_clean_cache': False, 'cmake_clean_first': False, 'cmake_force_configure': False, 'cmake_target': None, 'cmake_target_skip_unavailable': False, 'install_base': '/home/emir/ros2_ws/install/my_cpp_pkg', 'merge_install': False, 'path': '/home/emir/ros2_ws/src/my_cpp_pkg', 'symlink_install': False, 'test_result_base': None}
[5.471s] Level 5:colcon.colcon_core.verb:set package 'my_py_pkg' build argument 'cmake_args' from command line to 'None'
[5.471s] Level 5:colcon.colcon_core.verb:set package 'my_py_pkg' build argument 'cmake_target' from command line to 'None'
[5.471s] Level 5:colcon.colcon_core.verb:set package 'my_py_pkg' build argument 'cmake_target_skip_unavailable' from command line to 'False'
[5.471s] Level 5:colcon.colcon_core.verb:set package 'my_py_pkg' build argument 'cmake_clean_cache' from command line to 'False'
[5.471s] Level 5:colcon.colcon_core.verb:set package 'my_py_pkg' build argument 'cmake_clean_first' from command line to 'False'
[5.471s] Level 5:colcon.colcon_core.verb:set package 'my_py_pkg' build argument 'cmake_force_configure' from command line to 'False'
[5.471s] Level 5:colcon.colcon_core.verb:set package 'my_py_pkg' build argument 'ament_cmake_args' from command line to 'None'
[5.471s] Level 5:colcon.colcon_core.verb:set package 'my_py_pkg' build argument 'catkin_cmake_args' from command line to 'None'
[5.471s] Level 5:colcon.colcon_core.verb:set package 'my_py_pkg' build argument 'catkin_skip_building_tests' from command line to 'False'
[5.472s] DEBUG:colcon.colcon_core.verb:Building package 'my_py_pkg' with the following arguments: {'ament_cmake_args': None, 'build_base': '/home/emir/ros2_ws/build/my_py_pkg', 'catkin_cmake_args': None, 'catkin_skip_building_tests': False, 'cmake_args': None, 'cmake_clean_cache': False, 'cmake_clean_first': False, 'cmake_force_configure': False, 'cmake_target': None, 'cmake_target_skip_unavailable': False, 'install_base': '/home/emir/ros2_ws/install/my_py_pkg', 'merge_install': False, 'path': '/home/emir/ros2_ws/src/my_py_pkg', 'symlink_install': False, 'test_result_base': None}
[5.472s] INFO:colcon.colcon_core.executor:Executing jobs using 'parallel' executor
[5.473s] DEBUG:colcon.colcon_parallel_executor.executor.parallel:run_until_complete
[5.473s] INFO:colcon.colcon_ros.task.ament_cmake.build:Building ROS package in '/home/emir/ros2_ws/src/my_cpp_pkg' with build type 'ament_cmake'
[5.473s] INFO:colcon.colcon_cmake.task.cmake.build:Building CMake package in '/home/emir/ros2_ws/src/my_cpp_pkg'
[5.493s] INFO:colcon.colcon_core.plugin_system:Skipping extension 'colcon_core.shell.bat': Not used on non-Windows systems
[5.493s] INFO:colcon.colcon_core.shell:Skip shell extension 'powershell' for command environment: Not usable outside of PowerShell
[5.493s] DEBUG:colcon.colcon_core.shell:Skip shell extension 'dsv' for command environment
[5.496s] INFO:colcon.colcon_ros.task.ament_python.build:Building ROS package in '/home/emir/ros2_ws/src/my_py_pkg' with build type 'ament_python'
[5.496s] Level 1:colcon.colcon_core.shell:create_environment_hook('my_py_pkg', 'ament_prefix_path')
[5.496s] INFO:colcon.colcon_core.shell:Creating environment hook '/home/emir/ros2_ws/install/my_py_pkg/share/my_py_pkg/hook/ament_prefix_path.ps1'
[5.497s] INFO:colcon.colcon_core.shell:Creating environment descriptor '/home/emir/ros2_ws/install/my_py_pkg/share/my_py_pkg/hook/ament_prefix_path.dsv'
[5.498s] INFO:colcon.colcon_core.shell:Creating environment hook '/home/emir/ros2_ws/install/my_py_pkg/share/my_py_pkg/hook/ament_prefix_path.sh'
[5.499s] INFO:colcon.colcon_core.shell:Skip shell extension 'powershell' for command environment: Not usable outside of PowerShell
[5.499s] DEBUG:colcon.colcon_core.shell:Skip shell extension 'dsv' for command environment
[5.524s] DEBUG:colcon.colcon_core.event_handler.log_command:Invoking command in '/home/emir/ros2_ws/build/my_cpp_pkg': CMAKE_PREFIX_PATH=/opt/ros/humble /usr/bin/cmake --build /home/emir/ros2_ws/build/my_cpp_pkg -- -j5 -l5
[5.762s] INFO:colcon.colcon_core.task.python.build:Building Python package in '/home/emir/ros2_ws/src/my_py_pkg'
[5.762s] INFO:colcon.colcon_core.shell:Skip shell extension 'powershell' for command environment: Not usable outside of PowerShell
[5.762s] DEBUG:colcon.colcon_core.shell:Skip shell extension 'dsv' for command environment
[5.766s] DEBUG:colcon.colcon_core.event_handler.log_command:Invoked command in '/home/emir/ros2_ws/build/my_cpp_pkg' returned '0': CMAKE_PREFIX_PATH=/opt/ros/humble /usr/bin/cmake --build /home/emir/ros2_ws/build/my_cpp_pkg -- -j5 -l5
[5.795s] DEBUG:colcon.colcon_core.event_handler.log_command:Invoking command in '/home/emir/ros2_ws/build/my_cpp_pkg': CMAKE_PREFIX_PATH=/opt/ros/humble /usr/bin/cmake --install /home/emir/ros2_ws/build/my_cpp_pkg
[5.861s] Level 1:colcon.colcon_core.environment:create_environment_scripts_only(my_cpp_pkg)
[5.862s] DEBUG:colcon.colcon_core.event_handler.log_command:Invoked command in '/home/emir/ros2_ws/build/my_cpp_pkg' returned '0': CMAKE_PREFIX_PATH=/opt/ros/humble /usr/bin/cmake --install /home/emir/ros2_ws/build/my_cpp_pkg
[5.864s] Level 1:colcon.colcon_core.environment:checking '/home/emir/ros2_ws/install/my_cpp_pkg' for CMake module files
[5.864s] Level 1:colcon.colcon_core.environment:checking '/home/emir/ros2_ws/install/my_cpp_pkg' for CMake config files
[5.864s] Level 1:colcon.colcon_core.shell:create_environment_hook('my_cpp_pkg', 'cmake_prefix_path')
[5.865s] INFO:colcon.colcon_core.shell:Creating environment hook '/home/emir/ros2_ws/install/my_cpp_pkg/share/my_cpp_pkg/hook/cmake_prefix_path.ps1'
[5.865s] INFO:colcon.colcon_core.shell:Creating environment descriptor '/home/emir/ros2_ws/install/my_cpp_pkg/share/my_cpp_pkg/hook/cmake_prefix_path.dsv'
[5.865s] INFO:colcon.colcon_core.shell:Creating environment hook '/home/emir/ros2_ws/install/my_cpp_pkg/share/my_cpp_pkg/hook/cmake_prefix_path.sh'
[5.866s] Level 1:colcon.colcon_core.environment:checking '/home/emir/ros2_ws/install/my_cpp_pkg/bin'
[5.866s] Level 1:colcon.colcon_core.environment:checking '/home/emir/ros2_ws/install/my_cpp_pkg/lib/pkgconfig/my_cpp_pkg.pc'
[5.866s] Level 1:colcon.colcon_core.environment:checking '/home/emir/ros2_ws/install/my_cpp_pkg/lib/python3.10/site-packages'
[5.866s] Level 1:colcon.colcon_core.environment:checking '/home/emir/ros2_ws/install/my_cpp_pkg/bin'
[5.867s] INFO:colcon.colcon_core.shell:Creating package script '/home/emir/ros2_ws/install/my_cpp_pkg/share/my_cpp_pkg/package.ps1'
[5.868s] INFO:colcon.colcon_core.shell:Creating package descriptor '/home/emir/ros2_ws/install/my_cpp_pkg/share/my_cpp_pkg/package.dsv'
[5.868s] INFO:colcon.colcon_core.shell:Creating package script '/home/emir/ros2_ws/install/my_cpp_pkg/share/my_cpp_pkg/package.sh'
[5.869s] INFO:colcon.colcon_core.shell:Creating package script '/home/emir/ros2_ws/install/my_cpp_pkg/share/my_cpp_pkg/package.bash'
[5.869s] INFO:colcon.colcon_core.shell:Creating package script '/home/emir/ros2_ws/install/my_cpp_pkg/share/my_cpp_pkg/package.zsh'
[5.870s] Level 1:colcon.colcon_core.environment:create_file_with_runtime_dependencies(/home/emir/ros2_ws/install/my_cpp_pkg/share/colcon-core/packages/my_cpp_pkg)
[5.890s] Level 1:colcon.colcon_core.environment:create_environment_scripts_only(my_cpp_pkg)
[5.891s] Level 1:colcon.colcon_core.environment:checking '/home/emir/ros2_ws/install/my_cpp_pkg' for CMake module files
[5.891s] Level 1:colcon.colcon_core.environment:checking '/home/emir/ros2_ws/install/my_cpp_pkg' for CMake config files
[5.891s] Level 1:colcon.colcon_core.shell:create_environment_hook('my_cpp_pkg', 'cmake_prefix_path')
[5.891s] INFO:colcon.colcon_core.shell:Creating environment hook '/home/emir/ros2_ws/install/my_cpp_pkg/share/my_cpp_pkg/hook/cmake_prefix_path.ps1'
[5.892s] INFO:colcon.colcon_core.shell:Creating environment descriptor '/home/emir/ros2_ws/install/my_cpp_pkg/share/my_cpp_pkg/hook/cmake_prefix_path.dsv'
[5.892s] INFO:colcon.colcon_core.shell:Creating environment hook '/home/emir/ros2_ws/install/my_cpp_pkg/share/my_cpp_pkg/hook/cmake_prefix_path.sh'
[5.893s] Level 1:colcon.colcon_core.environment:checking '/home/emir/ros2_ws/install/my_cpp_pkg/bin'
[5.893s] Level 1:colcon.colcon_core.environment:checking '/home/emir/ros2_ws/install/my_cpp_pkg/lib/pkgconfig/my_cpp_pkg.pc'
[5.893s] Level 1:colcon.colcon_core.environment:checking '/home/emir/ros2_ws/install/my_cpp_pkg/lib/python3.10/site-packages'
[5.893s] Level 1:colcon.colcon_core.environment:checking '/home/emir/ros2_ws/install/my_cpp_pkg/bin'
[5.893s] INFO:colcon.colcon_core.shell:Creating package script '/home/emir/ros2_ws/install/my_cpp_pkg/share/my_cpp_pkg/package.ps1'
[5.894s] INFO:colcon.colcon_core.shell:Creating package descriptor '/home/emir/ros2_ws/install/my_cpp_pkg/share/my_cpp_pkg/package.dsv'
[5.894s] INFO:colcon.colcon_core.shell:Creating package script '/home/emir/ros2_ws/install/my_cpp_pkg/share/my_cpp_pkg/package.sh'
[5.895s] INFO:colcon.colcon_core.shell:Creating package script '/home/emir/ros2_ws/install/my_cpp_pkg/share/my_cpp_pkg/package.bash'
[5.895s] INFO:colcon.colcon_core.shell:Creating package script '/home/emir/ros2_ws/install/my_cpp_pkg/share/my_cpp_pkg/package.zsh'
[5.895s] Level 1:colcon.colcon_core.environment:create_file_with_runtime_dependencies(/home/emir/ros2_ws/install/my_cpp_pkg/share/colcon-core/packages/my_cpp_pkg)
[6.142s] DEBUG:colcon.colcon_core.event_handler.log_command:Invoking command in '/home/emir/ros2_ws/src/my_py_pkg': PYTHONPATH=/home/emir/ros2_ws/build/my_py_pkg/prefix_override:/home/emir/ros2_ws/install/my_py_pkg/lib/python3.10/site-packages:${PYTHONPATH} /usr/bin/python3 -W ignore:setup.py install is deprecated setup.py egg_info --egg-base ../../build/my_py_pkg build --build-base /home/emir/ros2_ws/build/my_py_pkg/build install --record /home/emir/ros2_ws/build/my_py_pkg/install.log --single-version-externally-managed install_data
[6.399s] Level 1:colcon.colcon_core.environment:checking '/home/emir/ros2_ws/install/my_py_pkg' for CMake module files
[6.400s] DEBUG:colcon.colcon_core.event_handler.log_command:Invoked command in '/home/emir/ros2_ws/src/my_py_pkg' returned '0': PYTHONPATH=/home/emir/ros2_ws/build/my_py_pkg/prefix_override:/home/emir/ros2_ws/install/my_py_pkg/lib/python3.10/site-packages:${PYTHONPATH} /usr/bin/python3 -W ignore:setup.py install is deprecated setup.py egg_info --egg-base ../../build/my_py_pkg build --build-base /home/emir/ros2_ws/build/my_py_pkg/build install --record /home/emir/ros2_ws/build/my_py_pkg/install.log --single-version-externally-managed install_data
[6.400s] Level 1:colcon.colcon_core.environment:checking '/home/emir/ros2_ws/install/my_py_pkg' for CMake config files
[6.400s] Level 1:colcon.colcon_core.environment:checking '/home/emir/ros2_ws/install/my_py_pkg/lib'
[6.401s] Level 1:colcon.colcon_core.environment:checking '/home/emir/ros2_ws/install/my_py_pkg/bin'
[6.401s] Level 1:colcon.colcon_core.environment:checking '/home/emir/ros2_ws/install/my_py_pkg/lib/pkgconfig/my_py_pkg.pc'
[6.401s] Level 1:colcon.colcon_core.environment:checking '/home/emir/ros2_ws/install/my_py_pkg/lib/python3.10/site-packages'
[6.401s] Level 1:colcon.colcon_core.shell:create_environment_hook('my_py_pkg', 'pythonpath')
[6.401s] INFO:colcon.colcon_core.shell:Creating environment hook '/home/emir/ros2_ws/install/my_py_pkg/share/my_py_pkg/hook/pythonpath.ps1'
[6.402s] INFO:colcon.colcon_core.shell:Creating environment descriptor '/home/emir/ros2_ws/install/my_py_pkg/share/my_py_pkg/hook/pythonpath.dsv'
[6.402s] INFO:colcon.colcon_core.shell:Creating environment hook '/home/emir/ros2_ws/install/my_py_pkg/share/my_py_pkg/hook/pythonpath.sh'
[6.403s] Level 1:colcon.colcon_core.environment:checking '/home/emir/ros2_ws/install/my_py_pkg/bin'
[6.403s] Level 1:colcon.colcon_core.environment:create_environment_scripts_only(my_py_pkg)
[6.403s] INFO:colcon.colcon_core.shell:Creating package script '/home/emir/ros2_ws/install/my_py_pkg/share/my_py_pkg/package.ps1'
[6.403s] INFO:colcon.colcon_core.shell:Creating package descriptor '/home/emir/ros2_ws/install/my_py_pkg/share/my_py_pkg/package.dsv'
[6.404s] INFO:colcon.colcon_core.shell:Creating package script '/home/emir/ros2_ws/install/my_py_pkg/share/my_py_pkg/package.sh'
[6.404s] INFO:colcon.colcon_core.shell:Creating package script '/home/emir/ros2_ws/install/my_py_pkg/share/my_py_pkg/package.bash'
[6.404s] INFO:colcon.colcon_core.shell:Creating package script '/home/emir/ros2_ws/install/my_py_pkg/share/my_py_pkg/package.zsh'
[6.405s] Level 1:colcon.colcon_core.environment:create_file_with_runtime_dependencies(/home/emir/ros2_ws/install/my_py_pkg/share/colcon-core/packages/my_py_pkg)
[6.405s] DEBUG:colcon.colcon_parallel_executor.executor.parallel:closing loop
[6.405s] DEBUG:colcon.colcon_parallel_executor.executor.parallel:loop closed
[6.405s] DEBUG:colcon.colcon_parallel_executor.executor.parallel:run_until_complete finished with '0'
[6.405s] DEBUG:colcon.colcon_core.event_reactor:joining thread
[6.428s] INFO:colcon.colcon_core.plugin_system:Skipping extension 'colcon_notification.desktop_notification.terminal_notifier': Not used on non-Darwin systems
[6.428s] INFO:colcon.colcon_core.plugin_system:Skipping extension 'colcon_notification.desktop_notification.win32': Not used on non-Windows systems
[6.428s] INFO:colcon.colcon_notification.desktop_notification:Sending desktop notification using 'notify2'
[6.446s] DEBUG:colcon.colcon_core.event_reactor:joined thread
[6.446s] INFO:colcon.colcon_core.shell:Creating prefix script '/home/emir/ros2_ws/install/local_setup.ps1'
[6.463s] INFO:colcon.colcon_core.shell:Creating prefix util module '/home/emir/ros2_ws/install/_local_setup_util_ps1.py'
[6.481s] INFO:colcon.colcon_core.shell:Creating prefix chain script '/home/emir/ros2_ws/install/setup.ps1'
[6.483s] INFO:colcon.colcon_core.shell:Creating prefix script '/home/emir/ros2_ws/install/local_setup.sh'
[6.484s] INFO:colcon.colcon_core.shell:Creating prefix util module '/home/emir/ros2_ws/install/_local_setup_util_sh.py'
[6.484s] INFO:colcon.colcon_core.shell:Creating prefix chain script '/home/emir/ros2_ws/install/setup.sh'
[6.485s] INFO:colcon.colcon_core.shell:Creating prefix script '/home/emir/ros2_ws/install/local_setup.bash'
[6.502s] INFO:colcon.colcon_core.shell:Creating prefix chain script '/home/emir/ros2_ws/install/setup.bash'
[6.503s] INFO:colcon.colcon_core.shell:Creating prefix script '/home/emir/ros2_ws/install/local_setup.zsh'
[6.504s] INFO:colcon.colcon_core.shell:Creating prefix chain script '/home/emir/ros2_ws/install/setup.zsh'
