[0.098s] DEBUG:colcon:Command line arguments: ['/usr/bin/colcon', 'build']
[0.098s] DEBUG:colcon:Parsed command line arguments: Namespace(log_base=None, log_level=None, verb_name='build', build_base='build', install_base='install', merge_install=False, symlink_install=False, test_result_base=None, continue_on_error=False, executor='parallel', parallel_workers=5, event_handlers=None, ignore_user_meta=False, metas=['./colcon.meta'], base_paths=['.'], packages_ignore=None, packages_ignore_regex=None, paths=None, packages_up_to=None, packages_up_to_regex=None, packages_above=None, packages_above_and_dependencies=None, packages_above_depth=None, packages_select_by_dep=None, packages_skip_by_dep=None, packages_skip_up_to=None, packages_select_build_failed=False, packages_skip_build_finished=False, packages_select_test_failures=False, packages_skip_test_passed=False, packages_select=None, packages_skip=None, packages_select_regex=None, packages_skip_regex=None, packages_start=None, packages_end=None, allow_overriding=[], cmake_args=None, cmake_target=None, cmake_target_skip_unavailable=False, cmake_clean_cache=False, cmake_clean_first=False, cmake_force_configure=False, ament_cmake_args=None, catkin_cmake_args=None, catkin_skip_building_tests=False, verb_parser=<colcon_defaults.argument_parser.defaults.DefaultArgumentsDecorator object at 0x7fb9a363c580>, verb_extension=<colcon_core.verb.build.BuildVerb object at 0x7fb9a363c100>, main=<bound method BuildVerb.main of <colcon_core.verb.build.BuildVerb object at 0x7fb9a363c100>>)
[0.240s] Level 1:colcon.colcon_core.package_discovery:discover_packages(colcon_meta) check parameters
[0.240s] Level 1:colcon.colcon_core.package_discovery:discover_packages(recursive) check parameters
[0.240s] Level 1:colcon.colcon_core.package_discovery:discover_packages(ignore) check parameters
[0.240s] Level 1:colcon.colcon_core.package_discovery:discover_packages(path) check parameters
[0.240s] Level 1:colcon.colcon_core.package_discovery:discover_packages(colcon_meta) discover
[0.240s] Level 1:colcon.colcon_core.package_discovery:discover_packages(recursive) discover
[0.240s] INFO:colcon.colcon_core.package_discovery:Crawling recursively for packages in '/home/emir/ros2_ws'
[0.240s] Level 1:colcon.colcon_core.package_identification:_identify(.) by extensions ['ignore', 'ignore_ament_install']
[0.240s] Level 1:colcon.colcon_core.package_identification:_identify(.) by extension 'ignore'
[0.240s] Level 1:colcon.colcon_core.package_identification:_identify(.) by extension 'ignore_ament_install'
[0.241s] Level 1:colcon.colcon_core.package_identification:_identify(.) by extensions ['colcon_pkg']
[0.241s] Level 1:colcon.colcon_core.package_identification:_identify(.) by extension 'colcon_pkg'
[0.241s] Level 1:colcon.colcon_core.package_identification:_identify(.) by extensions ['colcon_meta']
[0.241s] Level 1:colcon.colcon_core.package_identification:_identify(.) by extension 'colcon_meta'
[0.241s] Level 1:colcon.colcon_core.package_identification:_identify(.) by extensions ['ros']
[0.241s] Level 1:colcon.colcon_core.package_identification:_identify(.) by extension 'ros'
[0.250s] Level 1:colcon.colcon_core.package_identification:_identify(.) by extensions ['cmake', 'python']
[0.250s] Level 1:colcon.colcon_core.package_identification:_identify(.) by extension 'cmake'
[0.250s] Level 1:colcon.colcon_core.package_identification:_identify(.) by extension 'python'
[0.250s] Level 1:colcon.colcon_core.package_identification:_identify(.) by extensions ['python_setup_py']
[0.251s] Level 1:colcon.colcon_core.package_identification:_identify(.) by extension 'python_setup_py'
[0.251s] Level 1:colcon.colcon_core.package_identification:_identify(build) by extensions ['ignore', 'ignore_ament_install']
[0.251s] Level 1:colcon.colcon_core.package_identification:_identify(build) by extension 'ignore'
[0.251s] Level 1:colcon.colcon_core.package_identification:_identify(build) ignored
[0.251s] Level 1:colcon.colcon_core.package_identification:_identify(install) by extensions ['ignore', 'ignore_ament_install']
[0.251s] Level 1:colcon.colcon_core.package_identification:_identify(install) by extension 'ignore'
[0.251s] Level 1:colcon.colcon_core.package_identification:_identify(install) ignored
[0.251s] Level 1:colcon.colcon_core.package_identification:_identify(log) by extensions ['ignore', 'ignore_ament_install']
[0.251s] Level 1:colcon.colcon_core.package_identification:_identify(log) by extension 'ignore'
[0.251s] Level 1:colcon.colcon_core.package_identification:_identify(log) ignored
[0.251s] Level 1:colcon.colcon_core.package_identification:_identify(src) by extensions ['ignore', 'ignore_ament_install']
[0.252s] Level 1:colcon.colcon_core.package_identification:_identify(src) by extension 'ignore'
[0.252s] Level 1:colcon.colcon_core.package_identification:_identify(src) by extension 'ignore_ament_install'
[0.252s] Level 1:colcon.colcon_core.package_identification:_identify(src) by extensions ['colcon_pkg']
[0.252s] Level 1:colcon.colcon_core.package_identification:_identify(src) by extension 'colcon_pkg'
[0.252s] Level 1:colcon.colcon_core.package_identification:_identify(src) by extensions ['colcon_meta']
[0.252s] Level 1:colcon.colcon_core.package_identification:_identify(src) by extension 'colcon_meta'
[0.252s] Level 1:colcon.colcon_core.package_identification:_identify(src) by extensions ['ros']
[0.252s] Level 1:colcon.colcon_core.package_identification:_identify(src) by extension 'ros'
[0.252s] Level 1:colcon.colcon_core.package_identification:_identify(src) by extensions ['cmake', 'python']
[0.252s] Level 1:colcon.colcon_core.package_identification:_identify(src) by extension 'cmake'
[0.252s] Level 1:colcon.colcon_core.package_identification:_identify(src) by extension 'python'
[0.252s] Level 1:colcon.colcon_core.package_identification:_identify(src) by extensions ['python_setup_py']
[0.252s] Level 1:colcon.colcon_core.package_identification:_identify(src) by extension 'python_setup_py'
[0.252s] Level 1:colcon.colcon_core.package_identification:_identify(src/build) by extensions ['ignore', 'ignore_ament_install']
[0.252s] Level 1:colcon.colcon_core.package_identification:_identify(src/build) by extension 'ignore'
[0.252s] Level 1:colcon.colcon_core.package_identification:_identify(src/build) ignored
[0.253s] Level 1:colcon.colcon_core.package_identification:_identify(src/custom_interfaces1) by extensions ['ignore', 'ignore_ament_install']
[0.253s] Level 1:colcon.colcon_core.package_identification:_identify(src/custom_interfaces1) by extension 'ignore'
[0.253s] Level 1:colcon.colcon_core.package_identification:_identify(src/custom_interfaces1) by extension 'ignore_ament_install'
[0.253s] Level 1:colcon.colcon_core.package_identification:_identify(src/custom_interfaces1) by extensions ['colcon_pkg']
[0.253s] Level 1:colcon.colcon_core.package_identification:_identify(src/custom_interfaces1) by extension 'colcon_pkg'
[0.253s] Level 1:colcon.colcon_core.package_identification:_identify(src/custom_interfaces1) by extensions ['colcon_meta']
[0.253s] Level 1:colcon.colcon_core.package_identification:_identify(src/custom_interfaces1) by extension 'colcon_meta'
[0.253s] Level 1:colcon.colcon_core.package_identification:_identify(src/custom_interfaces1) by extensions ['ros']
[0.253s] Level 1:colcon.colcon_core.package_identification:_identify(src/custom_interfaces1) by extension 'ros'
[0.255s] DEBUG:colcon.colcon_core.package_identification:Package 'src/custom_interfaces1' with type 'ros.ament_cmake' and name 'custom_interfaces1'
[0.255s] Level 1:colcon.colcon_core.package_identification:_identify(src/install) by extensions ['ignore', 'ignore_ament_install']
[0.256s] Level 1:colcon.colcon_core.package_identification:_identify(src/install) by extension 'ignore'
[0.256s] Level 1:colcon.colcon_core.package_identification:_identify(src/install) ignored
[0.256s] Level 1:colcon.colcon_core.package_identification:_identify(src/log) by extensions ['ignore', 'ignore_ament_install']
[0.256s] Level 1:colcon.colcon_core.package_identification:_identify(src/log) by extension 'ignore'
[0.256s] Level 1:colcon.colcon_core.package_identification:_identify(src/log) ignored
[0.256s] Level 1:colcon.colcon_core.package_identification:_identify(src/my_cpp_pkg) by extensions ['ignore', 'ignore_ament_install']
[0.257s] Level 1:colcon.colcon_core.package_identification:_identify(src/my_cpp_pkg) by extension 'ignore'
[0.257s] Level 1:colcon.colcon_core.package_identification:_identify(src/my_cpp_pkg) by extension 'ignore_ament_install'
[0.257s] Level 1:colcon.colcon_core.package_identification:_identify(src/my_cpp_pkg) by extensions ['colcon_pkg']
[0.257s] Level 1:colcon.colcon_core.package_identification:_identify(src/my_cpp_pkg) by extension 'colcon_pkg'
[0.257s] Level 1:colcon.colcon_core.package_identification:_identify(src/my_cpp_pkg) by extensions ['colcon_meta']
[0.257s] Level 1:colcon.colcon_core.package_identification:_identify(src/my_cpp_pkg) by extension 'colcon_meta'
[0.257s] Level 1:colcon.colcon_core.package_identification:_identify(src/my_cpp_pkg) by extensions ['ros']
[0.257s] Level 1:colcon.colcon_core.package_identification:_identify(src/my_cpp_pkg) by extension 'ros'
[0.257s] DEBUG:colcon.colcon_core.package_identification:Package 'src/my_cpp_pkg' with type 'ros.ament_cmake' and name 'my_cpp_pkg'
[0.257s] Level 1:colcon.colcon_core.package_identification:_identify(src/my_py_pkg) by extensions ['ignore', 'ignore_ament_install']
[0.258s] Level 1:colcon.colcon_core.package_identification:_identify(src/my_py_pkg) by extension 'ignore'
[0.258s] Level 1:colcon.colcon_core.package_identification:_identify(src/my_py_pkg) by extension 'ignore_ament_install'
[0.258s] Level 1:colcon.colcon_core.package_identification:_identify(src/my_py_pkg) by extensions ['colcon_pkg']
[0.258s] Level 1:colcon.colcon_core.package_identification:_identify(src/my_py_pkg) by extension 'colcon_pkg'
[0.258s] Level 1:colcon.colcon_core.package_identification:_identify(src/my_py_pkg) by extensions ['colcon_meta']
[0.258s] Level 1:colcon.colcon_core.package_identification:_identify(src/my_py_pkg) by extension 'colcon_meta'
[0.258s] Level 1:colcon.colcon_core.package_identification:_identify(src/my_py_pkg) by extensions ['ros']
[0.258s] Level 1:colcon.colcon_core.package_identification:_identify(src/my_py_pkg) by extension 'ros'
[0.258s] DEBUG:colcon.colcon_core.package_identification:Package 'src/my_py_pkg' with type 'ros.ament_python' and name 'my_py_pkg'
[0.259s] Level 1:colcon.colcon_core.package_discovery:discover_packages(recursive) using defaults
[0.259s] Level 1:colcon.colcon_core.package_discovery:discover_packages(ignore) discover
[0.259s] Level 1:colcon.colcon_core.package_discovery:discover_packages(ignore) using defaults
[0.259s] Level 1:colcon.colcon_core.package_discovery:discover_packages(path) discover
[0.259s] Level 1:colcon.colcon_core.package_discovery:discover_packages(path) using defaults
[0.276s] Level 1:colcon.colcon_core.package_discovery:discover_packages(prefix_path) check parameters
[0.276s] Level 1:colcon.colcon_core.package_discovery:discover_packages(prefix_path) discover
[0.278s] DEBUG:colcon.colcon_installed_package_information.package_discovery:Found 3 installed packages in /home/emir/ros2_ws/install
[0.279s] DEBUG:colcon.colcon_installed_package_information.package_discovery:Found 270 installed packages in /opt/ros/humble
[0.280s] Level 1:colcon.colcon_core.package_discovery:discover_packages(prefix_path) using defaults
[0.323s] Level 5:colcon.colcon_core.verb:set package 'custom_interfaces1' build argument 'cmake_args' from command line to 'None'
[0.323s] Level 5:colcon.colcon_core.verb:set package 'custom_interfaces1' build argument 'cmake_target' from command line to 'None'
[0.323s] Level 5:colcon.colcon_core.verb:set package 'custom_interfaces1' build argument 'cmake_target_skip_unavailable' from command line to 'False'
[0.323s] Level 5:colcon.colcon_core.verb:set package 'custom_interfaces1' build argument 'cmake_clean_cache' from command line to 'False'
[0.323s] Level 5:colcon.colcon_core.verb:set package 'custom_interfaces1' build argument 'cmake_clean_first' from command line to 'False'
[0.323s] Level 5:colcon.colcon_core.verb:set package 'custom_interfaces1' build argument 'cmake_force_configure' from command line to 'False'
[0.323s] Level 5:colcon.colcon_core.verb:set package 'custom_interfaces1' build argument 'ament_cmake_args' from command line to 'None'
[0.324s] Level 5:colcon.colcon_core.verb:set package 'custom_interfaces1' build argument 'catkin_cmake_args' from command line to 'None'
[0.324s] Level 5:colcon.colcon_core.verb:set package 'custom_interfaces1' build argument 'catkin_skip_building_tests' from command line to 'False'
[0.324s] DEBUG:colcon.colcon_core.verb:Building package 'custom_interfaces1' with the following arguments: {'ament_cmake_args': None, 'build_base': '/home/emir/ros2_ws/build/custom_interfaces1', 'catkin_cmake_args': None, 'catkin_skip_building_tests': False, 'cmake_args': None, 'cmake_clean_cache': False, 'cmake_clean_first': False, 'cmake_force_configure': False, 'cmake_target': None, 'cmake_target_skip_unavailable': False, 'install_base': '/home/emir/ros2_ws/install/custom_interfaces1', 'merge_install': False, 'path': '/home/emir/ros2_ws/src/custom_interfaces1', 'symlink_install': False, 'test_result_base': None}
[0.324s] Level 5:colcon.colcon_core.verb:set package 'my_cpp_pkg' build argument 'cmake_args' from command line to 'None'
[0.324s] Level 5:colcon.colcon_core.verb:set package 'my_cpp_pkg' build argument 'cmake_target' from command line to 'None'
[0.324s] Level 5:colcon.colcon_core.verb:set package 'my_cpp_pkg' build argument 'cmake_target_skip_unavailable' from command line to 'False'
[0.324s] Level 5:colcon.colcon_core.verb:set package 'my_cpp_pkg' build argument 'cmake_clean_cache' from command line to 'False'
[0.324s] Level 5:colcon.colcon_core.verb:set package 'my_cpp_pkg' build argument 'cmake_clean_first' from command line to 'False'
[0.324s] Level 5:colcon.colcon_core.verb:set package 'my_cpp_pkg' build argument 'cmake_force_configure' from command line to 'False'
[0.324s] Level 5:colcon.colcon_core.verb:set package 'my_cpp_pkg' build argument 'ament_cmake_args' from command line to 'None'
[0.324s] Level 5:colcon.colcon_core.verb:set package 'my_cpp_pkg' build argument 'catkin_cmake_args' from command line to 'None'
[0.324s] Level 5:colcon.colcon_core.verb:set package 'my_cpp_pkg' build argument 'catkin_skip_building_tests' from command line to 'False'
[0.324s] DEBUG:colcon.colcon_core.verb:Building package 'my_cpp_pkg' with the following arguments: {'ament_cmake_args': None, 'build_base': '/home/emir/ros2_ws/build/my_cpp_pkg', 'catkin_cmake_args': None, 'catkin_skip_building_tests': False, 'cmake_args': None, 'cmake_clean_cache': False, 'cmake_clean_first': False, 'cmake_force_configure': False, 'cmake_target': None, 'cmake_target_skip_unavailable': False, 'install_base': '/home/emir/ros2_ws/install/my_cpp_pkg', 'merge_install': False, 'path': '/home/emir/ros2_ws/src/my_cpp_pkg', 'symlink_install': False, 'test_result_base': None}
[0.324s] Level 5:colcon.colcon_core.verb:set package 'my_py_pkg' build argument 'cmake_args' from command line to 'None'
[0.325s] Level 5:colcon.colcon_core.verb:set package 'my_py_pkg' build argument 'cmake_target' from command line to 'None'
[0.325s] Level 5:colcon.colcon_core.verb:set package 'my_py_pkg' build argument 'cmake_target_skip_unavailable' from command line to 'False'
[0.325s] Level 5:colcon.colcon_core.verb:set package 'my_py_pkg' build argument 'cmake_clean_cache' from command line to 'False'
[0.325s] Level 5:colcon.colcon_core.verb:set package 'my_py_pkg' build argument 'cmake_clean_first' from command line to 'False'
[0.325s] Level 5:colcon.colcon_core.verb:set package 'my_py_pkg' build argument 'cmake_force_configure' from command line to 'False'
[0.325s] Level 5:colcon.colcon_core.verb:set package 'my_py_pkg' build argument 'ament_cmake_args' from command line to 'None'
[0.325s] Level 5:colcon.colcon_core.verb:set package 'my_py_pkg' build argument 'catkin_cmake_args' from command line to 'None'
[0.325s] Level 5:colcon.colcon_core.verb:set package 'my_py_pkg' build argument 'catkin_skip_building_tests' from command line to 'False'
[0.325s] DEBUG:colcon.colcon_core.verb:Building package 'my_py_pkg' with the following arguments: {'ament_cmake_args': None, 'build_base': '/home/emir/ros2_ws/build/my_py_pkg', 'catkin_cmake_args': None, 'catkin_skip_building_tests': False, 'cmake_args': None, 'cmake_clean_cache': False, 'cmake_clean_first': False, 'cmake_force_configure': False, 'cmake_target': None, 'cmake_target_skip_unavailable': False, 'install_base': '/home/emir/ros2_ws/install/my_py_pkg', 'merge_install': False, 'path': '/home/emir/ros2_ws/src/my_py_pkg', 'symlink_install': False, 'test_result_base': None}
[0.325s] INFO:colcon.colcon_core.executor:Executing jobs using 'parallel' executor
[0.326s] DEBUG:colcon.colcon_parallel_executor.executor.parallel:run_until_complete
[0.326s] INFO:colcon.colcon_ros.task.ament_cmake.build:Building ROS package in '/home/emir/ros2_ws/src/custom_interfaces1' with build type 'ament_cmake'
[0.326s] INFO:colcon.colcon_cmake.task.cmake.build:Building CMake package in '/home/emir/ros2_ws/src/custom_interfaces1'
[0.328s] INFO:colcon.colcon_core.plugin_system:Skipping extension 'colcon_core.shell.bat': Not used on non-Windows systems
[0.328s] INFO:colcon.colcon_core.shell:Skip shell extension 'powershell' for command environment: Not usable outside of PowerShell
[0.328s] DEBUG:colcon.colcon_core.shell:Skip shell extension 'dsv' for command environment
[0.331s] INFO:colcon.colcon_ros.task.ament_cmake.build:Building ROS package in '/home/emir/ros2_ws/src/my_cpp_pkg' with build type 'ament_cmake'
[0.331s] INFO:colcon.colcon_cmake.task.cmake.build:Building CMake package in '/home/emir/ros2_ws/src/my_cpp_pkg'
[0.332s] INFO:colcon.colcon_core.shell:Skip shell extension 'powershell' for command environment: Not usable outside of PowerShell
[0.332s] DEBUG:colcon.colcon_core.shell:Skip shell extension 'dsv' for command environment
[0.342s] DEBUG:colcon.colcon_core.event_handler.log_command:Invoking command in '/home/emir/ros2_ws/build/custom_interfaces1': CMAKE_PREFIX_PATH=${CMAKE_PREFIX_PATH}:/home/emir/ros2_ws/install/my_py_pkg:/opt/ros/humble /usr/bin/cmake --build /home/emir/ros2_ws/build/custom_interfaces1 -- -j5 -l5
[0.346s] DEBUG:colcon.colcon_core.event_handler.log_command:Invoking command in '/home/emir/ros2_ws/build/my_cpp_pkg': CMAKE_PREFIX_PATH=${CMAKE_PREFIX_PATH}:/home/emir/ros2_ws/install/my_py_pkg:/opt/ros/humble /usr/bin/cmake --build /home/emir/ros2_ws/build/my_cpp_pkg -- -j5 -l5
[0.457s] DEBUG:colcon.colcon_core.event_handler.log_command:Invoked command in '/home/emir/ros2_ws/build/my_cpp_pkg' returned '0': CMAKE_PREFIX_PATH=${CMAKE_PREFIX_PATH}:/home/emir/ros2_ws/install/my_py_pkg:/opt/ros/humble /usr/bin/cmake --build /home/emir/ros2_ws/build/my_cpp_pkg -- -j5 -l5
[0.504s] DEBUG:colcon.colcon_core.event_handler.log_command:Invoking command in '/home/emir/ros2_ws/build/my_cpp_pkg': CMAKE_PREFIX_PATH=${CMAKE_PREFIX_PATH}:/home/emir/ros2_ws/install/my_py_pkg:/opt/ros/humble /usr/bin/cmake --install /home/emir/ros2_ws/build/my_cpp_pkg
[0.524s] Level 1:colcon.colcon_core.environment:create_environment_scripts_only(my_cpp_pkg)
[0.525s] DEBUG:colcon.colcon_core.event_handler.log_command:Invoked command in '/home/emir/ros2_ws/build/my_cpp_pkg' returned '0': CMAKE_PREFIX_PATH=${CMAKE_PREFIX_PATH}:/home/emir/ros2_ws/install/my_py_pkg:/opt/ros/humble /usr/bin/cmake --install /home/emir/ros2_ws/build/my_cpp_pkg
[0.527s] Level 1:colcon.colcon_core.environment:checking '/home/emir/ros2_ws/install/my_cpp_pkg' for CMake module files
[0.528s] Level 1:colcon.colcon_core.environment:checking '/home/emir/ros2_ws/install/my_cpp_pkg' for CMake config files
[0.528s] Level 1:colcon.colcon_core.shell:create_environment_hook('my_cpp_pkg', 'cmake_prefix_path')
[0.528s] INFO:colcon.colcon_core.shell:Creating environment hook '/home/emir/ros2_ws/install/my_cpp_pkg/share/my_cpp_pkg/hook/cmake_prefix_path.ps1'
[0.529s] INFO:colcon.colcon_core.shell:Creating environment descriptor '/home/emir/ros2_ws/install/my_cpp_pkg/share/my_cpp_pkg/hook/cmake_prefix_path.dsv'
[0.529s] INFO:colcon.colcon_core.shell:Creating environment hook '/home/emir/ros2_ws/install/my_cpp_pkg/share/my_cpp_pkg/hook/cmake_prefix_path.sh'
[0.530s] Level 1:colcon.colcon_core.environment:checking '/home/emir/ros2_ws/install/my_cpp_pkg/lib'
[0.531s] Level 1:colcon.colcon_core.environment:checking '/home/emir/ros2_ws/install/my_cpp_pkg/bin'
[0.531s] Level 1:colcon.colcon_core.environment:checking '/home/emir/ros2_ws/install/my_cpp_pkg/lib/pkgconfig/my_cpp_pkg.pc'
[0.531s] Level 1:colcon.colcon_core.environment:checking '/home/emir/ros2_ws/install/my_cpp_pkg/lib/python3.10/site-packages'
[0.531s] Level 1:colcon.colcon_core.environment:checking '/home/emir/ros2_ws/install/my_cpp_pkg/bin'
[0.531s] INFO:colcon.colcon_core.shell:Creating package script '/home/emir/ros2_ws/install/my_cpp_pkg/share/my_cpp_pkg/package.ps1'
[0.532s] INFO:colcon.colcon_core.shell:Creating package descriptor '/home/emir/ros2_ws/install/my_cpp_pkg/share/my_cpp_pkg/package.dsv'
[0.533s] INFO:colcon.colcon_core.shell:Creating package script '/home/emir/ros2_ws/install/my_cpp_pkg/share/my_cpp_pkg/package.sh'
[0.534s] INFO:colcon.colcon_core.shell:Creating package script '/home/emir/ros2_ws/install/my_cpp_pkg/share/my_cpp_pkg/package.bash'
[0.534s] INFO:colcon.colcon_core.shell:Creating package script '/home/emir/ros2_ws/install/my_cpp_pkg/share/my_cpp_pkg/package.zsh'
[0.535s] Level 1:colcon.colcon_core.environment:create_file_with_runtime_dependencies(/home/emir/ros2_ws/install/my_cpp_pkg/share/colcon-core/packages/my_cpp_pkg)
[0.578s] Level 1:colcon.colcon_core.environment:create_environment_scripts_only(my_cpp_pkg)
[0.579s] Level 1:colcon.colcon_core.environment:checking '/home/emir/ros2_ws/install/my_cpp_pkg' for CMake module files
[0.579s] Level 1:colcon.colcon_core.environment:checking '/home/emir/ros2_ws/install/my_cpp_pkg' for CMake config files
[0.579s] Level 1:colcon.colcon_core.shell:create_environment_hook('my_cpp_pkg', 'cmake_prefix_path')
[0.580s] INFO:colcon.colcon_core.shell:Creating environment hook '/home/emir/ros2_ws/install/my_cpp_pkg/share/my_cpp_pkg/hook/cmake_prefix_path.ps1'
[0.580s] INFO:colcon.colcon_core.shell:Creating environment descriptor '/home/emir/ros2_ws/install/my_cpp_pkg/share/my_cpp_pkg/hook/cmake_prefix_path.dsv'
[0.581s] INFO:colcon.colcon_core.shell:Creating environment hook '/home/emir/ros2_ws/install/my_cpp_pkg/share/my_cpp_pkg/hook/cmake_prefix_path.sh'
[0.581s] Level 1:colcon.colcon_core.environment:checking '/home/emir/ros2_ws/install/my_cpp_pkg/lib'
[0.581s] Level 1:colcon.colcon_core.environment:checking '/home/emir/ros2_ws/install/my_cpp_pkg/bin'
[0.581s] Level 1:colcon.colcon_core.environment:checking '/home/emir/ros2_ws/install/my_cpp_pkg/lib/pkgconfig/my_cpp_pkg.pc'
[0.582s] Level 1:colcon.colcon_core.environment:checking '/home/emir/ros2_ws/install/my_cpp_pkg/lib/python3.10/site-packages'
[0.582s] Level 1:colcon.colcon_core.environment:checking '/home/emir/ros2_ws/install/my_cpp_pkg/bin'
[0.582s] INFO:colcon.colcon_core.shell:Creating package script '/home/emir/ros2_ws/install/my_cpp_pkg/share/my_cpp_pkg/package.ps1'
[0.583s] INFO:colcon.colcon_core.shell:Creating package descriptor '/home/emir/ros2_ws/install/my_cpp_pkg/share/my_cpp_pkg/package.dsv'
[0.584s] INFO:colcon.colcon_core.shell:Creating package script '/home/emir/ros2_ws/install/my_cpp_pkg/share/my_cpp_pkg/package.sh'
[0.584s] INFO:colcon.colcon_core.shell:Creating package script '/home/emir/ros2_ws/install/my_cpp_pkg/share/my_cpp_pkg/package.bash'
[0.585s] INFO:colcon.colcon_core.shell:Creating package script '/home/emir/ros2_ws/install/my_cpp_pkg/share/my_cpp_pkg/package.zsh'
[0.585s] Level 1:colcon.colcon_core.environment:create_file_with_runtime_dependencies(/home/emir/ros2_ws/install/my_cpp_pkg/share/colcon-core/packages/my_cpp_pkg)
[0.699s] DEBUG:colcon.colcon_core.event_handler.log_command:Invoked command in '/home/emir/ros2_ws/build/custom_interfaces1' returned '0': CMAKE_PREFIX_PATH=${CMAKE_PREFIX_PATH}:/home/emir/ros2_ws/install/my_py_pkg:/opt/ros/humble /usr/bin/cmake --build /home/emir/ros2_ws/build/custom_interfaces1 -- -j5 -l5
[0.786s] DEBUG:colcon.colcon_core.event_handler.log_command:Invoking command in '/home/emir/ros2_ws/build/custom_interfaces1': CMAKE_PREFIX_PATH=${CMAKE_PREFIX_PATH}:/home/emir/ros2_ws/install/my_py_pkg:/opt/ros/humble /usr/bin/cmake --install /home/emir/ros2_ws/build/custom_interfaces1
[0.854s] Level 1:colcon.colcon_core.environment:create_environment_scripts_only(custom_interfaces1)
[0.855s] Level 1:colcon.colcon_core.environment:checking '/home/emir/ros2_ws/install/custom_interfaces1' for CMake module files
[0.855s] Level 1:colcon.colcon_core.environment:checking '/home/emir/ros2_ws/install/custom_interfaces1' for CMake config files
[0.856s] DEBUG:colcon.colcon_core.event_handler.log_command:Invoked command in '/home/emir/ros2_ws/build/custom_interfaces1' returned '0': CMAKE_PREFIX_PATH=${CMAKE_PREFIX_PATH}:/home/emir/ros2_ws/install/my_py_pkg:/opt/ros/humble /usr/bin/cmake --install /home/emir/ros2_ws/build/custom_interfaces1
[0.856s] Level 1:colcon.colcon_core.shell:create_environment_hook('custom_interfaces1', 'cmake_prefix_path')
[0.856s] INFO:colcon.colcon_core.shell:Creating environment hook '/home/emir/ros2_ws/install/custom_interfaces1/share/custom_interfaces1/hook/cmake_prefix_path.ps1'
[0.857s] INFO:colcon.colcon_core.shell:Creating environment descriptor '/home/emir/ros2_ws/install/custom_interfaces1/share/custom_interfaces1/hook/cmake_prefix_path.dsv'
[0.857s] INFO:colcon.colcon_core.shell:Creating environment hook '/home/emir/ros2_ws/install/custom_interfaces1/share/custom_interfaces1/hook/cmake_prefix_path.sh'
[0.858s] Level 1:colcon.colcon_core.environment:checking '/home/emir/ros2_ws/install/custom_interfaces1/lib'
[0.858s] Level 1:colcon.colcon_core.shell:create_environment_hook('custom_interfaces1', 'ld_library_path_lib')
[0.858s] INFO:colcon.colcon_core.shell:Creating environment hook '/home/emir/ros2_ws/install/custom_interfaces1/share/custom_interfaces1/hook/ld_library_path_lib.ps1'
[0.858s] INFO:colcon.colcon_core.shell:Creating environment descriptor '/home/emir/ros2_ws/install/custom_interfaces1/share/custom_interfaces1/hook/ld_library_path_lib.dsv'
[0.859s] INFO:colcon.colcon_core.shell:Creating environment hook '/home/emir/ros2_ws/install/custom_interfaces1/share/custom_interfaces1/hook/ld_library_path_lib.sh'
[0.859s] Level 1:colcon.colcon_core.environment:checking '/home/emir/ros2_ws/install/custom_interfaces1/bin'
[0.859s] Level 1:colcon.colcon_core.environment:checking '/home/emir/ros2_ws/install/custom_interfaces1/lib/pkgconfig/custom_interfaces1.pc'
[0.859s] Level 1:colcon.colcon_core.environment:checking '/home/emir/ros2_ws/install/custom_interfaces1/lib/python3.10/site-packages'
[0.860s] Level 1:colcon.colcon_core.environment:checking '/home/emir/ros2_ws/install/custom_interfaces1/bin'
[0.860s] INFO:colcon.colcon_core.shell:Creating package script '/home/emir/ros2_ws/install/custom_interfaces1/share/custom_interfaces1/package.ps1'
[0.861s] INFO:colcon.colcon_core.shell:Creating package descriptor '/home/emir/ros2_ws/install/custom_interfaces1/share/custom_interfaces1/package.dsv'
[0.861s] INFO:colcon.colcon_core.shell:Creating package script '/home/emir/ros2_ws/install/custom_interfaces1/share/custom_interfaces1/package.sh'
[0.861s] INFO:colcon.colcon_core.shell:Creating package script '/home/emir/ros2_ws/install/custom_interfaces1/share/custom_interfaces1/package.bash'
[0.862s] INFO:colcon.colcon_core.shell:Creating package script '/home/emir/ros2_ws/install/custom_interfaces1/share/custom_interfaces1/package.zsh'
[0.862s] Level 1:colcon.colcon_core.environment:create_file_with_runtime_dependencies(/home/emir/ros2_ws/install/custom_interfaces1/share/colcon-core/packages/custom_interfaces1)
[0.949s] Level 1:colcon.colcon_core.environment:create_environment_scripts_only(custom_interfaces1)
[0.949s] Level 1:colcon.colcon_core.environment:checking '/home/emir/ros2_ws/install/custom_interfaces1' for CMake module files
[0.950s] Level 1:colcon.colcon_core.environment:checking '/home/emir/ros2_ws/install/custom_interfaces1' for CMake config files
[0.950s] Level 1:colcon.colcon_core.shell:create_environment_hook('custom_interfaces1', 'cmake_prefix_path')
[0.950s] INFO:colcon.colcon_core.shell:Creating environment hook '/home/emir/ros2_ws/install/custom_interfaces1/share/custom_interfaces1/hook/cmake_prefix_path.ps1'
[0.951s] INFO:colcon.colcon_core.shell:Creating environment descriptor '/home/emir/ros2_ws/install/custom_interfaces1/share/custom_interfaces1/hook/cmake_prefix_path.dsv'
[0.951s] INFO:colcon.colcon_core.shell:Creating environment hook '/home/emir/ros2_ws/install/custom_interfaces1/share/custom_interfaces1/hook/cmake_prefix_path.sh'
[0.952s] Level 1:colcon.colcon_core.environment:checking '/home/emir/ros2_ws/install/custom_interfaces1/lib'
[0.952s] Level 1:colcon.colcon_core.shell:create_environment_hook('custom_interfaces1', 'ld_library_path_lib')
[0.952s] INFO:colcon.colcon_core.shell:Creating environment hook '/home/emir/ros2_ws/install/custom_interfaces1/share/custom_interfaces1/hook/ld_library_path_lib.ps1'
[0.952s] INFO:colcon.colcon_core.shell:Creating environment descriptor '/home/emir/ros2_ws/install/custom_interfaces1/share/custom_interfaces1/hook/ld_library_path_lib.dsv'
[0.953s] INFO:colcon.colcon_core.shell:Creating environment hook '/home/emir/ros2_ws/install/custom_interfaces1/share/custom_interfaces1/hook/ld_library_path_lib.sh'
[0.953s] Level 1:colcon.colcon_core.environment:checking '/home/emir/ros2_ws/install/custom_interfaces1/bin'
[0.953s] Level 1:colcon.colcon_core.environment:checking '/home/emir/ros2_ws/install/custom_interfaces1/lib/pkgconfig/custom_interfaces1.pc'
[0.953s] Level 1:colcon.colcon_core.environment:checking '/home/emir/ros2_ws/install/custom_interfaces1/lib/python3.10/site-packages'
[0.954s] Level 1:colcon.colcon_core.environment:checking '/home/emir/ros2_ws/install/custom_interfaces1/bin'
[0.954s] INFO:colcon.colcon_core.shell:Creating package script '/home/emir/ros2_ws/install/custom_interfaces1/share/custom_interfaces1/package.ps1'
[0.954s] INFO:colcon.colcon_core.shell:Creating package descriptor '/home/emir/ros2_ws/install/custom_interfaces1/share/custom_interfaces1/package.dsv'
[0.955s] INFO:colcon.colcon_core.shell:Creating package script '/home/emir/ros2_ws/install/custom_interfaces1/share/custom_interfaces1/package.sh'
[0.955s] INFO:colcon.colcon_core.shell:Creating package script '/home/emir/ros2_ws/install/custom_interfaces1/share/custom_interfaces1/package.bash'
[0.956s] INFO:colcon.colcon_core.shell:Creating package script '/home/emir/ros2_ws/install/custom_interfaces1/share/custom_interfaces1/package.zsh'
[0.956s] Level 1:colcon.colcon_core.environment:create_file_with_runtime_dependencies(/home/emir/ros2_ws/install/custom_interfaces1/share/colcon-core/packages/custom_interfaces1)
[0.957s] INFO:colcon.colcon_ros.task.ament_python.build:Building ROS package in '/home/emir/ros2_ws/src/my_py_pkg' with build type 'ament_python'
[0.957s] Level 1:colcon.colcon_core.shell:create_environment_hook('my_py_pkg', 'ament_prefix_path')
[0.957s] INFO:colcon.colcon_core.shell:Creating environment hook '/home/emir/ros2_ws/install/my_py_pkg/share/my_py_pkg/hook/ament_prefix_path.ps1'
[0.959s] INFO:colcon.colcon_core.shell:Creating environment descriptor '/home/emir/ros2_ws/install/my_py_pkg/share/my_py_pkg/hook/ament_prefix_path.dsv'
[0.959s] INFO:colcon.colcon_core.shell:Creating environment hook '/home/emir/ros2_ws/install/my_py_pkg/share/my_py_pkg/hook/ament_prefix_path.sh'
[0.960s] INFO:colcon.colcon_core.shell:Skip shell extension 'powershell' for command environment: Not usable outside of PowerShell
[0.960s] DEBUG:colcon.colcon_core.shell:Skip shell extension 'dsv' for command environment
[1.208s] INFO:colcon.colcon_core.task.python.build:Building Python package in '/home/emir/ros2_ws/src/my_py_pkg'
[1.208s] INFO:colcon.colcon_core.shell:Skip shell extension 'powershell' for command environment: Not usable outside of PowerShell
[1.208s] DEBUG:colcon.colcon_core.shell:Skip shell extension 'dsv' for command environment
[1.512s] DEBUG:colcon.colcon_core.event_handler.log_command:Invoking command in '/home/emir/ros2_ws/src/my_py_pkg': CMAKE_PREFIX_PATH=/home/emir/ros2_ws/install/custom_interfaces1:/home/emir/ros2_ws/install/my_cpp_pkg PYTHONPATH=/home/emir/ros2_ws/build/my_py_pkg/prefix_override:/usr/lib/python3/dist-packages/colcon_core/task/python/colcon_distutils_commands:/home/emir/ros2_ws/install/my_py_pkg/lib/python3.10/site-packages:${PYTHONPATH} /usr/bin/python3 -W ignore:setup.py install is deprecated setup.py egg_info --egg-base ../../build/my_py_pkg build --build-base /home/emir/ros2_ws/build/my_py_pkg/build install --record /home/emir/ros2_ws/build/my_py_pkg/install.log --single-version-externally-managed install_data
[1.776s] Level 1:colcon.colcon_core.environment:checking '/home/emir/ros2_ws/install/my_py_pkg' for CMake module files
[1.777s] DEBUG:colcon.colcon_core.event_handler.log_command:Invoked command in '/home/emir/ros2_ws/src/my_py_pkg' returned '0': CMAKE_PREFIX_PATH=/home/emir/ros2_ws/install/custom_interfaces1:/home/emir/ros2_ws/install/my_cpp_pkg PYTHONPATH=/home/emir/ros2_ws/build/my_py_pkg/prefix_override:/usr/lib/python3/dist-packages/colcon_core/task/python/colcon_distutils_commands:/home/emir/ros2_ws/install/my_py_pkg/lib/python3.10/site-packages:${PYTHONPATH} /usr/bin/python3 -W ignore:setup.py install is deprecated setup.py egg_info --egg-base ../../build/my_py_pkg build --build-base /home/emir/ros2_ws/build/my_py_pkg/build install --record /home/emir/ros2_ws/build/my_py_pkg/install.log --single-version-externally-managed install_data
[1.777s] Level 1:colcon.colcon_core.environment:checking '/home/emir/ros2_ws/install/my_py_pkg' for CMake config files
[1.778s] Level 1:colcon.colcon_core.environment:checking '/home/emir/ros2_ws/install/my_py_pkg/lib'
[1.778s] Level 1:colcon.colcon_core.environment:checking '/home/emir/ros2_ws/install/my_py_pkg/bin'
[1.778s] Level 1:colcon.colcon_core.environment:checking '/home/emir/ros2_ws/install/my_py_pkg/lib/pkgconfig/my_py_pkg.pc'
[1.778s] Level 1:colcon.colcon_core.environment:checking '/home/emir/ros2_ws/install/my_py_pkg/lib/python3.10/site-packages'
[1.778s] Level 1:colcon.colcon_core.shell:create_environment_hook('my_py_pkg', 'pythonpath')
[1.778s] INFO:colcon.colcon_core.shell:Creating environment hook '/home/emir/ros2_ws/install/my_py_pkg/share/my_py_pkg/hook/pythonpath.ps1'
[1.779s] INFO:colcon.colcon_core.shell:Creating environment descriptor '/home/emir/ros2_ws/install/my_py_pkg/share/my_py_pkg/hook/pythonpath.dsv'
[1.779s] INFO:colcon.colcon_core.shell:Creating environment hook '/home/emir/ros2_ws/install/my_py_pkg/share/my_py_pkg/hook/pythonpath.sh'
[1.779s] Level 1:colcon.colcon_core.environment:checking '/home/emir/ros2_ws/install/my_py_pkg/bin'
[1.780s] Level 1:colcon.colcon_core.environment:create_environment_scripts_only(my_py_pkg)
[1.780s] INFO:colcon.colcon_core.shell:Creating package script '/home/emir/ros2_ws/install/my_py_pkg/share/my_py_pkg/package.ps1'
[1.780s] INFO:colcon.colcon_core.shell:Creating package descriptor '/home/emir/ros2_ws/install/my_py_pkg/share/my_py_pkg/package.dsv'
[1.781s] INFO:colcon.colcon_core.shell:Creating package script '/home/emir/ros2_ws/install/my_py_pkg/share/my_py_pkg/package.sh'
[1.781s] INFO:colcon.colcon_core.shell:Creating package script '/home/emir/ros2_ws/install/my_py_pkg/share/my_py_pkg/package.bash'
[1.781s] INFO:colcon.colcon_core.shell:Creating package script '/home/emir/ros2_ws/install/my_py_pkg/share/my_py_pkg/package.zsh'
[1.782s] Level 1:colcon.colcon_core.environment:create_file_with_runtime_dependencies(/home/emir/ros2_ws/install/my_py_pkg/share/colcon-core/packages/my_py_pkg)
[1.782s] DEBUG:colcon.colcon_parallel_executor.executor.parallel:closing loop
[1.782s] DEBUG:colcon.colcon_parallel_executor.executor.parallel:loop closed
[1.782s] DEBUG:colcon.colcon_parallel_executor.executor.parallel:run_until_complete finished with '0'
[1.783s] DEBUG:colcon.colcon_core.event_reactor:joining thread
[1.787s] INFO:colcon.colcon_core.plugin_system:Skipping extension 'colcon_notification.desktop_notification.terminal_notifier': Not used on non-Darwin systems
[1.788s] INFO:colcon.colcon_core.plugin_system:Skipping extension 'colcon_notification.desktop_notification.win32': Not used on non-Windows systems
[1.788s] INFO:colcon.colcon_notification.desktop_notification:Sending desktop notification using 'notify2'
[1.801s] DEBUG:colcon.colcon_core.event_reactor:joined thread
[1.802s] INFO:colcon.colcon_core.shell:Creating prefix script '/home/emir/ros2_ws/install/local_setup.ps1'
[1.803s] INFO:colcon.colcon_core.shell:Creating prefix util module '/home/emir/ros2_ws/install/_local_setup_util_ps1.py'
[1.804s] INFO:colcon.colcon_core.shell:Creating prefix chain script '/home/emir/ros2_ws/install/setup.ps1'
[1.805s] INFO:colcon.colcon_core.shell:Creating prefix script '/home/emir/ros2_ws/install/local_setup.sh'
[1.806s] INFO:colcon.colcon_core.shell:Creating prefix util module '/home/emir/ros2_ws/install/_local_setup_util_sh.py'
[1.806s] INFO:colcon.colcon_core.shell:Creating prefix chain script '/home/emir/ros2_ws/install/setup.sh'
[1.807s] INFO:colcon.colcon_core.shell:Creating prefix script '/home/emir/ros2_ws/install/local_setup.bash'
[1.808s] INFO:colcon.colcon_core.shell:Creating prefix chain script '/home/emir/ros2_ws/install/setup.bash'
[1.809s] INFO:colcon.colcon_core.shell:Creating prefix script '/home/emir/ros2_ws/install/local_setup.zsh'
[1.809s] INFO:colcon.colcon_core.shell:Creating prefix chain script '/home/emir/ros2_ws/install/setup.zsh'
