[0.645s] Invoking command in '/home/emir/ros2_ws/src/my_py_pkg': PYTHONPATH=/home/emir/ros2_ws/build/my_py_pkg/prefix_override:/home/emir/ros2_ws/install/my_py_pkg/lib/python3.10/site-packages:${PYTHONPATH} /usr/bin/python3 -W ignore:setup.py install is deprecated setup.py egg_info --egg-base ../../build/my_py_pkg build --build-base /home/emir/ros2_ws/build/my_py_pkg/build install --record /home/emir/ros2_ws/build/my_py_pkg/install.log --single-version-externally-managed install_data
[0.853s] running egg_info
[0.854s] writing ../../build/my_py_pkg/my_py_pkg.egg-info/PKG-INFO
[0.854s] writing dependency_links to ../../build/my_py_pkg/my_py_pkg.egg-info/dependency_links.txt
[0.854s] writing entry points to ../../build/my_py_pkg/my_py_pkg.egg-info/entry_points.txt
[0.855s] writing requirements to ../../build/my_py_pkg/my_py_pkg.egg-info/requires.txt
[0.855s] writing top-level names to ../../build/my_py_pkg/my_py_pkg.egg-info/top_level.txt
[0.857s] reading manifest file '../../build/my_py_pkg/my_py_pkg.egg-info/SOURCES.txt'
[0.858s] writing manifest file '../../build/my_py_pkg/my_py_pkg.egg-info/SOURCES.txt'
[0.858s] running build
[0.858s] running build_py
[0.858s] copying my_py_pkg/my_first_node.py -> /home/emir/ros2_ws/build/my_py_pkg/build/lib/my_py_pkg
[0.859s] running install
[0.859s] running install_lib
[0.860s] copying /home/emir/ros2_ws/build/my_py_pkg/build/lib/my_py_pkg/my_first_node.py -> /home/emir/ros2_ws/install/my_py_pkg/lib/python3.10/site-packages/my_py_pkg
[0.860s] byte-compiling /home/emir/ros2_ws/install/my_py_pkg/lib/python3.10/site-packages/my_py_pkg/my_first_node.py to my_first_node.cpython-310.pyc
[0.860s] running install_data
[0.860s] running install_egg_info
[0.862s] removing '/home/emir/ros2_ws/install/my_py_pkg/lib/python3.10/site-packages/my_py_pkg-0.0.0-py3.10.egg-info' (and everything under it)
[0.862s] Copying ../../build/my_py_pkg/my_py_pkg.egg-info to /home/emir/ros2_ws/install/my_py_pkg/lib/python3.10/site-packages/my_py_pkg-0.0.0-py3.10.egg-info
[0.863s] running install_scripts
[0.881s] Installing py_node script to /home/emir/ros2_ws/install/my_py_pkg/lib/my_py_pkg
[0.882s] writing list of installed files to '/home/emir/ros2_ws/build/my_py_pkg/install.log'
[0.903s] Invoked command in '/home/emir/ros2_ws/src/my_py_pkg' returned '0': PYTHONPATH=/home/emir/ros2_ws/build/my_py_pkg/prefix_override:/home/emir/ros2_ws/install/my_py_pkg/lib/python3.10/site-packages:${PYTHONPATH} /usr/bin/python3 -W ignore:setup.py install is deprecated setup.py egg_info --egg-base ../../build/my_py_pkg build --build-base /home/emir/ros2_ws/build/my_py_pkg/build install --record /home/emir/ros2_ws/build/my_py_pkg/install.log --single-version-externally-managed install_data
