[1.976s] Invoking command in '/home/emir/ros2_ws/build/turtlesim_catch_them_all': PYTHONPATH=/home/emir/ros2_ws/build/turtlesim_catch_them_all/prefix_override:/usr/lib/python3/dist-packages/colcon_core/task/python/colcon_distutils_commands:/home/emir/ros2_ws/install/turtlesim_catch_them_all/lib/python3.10/site-packages:${PYTHONPATH} /usr/bin/python3 -W ignore:setup.py install is deprecated setup.py develop --editable --build-directory /home/emir/ros2_ws/build/turtlesim_catch_them_all/build --no-deps symlink_data
[2.259s] running develop
[2.286s] /usr/lib/python3/dist-packages/setuptools/command/easy_install.py:158: EasyInstallDeprecationWarning: easy_install command is deprecated. Use build and pip and other standards-based tools.
[2.286s]   warnings.warn(
[2.499s] running egg_info
[2.499s] writing turtlesim_catch_them_all.egg-info/PKG-INFO
[2.499s] writing dependency_links to turtlesim_catch_them_all.egg-info/dependency_links.txt
[2.499s] writing entry points to turtlesim_catch_them_all.egg-info/entry_points.txt
[2.500s] writing requirements to turtlesim_catch_them_all.egg-info/requires.txt
[2.500s] writing top-level names to turtlesim_catch_them_all.egg-info/top_level.txt
[2.501s] reading manifest file 'turtlesim_catch_them_all.egg-info/SOURCES.txt'
[2.525s] writing manifest file 'turtlesim_catch_them_all.egg-info/SOURCES.txt'
[2.527s] running build_ext
[2.527s] Creating /home/emir/ros2_ws/install/turtlesim_catch_them_all/lib/python3.10/site-packages/turtlesim-catch-them-all.egg-link (link to .)
[2.528s] Installing turtlesim_controller script to /home/emir/ros2_ws/install/turtlesim_catch_them_all/lib/turtlesim_catch_them_all
[2.528s] Installing turtlesim_spawner script to /home/emir/ros2_ws/install/turtlesim_catch_them_all/lib/turtlesim_catch_them_all
[2.528s] 
[2.528s] Installed /home/emir/ros2_ws/build/turtlesim_catch_them_all
[2.528s] running symlink_data
[2.612s] Invoked command in '/home/emir/ros2_ws/build/turtlesim_catch_them_all' returned '0': PYTHONPATH=/home/emir/ros2_ws/build/turtlesim_catch_them_all/prefix_override:/usr/lib/python3/dist-packages/colcon_core/task/python/colcon_distutils_commands:/home/emir/ros2_ws/install/turtlesim_catch_them_all/lib/python3.10/site-packages:${PYTHONPATH} /usr/bin/python3 -W ignore:setup.py install is deprecated setup.py develop --editable --build-directory /home/emir/ros2_ws/build/turtlesim_catch_them_all/build --no-deps symlink_data
