[1.018s] Invoking command in '/home/emir/ros2_ws/build/turtlesim_catch_them_all': PYTHONPATH=/home/emir/ros2_ws/build/turtlesim_catch_them_all/prefix_override:/usr/lib/python3/dist-packages/colcon_core/task/python/colcon_distutils_commands:/home/emir/ros2_ws/install/turtlesim_catch_them_all/lib/python3.10/site-packages:${PYTHONPATH} /usr/bin/python3 -W ignore:setup.py install is deprecated setup.py develop --editable --build-directory /home/emir/ros2_ws/build/turtlesim_catch_them_all/build --no-deps symlink_data
[1.256s] running develop
[1.296s] /usr/lib/python3/dist-packages/setuptools/command/easy_install.py:158: EasyInstallDeprecationWarning: easy_install command is deprecated. Use build and pip and other standards-based tools.
[1.296s]   warnings.warn(
[1.468s] running egg_info
[1.468s] creating turtlesim_catch_them_all.egg-info
[1.469s] writing turtlesim_catch_them_all.egg-info/PKG-INFO
[1.469s] writing dependency_links to turtlesim_catch_them_all.egg-info/dependency_links.txt
[1.469s] writing entry points to turtlesim_catch_them_all.egg-info/entry_points.txt
[1.469s] writing requirements to turtlesim_catch_them_all.egg-info/requires.txt
[1.469s] writing top-level names to turtlesim_catch_them_all.egg-info/top_level.txt
[1.469s] writing manifest file 'turtlesim_catch_them_all.egg-info/SOURCES.txt'
[1.471s] reading manifest file 'turtlesim_catch_them_all.egg-info/SOURCES.txt'
[1.471s] writing manifest file 'turtlesim_catch_them_all.egg-info/SOURCES.txt'
[1.472s] running build_ext
[1.472s] Creating /home/emir/ros2_ws/install/turtlesim_catch_them_all/lib/python3.10/site-packages/turtlesim-catch-them-all.egg-link (link to .)
[1.472s] 
[1.472s] Installed /home/emir/ros2_ws/build/turtlesim_catch_them_all
[1.472s] running symlink_data
[1.472s] creating /home/emir/ros2_ws/install/turtlesim_catch_them_all/share
[1.472s] creating /home/emir/ros2_ws/install/turtlesim_catch_them_all/share/ament_index
[1.472s] creating /home/emir/ros2_ws/install/turtlesim_catch_them_all/share/ament_index/resource_index
[1.472s] creating /home/emir/ros2_ws/install/turtlesim_catch_them_all/share/ament_index/resource_index/packages
[1.472s] symbolically linking /home/emir/ros2_ws/build/turtlesim_catch_them_all/resource/turtlesim_catch_them_all -> /home/emir/ros2_ws/install/turtlesim_catch_them_all/share/ament_index/resource_index/packages
[1.472s] creating /home/emir/ros2_ws/install/turtlesim_catch_them_all/share/turtlesim_catch_them_all
[1.476s] symbolically linking /home/emir/ros2_ws/build/turtlesim_catch_them_all/package.xml -> /home/emir/ros2_ws/install/turtlesim_catch_them_all/share/turtlesim_catch_them_all
[1.496s] Invoked command in '/home/emir/ros2_ws/build/turtlesim_catch_them_all' returned '0': PYTHONPATH=/home/emir/ros2_ws/build/turtlesim_catch_them_all/prefix_override:/usr/lib/python3/dist-packages/colcon_core/task/python/colcon_distutils_commands:/home/emir/ros2_ws/install/turtlesim_catch_them_all/lib/python3.10/site-packages:${PYTHONPATH} /usr/bin/python3 -W ignore:setup.py install is deprecated setup.py develop --editable --build-directory /home/emir/ros2_ws/build/turtlesim_catch_them_all/build --no-deps symlink_data
