[0.100s] DEBUG:colcon:Command line arguments: ['/usr/bin/colcon', 'build']
[0.100s] DEBUG:colcon:Parsed command line arguments: Namespace(log_base=None, log_level=None, verb_name='build', build_base='build', install_base='install', merge_install=False, symlink_install=False, test_result_base=None, continue_on_error=False, executor='parallel', parallel_workers=5, event_handlers=None, ignore_user_meta=False, metas=['./colcon.meta'], base_paths=['.'], packages_ignore=None, packages_ignore_regex=None, paths=None, packages_up_to=None, packages_up_to_regex=None, packages_above=None, packages_above_and_dependencies=None, packages_above_depth=None, packages_select_by_dep=None, packages_skip_by_dep=None, packages_skip_up_to=None, packages_select_build_failed=False, packages_skip_build_finished=False, packages_select_test_failures=False, packages_skip_test_passed=False, packages_select=None, packages_skip=None, packages_select_regex=None, packages_skip_regex=None, packages_start=None, packages_end=None, allow_overriding=[], cmake_args=None, cmake_target=None, cmake_target_skip_unavailable=False, cmake_clean_cache=False, cmake_clean_first=False, cmake_force_configure=False, ament_cmake_args=None, catkin_cmake_args=None, catkin_skip_building_tests=False, verb_parser=<colcon_defaults.argument_parser.defaults.DefaultArgumentsDecorator object at 0x7b41362e7ca0>, verb_extension=<colcon_core.verb.build.BuildVerb object at 0x7b41362e7790>, main=<bound method BuildVerb.main of <colcon_core.verb.build.BuildVerb object at 0x7b41362e7790>>)
[0.246s] Level 1:colcon.colcon_core.package_discovery:discover_packages(colcon_meta) check parameters
[0.246s] Level 1:colcon.colcon_core.package_discovery:discover_packages(recursive) check parameters
[0.246s] Level 1:colcon.colcon_core.package_discovery:discover_packages(ignore) check parameters
[0.246s] Level 1:colcon.colcon_core.package_discovery:discover_packages(path) check parameters
[0.246s] Level 1:colcon.colcon_core.package_discovery:discover_packages(colcon_meta) discover
[0.246s] Level 1:colcon.colcon_core.package_discovery:discover_packages(recursive) discover
[0.246s] INFO:colcon.colcon_core.package_discovery:Crawling recursively for packages in '/home/emir/ros2_ws'
[0.246s] Level 1:colcon.colcon_core.package_identification:_identify(.) by extensions ['ignore', 'ignore_ament_install']
[0.246s] Level 1:colcon.colcon_core.package_identification:_identify(.) by extension 'ignore'
[0.246s] Level 1:colcon.colcon_core.package_identification:_identify(.) by extension 'ignore_ament_install'
[0.246s] Level 1:colcon.colcon_core.package_identification:_identify(.) by extensions ['colcon_pkg']
[0.246s] Level 1:colcon.colcon_core.package_identification:_identify(.) by extension 'colcon_pkg'
[0.246s] Level 1:colcon.colcon_core.package_identification:_identify(.) by extensions ['colcon_meta']
[0.246s] Level 1:colcon.colcon_core.package_identification:_identify(.) by extension 'colcon_meta'
[0.246s] Level 1:colcon.colcon_core.package_identification:_identify(.) by extensions ['ros']
[0.246s] Level 1:colcon.colcon_core.package_identification:_identify(.) by extension 'ros'
[0.257s] Level 1:colcon.colcon_core.package_identification:_identify(.) by extensions ['cmake', 'python']
[0.257s] Level 1:colcon.colcon_core.package_identification:_identify(.) by extension 'cmake'
[0.257s] Level 1:colcon.colcon_core.package_identification:_identify(.) by extension 'python'
[0.257s] Level 1:colcon.colcon_core.package_identification:_identify(.) by extensions ['python_setup_py']
[0.257s] Level 1:colcon.colcon_core.package_identification:_identify(.) by extension 'python_setup_py'
[0.257s] Level 1:colcon.colcon_core.package_identification:_identify(build) by extensions ['ignore', 'ignore_ament_install']
[0.257s] Level 1:colcon.colcon_core.package_identification:_identify(build) by extension 'ignore'
[0.257s] Level 1:colcon.colcon_core.package_identification:_identify(build) ignored
[0.257s] Level 1:colcon.colcon_core.package_identification:_identify(install) by extensions ['ignore', 'ignore_ament_install']
[0.257s] Level 1:colcon.colcon_core.package_identification:_identify(install) by extension 'ignore'
[0.258s] Level 1:colcon.colcon_core.package_identification:_identify(install) ignored
[0.258s] Level 1:colcon.colcon_core.package_identification:_identify(log) by extensions ['ignore', 'ignore_ament_install']
[0.258s] Level 1:colcon.colcon_core.package_identification:_identify(log) by extension 'ignore'
[0.258s] Level 1:colcon.colcon_core.package_identification:_identify(log) ignored
[0.258s] Level 1:colcon.colcon_core.package_identification:_identify(src) by extensions ['ignore', 'ignore_ament_install']
[0.258s] Level 1:colcon.colcon_core.package_identification:_identify(src) by extension 'ignore'
[0.258s] Level 1:colcon.colcon_core.package_identification:_identify(src) by extension 'ignore_ament_install'
[0.258s] Level 1:colcon.colcon_core.package_identification:_identify(src) by extensions ['colcon_pkg']
[0.258s] Level 1:colcon.colcon_core.package_identification:_identify(src) by extension 'colcon_pkg'
[0.258s] Level 1:colcon.colcon_core.package_identification:_identify(src) by extensions ['colcon_meta']
[0.258s] Level 1:colcon.colcon_core.package_identification:_identify(src) by extension 'colcon_meta'
[0.258s] Level 1:colcon.colcon_core.package_identification:_identify(src) by extensions ['ros']
[0.258s] Level 1:colcon.colcon_core.package_identification:_identify(src) by extension 'ros'
[0.258s] Level 1:colcon.colcon_core.package_identification:_identify(src) by extensions ['cmake', 'python']
[0.258s] Level 1:colcon.colcon_core.package_identification:_identify(src) by extension 'cmake'
[0.258s] Level 1:colcon.colcon_core.package_identification:_identify(src) by extension 'python'
[0.258s] Level 1:colcon.colcon_core.package_identification:_identify(src) by extensions ['python_setup_py']
[0.258s] Level 1:colcon.colcon_core.package_identification:_identify(src) by extension 'python_setup_py'
[0.259s] Level 1:colcon.colcon_core.package_identification:_identify(src/build) by extensions ['ignore', 'ignore_ament_install']
[0.259s] Level 1:colcon.colcon_core.package_identification:_identify(src/build) by extension 'ignore'
[0.259s] Level 1:colcon.colcon_core.package_identification:_identify(src/build) ignored
[0.259s] Level 1:colcon.colcon_core.package_identification:_identify(src/custom_interfaces1) by extensions ['ignore', 'ignore_ament_install']
[0.259s] Level 1:colcon.colcon_core.package_identification:_identify(src/custom_interfaces1) by extension 'ignore'
[0.259s] Level 1:colcon.colcon_core.package_identification:_identify(src/custom_interfaces1) by extension 'ignore_ament_install'
[0.259s] Level 1:colcon.colcon_core.package_identification:_identify(src/custom_interfaces1) by extensions ['colcon_pkg']
[0.259s] Level 1:colcon.colcon_core.package_identification:_identify(src/custom_interfaces1) by extension 'colcon_pkg'
[0.259s] Level 1:colcon.colcon_core.package_identification:_identify(src/custom_interfaces1) by extensions ['colcon_meta']
[0.259s] Level 1:colcon.colcon_core.package_identification:_identify(src/custom_interfaces1) by extension 'colcon_meta'
[0.259s] Level 1:colcon.colcon_core.package_identification:_identify(src/custom_interfaces1) by extensions ['ros']
[0.259s] Level 1:colcon.colcon_core.package_identification:_identify(src/custom_interfaces1) by extension 'ros'
[0.261s] DEBUG:colcon.colcon_core.package_identification:Package 'src/custom_interfaces1' with type 'ros.ament_cmake' and name 'custom_interfaces1'
[0.261s] Level 1:colcon.colcon_core.package_identification:_identify(src/install) by extensions ['ignore', 'ignore_ament_install']
[0.262s] Level 1:colcon.colcon_core.package_identification:_identify(src/install) by extension 'ignore'
[0.262s] Level 1:colcon.colcon_core.package_identification:_identify(src/install) ignored
[0.262s] Level 1:colcon.colcon_core.package_identification:_identify(src/log) by extensions ['ignore', 'ignore_ament_install']
[0.262s] Level 1:colcon.colcon_core.package_identification:_identify(src/log) by extension 'ignore'
[0.262s] Level 1:colcon.colcon_core.package_identification:_identify(src/log) ignored
[0.262s] Level 1:colcon.colcon_core.package_identification:_identify(src/my_cpp_pkg) by extensions ['ignore', 'ignore_ament_install']
[0.262s] Level 1:colcon.colcon_core.package_identification:_identify(src/my_cpp_pkg) by extension 'ignore'
[0.262s] Level 1:colcon.colcon_core.package_identification:_identify(src/my_cpp_pkg) by extension 'ignore_ament_install'
[0.262s] Level 1:colcon.colcon_core.package_identification:_identify(src/my_cpp_pkg) by extensions ['colcon_pkg']
[0.262s] Level 1:colcon.colcon_core.package_identification:_identify(src/my_cpp_pkg) by extension 'colcon_pkg'
[0.262s] Level 1:colcon.colcon_core.package_identification:_identify(src/my_cpp_pkg) by extensions ['colcon_meta']
[0.262s] Level 1:colcon.colcon_core.package_identification:_identify(src/my_cpp_pkg) by extension 'colcon_meta'
[0.262s] Level 1:colcon.colcon_core.package_identification:_identify(src/my_cpp_pkg) by extensions ['ros']
[0.262s] Level 1:colcon.colcon_core.package_identification:_identify(src/my_cpp_pkg) by extension 'ros'
[0.263s] DEBUG:colcon.colcon_core.package_identification:Package 'src/my_cpp_pkg' with type 'ros.ament_cmake' and name 'my_cpp_pkg'
[0.263s] Level 1:colcon.colcon_core.package_identification:_identify(src/my_py_pkg) by extensions ['ignore', 'ignore_ament_install']
[0.263s] Level 1:colcon.colcon_core.package_identification:_identify(src/my_py_pkg) by extension 'ignore'
[0.263s] Level 1:colcon.colcon_core.package_identification:_identify(src/my_py_pkg) by extension 'ignore_ament_install'
[0.263s] Level 1:colcon.colcon_core.package_identification:_identify(src/my_py_pkg) by extensions ['colcon_pkg']
[0.263s] Level 1:colcon.colcon_core.package_identification:_identify(src/my_py_pkg) by extension 'colcon_pkg'
[0.263s] Level 1:colcon.colcon_core.package_identification:_identify(src/my_py_pkg) by extensions ['colcon_meta']
[0.264s] Level 1:colcon.colcon_core.package_identification:_identify(src/my_py_pkg) by extension 'colcon_meta'
[0.264s] Level 1:colcon.colcon_core.package_identification:_identify(src/my_py_pkg) by extensions ['ros']
[0.264s] Level 1:colcon.colcon_core.package_identification:_identify(src/my_py_pkg) by extension 'ros'
[0.264s] DEBUG:colcon.colcon_core.package_identification:Package 'src/my_py_pkg' with type 'ros.ament_python' and name 'my_py_pkg'
[0.264s] Level 1:colcon.colcon_core.package_discovery:discover_packages(recursive) using defaults
[0.264s] Level 1:colcon.colcon_core.package_discovery:discover_packages(ignore) discover
[0.264s] Level 1:colcon.colcon_core.package_discovery:discover_packages(ignore) using defaults
[0.264s] Level 1:colcon.colcon_core.package_discovery:discover_packages(path) discover
[0.265s] Level 1:colcon.colcon_core.package_discovery:discover_packages(path) using defaults
[0.284s] Level 1:colcon.colcon_core.package_discovery:discover_packages(prefix_path) check parameters
[0.284s] Level 1:colcon.colcon_core.package_discovery:discover_packages(prefix_path) discover
[0.285s] DEBUG:colcon.colcon_installed_package_information.package_discovery:Found 3 installed packages in /home/emir/ros2_ws/install
[0.286s] DEBUG:colcon.colcon_installed_package_information.package_discovery:Found 270 installed packages in /opt/ros/humble
[0.288s] Level 1:colcon.colcon_core.package_discovery:discover_packages(prefix_path) using defaults
[0.330s] Level 5:colcon.colcon_core.verb:set package 'custom_interfaces1' build argument 'cmake_args' from command line to 'None'
[0.330s] Level 5:colcon.colcon_core.verb:set package 'custom_interfaces1' build argument 'cmake_target' from command line to 'None'
[0.330s] Level 5:colcon.colcon_core.verb:set package 'custom_interfaces1' build argument 'cmake_target_skip_unavailable' from command line to 'False'
[0.330s] Level 5:colcon.colcon_core.verb:set package 'custom_interfaces1' build argument 'cmake_clean_cache' from command line to 'False'
[0.330s] Level 5:colcon.colcon_core.verb:set package 'custom_interfaces1' build argument 'cmake_clean_first' from command line to 'False'
[0.330s] Level 5:colcon.colcon_core.verb:set package 'custom_interfaces1' build argument 'cmake_force_configure' from command line to 'False'
[0.330s] Level 5:colcon.colcon_core.verb:set package 'custom_interfaces1' build argument 'ament_cmake_args' from command line to 'None'
[0.330s] Level 5:colcon.colcon_core.verb:set package 'custom_interfaces1' build argument 'catkin_cmake_args' from command line to 'None'
[0.330s] Level 5:colcon.colcon_core.verb:set package 'custom_interfaces1' build argument 'catkin_skip_building_tests' from command line to 'False'
[0.330s] DEBUG:colcon.colcon_core.verb:Building package 'custom_interfaces1' with the following arguments: {'ament_cmake_args': None, 'build_base': '/home/emir/ros2_ws/build/custom_interfaces1', 'catkin_cmake_args': None, 'catkin_skip_building_tests': False, 'cmake_args': None, 'cmake_clean_cache': False, 'cmake_clean_first': False, 'cmake_force_configure': False, 'cmake_target': None, 'cmake_target_skip_unavailable': False, 'install_base': '/home/emir/ros2_ws/install/custom_interfaces1', 'merge_install': False, 'path': '/home/emir/ros2_ws/src/custom_interfaces1', 'symlink_install': False, 'test_result_base': None}
[0.330s] Level 5:colcon.colcon_core.verb:set package 'my_cpp_pkg' build argument 'cmake_args' from command line to 'None'
[0.331s] Level 5:colcon.colcon_core.verb:set package 'my_cpp_pkg' build argument 'cmake_target' from command line to 'None'
[0.331s] Level 5:colcon.colcon_core.verb:set package 'my_cpp_pkg' build argument 'cmake_target_skip_unavailable' from command line to 'False'
[0.331s] Level 5:colcon.colcon_core.verb:set package 'my_cpp_pkg' build argument 'cmake_clean_cache' from command line to 'False'
[0.331s] Level 5:colcon.colcon_core.verb:set package 'my_cpp_pkg' build argument 'cmake_clean_first' from command line to 'False'
[0.331s] Level 5:colcon.colcon_core.verb:set package 'my_cpp_pkg' build argument 'cmake_force_configure' from command line to 'False'
[0.331s] Level 5:colcon.colcon_core.verb:set package 'my_cpp_pkg' build argument 'ament_cmake_args' from command line to 'None'
[0.331s] Level 5:colcon.colcon_core.verb:set package 'my_cpp_pkg' build argument 'catkin_cmake_args' from command line to 'None'
[0.331s] Level 5:colcon.colcon_core.verb:set package 'my_cpp_pkg' build argument 'catkin_skip_building_tests' from command line to 'False'
[0.331s] DEBUG:colcon.colcon_core.verb:Building package 'my_cpp_pkg' with the following arguments: {'ament_cmake_args': None, 'build_base': '/home/emir/ros2_ws/build/my_cpp_pkg', 'catkin_cmake_args': None, 'catkin_skip_building_tests': False, 'cmake_args': None, 'cmake_clean_cache': False, 'cmake_clean_first': False, 'cmake_force_configure': False, 'cmake_target': None, 'cmake_target_skip_unavailable': False, 'install_base': '/home/emir/ros2_ws/install/my_cpp_pkg', 'merge_install': False, 'path': '/home/emir/ros2_ws/src/my_cpp_pkg', 'symlink_install': False, 'test_result_base': None}
[0.331s] Level 5:colcon.colcon_core.verb:set package 'my_py_pkg' build argument 'cmake_args' from command line to 'None'
[0.331s] Level 5:colcon.colcon_core.verb:set package 'my_py_pkg' build argument 'cmake_target' from command line to 'None'
[0.331s] Level 5:colcon.colcon_core.verb:set package 'my_py_pkg' build argument 'cmake_target_skip_unavailable' from command line to 'False'
[0.331s] Level 5:colcon.colcon_core.verb:set package 'my_py_pkg' build argument 'cmake_clean_cache' from command line to 'False'
[0.331s] Level 5:colcon.colcon_core.verb:set package 'my_py_pkg' build argument 'cmake_clean_first' from command line to 'False'
[0.331s] Level 5:colcon.colcon_core.verb:set package 'my_py_pkg' build argument 'cmake_force_configure' from command line to 'False'
[0.331s] Level 5:colcon.colcon_core.verb:set package 'my_py_pkg' build argument 'ament_cmake_args' from command line to 'None'
[0.331s] Level 5:colcon.colcon_core.verb:set package 'my_py_pkg' build argument 'catkin_cmake_args' from command line to 'None'
[0.331s] Level 5:colcon.colcon_core.verb:set package 'my_py_pkg' build argument 'catkin_skip_building_tests' from command line to 'False'
[0.331s] DEBUG:colcon.colcon_core.verb:Building package 'my_py_pkg' with the following arguments: {'ament_cmake_args': None, 'build_base': '/home/emir/ros2_ws/build/my_py_pkg', 'catkin_cmake_args': None, 'catkin_skip_building_tests': False, 'cmake_args': None, 'cmake_clean_cache': False, 'cmake_clean_first': False, 'cmake_force_configure': False, 'cmake_target': None, 'cmake_target_skip_unavailable': False, 'install_base': '/home/emir/ros2_ws/install/my_py_pkg', 'merge_install': False, 'path': '/home/emir/ros2_ws/src/my_py_pkg', 'symlink_install': False, 'test_result_base': None}
[0.331s] INFO:colcon.colcon_core.executor:Executing jobs using 'parallel' executor
[0.332s] DEBUG:colcon.colcon_parallel_executor.executor.parallel:run_until_complete
[0.332s] INFO:colcon.colcon_ros.task.ament_cmake.build:Building ROS package in '/home/emir/ros2_ws/src/custom_interfaces1' with build type 'ament_cmake'
[0.333s] INFO:colcon.colcon_cmake.task.cmake.build:Building CMake package in '/home/emir/ros2_ws/src/custom_interfaces1'
[0.335s] INFO:colcon.colcon_core.plugin_system:Skipping extension 'colcon_core.shell.bat': Not used on non-Windows systems
[0.335s] INFO:colcon.colcon_core.shell:Skip shell extension 'powershell' for command environment: Not usable outside of PowerShell
[0.335s] DEBUG:colcon.colcon_core.shell:Skip shell extension 'dsv' for command environment
[0.339s] INFO:colcon.colcon_ros.task.ament_cmake.build:Building ROS package in '/home/emir/ros2_ws/src/my_cpp_pkg' with build type 'ament_cmake'
[0.339s] INFO:colcon.colcon_cmake.task.cmake.build:Building CMake package in '/home/emir/ros2_ws/src/my_cpp_pkg'
[0.339s] INFO:colcon.colcon_core.shell:Skip shell extension 'powershell' for command environment: Not usable outside of PowerShell
[0.339s] DEBUG:colcon.colcon_core.shell:Skip shell extension 'dsv' for command environment
[0.350s] DEBUG:colcon.colcon_core.event_handler.log_command:Invoking command in '/home/emir/ros2_ws/build/custom_interfaces1': CMAKE_PREFIX_PATH=${CMAKE_PREFIX_PATH}:/home/emir/ros2_ws/install/my_py_pkg:/opt/ros/humble /usr/bin/cmake --build /home/emir/ros2_ws/build/custom_interfaces1 -- -j5 -l5
[0.459s] DEBUG:colcon.colcon_core.event_handler.log_command:Invoking command in '/home/emir/ros2_ws/build/my_cpp_pkg': CMAKE_PREFIX_PATH=${CMAKE_PREFIX_PATH}:/home/emir/ros2_ws/install/my_py_pkg:/opt/ros/humble /usr/bin/cmake --build /home/emir/ros2_ws/build/my_cpp_pkg -- -j5 -l5
[0.551s] DEBUG:colcon.colcon_core.event_handler.log_command:Invoked command in '/home/emir/ros2_ws/build/my_cpp_pkg' returned '0': CMAKE_PREFIX_PATH=${CMAKE_PREFIX_PATH}:/home/emir/ros2_ws/install/my_py_pkg:/opt/ros/humble /usr/bin/cmake --build /home/emir/ros2_ws/build/my_cpp_pkg -- -j5 -l5
[0.600s] DEBUG:colcon.colcon_core.event_handler.log_command:Invoking command in '/home/emir/ros2_ws/build/my_cpp_pkg': CMAKE_PREFIX_PATH=${CMAKE_PREFIX_PATH}:/home/emir/ros2_ws/install/my_py_pkg:/opt/ros/humble /usr/bin/cmake --install /home/emir/ros2_ws/build/my_cpp_pkg
[0.624s] Level 1:colcon.colcon_core.environment:create_environment_scripts_only(my_cpp_pkg)
[0.625s] DEBUG:colcon.colcon_core.event_handler.log_command:Invoked command in '/home/emir/ros2_ws/build/my_cpp_pkg' returned '0': CMAKE_PREFIX_PATH=${CMAKE_PREFIX_PATH}:/home/emir/ros2_ws/install/my_py_pkg:/opt/ros/humble /usr/bin/cmake --install /home/emir/ros2_ws/build/my_cpp_pkg
[0.627s] Level 1:colcon.colcon_core.environment:checking '/home/emir/ros2_ws/install/my_cpp_pkg' for CMake module files
[0.628s] Level 1:colcon.colcon_core.environment:checking '/home/emir/ros2_ws/install/my_cpp_pkg' for CMake config files
[0.628s] Level 1:colcon.colcon_core.shell:create_environment_hook('my_cpp_pkg', 'cmake_prefix_path')
[0.628s] INFO:colcon.colcon_core.shell:Creating environment hook '/home/emir/ros2_ws/install/my_cpp_pkg/share/my_cpp_pkg/hook/cmake_prefix_path.ps1'
[0.629s] INFO:colcon.colcon_core.shell:Creating environment descriptor '/home/emir/ros2_ws/install/my_cpp_pkg/share/my_cpp_pkg/hook/cmake_prefix_path.dsv'
[0.629s] INFO:colcon.colcon_core.shell:Creating environment hook '/home/emir/ros2_ws/install/my_cpp_pkg/share/my_cpp_pkg/hook/cmake_prefix_path.sh'
[0.630s] Level 1:colcon.colcon_core.environment:checking '/home/emir/ros2_ws/install/my_cpp_pkg/lib'
[0.630s] Level 1:colcon.colcon_core.environment:checking '/home/emir/ros2_ws/install/my_cpp_pkg/bin'
[0.630s] Level 1:colcon.colcon_core.environment:checking '/home/emir/ros2_ws/install/my_cpp_pkg/lib/pkgconfig/my_cpp_pkg.pc'
[0.631s] Level 1:colcon.colcon_core.environment:checking '/home/emir/ros2_ws/install/my_cpp_pkg/lib/python3.10/site-packages'
[0.631s] Level 1:colcon.colcon_core.environment:checking '/home/emir/ros2_ws/install/my_cpp_pkg/bin'
[0.631s] INFO:colcon.colcon_core.shell:Creating package script '/home/emir/ros2_ws/install/my_cpp_pkg/share/my_cpp_pkg/package.ps1'
[0.632s] INFO:colcon.colcon_core.shell:Creating package descriptor '/home/emir/ros2_ws/install/my_cpp_pkg/share/my_cpp_pkg/package.dsv'
[0.632s] INFO:colcon.colcon_core.shell:Creating package script '/home/emir/ros2_ws/install/my_cpp_pkg/share/my_cpp_pkg/package.sh'
[0.633s] INFO:colcon.colcon_core.shell:Creating package script '/home/emir/ros2_ws/install/my_cpp_pkg/share/my_cpp_pkg/package.bash'
[0.634s] INFO:colcon.colcon_core.shell:Creating package script '/home/emir/ros2_ws/install/my_cpp_pkg/share/my_cpp_pkg/package.zsh'
[0.635s] Level 1:colcon.colcon_core.environment:create_file_with_runtime_dependencies(/home/emir/ros2_ws/install/my_cpp_pkg/share/colcon-core/packages/my_cpp_pkg)
[0.667s] Level 1:colcon.colcon_core.environment:create_environment_scripts_only(my_cpp_pkg)
[0.668s] Level 1:colcon.colcon_core.environment:checking '/home/emir/ros2_ws/install/my_cpp_pkg' for CMake module files
[0.668s] Level 1:colcon.colcon_core.environment:checking '/home/emir/ros2_ws/install/my_cpp_pkg' for CMake config files
[0.668s] Level 1:colcon.colcon_core.shell:create_environment_hook('my_cpp_pkg', 'cmake_prefix_path')
[0.669s] INFO:colcon.colcon_core.shell:Creating environment hook '/home/emir/ros2_ws/install/my_cpp_pkg/share/my_cpp_pkg/hook/cmake_prefix_path.ps1'
[0.672s] INFO:colcon.colcon_core.shell:Creating environment descriptor '/home/emir/ros2_ws/install/my_cpp_pkg/share/my_cpp_pkg/hook/cmake_prefix_path.dsv'
[0.672s] INFO:colcon.colcon_core.shell:Creating environment hook '/home/emir/ros2_ws/install/my_cpp_pkg/share/my_cpp_pkg/hook/cmake_prefix_path.sh'
[0.673s] Level 1:colcon.colcon_core.environment:checking '/home/emir/ros2_ws/install/my_cpp_pkg/lib'
[0.673s] Level 1:colcon.colcon_core.environment:checking '/home/emir/ros2_ws/install/my_cpp_pkg/bin'
[0.673s] Level 1:colcon.colcon_core.environment:checking '/home/emir/ros2_ws/install/my_cpp_pkg/lib/pkgconfig/my_cpp_pkg.pc'
[0.673s] Level 1:colcon.colcon_core.environment:checking '/home/emir/ros2_ws/install/my_cpp_pkg/lib/python3.10/site-packages'
[0.674s] Level 1:colcon.colcon_core.environment:checking '/home/emir/ros2_ws/install/my_cpp_pkg/bin'
[0.674s] INFO:colcon.colcon_core.shell:Creating package script '/home/emir/ros2_ws/install/my_cpp_pkg/share/my_cpp_pkg/package.ps1'
[0.674s] INFO:colcon.colcon_core.shell:Creating package descriptor '/home/emir/ros2_ws/install/my_cpp_pkg/share/my_cpp_pkg/package.dsv'
[0.675s] INFO:colcon.colcon_core.shell:Creating package script '/home/emir/ros2_ws/install/my_cpp_pkg/share/my_cpp_pkg/package.sh'
[0.675s] INFO:colcon.colcon_core.shell:Creating package script '/home/emir/ros2_ws/install/my_cpp_pkg/share/my_cpp_pkg/package.bash'
[0.676s] INFO:colcon.colcon_core.shell:Creating package script '/home/emir/ros2_ws/install/my_cpp_pkg/share/my_cpp_pkg/package.zsh'
[0.676s] Level 1:colcon.colcon_core.environment:create_file_with_runtime_dependencies(/home/emir/ros2_ws/install/my_cpp_pkg/share/colcon-core/packages/my_cpp_pkg)
[0.728s] DEBUG:colcon.colcon_core.event_handler.log_command:Invoked command in '/home/emir/ros2_ws/build/custom_interfaces1' returned '0': CMAKE_PREFIX_PATH=${CMAKE_PREFIX_PATH}:/home/emir/ros2_ws/install/my_py_pkg:/opt/ros/humble /usr/bin/cmake --build /home/emir/ros2_ws/build/custom_interfaces1 -- -j5 -l5
[0.818s] DEBUG:colcon.colcon_core.event_handler.log_command:Invoking command in '/home/emir/ros2_ws/build/custom_interfaces1': CMAKE_PREFIX_PATH=${CMAKE_PREFIX_PATH}:/home/emir/ros2_ws/install/my_py_pkg:/opt/ros/humble /usr/bin/cmake --install /home/emir/ros2_ws/build/custom_interfaces1
[0.887s] Level 1:colcon.colcon_core.environment:create_environment_scripts_only(custom_interfaces1)
[0.887s] Level 1:colcon.colcon_core.environment:checking '/home/emir/ros2_ws/install/custom_interfaces1' for CMake module files
[0.888s] DEBUG:colcon.colcon_core.event_handler.log_command:Invoked command in '/home/emir/ros2_ws/build/custom_interfaces1' returned '0': CMAKE_PREFIX_PATH=${CMAKE_PREFIX_PATH}:/home/emir/ros2_ws/install/my_py_pkg:/opt/ros/humble /usr/bin/cmake --install /home/emir/ros2_ws/build/custom_interfaces1
[0.888s] Level 1:colcon.colcon_core.environment:checking '/home/emir/ros2_ws/install/custom_interfaces1' for CMake config files
[0.889s] Level 1:colcon.colcon_core.shell:create_environment_hook('custom_interfaces1', 'cmake_prefix_path')
[0.889s] INFO:colcon.colcon_core.shell:Creating environment hook '/home/emir/ros2_ws/install/custom_interfaces1/share/custom_interfaces1/hook/cmake_prefix_path.ps1'
[0.890s] INFO:colcon.colcon_core.shell:Creating environment descriptor '/home/emir/ros2_ws/install/custom_interfaces1/share/custom_interfaces1/hook/cmake_prefix_path.dsv'
[0.890s] INFO:colcon.colcon_core.shell:Creating environment hook '/home/emir/ros2_ws/install/custom_interfaces1/share/custom_interfaces1/hook/cmake_prefix_path.sh'
[0.890s] Level 1:colcon.colcon_core.environment:checking '/home/emir/ros2_ws/install/custom_interfaces1/lib'
[0.891s] Level 1:colcon.colcon_core.shell:create_environment_hook('custom_interfaces1', 'ld_library_path_lib')
[0.891s] INFO:colcon.colcon_core.shell:Creating environment hook '/home/emir/ros2_ws/install/custom_interfaces1/share/custom_interfaces1/hook/ld_library_path_lib.ps1'
[0.891s] INFO:colcon.colcon_core.shell:Creating environment descriptor '/home/emir/ros2_ws/install/custom_interfaces1/share/custom_interfaces1/hook/ld_library_path_lib.dsv'
[0.891s] INFO:colcon.colcon_core.shell:Creating environment hook '/home/emir/ros2_ws/install/custom_interfaces1/share/custom_interfaces1/hook/ld_library_path_lib.sh'
[0.892s] Level 1:colcon.colcon_core.environment:checking '/home/emir/ros2_ws/install/custom_interfaces1/bin'
[0.892s] Level 1:colcon.colcon_core.environment:checking '/home/emir/ros2_ws/install/custom_interfaces1/lib/pkgconfig/custom_interfaces1.pc'
[0.892s] Level 1:colcon.colcon_core.environment:checking '/home/emir/ros2_ws/install/custom_interfaces1/lib/python3.10/site-packages'
[0.893s] Level 1:colcon.colcon_core.environment:checking '/home/emir/ros2_ws/install/custom_interfaces1/bin'
[0.893s] INFO:colcon.colcon_core.shell:Creating package script '/home/emir/ros2_ws/install/custom_interfaces1/share/custom_interfaces1/package.ps1'
[0.893s] INFO:colcon.colcon_core.shell:Creating package descriptor '/home/emir/ros2_ws/install/custom_interfaces1/share/custom_interfaces1/package.dsv'
[0.894s] INFO:colcon.colcon_core.shell:Creating package script '/home/emir/ros2_ws/install/custom_interfaces1/share/custom_interfaces1/package.sh'
[0.894s] INFO:colcon.colcon_core.shell:Creating package script '/home/emir/ros2_ws/install/custom_interfaces1/share/custom_interfaces1/package.bash'
[0.895s] INFO:colcon.colcon_core.shell:Creating package script '/home/emir/ros2_ws/install/custom_interfaces1/share/custom_interfaces1/package.zsh'
[0.895s] Level 1:colcon.colcon_core.environment:create_file_with_runtime_dependencies(/home/emir/ros2_ws/install/custom_interfaces1/share/colcon-core/packages/custom_interfaces1)
[0.989s] Level 1:colcon.colcon_core.environment:create_environment_scripts_only(custom_interfaces1)
[0.989s] Level 1:colcon.colcon_core.environment:checking '/home/emir/ros2_ws/install/custom_interfaces1' for CMake module files
[0.990s] Level 1:colcon.colcon_core.environment:checking '/home/emir/ros2_ws/install/custom_interfaces1' for CMake config files
[0.990s] Level 1:colcon.colcon_core.shell:create_environment_hook('custom_interfaces1', 'cmake_prefix_path')
[0.991s] INFO:colcon.colcon_core.shell:Creating environment hook '/home/emir/ros2_ws/install/custom_interfaces1/share/custom_interfaces1/hook/cmake_prefix_path.ps1'
[0.991s] INFO:colcon.colcon_core.shell:Creating environment descriptor '/home/emir/ros2_ws/install/custom_interfaces1/share/custom_interfaces1/hook/cmake_prefix_path.dsv'
[0.991s] INFO:colcon.colcon_core.shell:Creating environment hook '/home/emir/ros2_ws/install/custom_interfaces1/share/custom_interfaces1/hook/cmake_prefix_path.sh'
[0.992s] Level 1:colcon.colcon_core.environment:checking '/home/emir/ros2_ws/install/custom_interfaces1/lib'
[0.992s] Level 1:colcon.colcon_core.shell:create_environment_hook('custom_interfaces1', 'ld_library_path_lib')
[0.992s] INFO:colcon.colcon_core.shell:Creating environment hook '/home/emir/ros2_ws/install/custom_interfaces1/share/custom_interfaces1/hook/ld_library_path_lib.ps1'
[0.993s] INFO:colcon.colcon_core.shell:Creating environment descriptor '/home/emir/ros2_ws/install/custom_interfaces1/share/custom_interfaces1/hook/ld_library_path_lib.dsv'
[0.993s] INFO:colcon.colcon_core.shell:Creating environment hook '/home/emir/ros2_ws/install/custom_interfaces1/share/custom_interfaces1/hook/ld_library_path_lib.sh'
[0.994s] Level 1:colcon.colcon_core.environment:checking '/home/emir/ros2_ws/install/custom_interfaces1/bin'
[0.994s] Level 1:colcon.colcon_core.environment:checking '/home/emir/ros2_ws/install/custom_interfaces1/lib/pkgconfig/custom_interfaces1.pc'
[0.994s] Level 1:colcon.colcon_core.environment:checking '/home/emir/ros2_ws/install/custom_interfaces1/lib/python3.10/site-packages'
[0.994s] Level 1:colcon.colcon_core.environment:checking '/home/emir/ros2_ws/install/custom_interfaces1/bin'
[0.995s] INFO:colcon.colcon_core.shell:Creating package script '/home/emir/ros2_ws/install/custom_interfaces1/share/custom_interfaces1/package.ps1'
[0.995s] INFO:colcon.colcon_core.shell:Creating package descriptor '/home/emir/ros2_ws/install/custom_interfaces1/share/custom_interfaces1/package.dsv'
[0.996s] INFO:colcon.colcon_core.shell:Creating package script '/home/emir/ros2_ws/install/custom_interfaces1/share/custom_interfaces1/package.sh'
[0.996s] INFO:colcon.colcon_core.shell:Creating package script '/home/emir/ros2_ws/install/custom_interfaces1/share/custom_interfaces1/package.bash'
[0.997s] INFO:colcon.colcon_core.shell:Creating package script '/home/emir/ros2_ws/install/custom_interfaces1/share/custom_interfaces1/package.zsh'
[0.997s] Level 1:colcon.colcon_core.environment:create_file_with_runtime_dependencies(/home/emir/ros2_ws/install/custom_interfaces1/share/colcon-core/packages/custom_interfaces1)
[0.998s] INFO:colcon.colcon_ros.task.ament_python.build:Building ROS package in '/home/emir/ros2_ws/src/my_py_pkg' with build type 'ament_python'
[0.998s] Level 1:colcon.colcon_core.shell:create_environment_hook('my_py_pkg', 'ament_prefix_path')
[0.998s] INFO:colcon.colcon_core.shell:Creating environment hook '/home/emir/ros2_ws/install/my_py_pkg/share/my_py_pkg/hook/ament_prefix_path.ps1'
[0.999s] INFO:colcon.colcon_core.shell:Creating environment descriptor '/home/emir/ros2_ws/install/my_py_pkg/share/my_py_pkg/hook/ament_prefix_path.dsv'
[0.999s] INFO:colcon.colcon_core.shell:Creating environment hook '/home/emir/ros2_ws/install/my_py_pkg/share/my_py_pkg/hook/ament_prefix_path.sh'
[1.000s] INFO:colcon.colcon_core.shell:Skip shell extension 'powershell' for command environment: Not usable outside of PowerShell
[1.000s] DEBUG:colcon.colcon_core.shell:Skip shell extension 'dsv' for command environment
[1.267s] INFO:colcon.colcon_core.task.python.build:Building Python package in '/home/emir/ros2_ws/src/my_py_pkg'
[1.267s] INFO:colcon.colcon_core.shell:Skip shell extension 'powershell' for command environment: Not usable outside of PowerShell
[1.267s] DEBUG:colcon.colcon_core.shell:Skip shell extension 'dsv' for command environment
[1.680s] DEBUG:colcon.colcon_core.event_handler.log_command:Invoking command in '/home/emir/ros2_ws/build/my_py_pkg': CMAKE_PREFIX_PATH=/home/emir/ros2_ws/install/custom_interfaces1:/home/emir/ros2_ws/install/my_cpp_pkg PYTHONPATH=/home/emir/ros2_ws/build/my_py_pkg/prefix_override:/usr/lib/python3/dist-packages/colcon_core/task/python/colcon_distutils_commands:/home/emir/ros2_ws/install/my_py_pkg/lib/python3.10/site-packages:${PYTHONPATH} /usr/bin/python3 -W ignore:setup.py install is deprecated setup.py develop --uninstall --editable --build-directory /home/emir/ros2_ws/build/my_py_pkg/build
[2.095s] DEBUG:colcon.colcon_core.event_handler.log_command:Invoked command in '/home/emir/ros2_ws/build/my_py_pkg' returned '0': CMAKE_PREFIX_PATH=/home/emir/ros2_ws/install/custom_interfaces1:/home/emir/ros2_ws/install/my_cpp_pkg PYTHONPATH=/home/emir/ros2_ws/build/my_py_pkg/prefix_override:/usr/lib/python3/dist-packages/colcon_core/task/python/colcon_distutils_commands:/home/emir/ros2_ws/install/my_py_pkg/lib/python3.10/site-packages:${PYTHONPATH} /usr/bin/python3 -W ignore:setup.py install is deprecated setup.py develop --uninstall --editable --build-directory /home/emir/ros2_ws/build/my_py_pkg/build
[2.097s] DEBUG:colcon.colcon_core.event_handler.log_command:Invoking command in '/home/emir/ros2_ws/src/my_py_pkg': CMAKE_PREFIX_PATH=/home/emir/ros2_ws/install/custom_interfaces1:/home/emir/ros2_ws/install/my_cpp_pkg PYTHONPATH=/home/emir/ros2_ws/build/my_py_pkg/prefix_override:/usr/lib/python3/dist-packages/colcon_core/task/python/colcon_distutils_commands:/home/emir/ros2_ws/install/my_py_pkg/lib/python3.10/site-packages:${PYTHONPATH} /usr/bin/python3 -W ignore:setup.py install is deprecated setup.py egg_info --egg-base ../../build/my_py_pkg build --build-base /home/emir/ros2_ws/build/my_py_pkg/build install --record /home/emir/ros2_ws/build/my_py_pkg/install.log --single-version-externally-managed install_data --force
[2.366s] Level 1:colcon.colcon_core.environment:checking '/home/emir/ros2_ws/install/my_py_pkg' for CMake module files
[2.367s] DEBUG:colcon.colcon_core.event_handler.log_command:Invoked command in '/home/emir/ros2_ws/src/my_py_pkg' returned '0': CMAKE_PREFIX_PATH=/home/emir/ros2_ws/install/custom_interfaces1:/home/emir/ros2_ws/install/my_cpp_pkg PYTHONPATH=/home/emir/ros2_ws/build/my_py_pkg/prefix_override:/usr/lib/python3/dist-packages/colcon_core/task/python/colcon_distutils_commands:/home/emir/ros2_ws/install/my_py_pkg/lib/python3.10/site-packages:${PYTHONPATH} /usr/bin/python3 -W ignore:setup.py install is deprecated setup.py egg_info --egg-base ../../build/my_py_pkg build --build-base /home/emir/ros2_ws/build/my_py_pkg/build install --record /home/emir/ros2_ws/build/my_py_pkg/install.log --single-version-externally-managed install_data --force
[2.367s] Level 1:colcon.colcon_core.environment:checking '/home/emir/ros2_ws/install/my_py_pkg' for CMake config files
[2.367s] Level 1:colcon.colcon_core.environment:checking '/home/emir/ros2_ws/install/my_py_pkg/lib'
[2.367s] Level 1:colcon.colcon_core.environment:checking '/home/emir/ros2_ws/install/my_py_pkg/bin'
[2.368s] Level 1:colcon.colcon_core.environment:checking '/home/emir/ros2_ws/install/my_py_pkg/lib/pkgconfig/my_py_pkg.pc'
[2.368s] Level 1:colcon.colcon_core.environment:checking '/home/emir/ros2_ws/install/my_py_pkg/lib/python3.10/site-packages'
[2.368s] Level 1:colcon.colcon_core.shell:create_environment_hook('my_py_pkg', 'pythonpath')
[2.368s] INFO:colcon.colcon_core.shell:Creating environment hook '/home/emir/ros2_ws/install/my_py_pkg/share/my_py_pkg/hook/pythonpath.ps1'
[2.368s] INFO:colcon.colcon_core.shell:Creating environment descriptor '/home/emir/ros2_ws/install/my_py_pkg/share/my_py_pkg/hook/pythonpath.dsv'
[2.369s] INFO:colcon.colcon_core.shell:Creating environment hook '/home/emir/ros2_ws/install/my_py_pkg/share/my_py_pkg/hook/pythonpath.sh'
[2.369s] Level 1:colcon.colcon_core.environment:checking '/home/emir/ros2_ws/install/my_py_pkg/bin'
[2.369s] Level 1:colcon.colcon_core.environment:create_environment_scripts_only(my_py_pkg)
[2.370s] INFO:colcon.colcon_core.shell:Creating package script '/home/emir/ros2_ws/install/my_py_pkg/share/my_py_pkg/package.ps1'
[2.370s] INFO:colcon.colcon_core.shell:Creating package descriptor '/home/emir/ros2_ws/install/my_py_pkg/share/my_py_pkg/package.dsv'
[2.371s] INFO:colcon.colcon_core.shell:Creating package script '/home/emir/ros2_ws/install/my_py_pkg/share/my_py_pkg/package.sh'
[2.371s] INFO:colcon.colcon_core.shell:Creating package script '/home/emir/ros2_ws/install/my_py_pkg/share/my_py_pkg/package.bash'
[2.371s] INFO:colcon.colcon_core.shell:Creating package script '/home/emir/ros2_ws/install/my_py_pkg/share/my_py_pkg/package.zsh'
[2.372s] Level 1:colcon.colcon_core.environment:create_file_with_runtime_dependencies(/home/emir/ros2_ws/install/my_py_pkg/share/colcon-core/packages/my_py_pkg)
[2.372s] DEBUG:colcon.colcon_parallel_executor.executor.parallel:closing loop
[2.372s] DEBUG:colcon.colcon_parallel_executor.executor.parallel:loop closed
[2.372s] DEBUG:colcon.colcon_parallel_executor.executor.parallel:run_until_complete finished with '0'
[2.372s] DEBUG:colcon.colcon_core.event_reactor:joining thread
[2.378s] INFO:colcon.colcon_core.plugin_system:Skipping extension 'colcon_notification.desktop_notification.terminal_notifier': Not used on non-Darwin systems
[2.379s] INFO:colcon.colcon_core.plugin_system:Skipping extension 'colcon_notification.desktop_notification.win32': Not used on non-Windows systems
[2.379s] INFO:colcon.colcon_notification.desktop_notification:Sending desktop notification using 'notify2'
[2.391s] DEBUG:colcon.colcon_core.event_reactor:joined thread
[2.391s] INFO:colcon.colcon_core.shell:Creating prefix script '/home/emir/ros2_ws/install/local_setup.ps1'
[2.392s] INFO:colcon.colcon_core.shell:Creating prefix util module '/home/emir/ros2_ws/install/_local_setup_util_ps1.py'
[2.393s] INFO:colcon.colcon_core.shell:Creating prefix chain script '/home/emir/ros2_ws/install/setup.ps1'
[2.394s] INFO:colcon.colcon_core.shell:Creating prefix script '/home/emir/ros2_ws/install/local_setup.sh'
[2.395s] INFO:colcon.colcon_core.shell:Creating prefix util module '/home/emir/ros2_ws/install/_local_setup_util_sh.py'
[2.395s] INFO:colcon.colcon_core.shell:Creating prefix chain script '/home/emir/ros2_ws/install/setup.sh'
[2.396s] INFO:colcon.colcon_core.shell:Creating prefix script '/home/emir/ros2_ws/install/local_setup.bash'
[2.397s] INFO:colcon.colcon_core.shell:Creating prefix chain script '/home/emir/ros2_ws/install/setup.bash'
[2.398s] INFO:colcon.colcon_core.shell:Creating prefix script '/home/emir/ros2_ws/install/local_setup.zsh'
[2.398s] INFO:colcon.colcon_core.shell:Creating prefix chain script '/home/emir/ros2_ws/install/setup.zsh'
