[0.959s] Invoking command in '/home/emir/ros2_ws/src/my_py_pkg': PYTHONPATH=/home/emir/ros2_ws/src/build/my_py_pkg/prefix_override:/usr/lib/python3/dist-packages/colcon_core/task/python/colcon_distutils_commands:/home/emir/ros2_ws/src/install/my_py_pkg/lib/python3.10/site-packages:${PYTHONPATH} /usr/bin/python3 -W ignore:setup.py install is deprecated setup.py egg_info --egg-base ../build/my_py_pkg build --build-base /home/emir/ros2_ws/src/build/my_py_pkg/build install --record /home/emir/ros2_ws/src/build/my_py_pkg/install.log --single-version-externally-managed install_data
[1.218s] running egg_info
[1.218s] writing ../build/my_py_pkg/my_py_pkg.egg-info/PKG-INFO
[1.219s] writing dependency_links to ../build/my_py_pkg/my_py_pkg.egg-info/dependency_links.txt
[1.220s] writing entry points to ../build/my_py_pkg/my_py_pkg.egg-info/entry_points.txt
[1.220s] writing requirements to ../build/my_py_pkg/my_py_pkg.egg-info/requires.txt
[1.221s] writing top-level names to ../build/my_py_pkg/my_py_pkg.egg-info/top_level.txt
[1.222s] reading manifest file '../build/my_py_pkg/my_py_pkg.egg-info/SOURCES.txt'
[1.326s] writing manifest file '../build/my_py_pkg/my_py_pkg.egg-info/SOURCES.txt'
[1.326s] running build
[1.327s] running build_py
[1.327s] running install
[1.328s] running install_lib
[1.330s] running install_data
[1.331s] running install_egg_info
[1.332s] removing '/home/emir/ros2_ws/src/install/my_py_pkg/lib/python3.10/site-packages/my_py_pkg-0.0.0-py3.10.egg-info' (and everything under it)
[1.333s] Copying ../build/my_py_pkg/my_py_pkg.egg-info to /home/emir/ros2_ws/src/install/my_py_pkg/lib/python3.10/site-packages/my_py_pkg-0.0.0-py3.10.egg-info
[1.335s] running install_scripts
[1.376s] Installing add_two_ints_client_no_oop script to /home/emir/ros2_ws/src/install/my_py_pkg/lib/my_py_pkg
[1.378s] Installing add_two_ints_client_oop script to /home/emir/ros2_ws/src/install/my_py_pkg/lib/my_py_pkg
[1.378s] Installing add_two_ints_server script to /home/emir/ros2_ws/src/install/my_py_pkg/lib/my_py_pkg
[1.379s] Installing number_counter script to /home/emir/ros2_ws/src/install/my_py_pkg/lib/my_py_pkg
[1.379s] Installing number_publisher script to /home/emir/ros2_ws/src/install/my_py_pkg/lib/my_py_pkg
[1.379s] Installing py_node script to /home/emir/ros2_ws/src/install/my_py_pkg/lib/my_py_pkg
[1.379s] Installing robot_news_station script to /home/emir/ros2_ws/src/install/my_py_pkg/lib/my_py_pkg
[1.379s] Installing smartphone script to /home/emir/ros2_ws/src/install/my_py_pkg/lib/my_py_pkg
[1.379s] writing list of installed files to '/home/emir/ros2_ws/src/build/my_py_pkg/install.log'
[1.400s] Invoked command in '/home/emir/ros2_ws/src/my_py_pkg' returned '0': PYTHONPATH=/home/emir/ros2_ws/src/build/my_py_pkg/prefix_override:/usr/lib/python3/dist-packages/colcon_core/task/python/colcon_distutils_commands:/home/emir/ros2_ws/src/install/my_py_pkg/lib/python3.10/site-packages:${PYTHONPATH} /usr/bin/python3 -W ignore:setup.py install is deprecated setup.py egg_info --egg-base ../build/my_py_pkg build --build-base /home/emir/ros2_ws/src/build/my_py_pkg/build install --record /home/emir/ros2_ws/src/build/my_py_pkg/install.log --single-version-externally-managed install_data
