[0.170s] Invoking command in '/home/emir/ros2_ws/build/my_robot_bringup': AMENT_PREFIX_PATH=/home/emir/ros2_ws/install/turtlesim_catch_them_all:/home/emir/ros2_ws/install/my_py_pkg:/home/emir/ros2_ws/install/my_robot_bringup:/home/emir/ros2_ws/install/my_cpp_pkg:/home/emir/ros2_ws/install/custom_interfaces1:/home/emir/install/my_robot_interfaces:/home/emir/install/my_py_pkg:/home/emir/install/my_cpp_pkg:/home/emir/install/custom_robot_interfaces:/home/emir/install/custom_interfaces1:/opt/ros/humble CMAKE_PREFIX_PATH=/home/emir/ros2_ws/install/my_cpp_pkg:/home/emir/ros2_ws/install/custom_interfaces1:/home/emir/ros2_ws/install/my_robot_bringup:/home/emir/install/my_robot_interfaces:/home/emir/install/my_cpp_pkg:/home/emir/install/custom_robot_interfaces:/home/emir/install/custom_interfaces1:/home/emir/ros2_ws/install/turtlesim_catch_them_all:/home/emir/ros2_ws/install/my_py_pkg:/home/emir/install/my_py_pkg:/opt/ros/humble /usr/bin/cmake --build /home/emir/ros2_ws/build/my_robot_bringup -- -j5 -l5
[0.244s] -- Found ament_cmake: 1.3.10 (/opt/ros/humble/share/ament_cmake/cmake)
[0.761s] -- Found rclcpp: 16.0.10 (/opt/ros/humble/share/rclcpp/cmake)
[0.915s] -- Found rosidl_generator_c: 3.1.5 (/opt/ros/humble/share/rosidl_generator_c/cmake)
[0.918s] -- Found rosidl_adapter: 3.1.5 (/opt/ros/humble/share/rosidl_adapter/cmake)
[0.924s] -- Found rosidl_generator_cpp: 3.1.5 (/opt/ros/humble/share/rosidl_generator_cpp/cmake)
[0.936s] -- Using all available rosidl_typesupport_c: rosidl_typesupport_fastrtps_c;rosidl_typesupport_introspection_c
[0.948s] -- Using all available rosidl_typesupport_cpp: rosidl_typesupport_fastrtps_cpp;rosidl_typesupport_introspection_cpp
[0.986s] -- Found rmw_implementation_cmake: 6.1.2 (/opt/ros/humble/share/rmw_implementation_cmake/cmake)
[0.987s] -- Found rmw_fastrtps_cpp: 6.2.7 (/opt/ros/humble/share/rmw_fastrtps_cpp/cmake)
[1.091s] -- Using RMW implementation 'rmw_fastrtps_cpp' as default
[1.151s] [31mCMake Error at CMakeLists.txt:11 (find_package):
[1.151s]   By not providing "Findlaunch.cmake" in CMAKE_MODULE_PATH this project has
[1.152s]   asked CMake to find a package configuration file provided by "launch", but
[1.152s]   CMake did not find one.
[1.152s] 
[1.152s]   Could not find a package configuration file provided by "launch" with any
[1.152s]   of the following names:
[1.152s] 
[1.152s]     launchConfig.cmake
[1.152s]     launch-config.cmake
[1.152s] 
[1.152s]   Add the installation prefix of "launch" to CMAKE_PREFIX_PATH or set
[1.153s]   "launch_DIR" to a directory containing one of the above files.  If "launch"
[1.153s]   provides a separate development package or SDK, be sure it has been
[1.153s]   installed.
[1.153s] 
[1.153s] [0m
[1.153s] -- Configuring incomplete, errors occurred!
[1.153s] See also "/home/emir/ros2_ws/build/my_robot_bringup/CMakeFiles/CMakeOutput.log".
[1.161s] gmake: *** [Makefile:226: cmake_check_build_system] Error 1
[1.164s] Invoked command in '/home/emir/ros2_ws/build/my_robot_bringup' returned '2': AMENT_PREFIX_PATH=/home/emir/ros2_ws/install/turtlesim_catch_them_all:/home/emir/ros2_ws/install/my_py_pkg:/home/emir/ros2_ws/install/my_robot_bringup:/home/emir/ros2_ws/install/my_cpp_pkg:/home/emir/ros2_ws/install/custom_interfaces1:/home/emir/install/my_robot_interfaces:/home/emir/install/my_py_pkg:/home/emir/install/my_cpp_pkg:/home/emir/install/custom_robot_interfaces:/home/emir/install/custom_interfaces1:/opt/ros/humble CMAKE_PREFIX_PATH=/home/emir/ros2_ws/install/my_cpp_pkg:/home/emir/ros2_ws/install/custom_interfaces1:/home/emir/ros2_ws/install/my_robot_bringup:/home/emir/install/my_robot_interfaces:/home/emir/install/my_cpp_pkg:/home/emir/install/custom_robot_interfaces:/home/emir/install/custom_interfaces1:/home/emir/ros2_ws/install/turtlesim_catch_them_all:/home/emir/ros2_ws/install/my_py_pkg:/home/emir/install/my_py_pkg:/opt/ros/humble /usr/bin/cmake --build /home/emir/ros2_ws/build/my_robot_bringup -- -j5 -l5
