[1.162s] Invoking command in '/home/emir/ros2_ws/build/my_py_pkg': PYTHONPATH=/home/emir/ros2_ws/build/my_py_pkg/prefix_override:/home/emir/ros2_ws/install/my_py_pkg/lib/python3.10/site-packages:${PYTHONPATH} /usr/bin/python3 -W ignore:setup.py install is deprecated setup.py develop --editable --build-directory /home/emir/ros2_ws/build/my_py_pkg/build --no-deps symlink_data --force
[1.495s] running develop
[1.540s] /usr/lib/python3/dist-packages/setuptools/command/easy_install.py:158: EasyInstallDeprecationWarning: easy_install command is deprecated. Use build and pip and other standards-based tools.
[1.540s]   warnings.warn(
[1.744s] running egg_info
[1.746s] writing my_py_pkg.egg-info/PKG-INFO
[1.747s] writing dependency_links to my_py_pkg.egg-info/dependency_links.txt
[1.747s] writing entry points to my_py_pkg.egg-info/entry_points.txt
[1.748s] writing requirements to my_py_pkg.egg-info/requires.txt
[1.748s] writing top-level names to my_py_pkg.egg-info/top_level.txt
[1.749s] reading manifest file 'my_py_pkg.egg-info/SOURCES.txt'
[1.765s] writing manifest file 'my_py_pkg.egg-info/SOURCES.txt'
[1.767s] running build_ext
[1.768s] Creating /home/emir/ros2_ws/install/my_py_pkg/lib/python3.10/site-packages/my-py-pkg.egg-link (link to .)
[1.770s] Installing py_node script to /home/emir/ros2_ws/install/my_py_pkg/lib/my_py_pkg
[1.771s] Installing robot_news_station = my_py_pkg.robot_news_station:mainsmartphone script to /home/emir/ros2_ws/install/my_py_pkg/lib/my_py_pkg
[1.772s] 
[1.773s] Installed /home/emir/ros2_ws/build/my_py_pkg
[1.773s] running symlink_data
[1.774s] symbolically linking /home/emir/ros2_ws/build/my_py_pkg/resource/my_py_pkg -> /home/emir/ros2_ws/install/my_py_pkg/share/ament_index/resource_index/packages
[1.775s] symbolically linking /home/emir/ros2_ws/build/my_py_pkg/package.xml -> /home/emir/ros2_ws/install/my_py_pkg/share/my_py_pkg
[1.802s] Invoked command in '/home/emir/ros2_ws/build/my_py_pkg' returned '0': PYTHONPATH=/home/emir/ros2_ws/build/my_py_pkg/prefix_override:/home/emir/ros2_ws/install/my_py_pkg/lib/python3.10/site-packages:${PYTHONPATH} /usr/bin/python3 -W ignore:setup.py install is deprecated setup.py develop --editable --build-directory /home/emir/ros2_ws/build/my_py_pkg/build --no-deps symlink_data --force
