[0.037s] Invoking command in '/home/emir/ros2_ws/build/my_cpp_pkg': CMAKE_PREFIX_PATH=${CMAKE_PREFIX_PATH}:/home/emir/ros2_ws/install/my_py_pkg:/home/emir/install/my_py_pkg:/opt/ros/humble /usr/bin/cmake /home/emir/ros2_ws/src/my_cpp_pkg -DCMAKE_INSTALL_PREFIX=/home/emir/ros2_ws/install/my_cpp_pkg
[0.130s] -- Found ament_cmake: 1.3.10 (/opt/ros/humble/share/ament_cmake/cmake)
[0.331s] -- Override CMake install command with custom implementation using symlinks instead of copying resources
[0.352s] -- Found rclcpp: 16.0.10 (/opt/ros/humble/share/rclcpp/cmake)
[0.412s] -- Found rosidl_generator_c: 3.1.5 (/opt/ros/humble/share/rosidl_generator_c/cmake)
[0.418s] -- Found rosidl_adapter: 3.1.5 (/opt/ros/humble/share/rosidl_adapter/cmake)
[0.427s] -- Found rosidl_generator_cpp: 3.1.5 (/opt/ros/humble/share/rosidl_generator_cpp/cmake)
[0.443s] -- Using all available rosidl_typesupport_c: rosidl_typesupport_fastrtps_c;rosidl_typesupport_introspection_c
[0.474s] -- Using all available rosidl_typesupport_cpp: rosidl_typesupport_fastrtps_cpp;rosidl_typesupport_introspection_cpp
[0.511s] -- Found rmw_implementation_cmake: 6.1.2 (/opt/ros/humble/share/rmw_implementation_cmake/cmake)
[0.513s] -- Found rmw_fastrtps_cpp: 6.2.7 (/opt/ros/humble/share/rmw_fastrtps_cpp/cmake)
[0.651s] -- Using RMW implementation 'rmw_fastrtps_cpp' as default
[0.717s] -- Found example_interfaces: 0.9.3 (/opt/ros/humble/share/example_interfaces/cmake)
[0.894s] -- Configuring done
[0.979s] -- Generating done
[0.982s] -- Build files have been written to: /home/emir/ros2_ws/build/my_cpp_pkg
[0.999s] Invoked command in '/home/emir/ros2_ws/build/my_cpp_pkg' returned '0': CMAKE_PREFIX_PATH=${CMAKE_PREFIX_PATH}:/home/emir/ros2_ws/install/my_py_pkg:/home/emir/install/my_py_pkg:/opt/ros/humble /usr/bin/cmake /home/emir/ros2_ws/src/my_cpp_pkg -DCMAKE_INSTALL_PREFIX=/home/emir/ros2_ws/install/my_cpp_pkg
[1.001s] Invoking command in '/home/emir/ros2_ws/build/my_cpp_pkg': CMAKE_PREFIX_PATH=${CMAKE_PREFIX_PATH}:/home/emir/ros2_ws/install/my_py_pkg:/home/emir/install/my_py_pkg:/opt/ros/humble /usr/bin/cmake --build /home/emir/ros2_ws/build/my_cpp_pkg -- -j5 -l5
[1.072s] [35m[1mConsolidate compiler generated dependencies of target add_two_ints_server[0m
[1.076s] [35m[1mConsolidate compiler generated dependencies of target cpp_node[0m
[1.078s] [35m[1mConsolidate compiler generated dependencies of target smartphone[0m
[1.094s] [35m[1mConsolidate compiler generated dependencies of target add_two_ints_client_oop[0m
[1.094s] [ 20%] Built target add_two_ints_server
[1.095s] [35m[1mConsolidate compiler generated dependencies of target robot_news_station[0m
[1.126s] [ 40%] Built target add_two_ints_client_oop
[1.126s] [ 60%] Built target robot_news_station
[1.130s] [ 80%] Built target smartphone
[1.131s] [100%] Built target cpp_node
[1.154s] Invoked command in '/home/emir/ros2_ws/build/my_cpp_pkg' returned '0': CMAKE_PREFIX_PATH=${CMAKE_PREFIX_PATH}:/home/emir/ros2_ws/install/my_py_pkg:/home/emir/install/my_py_pkg:/opt/ros/humble /usr/bin/cmake --build /home/emir/ros2_ws/build/my_cpp_pkg -- -j5 -l5
[1.243s] Invoking command in '/home/emir/ros2_ws/build/my_cpp_pkg': CMAKE_PREFIX_PATH=${CMAKE_PREFIX_PATH}:/home/emir/ros2_ws/install/my_py_pkg:/home/emir/install/my_py_pkg:/opt/ros/humble /usr/bin/cmake --install /home/emir/ros2_ws/build/my_cpp_pkg
[1.251s] -- Install configuration: ""
[1.252s] -- Execute custom install script
[1.257s] -- Up-to-date symlink: /home/emir/ros2_ws/install/my_cpp_pkg/lib/my_cpp_pkg/cpp_node
[1.257s] -- Up-to-date symlink: /home/emir/ros2_ws/install/my_cpp_pkg/lib/my_cpp_pkg/robot_news_station
[1.258s] -- Up-to-date symlink: /home/emir/ros2_ws/install/my_cpp_pkg/lib/my_cpp_pkg/smartphone
[1.258s] -- Up-to-date symlink: /home/emir/ros2_ws/install/my_cpp_pkg/lib/my_cpp_pkg/add_two_ints_server
[1.258s] -- Up-to-date symlink: /home/emir/ros2_ws/install/my_cpp_pkg/lib/my_cpp_pkg/add_two_ints_client_oop
[1.261s] -- Up-to-date symlink: /home/emir/ros2_ws/install/my_cpp_pkg/share/ament_index/resource_index/package_run_dependencies/my_cpp_pkg
[1.261s] -- Up-to-date symlink: /home/emir/ros2_ws/install/my_cpp_pkg/share/ament_index/resource_index/parent_prefix_path/my_cpp_pkg
[1.263s] -- Up-to-date symlink: /home/emir/ros2_ws/install/my_cpp_pkg/share/my_cpp_pkg/environment/ament_prefix_path.sh
[1.263s] -- Up-to-date symlink: /home/emir/ros2_ws/install/my_cpp_pkg/share/my_cpp_pkg/environment/ament_prefix_path.dsv
[1.266s] -- Up-to-date symlink: /home/emir/ros2_ws/install/my_cpp_pkg/share/my_cpp_pkg/environment/path.sh
[1.267s] -- Up-to-date symlink: /home/emir/ros2_ws/install/my_cpp_pkg/share/my_cpp_pkg/environment/path.dsv
[1.267s] -- Up-to-date symlink: /home/emir/ros2_ws/install/my_cpp_pkg/share/my_cpp_pkg/local_setup.bash
[1.267s] -- Up-to-date symlink: /home/emir/ros2_ws/install/my_cpp_pkg/share/my_cpp_pkg/local_setup.sh
[1.268s] -- Up-to-date symlink: /home/emir/ros2_ws/install/my_cpp_pkg/share/my_cpp_pkg/local_setup.zsh
[1.268s] -- Up-to-date symlink: /home/emir/ros2_ws/install/my_cpp_pkg/share/my_cpp_pkg/local_setup.dsv
[1.268s] -- Symlinking: /home/emir/ros2_ws/install/my_cpp_pkg/share/my_cpp_pkg/package.dsv
[1.286s] -- Up-to-date symlink: /home/emir/ros2_ws/install/my_cpp_pkg/share/ament_index/resource_index/packages/my_cpp_pkg
[1.286s] -- Up-to-date symlink: /home/emir/ros2_ws/install/my_cpp_pkg/share/my_cpp_pkg/cmake/my_cpp_pkgConfig.cmake
[1.286s] -- Up-to-date symlink: /home/emir/ros2_ws/install/my_cpp_pkg/share/my_cpp_pkg/cmake/my_cpp_pkgConfig-version.cmake
[1.286s] -- Up-to-date symlink: /home/emir/ros2_ws/install/my_cpp_pkg/share/my_cpp_pkg/package.xml
[1.290s] Invoked command in '/home/emir/ros2_ws/build/my_cpp_pkg' returned '0': CMAKE_PREFIX_PATH=${CMAKE_PREFIX_PATH}:/home/emir/ros2_ws/install/my_py_pkg:/home/emir/install/my_py_pkg:/opt/ros/humble /usr/bin/cmake --install /home/emir/ros2_ws/build/my_cpp_pkg
