[1.279s] Invoking command in '/home/emir/ros2_ws/src/my_py_pkg': PYTHONPATH=/home/emir/ros2_ws/build/my_py_pkg/prefix_override:/home/emir/ros2_ws/install/my_py_pkg/lib/python3.10/site-packages:${PYTHONPATH} /usr/bin/python3 -W ignore:setup.py install is deprecated setup.py egg_info --egg-base ../../build/my_py_pkg build --build-base /home/emir/ros2_ws/build/my_py_pkg/build install --record /home/emir/ros2_ws/build/my_py_pkg/install.log --single-version-externally-managed install_data
[1.529s] running egg_info
[1.529s] creating ../../build/my_py_pkg/my_py_pkg.egg-info
[1.530s] writing ../../build/my_py_pkg/my_py_pkg.egg-info/PKG-INFO
[1.530s] writing dependency_links to ../../build/my_py_pkg/my_py_pkg.egg-info/dependency_links.txt
[1.530s] writing entry points to ../../build/my_py_pkg/my_py_pkg.egg-info/entry_points.txt
[1.530s] writing requirements to ../../build/my_py_pkg/my_py_pkg.egg-info/requires.txt
[1.530s] writing top-level names to ../../build/my_py_pkg/my_py_pkg.egg-info/top_level.txt
[1.530s] writing manifest file '../../build/my_py_pkg/my_py_pkg.egg-info/SOURCES.txt'
[1.532s] reading manifest file '../../build/my_py_pkg/my_py_pkg.egg-info/SOURCES.txt'
[1.532s] writing manifest file '../../build/my_py_pkg/my_py_pkg.egg-info/SOURCES.txt'
[1.532s] running build
[1.533s] running build_py
[1.533s] creating /home/emir/ros2_ws/build/my_py_pkg/build
[1.533s] creating /home/emir/ros2_ws/build/my_py_pkg/build/lib
[1.533s] creating /home/emir/ros2_ws/build/my_py_pkg/build/lib/my_py_pkg
[1.533s] copying my_py_pkg/__init__.py -> /home/emir/ros2_ws/build/my_py_pkg/build/lib/my_py_pkg
[1.533s] running install
[1.534s] running install_lib
[1.534s] creating /home/emir/ros2_ws/install/my_py_pkg/lib/python3.10/site-packages/my_py_pkg
[1.534s] copying /home/emir/ros2_ws/build/my_py_pkg/build/lib/my_py_pkg/__init__.py -> /home/emir/ros2_ws/install/my_py_pkg/lib/python3.10/site-packages/my_py_pkg
[1.535s] byte-compiling /home/emir/ros2_ws/install/my_py_pkg/lib/python3.10/site-packages/my_py_pkg/__init__.py to __init__.cpython-310.pyc
[1.535s] running install_data
[1.535s] creating /home/emir/ros2_ws/install/my_py_pkg/share/ament_index
[1.535s] creating /home/emir/ros2_ws/install/my_py_pkg/share/ament_index/resource_index
[1.535s] creating /home/emir/ros2_ws/install/my_py_pkg/share/ament_index/resource_index/packages
[1.535s] copying resource/my_py_pkg -> /home/emir/ros2_ws/install/my_py_pkg/share/ament_index/resource_index/packages
[1.535s] copying package.xml -> /home/emir/ros2_ws/install/my_py_pkg/share/my_py_pkg
[1.535s] running install_egg_info
[1.537s] Copying ../../build/my_py_pkg/my_py_pkg.egg-info to /home/emir/ros2_ws/install/my_py_pkg/lib/python3.10/site-packages/my_py_pkg-0.0.0-py3.10.egg-info
[1.538s] running install_scripts
[1.555s] writing list of installed files to '/home/emir/ros2_ws/build/my_py_pkg/install.log'
[1.575s] Invoked command in '/home/emir/ros2_ws/src/my_py_pkg' returned '0': PYTHONPATH=/home/emir/ros2_ws/build/my_py_pkg/prefix_override:/home/emir/ros2_ws/install/my_py_pkg/lib/python3.10/site-packages:${PYTHONPATH} /usr/bin/python3 -W ignore:setup.py install is deprecated setup.py egg_info --egg-base ../../build/my_py_pkg build --build-base /home/emir/ros2_ws/build/my_py_pkg/build install --record /home/emir/ros2_ws/build/my_py_pkg/install.log --single-version-externally-managed install_data
