[0.160s] DEBUG:colcon:Command line arguments: ['/usr/bin/colcon', 'build']
[0.160s] DEBUG:colcon:Parsed command line arguments: Namespace(log_base=None, log_level=None, verb_name='build', build_base='build', install_base='install', merge_install=False, symlink_install=False, test_result_base=None, continue_on_error=False, executor='parallel', parallel_workers=5, event_handlers=None, ignore_user_meta=False, metas=['./colcon.meta'], base_paths=['.'], packages_ignore=None, packages_ignore_regex=None, paths=None, packages_up_to=None, packages_up_to_regex=None, packages_above=None, packages_above_and_dependencies=None, packages_above_depth=None, packages_select_by_dep=None, packages_skip_by_dep=None, packages_skip_up_to=None, packages_select_build_failed=False, packages_skip_build_finished=False, packages_select_test_failures=False, packages_skip_test_passed=False, packages_select=None, packages_skip=None, packages_select_regex=None, packages_skip_regex=None, packages_start=None, packages_end=None, allow_overriding=[], cmake_args=None, cmake_target=None, cmake_target_skip_unavailable=False, cmake_clean_cache=False, cmake_clean_first=False, cmake_force_configure=False, ament_cmake_args=None, catkin_cmake_args=None, catkin_skip_building_tests=False, verb_parser=<colcon_defaults.argument_parser.defaults.DefaultArgumentsDecorator object at 0x718a16f28a00>, verb_extension=<colcon_core.verb.build.BuildVerb object at 0x718a16f284f0>, main=<bound method BuildVerb.main of <colcon_core.verb.build.BuildVerb object at 0x718a16f284f0>>)
[0.351s] Level 1:colcon.colcon_core.package_discovery:discover_packages(colcon_meta) check parameters
[0.352s] Level 1:colcon.colcon_core.package_discovery:discover_packages(recursive) check parameters
[0.352s] Level 1:colcon.colcon_core.package_discovery:discover_packages(ignore) check parameters
[0.352s] Level 1:colcon.colcon_core.package_discovery:discover_packages(path) check parameters
[0.352s] Level 1:colcon.colcon_core.package_discovery:discover_packages(colcon_meta) discover
[0.352s] Level 1:colcon.colcon_core.package_discovery:discover_packages(recursive) discover
[0.352s] INFO:colcon.colcon_core.package_discovery:Crawling recursively for packages in '/home/emir/ros2_ws'
[0.352s] Level 1:colcon.colcon_core.package_identification:_identify(.) by extensions ['ignore', 'ignore_ament_install']
[0.352s] Level 1:colcon.colcon_core.package_identification:_identify(.) by extension 'ignore'
[0.353s] Level 1:colcon.colcon_core.package_identification:_identify(.) by extension 'ignore_ament_install'
[0.353s] Level 1:colcon.colcon_core.package_identification:_identify(.) by extensions ['colcon_pkg']
[0.353s] Level 1:colcon.colcon_core.package_identification:_identify(.) by extension 'colcon_pkg'
[0.353s] Level 1:colcon.colcon_core.package_identification:_identify(.) by extensions ['colcon_meta']
[0.353s] Level 1:colcon.colcon_core.package_identification:_identify(.) by extension 'colcon_meta'
[0.353s] Level 1:colcon.colcon_core.package_identification:_identify(.) by extensions ['ros']
[0.353s] Level 1:colcon.colcon_core.package_identification:_identify(.) by extension 'ros'
[0.366s] Level 1:colcon.colcon_core.package_identification:_identify(.) by extensions ['cmake', 'python']
[0.366s] Level 1:colcon.colcon_core.package_identification:_identify(.) by extension 'cmake'
[0.366s] Level 1:colcon.colcon_core.package_identification:_identify(.) by extension 'python'
[0.366s] Level 1:colcon.colcon_core.package_identification:_identify(.) by extensions ['python_setup_py']
[0.366s] Level 1:colcon.colcon_core.package_identification:_identify(.) by extension 'python_setup_py'
[0.366s] Level 1:colcon.colcon_core.package_identification:_identify(build) by extensions ['ignore', 'ignore_ament_install']
[0.367s] Level 1:colcon.colcon_core.package_identification:_identify(build) by extension 'ignore'
[0.367s] Level 1:colcon.colcon_core.package_identification:_identify(build) ignored
[0.367s] Level 1:colcon.colcon_core.package_identification:_identify(install) by extensions ['ignore', 'ignore_ament_install']
[0.368s] Level 1:colcon.colcon_core.package_identification:_identify(install) by extension 'ignore'
[0.368s] Level 1:colcon.colcon_core.package_identification:_identify(install) ignored
[0.368s] Level 1:colcon.colcon_core.package_identification:_identify(log) by extensions ['ignore', 'ignore_ament_install']
[0.368s] Level 1:colcon.colcon_core.package_identification:_identify(log) by extension 'ignore'
[0.368s] Level 1:colcon.colcon_core.package_identification:_identify(log) ignored
[0.369s] Level 1:colcon.colcon_core.package_identification:_identify(src) by extensions ['ignore', 'ignore_ament_install']
[0.369s] Level 1:colcon.colcon_core.package_identification:_identify(src) by extension 'ignore'
[0.369s] Level 1:colcon.colcon_core.package_identification:_identify(src) by extension 'ignore_ament_install'
[0.369s] Level 1:colcon.colcon_core.package_identification:_identify(src) by extensions ['colcon_pkg']
[0.369s] Level 1:colcon.colcon_core.package_identification:_identify(src) by extension 'colcon_pkg'
[0.369s] Level 1:colcon.colcon_core.package_identification:_identify(src) by extensions ['colcon_meta']
[0.369s] Level 1:colcon.colcon_core.package_identification:_identify(src) by extension 'colcon_meta'
[0.369s] Level 1:colcon.colcon_core.package_identification:_identify(src) by extensions ['ros']
[0.369s] Level 1:colcon.colcon_core.package_identification:_identify(src) by extension 'ros'
[0.369s] Level 1:colcon.colcon_core.package_identification:_identify(src) by extensions ['cmake', 'python']
[0.369s] Level 1:colcon.colcon_core.package_identification:_identify(src) by extension 'cmake'
[0.369s] Level 1:colcon.colcon_core.package_identification:_identify(src) by extension 'python'
[0.370s] Level 1:colcon.colcon_core.package_identification:_identify(src) by extensions ['python_setup_py']
[0.370s] Level 1:colcon.colcon_core.package_identification:_identify(src) by extension 'python_setup_py'
[0.370s] Level 1:colcon.colcon_core.package_identification:_identify(src/build) by extensions ['ignore', 'ignore_ament_install']
[0.370s] Level 1:colcon.colcon_core.package_identification:_identify(src/build) by extension 'ignore'
[0.370s] Level 1:colcon.colcon_core.package_identification:_identify(src/build) ignored
[0.370s] Level 1:colcon.colcon_core.package_identification:_identify(src/custom_interfaces1) by extensions ['ignore', 'ignore_ament_install']
[0.370s] Level 1:colcon.colcon_core.package_identification:_identify(src/custom_interfaces1) by extension 'ignore'
[0.371s] Level 1:colcon.colcon_core.package_identification:_identify(src/custom_interfaces1) by extension 'ignore_ament_install'
[0.371s] Level 1:colcon.colcon_core.package_identification:_identify(src/custom_interfaces1) by extensions ['colcon_pkg']
[0.371s] Level 1:colcon.colcon_core.package_identification:_identify(src/custom_interfaces1) by extension 'colcon_pkg'
[0.371s] Level 1:colcon.colcon_core.package_identification:_identify(src/custom_interfaces1) by extensions ['colcon_meta']
[0.371s] Level 1:colcon.colcon_core.package_identification:_identify(src/custom_interfaces1) by extension 'colcon_meta'
[0.371s] Level 1:colcon.colcon_core.package_identification:_identify(src/custom_interfaces1) by extensions ['ros']
[0.371s] Level 1:colcon.colcon_core.package_identification:_identify(src/custom_interfaces1) by extension 'ros'
[0.375s] DEBUG:colcon.colcon_core.package_identification:Package 'src/custom_interfaces1' with type 'ros.ament_cmake' and name 'custom_interfaces1'
[0.375s] Level 1:colcon.colcon_core.package_identification:_identify(src/install) by extensions ['ignore', 'ignore_ament_install']
[0.376s] Level 1:colcon.colcon_core.package_identification:_identify(src/install) by extension 'ignore'
[0.376s] Level 1:colcon.colcon_core.package_identification:_identify(src/install) ignored
[0.376s] Level 1:colcon.colcon_core.package_identification:_identify(src/log) by extensions ['ignore', 'ignore_ament_install']
[0.376s] Level 1:colcon.colcon_core.package_identification:_identify(src/log) by extension 'ignore'
[0.376s] Level 1:colcon.colcon_core.package_identification:_identify(src/log) ignored
[0.376s] Level 1:colcon.colcon_core.package_identification:_identify(src/my_cpp_pkg) by extensions ['ignore', 'ignore_ament_install']
[0.376s] Level 1:colcon.colcon_core.package_identification:_identify(src/my_cpp_pkg) by extension 'ignore'
[0.377s] Level 1:colcon.colcon_core.package_identification:_identify(src/my_cpp_pkg) by extension 'ignore_ament_install'
[0.377s] Level 1:colcon.colcon_core.package_identification:_identify(src/my_cpp_pkg) by extensions ['colcon_pkg']
[0.377s] Level 1:colcon.colcon_core.package_identification:_identify(src/my_cpp_pkg) by extension 'colcon_pkg'
[0.377s] Level 1:colcon.colcon_core.package_identification:_identify(src/my_cpp_pkg) by extensions ['colcon_meta']
[0.377s] Level 1:colcon.colcon_core.package_identification:_identify(src/my_cpp_pkg) by extension 'colcon_meta'
[0.377s] Level 1:colcon.colcon_core.package_identification:_identify(src/my_cpp_pkg) by extensions ['ros']
[0.377s] Level 1:colcon.colcon_core.package_identification:_identify(src/my_cpp_pkg) by extension 'ros'
[0.378s] DEBUG:colcon.colcon_core.package_identification:Package 'src/my_cpp_pkg' with type 'ros.ament_cmake' and name 'my_cpp_pkg'
[0.378s] Level 1:colcon.colcon_core.package_identification:_identify(src/my_py_pkg) by extensions ['ignore', 'ignore_ament_install']
[0.378s] Level 1:colcon.colcon_core.package_identification:_identify(src/my_py_pkg) by extension 'ignore'
[0.378s] Level 1:colcon.colcon_core.package_identification:_identify(src/my_py_pkg) by extension 'ignore_ament_install'
[0.378s] Level 1:colcon.colcon_core.package_identification:_identify(src/my_py_pkg) by extensions ['colcon_pkg']
[0.378s] Level 1:colcon.colcon_core.package_identification:_identify(src/my_py_pkg) by extension 'colcon_pkg'
[0.378s] Level 1:colcon.colcon_core.package_identification:_identify(src/my_py_pkg) by extensions ['colcon_meta']
[0.379s] Level 1:colcon.colcon_core.package_identification:_identify(src/my_py_pkg) by extension 'colcon_meta'
[0.379s] Level 1:colcon.colcon_core.package_identification:_identify(src/my_py_pkg) by extensions ['ros']
[0.379s] Level 1:colcon.colcon_core.package_identification:_identify(src/my_py_pkg) by extension 'ros'
[0.379s] DEBUG:colcon.colcon_core.package_identification:Package 'src/my_py_pkg' with type 'ros.ament_python' and name 'my_py_pkg'
[0.380s] Level 1:colcon.colcon_core.package_identification:_identify(src/my_robot_bringup) by extensions ['ignore', 'ignore_ament_install']
[0.380s] Level 1:colcon.colcon_core.package_identification:_identify(src/my_robot_bringup) by extension 'ignore'
[0.380s] Level 1:colcon.colcon_core.package_identification:_identify(src/my_robot_bringup) by extension 'ignore_ament_install'
[0.380s] Level 1:colcon.colcon_core.package_identification:_identify(src/my_robot_bringup) by extensions ['colcon_pkg']
[0.380s] Level 1:colcon.colcon_core.package_identification:_identify(src/my_robot_bringup) by extension 'colcon_pkg'
[0.380s] Level 1:colcon.colcon_core.package_identification:_identify(src/my_robot_bringup) by extensions ['colcon_meta']
[0.380s] Level 1:colcon.colcon_core.package_identification:_identify(src/my_robot_bringup) by extension 'colcon_meta'
[0.381s] Level 1:colcon.colcon_core.package_identification:_identify(src/my_robot_bringup) by extensions ['ros']
[0.381s] Level 1:colcon.colcon_core.package_identification:_identify(src/my_robot_bringup) by extension 'ros'
[0.381s] DEBUG:colcon.colcon_core.package_identification:Package 'src/my_robot_bringup' with type 'ros.ament_cmake' and name 'my_robot_bringup'
[0.382s] Level 1:colcon.colcon_core.package_identification:_identify(src/turtlesim_catch_them_all) by extensions ['ignore', 'ignore_ament_install']
[0.382s] Level 1:colcon.colcon_core.package_identification:_identify(src/turtlesim_catch_them_all) by extension 'ignore'
[0.382s] Level 1:colcon.colcon_core.package_identification:_identify(src/turtlesim_catch_them_all) by extension 'ignore_ament_install'
[0.382s] Level 1:colcon.colcon_core.package_identification:_identify(src/turtlesim_catch_them_all) by extensions ['colcon_pkg']
[0.382s] Level 1:colcon.colcon_core.package_identification:_identify(src/turtlesim_catch_them_all) by extension 'colcon_pkg'
[0.382s] Level 1:colcon.colcon_core.package_identification:_identify(src/turtlesim_catch_them_all) by extensions ['colcon_meta']
[0.382s] Level 1:colcon.colcon_core.package_identification:_identify(src/turtlesim_catch_them_all) by extension 'colcon_meta'
[0.382s] Level 1:colcon.colcon_core.package_identification:_identify(src/turtlesim_catch_them_all) by extensions ['ros']
[0.382s] Level 1:colcon.colcon_core.package_identification:_identify(src/turtlesim_catch_them_all) by extension 'ros'
[0.383s] DEBUG:colcon.colcon_core.package_identification:Package 'src/turtlesim_catch_them_all' with type 'ros.ament_python' and name 'turtlesim_catch_them_all'
[0.383s] Level 1:colcon.colcon_core.package_discovery:discover_packages(recursive) using defaults
[0.384s] Level 1:colcon.colcon_core.package_discovery:discover_packages(ignore) discover
[0.384s] Level 1:colcon.colcon_core.package_discovery:discover_packages(ignore) using defaults
[0.384s] Level 1:colcon.colcon_core.package_discovery:discover_packages(path) discover
[0.384s] Level 1:colcon.colcon_core.package_discovery:discover_packages(path) using defaults
[0.410s] Level 1:colcon.colcon_core.package_discovery:discover_packages(prefix_path) check parameters
[0.410s] Level 1:colcon.colcon_core.package_discovery:discover_packages(prefix_path) discover
[0.416s] DEBUG:colcon.colcon_installed_package_information.package_discovery:Found 5 installed packages in /home/emir/ros2_ws/install
[0.417s] DEBUG:colcon.colcon_installed_package_information.package_discovery:Found 6 installed packages in /home/emir/install
[0.418s] DEBUG:colcon.colcon_installed_package_information.package_discovery:Found 270 installed packages in /opt/ros/humble
[0.420s] Level 1:colcon.colcon_core.package_discovery:discover_packages(prefix_path) using defaults
[0.476s] Level 5:colcon.colcon_core.verb:set package 'custom_interfaces1' build argument 'cmake_args' from command line to 'None'
[0.476s] Level 5:colcon.colcon_core.verb:set package 'custom_interfaces1' build argument 'cmake_target' from command line to 'None'
[0.476s] Level 5:colcon.colcon_core.verb:set package 'custom_interfaces1' build argument 'cmake_target_skip_unavailable' from command line to 'False'
[0.476s] Level 5:colcon.colcon_core.verb:set package 'custom_interfaces1' build argument 'cmake_clean_cache' from command line to 'False'
[0.476s] Level 5:colcon.colcon_core.verb:set package 'custom_interfaces1' build argument 'cmake_clean_first' from command line to 'False'
[0.476s] Level 5:colcon.colcon_core.verb:set package 'custom_interfaces1' build argument 'cmake_force_configure' from command line to 'False'
[0.476s] Level 5:colcon.colcon_core.verb:set package 'custom_interfaces1' build argument 'ament_cmake_args' from command line to 'None'
[0.476s] Level 5:colcon.colcon_core.verb:set package 'custom_interfaces1' build argument 'catkin_cmake_args' from command line to 'None'
[0.476s] Level 5:colcon.colcon_core.verb:set package 'custom_interfaces1' build argument 'catkin_skip_building_tests' from command line to 'False'
[0.477s] DEBUG:colcon.colcon_core.verb:Building package 'custom_interfaces1' with the following arguments: {'ament_cmake_args': None, 'build_base': '/home/emir/ros2_ws/build/custom_interfaces1', 'catkin_cmake_args': None, 'catkin_skip_building_tests': False, 'cmake_args': None, 'cmake_clean_cache': False, 'cmake_clean_first': False, 'cmake_force_configure': False, 'cmake_target': None, 'cmake_target_skip_unavailable': False, 'install_base': '/home/emir/ros2_ws/install/custom_interfaces1', 'merge_install': False, 'path': '/home/emir/ros2_ws/src/custom_interfaces1', 'symlink_install': False, 'test_result_base': None}
[0.477s] Level 5:colcon.colcon_core.verb:set package 'my_cpp_pkg' build argument 'cmake_args' from command line to 'None'
[0.477s] Level 5:colcon.colcon_core.verb:set package 'my_cpp_pkg' build argument 'cmake_target' from command line to 'None'
[0.477s] Level 5:colcon.colcon_core.verb:set package 'my_cpp_pkg' build argument 'cmake_target_skip_unavailable' from command line to 'False'
[0.477s] Level 5:colcon.colcon_core.verb:set package 'my_cpp_pkg' build argument 'cmake_clean_cache' from command line to 'False'
[0.477s] Level 5:colcon.colcon_core.verb:set package 'my_cpp_pkg' build argument 'cmake_clean_first' from command line to 'False'
[0.477s] Level 5:colcon.colcon_core.verb:set package 'my_cpp_pkg' build argument 'cmake_force_configure' from command line to 'False'
[0.477s] Level 5:colcon.colcon_core.verb:set package 'my_cpp_pkg' build argument 'ament_cmake_args' from command line to 'None'
[0.477s] Level 5:colcon.colcon_core.verb:set package 'my_cpp_pkg' build argument 'catkin_cmake_args' from command line to 'None'
[0.477s] Level 5:colcon.colcon_core.verb:set package 'my_cpp_pkg' build argument 'catkin_skip_building_tests' from command line to 'False'
[0.477s] DEBUG:colcon.colcon_core.verb:Building package 'my_cpp_pkg' with the following arguments: {'ament_cmake_args': None, 'build_base': '/home/emir/ros2_ws/build/my_cpp_pkg', 'catkin_cmake_args': None, 'catkin_skip_building_tests': False, 'cmake_args': None, 'cmake_clean_cache': False, 'cmake_clean_first': False, 'cmake_force_configure': False, 'cmake_target': None, 'cmake_target_skip_unavailable': False, 'install_base': '/home/emir/ros2_ws/install/my_cpp_pkg', 'merge_install': False, 'path': '/home/emir/ros2_ws/src/my_cpp_pkg', 'symlink_install': False, 'test_result_base': None}
[0.478s] Level 5:colcon.colcon_core.verb:set package 'my_py_pkg' build argument 'cmake_args' from command line to 'None'
[0.478s] Level 5:colcon.colcon_core.verb:set package 'my_py_pkg' build argument 'cmake_target' from command line to 'None'
[0.478s] Level 5:colcon.colcon_core.verb:set package 'my_py_pkg' build argument 'cmake_target_skip_unavailable' from command line to 'False'
[0.478s] Level 5:colcon.colcon_core.verb:set package 'my_py_pkg' build argument 'cmake_clean_cache' from command line to 'False'
[0.478s] Level 5:colcon.colcon_core.verb:set package 'my_py_pkg' build argument 'cmake_clean_first' from command line to 'False'
[0.478s] Level 5:colcon.colcon_core.verb:set package 'my_py_pkg' build argument 'cmake_force_configure' from command line to 'False'
[0.478s] Level 5:colcon.colcon_core.verb:set package 'my_py_pkg' build argument 'ament_cmake_args' from command line to 'None'
[0.478s] Level 5:colcon.colcon_core.verb:set package 'my_py_pkg' build argument 'catkin_cmake_args' from command line to 'None'
[0.478s] Level 5:colcon.colcon_core.verb:set package 'my_py_pkg' build argument 'catkin_skip_building_tests' from command line to 'False'
[0.479s] DEBUG:colcon.colcon_core.verb:Building package 'my_py_pkg' with the following arguments: {'ament_cmake_args': None, 'build_base': '/home/emir/ros2_ws/build/my_py_pkg', 'catkin_cmake_args': None, 'catkin_skip_building_tests': False, 'cmake_args': None, 'cmake_clean_cache': False, 'cmake_clean_first': False, 'cmake_force_configure': False, 'cmake_target': None, 'cmake_target_skip_unavailable': False, 'install_base': '/home/emir/ros2_ws/install/my_py_pkg', 'merge_install': False, 'path': '/home/emir/ros2_ws/src/my_py_pkg', 'symlink_install': False, 'test_result_base': None}
[0.479s] Level 5:colcon.colcon_core.verb:set package 'turtlesim_catch_them_all' build argument 'cmake_args' from command line to 'None'
[0.479s] Level 5:colcon.colcon_core.verb:set package 'turtlesim_catch_them_all' build argument 'cmake_target' from command line to 'None'
[0.479s] Level 5:colcon.colcon_core.verb:set package 'turtlesim_catch_them_all' build argument 'cmake_target_skip_unavailable' from command line to 'False'
[0.479s] Level 5:colcon.colcon_core.verb:set package 'turtlesim_catch_them_all' build argument 'cmake_clean_cache' from command line to 'False'
[0.479s] Level 5:colcon.colcon_core.verb:set package 'turtlesim_catch_them_all' build argument 'cmake_clean_first' from command line to 'False'
[0.479s] Level 5:colcon.colcon_core.verb:set package 'turtlesim_catch_them_all' build argument 'cmake_force_configure' from command line to 'False'
[0.479s] Level 5:colcon.colcon_core.verb:set package 'turtlesim_catch_them_all' build argument 'ament_cmake_args' from command line to 'None'
[0.479s] Level 5:colcon.colcon_core.verb:set package 'turtlesim_catch_them_all' build argument 'catkin_cmake_args' from command line to 'None'
[0.479s] Level 5:colcon.colcon_core.verb:set package 'turtlesim_catch_them_all' build argument 'catkin_skip_building_tests' from command line to 'False'
[0.479s] DEBUG:colcon.colcon_core.verb:Building package 'turtlesim_catch_them_all' with the following arguments: {'ament_cmake_args': None, 'build_base': '/home/emir/ros2_ws/build/turtlesim_catch_them_all', 'catkin_cmake_args': None, 'catkin_skip_building_tests': False, 'cmake_args': None, 'cmake_clean_cache': False, 'cmake_clean_first': False, 'cmake_force_configure': False, 'cmake_target': None, 'cmake_target_skip_unavailable': False, 'install_base': '/home/emir/ros2_ws/install/turtlesim_catch_them_all', 'merge_install': False, 'path': '/home/emir/ros2_ws/src/turtlesim_catch_them_all', 'symlink_install': False, 'test_result_base': None}
[0.480s] Level 5:colcon.colcon_core.verb:set package 'my_robot_bringup' build argument 'cmake_args' from command line to 'None'
[0.480s] Level 5:colcon.colcon_core.verb:set package 'my_robot_bringup' build argument 'cmake_target' from command line to 'None'
[0.480s] Level 5:colcon.colcon_core.verb:set package 'my_robot_bringup' build argument 'cmake_target_skip_unavailable' from command line to 'False'
[0.480s] Level 5:colcon.colcon_core.verb:set package 'my_robot_bringup' build argument 'cmake_clean_cache' from command line to 'False'
[0.480s] Level 5:colcon.colcon_core.verb:set package 'my_robot_bringup' build argument 'cmake_clean_first' from command line to 'False'
[0.480s] Level 5:colcon.colcon_core.verb:set package 'my_robot_bringup' build argument 'cmake_force_configure' from command line to 'False'
[0.480s] Level 5:colcon.colcon_core.verb:set package 'my_robot_bringup' build argument 'ament_cmake_args' from command line to 'None'
[0.480s] Level 5:colcon.colcon_core.verb:set package 'my_robot_bringup' build argument 'catkin_cmake_args' from command line to 'None'
[0.480s] Level 5:colcon.colcon_core.verb:set package 'my_robot_bringup' build argument 'catkin_skip_building_tests' from command line to 'False'
[0.481s] DEBUG:colcon.colcon_core.verb:Building package 'my_robot_bringup' with the following arguments: {'ament_cmake_args': None, 'build_base': '/home/emir/ros2_ws/build/my_robot_bringup', 'catkin_cmake_args': None, 'catkin_skip_building_tests': False, 'cmake_args': None, 'cmake_clean_cache': False, 'cmake_clean_first': False, 'cmake_force_configure': False, 'cmake_target': None, 'cmake_target_skip_unavailable': False, 'install_base': '/home/emir/ros2_ws/install/my_robot_bringup', 'merge_install': False, 'path': '/home/emir/ros2_ws/src/my_robot_bringup', 'symlink_install': False, 'test_result_base': None}
[0.481s] INFO:colcon.colcon_core.executor:Executing jobs using 'parallel' executor
[0.482s] DEBUG:colcon.colcon_parallel_executor.executor.parallel:run_until_complete
[0.483s] INFO:colcon.colcon_ros.task.ament_cmake.build:Building ROS package in '/home/emir/ros2_ws/src/custom_interfaces1' with build type 'ament_cmake'
[0.483s] INFO:colcon.colcon_cmake.task.cmake.build:Building CMake package in '/home/emir/ros2_ws/src/custom_interfaces1'
[0.487s] INFO:colcon.colcon_core.plugin_system:Skipping extension 'colcon_core.shell.bat': Not used on non-Windows systems
[0.488s] INFO:colcon.colcon_core.shell:Skip shell extension 'powershell' for command environment: Not usable outside of PowerShell
[0.488s] DEBUG:colcon.colcon_core.shell:Skip shell extension 'dsv' for command environment
[0.494s] INFO:colcon.colcon_ros.task.ament_cmake.build:Building ROS package in '/home/emir/ros2_ws/src/my_cpp_pkg' with build type 'ament_cmake'
[0.494s] INFO:colcon.colcon_cmake.task.cmake.build:Building CMake package in '/home/emir/ros2_ws/src/my_cpp_pkg'
[0.495s] INFO:colcon.colcon_core.shell:Skip shell extension 'powershell' for command environment: Not usable outside of PowerShell
[0.495s] DEBUG:colcon.colcon_core.shell:Skip shell extension 'dsv' for command environment
[0.568s] DEBUG:colcon.colcon_core.event_handler.log_command:Invoking command in '/home/emir/ros2_ws/build/custom_interfaces1': CMAKE_PREFIX_PATH=${CMAKE_PREFIX_PATH}:/home/emir/ros2_ws/install/turtlesim_catch_them_all:/home/emir/ros2_ws/install/my_py_pkg:/home/emir/install/my_py_pkg:/opt/ros/humble /usr/bin/cmake --build /home/emir/ros2_ws/build/custom_interfaces1 -- -j5 -l5
[0.615s] DEBUG:colcon.colcon_core.event_handler.log_command:Invoking command in '/home/emir/ros2_ws/build/my_cpp_pkg': CMAKE_PREFIX_PATH=${CMAKE_PREFIX_PATH}:/home/emir/ros2_ws/install/turtlesim_catch_them_all:/home/emir/ros2_ws/install/my_py_pkg:/home/emir/install/my_py_pkg:/opt/ros/humble /usr/bin/cmake --build /home/emir/ros2_ws/build/my_cpp_pkg -- -j5 -l5
[2.371s] DEBUG:colcon.colcon_core.event_handler.log_command:Invoked command in '/home/emir/ros2_ws/build/custom_interfaces1' returned '0': CMAKE_PREFIX_PATH=${CMAKE_PREFIX_PATH}:/home/emir/ros2_ws/install/turtlesim_catch_them_all:/home/emir/ros2_ws/install/my_py_pkg:/home/emir/install/my_py_pkg:/opt/ros/humble /usr/bin/cmake --build /home/emir/ros2_ws/build/custom_interfaces1 -- -j5 -l5
[2.397s] DEBUG:colcon.colcon_core.event_handler.log_command:Invoked command in '/home/emir/ros2_ws/build/my_cpp_pkg' returned '0': CMAKE_PREFIX_PATH=${CMAKE_PREFIX_PATH}:/home/emir/ros2_ws/install/turtlesim_catch_them_all:/home/emir/ros2_ws/install/my_py_pkg:/home/emir/install/my_py_pkg:/opt/ros/humble /usr/bin/cmake --build /home/emir/ros2_ws/build/my_cpp_pkg -- -j5 -l5
[2.511s] DEBUG:colcon.colcon_core.event_handler.log_command:Invoking command in '/home/emir/ros2_ws/build/my_cpp_pkg': CMAKE_PREFIX_PATH=${CMAKE_PREFIX_PATH}:/home/emir/ros2_ws/install/turtlesim_catch_them_all:/home/emir/ros2_ws/install/my_py_pkg:/home/emir/install/my_py_pkg:/opt/ros/humble /usr/bin/cmake --install /home/emir/ros2_ws/build/my_cpp_pkg
[2.621s] Level 1:colcon.colcon_core.environment:create_environment_scripts_only(my_cpp_pkg)
[2.623s] DEBUG:colcon.colcon_core.event_handler.log_command:Invoked command in '/home/emir/ros2_ws/build/my_cpp_pkg' returned '0': CMAKE_PREFIX_PATH=${CMAKE_PREFIX_PATH}:/home/emir/ros2_ws/install/turtlesim_catch_them_all:/home/emir/ros2_ws/install/my_py_pkg:/home/emir/install/my_py_pkg:/opt/ros/humble /usr/bin/cmake --install /home/emir/ros2_ws/build/my_cpp_pkg
[2.626s] Level 1:colcon.colcon_core.environment:checking '/home/emir/ros2_ws/install/my_cpp_pkg' for CMake module files
[2.628s] Level 1:colcon.colcon_core.environment:checking '/home/emir/ros2_ws/install/my_cpp_pkg' for CMake config files
[2.629s] Level 1:colcon.colcon_core.shell:create_environment_hook('my_cpp_pkg', 'cmake_prefix_path')
[2.630s] INFO:colcon.colcon_core.shell:Creating environment hook '/home/emir/ros2_ws/install/my_cpp_pkg/share/my_cpp_pkg/hook/cmake_prefix_path.ps1'
[2.631s] INFO:colcon.colcon_core.shell:Creating environment descriptor '/home/emir/ros2_ws/install/my_cpp_pkg/share/my_cpp_pkg/hook/cmake_prefix_path.dsv'
[2.632s] INFO:colcon.colcon_core.shell:Creating environment hook '/home/emir/ros2_ws/install/my_cpp_pkg/share/my_cpp_pkg/hook/cmake_prefix_path.sh'
[2.635s] Level 1:colcon.colcon_core.environment:checking '/home/emir/ros2_ws/install/my_cpp_pkg/lib'
[2.637s] Level 1:colcon.colcon_core.environment:checking '/home/emir/ros2_ws/install/my_cpp_pkg/bin'
[2.637s] Level 1:colcon.colcon_core.environment:checking '/home/emir/ros2_ws/install/my_cpp_pkg/lib/pkgconfig/my_cpp_pkg.pc'
[2.637s] Level 1:colcon.colcon_core.environment:checking '/home/emir/ros2_ws/install/my_cpp_pkg/lib/python3.10/site-packages'
[2.638s] Level 1:colcon.colcon_core.environment:checking '/home/emir/ros2_ws/install/my_cpp_pkg/bin'
[2.638s] INFO:colcon.colcon_core.shell:Creating package script '/home/emir/ros2_ws/install/my_cpp_pkg/share/my_cpp_pkg/package.ps1'
[2.639s] INFO:colcon.colcon_core.shell:Creating package descriptor '/home/emir/ros2_ws/install/my_cpp_pkg/share/my_cpp_pkg/package.dsv'
[2.643s] INFO:colcon.colcon_core.shell:Creating package script '/home/emir/ros2_ws/install/my_cpp_pkg/share/my_cpp_pkg/package.sh'
[2.644s] INFO:colcon.colcon_core.shell:Creating package script '/home/emir/ros2_ws/install/my_cpp_pkg/share/my_cpp_pkg/package.bash'
[2.646s] INFO:colcon.colcon_core.shell:Creating package script '/home/emir/ros2_ws/install/my_cpp_pkg/share/my_cpp_pkg/package.zsh'
[2.647s] Level 1:colcon.colcon_core.environment:create_file_with_runtime_dependencies(/home/emir/ros2_ws/install/my_cpp_pkg/share/colcon-core/packages/my_cpp_pkg)
[2.716s] Level 1:colcon.colcon_core.environment:create_environment_scripts_only(my_cpp_pkg)
[2.716s] Level 1:colcon.colcon_core.environment:checking '/home/emir/ros2_ws/install/my_cpp_pkg' for CMake module files
[2.717s] Level 1:colcon.colcon_core.environment:checking '/home/emir/ros2_ws/install/my_cpp_pkg' for CMake config files
[2.718s] Level 1:colcon.colcon_core.shell:create_environment_hook('my_cpp_pkg', 'cmake_prefix_path')
[2.718s] INFO:colcon.colcon_core.shell:Creating environment hook '/home/emir/ros2_ws/install/my_cpp_pkg/share/my_cpp_pkg/hook/cmake_prefix_path.ps1'
[2.721s] INFO:colcon.colcon_core.shell:Creating environment descriptor '/home/emir/ros2_ws/install/my_cpp_pkg/share/my_cpp_pkg/hook/cmake_prefix_path.dsv'
[2.723s] INFO:colcon.colcon_core.shell:Creating environment hook '/home/emir/ros2_ws/install/my_cpp_pkg/share/my_cpp_pkg/hook/cmake_prefix_path.sh'
[2.725s] Level 1:colcon.colcon_core.environment:checking '/home/emir/ros2_ws/install/my_cpp_pkg/lib'
[2.725s] Level 1:colcon.colcon_core.environment:checking '/home/emir/ros2_ws/install/my_cpp_pkg/bin'
[2.725s] Level 1:colcon.colcon_core.environment:checking '/home/emir/ros2_ws/install/my_cpp_pkg/lib/pkgconfig/my_cpp_pkg.pc'
[2.726s] Level 1:colcon.colcon_core.environment:checking '/home/emir/ros2_ws/install/my_cpp_pkg/lib/python3.10/site-packages'
[2.726s] Level 1:colcon.colcon_core.environment:checking '/home/emir/ros2_ws/install/my_cpp_pkg/bin'
[2.727s] INFO:colcon.colcon_core.shell:Creating package script '/home/emir/ros2_ws/install/my_cpp_pkg/share/my_cpp_pkg/package.ps1'
[2.728s] INFO:colcon.colcon_core.shell:Creating package descriptor '/home/emir/ros2_ws/install/my_cpp_pkg/share/my_cpp_pkg/package.dsv'
[2.729s] INFO:colcon.colcon_core.shell:Creating package script '/home/emir/ros2_ws/install/my_cpp_pkg/share/my_cpp_pkg/package.sh'
[2.730s] INFO:colcon.colcon_core.shell:Creating package script '/home/emir/ros2_ws/install/my_cpp_pkg/share/my_cpp_pkg/package.bash'
[2.731s] INFO:colcon.colcon_core.shell:Creating package script '/home/emir/ros2_ws/install/my_cpp_pkg/share/my_cpp_pkg/package.zsh'
[2.731s] Level 1:colcon.colcon_core.environment:create_file_with_runtime_dependencies(/home/emir/ros2_ws/install/my_cpp_pkg/share/colcon-core/packages/my_cpp_pkg)
[2.735s] DEBUG:colcon.colcon_core.event_handler.log_command:Invoking command in '/home/emir/ros2_ws/build/custom_interfaces1': CMAKE_PREFIX_PATH=${CMAKE_PREFIX_PATH}:/home/emir/ros2_ws/install/turtlesim_catch_them_all:/home/emir/ros2_ws/install/my_py_pkg:/home/emir/install/my_py_pkg:/opt/ros/humble /usr/bin/cmake --install /home/emir/ros2_ws/build/custom_interfaces1
[3.024s] Level 1:colcon.colcon_core.environment:create_environment_scripts_only(custom_interfaces1)
[3.025s] Level 1:colcon.colcon_core.environment:checking '/home/emir/ros2_ws/install/custom_interfaces1' for CMake module files
[3.026s] DEBUG:colcon.colcon_core.event_handler.log_command:Invoked command in '/home/emir/ros2_ws/build/custom_interfaces1' returned '0': CMAKE_PREFIX_PATH=${CMAKE_PREFIX_PATH}:/home/emir/ros2_ws/install/turtlesim_catch_them_all:/home/emir/ros2_ws/install/my_py_pkg:/home/emir/install/my_py_pkg:/opt/ros/humble /usr/bin/cmake --install /home/emir/ros2_ws/build/custom_interfaces1
[3.027s] Level 1:colcon.colcon_core.environment:checking '/home/emir/ros2_ws/install/custom_interfaces1' for CMake config files
[3.028s] Level 1:colcon.colcon_core.shell:create_environment_hook('custom_interfaces1', 'cmake_prefix_path')
[3.028s] INFO:colcon.colcon_core.shell:Creating environment hook '/home/emir/ros2_ws/install/custom_interfaces1/share/custom_interfaces1/hook/cmake_prefix_path.ps1'
[3.029s] INFO:colcon.colcon_core.shell:Creating environment descriptor '/home/emir/ros2_ws/install/custom_interfaces1/share/custom_interfaces1/hook/cmake_prefix_path.dsv'
[3.030s] INFO:colcon.colcon_core.shell:Creating environment hook '/home/emir/ros2_ws/install/custom_interfaces1/share/custom_interfaces1/hook/cmake_prefix_path.sh'
[3.031s] Level 1:colcon.colcon_core.environment:checking '/home/emir/ros2_ws/install/custom_interfaces1/lib'
[3.031s] Level 1:colcon.colcon_core.shell:create_environment_hook('custom_interfaces1', 'ld_library_path_lib')
[3.031s] INFO:colcon.colcon_core.shell:Creating environment hook '/home/emir/ros2_ws/install/custom_interfaces1/share/custom_interfaces1/hook/ld_library_path_lib.ps1'
[3.032s] INFO:colcon.colcon_core.shell:Creating environment descriptor '/home/emir/ros2_ws/install/custom_interfaces1/share/custom_interfaces1/hook/ld_library_path_lib.dsv'
[3.033s] INFO:colcon.colcon_core.shell:Creating environment hook '/home/emir/ros2_ws/install/custom_interfaces1/share/custom_interfaces1/hook/ld_library_path_lib.sh'
[3.033s] Level 1:colcon.colcon_core.environment:checking '/home/emir/ros2_ws/install/custom_interfaces1/bin'
[3.033s] Level 1:colcon.colcon_core.environment:checking '/home/emir/ros2_ws/install/custom_interfaces1/lib/pkgconfig/custom_interfaces1.pc'
[3.034s] Level 1:colcon.colcon_core.environment:checking '/home/emir/ros2_ws/install/custom_interfaces1/lib/python3.10/site-packages'
[3.034s] Level 1:colcon.colcon_core.environment:checking '/home/emir/ros2_ws/install/custom_interfaces1/bin'
[3.035s] INFO:colcon.colcon_core.shell:Creating package script '/home/emir/ros2_ws/install/custom_interfaces1/share/custom_interfaces1/package.ps1'
[3.035s] INFO:colcon.colcon_core.shell:Creating package descriptor '/home/emir/ros2_ws/install/custom_interfaces1/share/custom_interfaces1/package.dsv'
[3.036s] INFO:colcon.colcon_core.shell:Creating package script '/home/emir/ros2_ws/install/custom_interfaces1/share/custom_interfaces1/package.sh'
[3.037s] INFO:colcon.colcon_core.shell:Creating package script '/home/emir/ros2_ws/install/custom_interfaces1/share/custom_interfaces1/package.bash'
[3.038s] INFO:colcon.colcon_core.shell:Creating package script '/home/emir/ros2_ws/install/custom_interfaces1/share/custom_interfaces1/package.zsh'
[3.039s] Level 1:colcon.colcon_core.environment:create_file_with_runtime_dependencies(/home/emir/ros2_ws/install/custom_interfaces1/share/colcon-core/packages/custom_interfaces1)
[3.306s] Level 1:colcon.colcon_core.environment:create_environment_scripts_only(custom_interfaces1)
[3.306s] Level 1:colcon.colcon_core.environment:checking '/home/emir/ros2_ws/install/custom_interfaces1' for CMake module files
[3.307s] Level 1:colcon.colcon_core.environment:checking '/home/emir/ros2_ws/install/custom_interfaces1' for CMake config files
[3.308s] Level 1:colcon.colcon_core.shell:create_environment_hook('custom_interfaces1', 'cmake_prefix_path')
[3.308s] INFO:colcon.colcon_core.shell:Creating environment hook '/home/emir/ros2_ws/install/custom_interfaces1/share/custom_interfaces1/hook/cmake_prefix_path.ps1'
[3.309s] INFO:colcon.colcon_core.shell:Creating environment descriptor '/home/emir/ros2_ws/install/custom_interfaces1/share/custom_interfaces1/hook/cmake_prefix_path.dsv'
[3.310s] INFO:colcon.colcon_core.shell:Creating environment hook '/home/emir/ros2_ws/install/custom_interfaces1/share/custom_interfaces1/hook/cmake_prefix_path.sh'
[3.311s] Level 1:colcon.colcon_core.environment:checking '/home/emir/ros2_ws/install/custom_interfaces1/lib'
[3.311s] Level 1:colcon.colcon_core.shell:create_environment_hook('custom_interfaces1', 'ld_library_path_lib')
[3.311s] INFO:colcon.colcon_core.shell:Creating environment hook '/home/emir/ros2_ws/install/custom_interfaces1/share/custom_interfaces1/hook/ld_library_path_lib.ps1'
[3.312s] INFO:colcon.colcon_core.shell:Creating environment descriptor '/home/emir/ros2_ws/install/custom_interfaces1/share/custom_interfaces1/hook/ld_library_path_lib.dsv'
[3.313s] INFO:colcon.colcon_core.shell:Creating environment hook '/home/emir/ros2_ws/install/custom_interfaces1/share/custom_interfaces1/hook/ld_library_path_lib.sh'
[3.313s] Level 1:colcon.colcon_core.environment:checking '/home/emir/ros2_ws/install/custom_interfaces1/bin'
[3.314s] Level 1:colcon.colcon_core.environment:checking '/home/emir/ros2_ws/install/custom_interfaces1/lib/pkgconfig/custom_interfaces1.pc'
[3.314s] Level 1:colcon.colcon_core.environment:checking '/home/emir/ros2_ws/install/custom_interfaces1/lib/python3.10/site-packages'
[3.315s] Level 1:colcon.colcon_core.environment:checking '/home/emir/ros2_ws/install/custom_interfaces1/bin'
[3.315s] INFO:colcon.colcon_core.shell:Creating package script '/home/emir/ros2_ws/install/custom_interfaces1/share/custom_interfaces1/package.ps1'
[3.316s] INFO:colcon.colcon_core.shell:Creating package descriptor '/home/emir/ros2_ws/install/custom_interfaces1/share/custom_interfaces1/package.dsv'
[3.317s] INFO:colcon.colcon_core.shell:Creating package script '/home/emir/ros2_ws/install/custom_interfaces1/share/custom_interfaces1/package.sh'
[3.318s] INFO:colcon.colcon_core.shell:Creating package script '/home/emir/ros2_ws/install/custom_interfaces1/share/custom_interfaces1/package.bash'
[3.319s] INFO:colcon.colcon_core.shell:Creating package script '/home/emir/ros2_ws/install/custom_interfaces1/share/custom_interfaces1/package.zsh'
[3.319s] Level 1:colcon.colcon_core.environment:create_file_with_runtime_dependencies(/home/emir/ros2_ws/install/custom_interfaces1/share/colcon-core/packages/custom_interfaces1)
[3.321s] INFO:colcon.colcon_ros.task.ament_python.build:Building ROS package in '/home/emir/ros2_ws/src/my_py_pkg' with build type 'ament_python'
[3.322s] Level 1:colcon.colcon_core.shell:create_environment_hook('my_py_pkg', 'ament_prefix_path')
[3.322s] INFO:colcon.colcon_core.shell:Creating environment hook '/home/emir/ros2_ws/install/my_py_pkg/share/my_py_pkg/hook/ament_prefix_path.ps1'
[3.323s] INFO:colcon.colcon_core.shell:Creating environment descriptor '/home/emir/ros2_ws/install/my_py_pkg/share/my_py_pkg/hook/ament_prefix_path.dsv'
[3.324s] INFO:colcon.colcon_core.shell:Creating environment hook '/home/emir/ros2_ws/install/my_py_pkg/share/my_py_pkg/hook/ament_prefix_path.sh'
[3.326s] INFO:colcon.colcon_core.shell:Skip shell extension 'powershell' for command environment: Not usable outside of PowerShell
[3.326s] DEBUG:colcon.colcon_core.shell:Skip shell extension 'dsv' for command environment
[3.331s] INFO:colcon.colcon_ros.task.ament_python.build:Building ROS package in '/home/emir/ros2_ws/src/turtlesim_catch_them_all' with build type 'ament_python'
[3.331s] Level 1:colcon.colcon_core.shell:create_environment_hook('turtlesim_catch_them_all', 'ament_prefix_path')
[3.332s] INFO:colcon.colcon_core.shell:Creating environment hook '/home/emir/ros2_ws/install/turtlesim_catch_them_all/share/turtlesim_catch_them_all/hook/ament_prefix_path.ps1'
[3.333s] INFO:colcon.colcon_core.shell:Creating environment descriptor '/home/emir/ros2_ws/install/turtlesim_catch_them_all/share/turtlesim_catch_them_all/hook/ament_prefix_path.dsv'
[3.333s] INFO:colcon.colcon_core.shell:Creating environment hook '/home/emir/ros2_ws/install/turtlesim_catch_them_all/share/turtlesim_catch_them_all/hook/ament_prefix_path.sh'
[3.334s] INFO:colcon.colcon_core.shell:Skip shell extension 'powershell' for command environment: Not usable outside of PowerShell
[3.335s] DEBUG:colcon.colcon_core.shell:Skip shell extension 'dsv' for command environment
[3.758s] INFO:colcon.colcon_core.task.python.build:Building Python package in '/home/emir/ros2_ws/src/my_py_pkg'
[3.760s] INFO:colcon.colcon_core.shell:Skip shell extension 'powershell' for command environment: Not usable outside of PowerShell
[3.760s] DEBUG:colcon.colcon_core.shell:Skip shell extension 'dsv' for command environment
[4.208s] INFO:colcon.colcon_core.task.python.build:Building Python package in '/home/emir/ros2_ws/src/turtlesim_catch_them_all'
[4.209s] INFO:colcon.colcon_core.shell:Skip shell extension 'powershell' for command environment: Not usable outside of PowerShell
[4.209s] DEBUG:colcon.colcon_core.shell:Skip shell extension 'dsv' for command environment
[5.363s] DEBUG:colcon.colcon_core.event_handler.log_command:Invoking command in '/home/emir/ros2_ws/src/turtlesim_catch_them_all': CMAKE_PREFIX_PATH=/home/emir/ros2_ws/install/custom_interfaces1:/home/emir/ros2_ws/install/my_robot_bringup:/home/emir/ros2_ws/install/my_cpp_pkg:/home/emir/install/my_robot_interfaces:/home/emir/install/my_cpp_pkg:/home/emir/install/custom_robot_interfaces:/home/emir/install/custom_interfaces1 PYTHONPATH=/home/emir/ros2_ws/build/turtlesim_catch_them_all/prefix_override:/usr/lib/python3/dist-packages/colcon_core/task/python/colcon_distutils_commands:/home/emir/ros2_ws/install/turtlesim_catch_them_all/lib/python3.10/site-packages:${PYTHONPATH} /usr/bin/python3 -W ignore:setup.py install is deprecated setup.py egg_info --egg-base ../../build/turtlesim_catch_them_all build --build-base /home/emir/ros2_ws/build/turtlesim_catch_them_all/build install --record /home/emir/ros2_ws/build/turtlesim_catch_them_all/install.log --single-version-externally-managed install_data
[5.368s] DEBUG:colcon.colcon_core.event_handler.log_command:Invoking command in '/home/emir/ros2_ws/src/my_py_pkg': CMAKE_PREFIX_PATH=/home/emir/ros2_ws/install/custom_interfaces1:/home/emir/ros2_ws/install/my_robot_bringup:/home/emir/ros2_ws/install/my_cpp_pkg:/home/emir/install/my_robot_interfaces:/home/emir/install/my_cpp_pkg:/home/emir/install/custom_robot_interfaces:/home/emir/install/custom_interfaces1 PYTHONPATH=/home/emir/ros2_ws/build/my_py_pkg/prefix_override:/usr/lib/python3/dist-packages/colcon_core/task/python/colcon_distutils_commands:/home/emir/ros2_ws/install/my_py_pkg/lib/python3.10/site-packages:${PYTHONPATH} /usr/bin/python3 -W ignore:setup.py install is deprecated setup.py egg_info --egg-base ../../build/my_py_pkg build --build-base /home/emir/ros2_ws/build/my_py_pkg/build install --record /home/emir/ros2_ws/build/my_py_pkg/install.log --single-version-externally-managed install_data
[5.879s] Level 1:colcon.colcon_core.environment:checking '/home/emir/ros2_ws/install/turtlesim_catch_them_all' for CMake module files
[5.879s] DEBUG:colcon.colcon_core.event_handler.log_command:Invoked command in '/home/emir/ros2_ws/src/turtlesim_catch_them_all' returned '0': CMAKE_PREFIX_PATH=/home/emir/ros2_ws/install/custom_interfaces1:/home/emir/ros2_ws/install/my_robot_bringup:/home/emir/ros2_ws/install/my_cpp_pkg:/home/emir/install/my_robot_interfaces:/home/emir/install/my_cpp_pkg:/home/emir/install/custom_robot_interfaces:/home/emir/install/custom_interfaces1 PYTHONPATH=/home/emir/ros2_ws/build/turtlesim_catch_them_all/prefix_override:/usr/lib/python3/dist-packages/colcon_core/task/python/colcon_distutils_commands:/home/emir/ros2_ws/install/turtlesim_catch_them_all/lib/python3.10/site-packages:${PYTHONPATH} /usr/bin/python3 -W ignore:setup.py install is deprecated setup.py egg_info --egg-base ../../build/turtlesim_catch_them_all build --build-base /home/emir/ros2_ws/build/turtlesim_catch_them_all/build install --record /home/emir/ros2_ws/build/turtlesim_catch_them_all/install.log --single-version-externally-managed install_data
[5.884s] Level 1:colcon.colcon_core.environment:checking '/home/emir/ros2_ws/install/turtlesim_catch_them_all' for CMake config files
[5.884s] Level 1:colcon.colcon_core.environment:checking '/home/emir/ros2_ws/install/turtlesim_catch_them_all/lib'
[5.885s] Level 1:colcon.colcon_core.environment:checking '/home/emir/ros2_ws/install/turtlesim_catch_them_all/bin'
[5.885s] Level 1:colcon.colcon_core.environment:checking '/home/emir/ros2_ws/install/turtlesim_catch_them_all/lib/pkgconfig/turtlesim_catch_them_all.pc'
[5.885s] Level 1:colcon.colcon_core.environment:checking '/home/emir/ros2_ws/install/turtlesim_catch_them_all/lib/python3.10/site-packages'
[5.886s] Level 1:colcon.colcon_core.shell:create_environment_hook('turtlesim_catch_them_all', 'pythonpath')
[5.886s] INFO:colcon.colcon_core.shell:Creating environment hook '/home/emir/ros2_ws/install/turtlesim_catch_them_all/share/turtlesim_catch_them_all/hook/pythonpath.ps1'
[5.887s] INFO:colcon.colcon_core.shell:Creating environment descriptor '/home/emir/ros2_ws/install/turtlesim_catch_them_all/share/turtlesim_catch_them_all/hook/pythonpath.dsv'
[5.888s] INFO:colcon.colcon_core.shell:Creating environment hook '/home/emir/ros2_ws/install/turtlesim_catch_them_all/share/turtlesim_catch_them_all/hook/pythonpath.sh'
[5.889s] Level 1:colcon.colcon_core.environment:checking '/home/emir/ros2_ws/install/turtlesim_catch_them_all/bin'
[5.889s] Level 1:colcon.colcon_core.environment:create_environment_scripts_only(turtlesim_catch_them_all)
[5.889s] INFO:colcon.colcon_core.shell:Creating package script '/home/emir/ros2_ws/install/turtlesim_catch_them_all/share/turtlesim_catch_them_all/package.ps1'
[5.890s] INFO:colcon.colcon_core.shell:Creating package descriptor '/home/emir/ros2_ws/install/turtlesim_catch_them_all/share/turtlesim_catch_them_all/package.dsv'
[5.891s] INFO:colcon.colcon_core.shell:Creating package script '/home/emir/ros2_ws/install/turtlesim_catch_them_all/share/turtlesim_catch_them_all/package.sh'
[5.892s] INFO:colcon.colcon_core.shell:Creating package script '/home/emir/ros2_ws/install/turtlesim_catch_them_all/share/turtlesim_catch_them_all/package.bash'
[5.893s] INFO:colcon.colcon_core.shell:Creating package script '/home/emir/ros2_ws/install/turtlesim_catch_them_all/share/turtlesim_catch_them_all/package.zsh'
[5.894s] Level 1:colcon.colcon_core.environment:create_file_with_runtime_dependencies(/home/emir/ros2_ws/install/turtlesim_catch_them_all/share/colcon-core/packages/turtlesim_catch_them_all)
[5.897s] Level 1:colcon.colcon_core.environment:checking '/home/emir/ros2_ws/install/my_py_pkg' for CMake module files
[5.899s] DEBUG:colcon.colcon_core.event_handler.log_command:Invoked command in '/home/emir/ros2_ws/src/my_py_pkg' returned '0': CMAKE_PREFIX_PATH=/home/emir/ros2_ws/install/custom_interfaces1:/home/emir/ros2_ws/install/my_robot_bringup:/home/emir/ros2_ws/install/my_cpp_pkg:/home/emir/install/my_robot_interfaces:/home/emir/install/my_cpp_pkg:/home/emir/install/custom_robot_interfaces:/home/emir/install/custom_interfaces1 PYTHONPATH=/home/emir/ros2_ws/build/my_py_pkg/prefix_override:/usr/lib/python3/dist-packages/colcon_core/task/python/colcon_distutils_commands:/home/emir/ros2_ws/install/my_py_pkg/lib/python3.10/site-packages:${PYTHONPATH} /usr/bin/python3 -W ignore:setup.py install is deprecated setup.py egg_info --egg-base ../../build/my_py_pkg build --build-base /home/emir/ros2_ws/build/my_py_pkg/build install --record /home/emir/ros2_ws/build/my_py_pkg/install.log --single-version-externally-managed install_data
[5.899s] Level 1:colcon.colcon_core.environment:checking '/home/emir/ros2_ws/install/my_py_pkg' for CMake config files
[5.900s] Level 1:colcon.colcon_core.environment:checking '/home/emir/ros2_ws/install/my_py_pkg/lib'
[5.900s] Level 1:colcon.colcon_core.environment:checking '/home/emir/ros2_ws/install/my_py_pkg/bin'
[5.901s] Level 1:colcon.colcon_core.environment:checking '/home/emir/ros2_ws/install/my_py_pkg/lib/pkgconfig/my_py_pkg.pc'
[5.901s] Level 1:colcon.colcon_core.environment:checking '/home/emir/ros2_ws/install/my_py_pkg/lib/python3.10/site-packages'
[5.901s] Level 1:colcon.colcon_core.shell:create_environment_hook('my_py_pkg', 'pythonpath')
[5.902s] INFO:colcon.colcon_core.shell:Creating environment hook '/home/emir/ros2_ws/install/my_py_pkg/share/my_py_pkg/hook/pythonpath.ps1'
[5.903s] INFO:colcon.colcon_core.shell:Creating environment descriptor '/home/emir/ros2_ws/install/my_py_pkg/share/my_py_pkg/hook/pythonpath.dsv'
[5.903s] INFO:colcon.colcon_core.shell:Creating environment hook '/home/emir/ros2_ws/install/my_py_pkg/share/my_py_pkg/hook/pythonpath.sh'
[5.905s] Level 1:colcon.colcon_core.environment:checking '/home/emir/ros2_ws/install/my_py_pkg/bin'
[5.905s] Level 1:colcon.colcon_core.environment:create_environment_scripts_only(my_py_pkg)
[5.905s] INFO:colcon.colcon_core.shell:Creating package script '/home/emir/ros2_ws/install/my_py_pkg/share/my_py_pkg/package.ps1'
[5.906s] INFO:colcon.colcon_core.shell:Creating package descriptor '/home/emir/ros2_ws/install/my_py_pkg/share/my_py_pkg/package.dsv'
[5.907s] INFO:colcon.colcon_core.shell:Creating package script '/home/emir/ros2_ws/install/my_py_pkg/share/my_py_pkg/package.sh'
[5.908s] INFO:colcon.colcon_core.shell:Creating package script '/home/emir/ros2_ws/install/my_py_pkg/share/my_py_pkg/package.bash'
[5.910s] INFO:colcon.colcon_core.shell:Creating package script '/home/emir/ros2_ws/install/my_py_pkg/share/my_py_pkg/package.zsh'
[5.910s] Level 1:colcon.colcon_core.environment:create_file_with_runtime_dependencies(/home/emir/ros2_ws/install/my_py_pkg/share/colcon-core/packages/my_py_pkg)
[5.911s] INFO:colcon.colcon_ros.task.ament_cmake.build:Building ROS package in '/home/emir/ros2_ws/src/my_robot_bringup' with build type 'ament_cmake'
[5.911s] INFO:colcon.colcon_cmake.task.cmake.build:Building CMake package in '/home/emir/ros2_ws/src/my_robot_bringup'
[5.912s] INFO:colcon.colcon_core.shell:Skip shell extension 'powershell' for command environment: Not usable outside of PowerShell
[5.912s] DEBUG:colcon.colcon_core.shell:Skip shell extension 'dsv' for command environment
[5.937s] DEBUG:colcon.colcon_core.event_handler.log_command:Invoking command in '/home/emir/ros2_ws/build/my_robot_bringup': AMENT_PREFIX_PATH=/home/emir/ros2_ws/install/turtlesim_catch_them_all:/home/emir/ros2_ws/install/my_py_pkg:/home/emir/ros2_ws/install/my_robot_bringup:/home/emir/ros2_ws/install/my_cpp_pkg:/home/emir/ros2_ws/install/custom_interfaces1:/home/emir/install/my_robot_interfaces:/home/emir/install/my_py_pkg:/home/emir/install/my_cpp_pkg:/home/emir/install/custom_robot_interfaces:/home/emir/install/custom_interfaces1:/opt/ros/humble CMAKE_PREFIX_PATH=/home/emir/ros2_ws/install/my_cpp_pkg:/home/emir/ros2_ws/install/custom_interfaces1:/home/emir/ros2_ws/install/my_robot_bringup:/home/emir/install/my_robot_interfaces:/home/emir/install/my_cpp_pkg:/home/emir/install/custom_robot_interfaces:/home/emir/install/custom_interfaces1:/home/emir/ros2_ws/install/turtlesim_catch_them_all:/home/emir/ros2_ws/install/my_py_pkg:/home/emir/install/my_py_pkg:/opt/ros/humble /usr/bin/cmake --build /home/emir/ros2_ws/build/my_robot_bringup -- -j5 -l5
[6.005s] DEBUG:colcon.colcon_core.event_handler.log_command:Invoked command in '/home/emir/ros2_ws/build/my_robot_bringup' returned '0': AMENT_PREFIX_PATH=/home/emir/ros2_ws/install/turtlesim_catch_them_all:/home/emir/ros2_ws/install/my_py_pkg:/home/emir/ros2_ws/install/my_robot_bringup:/home/emir/ros2_ws/install/my_cpp_pkg:/home/emir/ros2_ws/install/custom_interfaces1:/home/emir/install/my_robot_interfaces:/home/emir/install/my_py_pkg:/home/emir/install/my_cpp_pkg:/home/emir/install/custom_robot_interfaces:/home/emir/install/custom_interfaces1:/opt/ros/humble CMAKE_PREFIX_PATH=/home/emir/ros2_ws/install/my_cpp_pkg:/home/emir/ros2_ws/install/custom_interfaces1:/home/emir/ros2_ws/install/my_robot_bringup:/home/emir/install/my_robot_interfaces:/home/emir/install/my_cpp_pkg:/home/emir/install/custom_robot_interfaces:/home/emir/install/custom_interfaces1:/home/emir/ros2_ws/install/turtlesim_catch_them_all:/home/emir/ros2_ws/install/my_py_pkg:/home/emir/install/my_py_pkg:/opt/ros/humble /usr/bin/cmake --build /home/emir/ros2_ws/build/my_robot_bringup -- -j5 -l5
[6.041s] DEBUG:colcon.colcon_core.event_handler.log_command:Invoking command in '/home/emir/ros2_ws/build/my_robot_bringup': AMENT_PREFIX_PATH=/home/emir/ros2_ws/install/turtlesim_catch_them_all:/home/emir/ros2_ws/install/my_py_pkg:/home/emir/ros2_ws/install/my_robot_bringup:/home/emir/ros2_ws/install/my_cpp_pkg:/home/emir/ros2_ws/install/custom_interfaces1:/home/emir/install/my_robot_interfaces:/home/emir/install/my_py_pkg:/home/emir/install/my_cpp_pkg:/home/emir/install/custom_robot_interfaces:/home/emir/install/custom_interfaces1:/opt/ros/humble CMAKE_PREFIX_PATH=/home/emir/ros2_ws/install/my_cpp_pkg:/home/emir/ros2_ws/install/custom_interfaces1:/home/emir/ros2_ws/install/my_robot_bringup:/home/emir/install/my_robot_interfaces:/home/emir/install/my_cpp_pkg:/home/emir/install/custom_robot_interfaces:/home/emir/install/custom_interfaces1:/home/emir/ros2_ws/install/turtlesim_catch_them_all:/home/emir/ros2_ws/install/my_py_pkg:/home/emir/install/my_py_pkg:/opt/ros/humble /usr/bin/cmake --install /home/emir/ros2_ws/build/my_robot_bringup
[6.059s] Level 1:colcon.colcon_core.environment:create_environment_scripts_only(my_robot_bringup)
[6.060s] Level 1:colcon.colcon_core.environment:checking '/home/emir/ros2_ws/install/my_robot_bringup' for CMake module files
[6.073s] DEBUG:colcon.colcon_core.event_handler.log_command:Invoked command in '/home/emir/ros2_ws/build/my_robot_bringup' returned '0': AMENT_PREFIX_PATH=/home/emir/ros2_ws/install/turtlesim_catch_them_all:/home/emir/ros2_ws/install/my_py_pkg:/home/emir/ros2_ws/install/my_robot_bringup:/home/emir/ros2_ws/install/my_cpp_pkg:/home/emir/ros2_ws/install/custom_interfaces1:/home/emir/install/my_robot_interfaces:/home/emir/install/my_py_pkg:/home/emir/install/my_cpp_pkg:/home/emir/install/custom_robot_interfaces:/home/emir/install/custom_interfaces1:/opt/ros/humble CMAKE_PREFIX_PATH=/home/emir/ros2_ws/install/my_cpp_pkg:/home/emir/ros2_ws/install/custom_interfaces1:/home/emir/ros2_ws/install/my_robot_bringup:/home/emir/install/my_robot_interfaces:/home/emir/install/my_cpp_pkg:/home/emir/install/custom_robot_interfaces:/home/emir/install/custom_interfaces1:/home/emir/ros2_ws/install/turtlesim_catch_them_all:/home/emir/ros2_ws/install/my_py_pkg:/home/emir/install/my_py_pkg:/opt/ros/humble /usr/bin/cmake --install /home/emir/ros2_ws/build/my_robot_bringup
[6.074s] Level 1:colcon.colcon_core.environment:checking '/home/emir/ros2_ws/install/my_robot_bringup' for CMake config files
[6.074s] Level 1:colcon.colcon_core.shell:create_environment_hook('my_robot_bringup', 'cmake_prefix_path')
[6.075s] INFO:colcon.colcon_core.shell:Creating environment hook '/home/emir/ros2_ws/install/my_robot_bringup/share/my_robot_bringup/hook/cmake_prefix_path.ps1'
[6.076s] INFO:colcon.colcon_core.shell:Creating environment descriptor '/home/emir/ros2_ws/install/my_robot_bringup/share/my_robot_bringup/hook/cmake_prefix_path.dsv'
[6.077s] INFO:colcon.colcon_core.shell:Creating environment hook '/home/emir/ros2_ws/install/my_robot_bringup/share/my_robot_bringup/hook/cmake_prefix_path.sh'
[6.078s] Level 1:colcon.colcon_core.environment:checking '/home/emir/ros2_ws/install/my_robot_bringup/bin'
[6.078s] Level 1:colcon.colcon_core.environment:checking '/home/emir/ros2_ws/install/my_robot_bringup/lib/pkgconfig/my_robot_bringup.pc'
[6.078s] Level 1:colcon.colcon_core.environment:checking '/home/emir/ros2_ws/install/my_robot_bringup/lib/python3.10/site-packages'
[6.079s] Level 1:colcon.colcon_core.environment:checking '/home/emir/ros2_ws/install/my_robot_bringup/bin'
[6.079s] INFO:colcon.colcon_core.shell:Creating package script '/home/emir/ros2_ws/install/my_robot_bringup/share/my_robot_bringup/package.ps1'
[6.080s] INFO:colcon.colcon_core.shell:Creating package descriptor '/home/emir/ros2_ws/install/my_robot_bringup/share/my_robot_bringup/package.dsv'
[6.081s] INFO:colcon.colcon_core.shell:Creating package script '/home/emir/ros2_ws/install/my_robot_bringup/share/my_robot_bringup/package.sh'
[6.082s] INFO:colcon.colcon_core.shell:Creating package script '/home/emir/ros2_ws/install/my_robot_bringup/share/my_robot_bringup/package.bash'
[6.082s] INFO:colcon.colcon_core.shell:Creating package script '/home/emir/ros2_ws/install/my_robot_bringup/share/my_robot_bringup/package.zsh'
[6.083s] Level 1:colcon.colcon_core.environment:create_file_with_runtime_dependencies(/home/emir/ros2_ws/install/my_robot_bringup/share/colcon-core/packages/my_robot_bringup)
[6.119s] Level 1:colcon.colcon_core.environment:create_environment_scripts_only(my_robot_bringup)
[6.120s] Level 1:colcon.colcon_core.environment:checking '/home/emir/ros2_ws/install/my_robot_bringup' for CMake module files
[6.120s] Level 1:colcon.colcon_core.environment:checking '/home/emir/ros2_ws/install/my_robot_bringup' for CMake config files
[6.121s] Level 1:colcon.colcon_core.shell:create_environment_hook('my_robot_bringup', 'cmake_prefix_path')
[6.121s] INFO:colcon.colcon_core.shell:Creating environment hook '/home/emir/ros2_ws/install/my_robot_bringup/share/my_robot_bringup/hook/cmake_prefix_path.ps1'
[6.122s] INFO:colcon.colcon_core.shell:Creating environment descriptor '/home/emir/ros2_ws/install/my_robot_bringup/share/my_robot_bringup/hook/cmake_prefix_path.dsv'
[6.123s] INFO:colcon.colcon_core.shell:Creating environment hook '/home/emir/ros2_ws/install/my_robot_bringup/share/my_robot_bringup/hook/cmake_prefix_path.sh'
[6.124s] Level 1:colcon.colcon_core.environment:checking '/home/emir/ros2_ws/install/my_robot_bringup/bin'
[6.125s] Level 1:colcon.colcon_core.environment:checking '/home/emir/ros2_ws/install/my_robot_bringup/lib/pkgconfig/my_robot_bringup.pc'
[6.125s] Level 1:colcon.colcon_core.environment:checking '/home/emir/ros2_ws/install/my_robot_bringup/lib/python3.10/site-packages'
[6.125s] Level 1:colcon.colcon_core.environment:checking '/home/emir/ros2_ws/install/my_robot_bringup/bin'
[6.126s] INFO:colcon.colcon_core.shell:Creating package script '/home/emir/ros2_ws/install/my_robot_bringup/share/my_robot_bringup/package.ps1'
[6.127s] INFO:colcon.colcon_core.shell:Creating package descriptor '/home/emir/ros2_ws/install/my_robot_bringup/share/my_robot_bringup/package.dsv'
[6.128s] INFO:colcon.colcon_core.shell:Creating package script '/home/emir/ros2_ws/install/my_robot_bringup/share/my_robot_bringup/package.sh'
[6.129s] INFO:colcon.colcon_core.shell:Creating package script '/home/emir/ros2_ws/install/my_robot_bringup/share/my_robot_bringup/package.bash'
[6.130s] INFO:colcon.colcon_core.shell:Creating package script '/home/emir/ros2_ws/install/my_robot_bringup/share/my_robot_bringup/package.zsh'
[6.132s] Level 1:colcon.colcon_core.environment:create_file_with_runtime_dependencies(/home/emir/ros2_ws/install/my_robot_bringup/share/colcon-core/packages/my_robot_bringup)
[6.133s] DEBUG:colcon.colcon_parallel_executor.executor.parallel:closing loop
[6.134s] DEBUG:colcon.colcon_parallel_executor.executor.parallel:loop closed
[6.134s] DEBUG:colcon.colcon_parallel_executor.executor.parallel:run_until_complete finished with '0'
[6.134s] DEBUG:colcon.colcon_core.event_reactor:joining thread
[6.143s] INFO:colcon.colcon_core.plugin_system:Skipping extension 'colcon_notification.desktop_notification.terminal_notifier': Not used on non-Darwin systems
[6.143s] INFO:colcon.colcon_core.plugin_system:Skipping extension 'colcon_notification.desktop_notification.win32': Not used on non-Windows systems
[6.143s] INFO:colcon.colcon_notification.desktop_notification:Sending desktop notification using 'notify2'
[6.164s] DEBUG:colcon.colcon_core.event_reactor:joined thread
[6.165s] INFO:colcon.colcon_core.shell:Creating prefix script '/home/emir/ros2_ws/install/local_setup.ps1'
[6.167s] INFO:colcon.colcon_core.shell:Creating prefix util module '/home/emir/ros2_ws/install/_local_setup_util_ps1.py'
[6.170s] INFO:colcon.colcon_core.shell:Creating prefix chain script '/home/emir/ros2_ws/install/setup.ps1'
[6.172s] INFO:colcon.colcon_core.shell:Creating prefix script '/home/emir/ros2_ws/install/local_setup.sh'
[6.173s] INFO:colcon.colcon_core.shell:Creating prefix util module '/home/emir/ros2_ws/install/_local_setup_util_sh.py'
[6.174s] INFO:colcon.colcon_core.shell:Creating prefix chain script '/home/emir/ros2_ws/install/setup.sh'
[6.177s] INFO:colcon.colcon_core.shell:Creating prefix script '/home/emir/ros2_ws/install/local_setup.bash'
[6.177s] INFO:colcon.colcon_core.shell:Creating prefix chain script '/home/emir/ros2_ws/install/setup.bash'
[6.180s] INFO:colcon.colcon_core.shell:Creating prefix script '/home/emir/ros2_ws/install/local_setup.zsh'
[6.181s] INFO:colcon.colcon_core.shell:Creating prefix chain script '/home/emir/ros2_ws/install/setup.zsh'
