[0.664s] Invoking command in '/home/emir/ros2_ws/build/my_py_pkg': PYTHONPATH=/home/emir/ros2_ws/build/my_py_pkg/prefix_override:/home/emir/ros2_ws/install/my_py_pkg/lib/python3.10/site-packages:${PYTHONPATH} /usr/bin/python3 -W ignore:setup.py install is deprecated setup.py develop --editable --build-directory /home/emir/ros2_ws/build/my_py_pkg/build --no-deps symlink_data
[0.992s] running develop
[0.992s] /usr/lib/python3/dist-packages/setuptools/command/easy_install.py:158: EasyInstallDeprecationWarning: easy_install command is deprecated. Use build and pip and other standards-based tools.
[0.992s]   warnings.warn(
[1.175s] running egg_info
[1.176s] writing my_py_pkg.egg-info/PKG-INFO
[1.176s] writing dependency_links to my_py_pkg.egg-info/dependency_links.txt
[1.177s] writing entry points to my_py_pkg.egg-info/entry_points.txt
[1.177s] writing requirements to my_py_pkg.egg-info/requires.txt
[1.178s] writing top-level names to my_py_pkg.egg-info/top_level.txt
[1.179s] reading manifest file 'my_py_pkg.egg-info/SOURCES.txt'
[1.181s] writing manifest file 'my_py_pkg.egg-info/SOURCES.txt'
[1.182s] running build_ext
[1.183s] Creating /home/emir/ros2_ws/install/my_py_pkg/lib/python3.10/site-packages/my-py-pkg.egg-link (link to .)
[1.184s] Installing add_two_ints_client_no_oop script to /home/emir/ros2_ws/install/my_py_pkg/lib/my_py_pkg
[1.184s] Installing add_two_ints_server script to /home/emir/ros2_ws/install/my_py_pkg/lib/my_py_pkg
[1.185s] Installing py_node script to /home/emir/ros2_ws/install/my_py_pkg/lib/my_py_pkg
[1.185s] Installing robot_news_station script to /home/emir/ros2_ws/install/my_py_pkg/lib/my_py_pkg
[1.185s] Installing smartphone script to /home/emir/ros2_ws/install/my_py_pkg/lib/my_py_pkg
[1.185s] 
[1.185s] Installed /home/emir/ros2_ws/build/my_py_pkg
[1.186s] running symlink_data
[1.213s] Invoked command in '/home/emir/ros2_ws/build/my_py_pkg' returned '0': PYTHONPATH=/home/emir/ros2_ws/build/my_py_pkg/prefix_override:/home/emir/ros2_ws/install/my_py_pkg/lib/python3.10/site-packages:${PYTHONPATH} /usr/bin/python3 -W ignore:setup.py install is deprecated setup.py develop --editable --build-directory /home/emir/ros2_ws/build/my_py_pkg/build --no-deps symlink_data
