[0.007s] Invoking command in '/home/emir/ros2_ws/build/custom_interfaces1': /usr/bin/cmake /home/emir/ros2_ws/src/custom_interfaces1 -DCMAKE_INSTALL_PREFIX=/home/emir/ros2_ws/install/custom_interfaces1
[0.472s] -- The C compiler identification is GNU 11.4.0
[0.574s] -- The CXX compiler identification is GNU 11.4.0
[0.584s] -- Detecting C compiler ABI info
[0.683s] -- Detecting C compiler ABI info - done
[0.689s] -- Check for working C compiler: /usr/bin/cc - skipped
[0.690s] -- Detecting C compile features
[0.702s] -- Detecting C compile features - done
[0.706s] -- Detecting CXX compiler ABI info
[0.792s] -- Detecting CXX compiler ABI info - done
[0.798s] -- Check for working CXX compiler: /usr/bin/c++ - skipped
[0.798s] -- Detecting CXX compile features
[0.798s] -- Detecting CXX compile features - done
[0.826s] -- Found ament_cmake: 1.3.10 (/opt/ros/humble/share/ament_cmake/cmake)
[1.001s] -- Found Python3: /usr/bin/python3 (found version "3.10.12") found components: Interpreter 
[1.122s] -- Found geometry_msgs: 4.2.4 (/opt/ros/humble/share/geometry_msgs/cmake)
[1.234s] -- Found rosidl_generator_c: 3.1.5 (/opt/ros/humble/share/rosidl_generator_c/cmake)
[1.237s] -- Found rosidl_adapter: 3.1.5 (/opt/ros/humble/share/rosidl_adapter/cmake)
[1.244s] -- Found rosidl_generator_cpp: 3.1.5 (/opt/ros/humble/share/rosidl_generator_cpp/cmake)
[1.269s] -- Using all available rosidl_typesupport_c: rosidl_typesupport_fastrtps_c;rosidl_typesupport_introspection_c
[1.285s] -- Using all available rosidl_typesupport_cpp: rosidl_typesupport_fastrtps_cpp;rosidl_typesupport_introspection_cpp
[1.365s] -- Found rosidl_default_generators: 1.2.0 (/opt/ros/humble/share/rosidl_default_generators/cmake)
[1.391s] [31mCMake Error at CMakeLists.txt:13 (rosidl_generate_interfaces):
[1.391s]   Syntax error in cmake code at
[1.391s] 
[1.392s]     /home/emir/ros2_ws/src/custom_interfaces1/CMakeLists.txt:13
[1.392s] 
[1.392s]   when parsing string
[1.392s] 
[1.392s]     ${PROJECT
[1.392s] 
[1.392s]   There is an unterminated variable reference.
[1.392s] 
[1.392s] [0m
[1.392s] -- Configuring incomplete, errors occurred!
[1.392s] See also "/home/emir/ros2_ws/build/custom_interfaces1/CMakeFiles/CMakeOutput.log".
[1.398s] Invoked command in '/home/emir/ros2_ws/build/custom_interfaces1' returned '1': /usr/bin/cmake /home/emir/ros2_ws/src/custom_interfaces1 -DCMAKE_INSTALL_PREFIX=/home/emir/ros2_ws/install/custom_interfaces1
