[0.010s] Invoking command in '/home/emir/ros2_ws/build/custom_interfaces1': CMAKE_PREFIX_PATH=${CMAKE_PREFIX_PATH}:/home/emir/ros2_ws/install/my_py_pkg:/opt/ros/humble /usr/bin/cmake --build /home/emir/ros2_ws/build/custom_interfaces1 -- -j5 -l5
[0.152s] [35m[1mConsolidate compiler generated dependencies of target custom_interfaces1__rosidl_generator_c[0m
[0.163s] [  3%] Built target custom_interfaces1__cpp
[0.166s] [ 12%] Built target custom_interfaces1__rosidl_generator_c
[0.171s] [ 12%] Built target ament_cmake_python_symlink_custom_interfaces1
[0.192s] [35m[1mConsolidate compiler generated dependencies of target custom_interfaces1__rosidl_typesupport_cpp[0m
[0.195s] [35m[1mConsolidate compiler generated dependencies of target custom_interfaces1__rosidl_typesupport_fastrtps_c[0m
[0.195s] [35m[1mConsolidate compiler generated dependencies of target custom_interfaces1__rosidl_typesupport_introspection_cpp[0m
[0.195s] [35m[1mConsolidate compiler generated dependencies of target custom_interfaces1__rosidl_typesupport_fastrtps_cpp[0m
[0.202s] [35m[1mConsolidate compiler generated dependencies of target custom_interfaces1__rosidl_typesupport_introspection_c[0m
[0.208s] [ 22%] Built target custom_interfaces1__rosidl_typesupport_fastrtps_c
[0.208s] [ 32%] Built target custom_interfaces1__rosidl_typesupport_fastrtps_cpp
[0.209s] [ 41%] Built target custom_interfaces1__rosidl_typesupport_introspection_cpp
[0.215s] [ 51%] Built target custom_interfaces1__rosidl_typesupport_cpp
[0.220s] [ 61%] Built target custom_interfaces1__rosidl_typesupport_introspection_c
[0.220s] [35m[1mConsolidate compiler generated dependencies of target custom_interfaces1__rosidl_typesupport_c[0m
[0.232s] [ 70%] Built target custom_interfaces1__rosidl_typesupport_c
[0.253s] [ 70%] Built target custom_interfaces1
[0.274s] [ 74%] Built target custom_interfaces1__py
[0.285s] [35m[1mConsolidate compiler generated dependencies of target custom_interfaces1__rosidl_generator_py[0m
[0.296s] [ 80%] Built target custom_interfaces1__rosidl_generator_py
[0.310s] [35m[1mConsolidate compiler generated dependencies of target custom_interfaces1__rosidl_typesupport_introspection_c__pyext[0m
[0.311s] [35m[1mConsolidate compiler generated dependencies of target custom_interfaces1__rosidl_typesupport_c__pyext[0m
[0.313s] [35m[1mConsolidate compiler generated dependencies of target custom_interfaces1__rosidl_typesupport_fastrtps_c__pyext[0m
[0.321s] [ 87%] Built target custom_interfaces1__rosidl_typesupport_introspection_c__pyext
[0.324s] [ 93%] Built target custom_interfaces1__rosidl_typesupport_c__pyext
[0.324s] [100%] Built target custom_interfaces1__rosidl_typesupport_fastrtps_c__pyext
[0.440s] running egg_info
[0.441s] writing custom_interfaces1.egg-info/PKG-INFO
[0.441s] writing dependency_links to custom_interfaces1.egg-info/dependency_links.txt
[0.441s] writing top-level names to custom_interfaces1.egg-info/top_level.txt
[0.443s] reading manifest file 'custom_interfaces1.egg-info/SOURCES.txt'
[0.443s] writing manifest file 'custom_interfaces1.egg-info/SOURCES.txt'
[0.466s] [100%] Built target ament_cmake_python_build_custom_interfaces1_egg
[0.479s] Invoked command in '/home/emir/ros2_ws/build/custom_interfaces1' returned '0': CMAKE_PREFIX_PATH=${CMAKE_PREFIX_PATH}:/home/emir/ros2_ws/install/my_py_pkg:/opt/ros/humble /usr/bin/cmake --build /home/emir/ros2_ws/build/custom_interfaces1 -- -j5 -l5
[0.541s] Invoking command in '/home/emir/ros2_ws/build/custom_interfaces1': CMAKE_PREFIX_PATH=${CMAKE_PREFIX_PATH}:/home/emir/ros2_ws/install/my_py_pkg:/opt/ros/humble /usr/bin/cmake --install /home/emir/ros2_ws/build/custom_interfaces1
[0.549s] -- Install configuration: ""
[0.549s] -- Execute custom install script
[0.549s] -- Up-to-date symlink: /home/emir/ros2_ws/install/custom_interfaces1/share/ament_index/resource_index/rosidl_interfaces/custom_interfaces1
[0.549s] -- Up-to-date symlink: /home/emir/ros2_ws/install/custom_interfaces1/include/custom_interfaces1/custom_interfaces1/msg/detail/led_state_array__functions.h
[0.549s] -- Up-to-date symlink: /home/emir/ros2_ws/install/custom_interfaces1/include/custom_interfaces1/custom_interfaces1/msg/detail/led_state_array__struct.h
[0.549s] -- Up-to-date symlink: /home/emir/ros2_ws/install/custom_interfaces1/include/custom_interfaces1/custom_interfaces1/msg/detail/led_state_array__type_support.h
[0.549s] -- Up-to-date symlink: /home/emir/ros2_ws/install/custom_interfaces1/include/custom_interfaces1/custom_interfaces1/msg/detail/target_coordinates__functions.h
[0.549s] -- Up-to-date symlink: /home/emir/ros2_ws/install/custom_interfaces1/include/custom_interfaces1/custom_interfaces1/msg/detail/target_coordinates__struct.h
[0.550s] -- Up-to-date symlink: /home/emir/ros2_ws/install/custom_interfaces1/include/custom_interfaces1/custom_interfaces1/msg/detail/target_coordinates__type_support.h
[0.550s] -- Up-to-date symlink: /home/emir/ros2_ws/install/custom_interfaces1/include/custom_interfaces1/custom_interfaces1/msg/led_state_array.h
[0.550s] -- Up-to-date symlink: /home/emir/ros2_ws/install/custom_interfaces1/include/custom_interfaces1/custom_interfaces1/msg/rosidl_generator_c__visibility_control.h
[0.550s] -- Up-to-date symlink: /home/emir/ros2_ws/install/custom_interfaces1/include/custom_interfaces1/custom_interfaces1/msg/target_coordinates.h
[0.550s] -- Up-to-date symlink: /home/emir/ros2_ws/install/custom_interfaces1/share/custom_interfaces1/environment/library_path.sh
[0.550s] -- Up-to-date symlink: /home/emir/ros2_ws/install/custom_interfaces1/share/custom_interfaces1/environment/library_path.dsv
[0.550s] -- Up-to-date symlink: /home/emir/ros2_ws/install/custom_interfaces1/include/custom_interfaces1/custom_interfaces1/msg/detail/target_coordinates__rosidl_typesupport_fastrtps_c.h
[0.550s] -- Up-to-date symlink: /home/emir/ros2_ws/install/custom_interfaces1/include/custom_interfaces1/custom_interfaces1/msg/rosidl_typesupport_fastrtps_c__visibility_control.h
[0.551s] -- Up-to-date symlink: /home/emir/ros2_ws/install/custom_interfaces1/include/custom_interfaces1/custom_interfaces1/msg/detail/led_state_array__builder.hpp
[0.551s] -- Up-to-date symlink: /home/emir/ros2_ws/install/custom_interfaces1/include/custom_interfaces1/custom_interfaces1/msg/detail/led_state_array__struct.hpp
[0.551s] -- Up-to-date symlink: /home/emir/ros2_ws/install/custom_interfaces1/include/custom_interfaces1/custom_interfaces1/msg/detail/led_state_array__traits.hpp
[0.551s] -- Up-to-date symlink: /home/emir/ros2_ws/install/custom_interfaces1/include/custom_interfaces1/custom_interfaces1/msg/detail/target_coordinates__builder.hpp
[0.551s] -- Up-to-date symlink: /home/emir/ros2_ws/install/custom_interfaces1/include/custom_interfaces1/custom_interfaces1/msg/detail/target_coordinates__struct.hpp
[0.551s] -- Up-to-date symlink: /home/emir/ros2_ws/install/custom_interfaces1/include/custom_interfaces1/custom_interfaces1/msg/detail/target_coordinates__traits.hpp
[0.552s] -- Up-to-date symlink: /home/emir/ros2_ws/install/custom_interfaces1/include/custom_interfaces1/custom_interfaces1/msg/led_state_array.hpp
[0.552s] -- Up-to-date symlink: /home/emir/ros2_ws/install/custom_interfaces1/include/custom_interfaces1/custom_interfaces1/msg/target_coordinates.hpp
[0.552s] -- Up-to-date symlink: /home/emir/ros2_ws/install/custom_interfaces1/include/custom_interfaces1/custom_interfaces1/msg/detail/led_state_array__rosidl_typesupport_fastrtps_cpp.hpp
[0.552s] -- Up-to-date symlink: /home/emir/ros2_ws/install/custom_interfaces1/include/custom_interfaces1/custom_interfaces1/msg/detail/target_coordinates__rosidl_typesupport_fastrtps_cpp.hpp
[0.552s] -- Up-to-date symlink: /home/emir/ros2_ws/install/custom_interfaces1/include/custom_interfaces1/custom_interfaces1/msg/rosidl_typesupport_fastrtps_cpp__visibility_control.h
[0.552s] -- Up-to-date symlink: /home/emir/ros2_ws/install/custom_interfaces1/include/custom_interfaces1/custom_interfaces1/msg/detail/led_state_array__rosidl_typesupport_introspection_c.h
[0.553s] -- Up-to-date symlink: /home/emir/ros2_ws/install/custom_interfaces1/include/custom_interfaces1/custom_interfaces1/msg/detail/target_coordinates__rosidl_typesupport_introspection_c.h
[0.553s] -- Up-to-date symlink: /home/emir/ros2_ws/install/custom_interfaces1/include/custom_interfaces1/custom_interfaces1/msg/rosidl_typesupport_introspection_c__visibility_control.h
[0.553s] -- Up-to-date symlink: /home/emir/ros2_ws/install/custom_interfaces1/include/custom_interfaces1/custom_interfaces1/msg/detail/target_coordinates__rosidl_typesupport_introspection_cpp.hpp
[0.553s] -- Up-to-date symlink: /home/emir/ros2_ws/install/custom_interfaces1/share/custom_interfaces1/environment/pythonpath.sh
[0.553s] -- Up-to-date symlink: /home/emir/ros2_ws/install/custom_interfaces1/share/custom_interfaces1/environment/pythonpath.dsv
[0.553s] -- Up-to-date symlink: /home/emir/ros2_ws/install/custom_interfaces1/local/lib/python3.10/dist-packages/custom_interfaces1-0.0.0-py3.10.egg-info/PKG-INFO
[0.554s] -- Up-to-date symlink: /home/emir/ros2_ws/install/custom_interfaces1/local/lib/python3.10/dist-packages/custom_interfaces1-0.0.0-py3.10.egg-info/SOURCES.txt
[0.554s] -- Up-to-date symlink: /home/emir/ros2_ws/install/custom_interfaces1/local/lib/python3.10/dist-packages/custom_interfaces1-0.0.0-py3.10.egg-info/dependency_links.txt
[0.554s] -- Up-to-date symlink: /home/emir/ros2_ws/install/custom_interfaces1/local/lib/python3.10/dist-packages/custom_interfaces1-0.0.0-py3.10.egg-info/top_level.txt
[0.554s] -- Up-to-date symlink: /home/emir/ros2_ws/install/custom_interfaces1/local/lib/python3.10/dist-packages/custom_interfaces1/__init__.py
[0.554s] -- Up-to-date symlink: /home/emir/ros2_ws/install/custom_interfaces1/local/lib/python3.10/dist-packages/custom_interfaces1/_custom_interfaces1_s.ep.rosidl_typesupport_c.c
[0.555s] -- Up-to-date symlink: /home/emir/ros2_ws/install/custom_interfaces1/local/lib/python3.10/dist-packages/custom_interfaces1/_custom_interfaces1_s.ep.rosidl_typesupport_fastrtps_c.c
[0.555s] -- Up-to-date symlink: /home/emir/ros2_ws/install/custom_interfaces1/local/lib/python3.10/dist-packages/custom_interfaces1/_custom_interfaces1_s.ep.rosidl_typesupport_introspection_c.c
[0.555s] -- Up-to-date symlink: /home/emir/ros2_ws/install/custom_interfaces1/local/lib/python3.10/dist-packages/custom_interfaces1/custom_interfaces1_s__rosidl_typesupport_c.cpython-310-x86_64-linux-gnu.so
[0.555s] -- Up-to-date symlink: /home/emir/ros2_ws/install/custom_interfaces1/local/lib/python3.10/dist-packages/custom_interfaces1/custom_interfaces1_s__rosidl_typesupport_fastrtps_c.cpython-310-x86_64-linux-gnu.so
[0.555s] -- Up-to-date symlink: /home/emir/ros2_ws/install/custom_interfaces1/local/lib/python3.10/dist-packages/custom_interfaces1/custom_interfaces1_s__rosidl_typesupport_introspection_c.cpython-310-x86_64-linux-gnu.so
[0.555s] -- Up-to-date symlink: /home/emir/ros2_ws/install/custom_interfaces1/local/lib/python3.10/dist-packages/custom_interfaces1/libcustom_interfaces1__rosidl_generator_py.so
[0.555s] -- Up-to-date symlink: /home/emir/ros2_ws/install/custom_interfaces1/local/lib/python3.10/dist-packages/custom_interfaces1/msg/__init__.py
[0.555s] -- Up-to-date symlink: /home/emir/ros2_ws/install/custom_interfaces1/local/lib/python3.10/dist-packages/custom_interfaces1/msg/_target_coordinates.py
[0.555s] -- Up-to-date symlink: /home/emir/ros2_ws/install/custom_interfaces1/local/lib/python3.10/dist-packages/custom_interfaces1/msg/_target_coordinates_s.c
[0.556s] -- Up-to-date symlink: /home/emir/ros2_ws/install/custom_interfaces1/local/lib/python3.10/dist-packages/custom_interfaces1/custom_interfaces1_s__rosidl_typesupport_fastrtps_c.cpython-310-x86_64-linux-gnu.so
[0.556s] -- Up-to-date symlink: /home/emir/ros2_ws/install/custom_interfaces1/local/lib/python3.10/dist-packages/custom_interfaces1/custom_interfaces1_s__rosidl_typesupport_introspection_c.cpython-310-x86_64-linux-gnu.so
[0.556s] -- Up-to-date symlink: /home/emir/ros2_ws/install/custom_interfaces1/local/lib/python3.10/dist-packages/custom_interfaces1/custom_interfaces1_s__rosidl_typesupport_c.cpython-310-x86_64-linux-gnu.so
[0.556s] -- Up-to-date symlink: /home/emir/ros2_ws/install/custom_interfaces1/share/custom_interfaces1/msg/TargetCoordinates.idl
[0.556s] -- Up-to-date symlink: /home/emir/ros2_ws/install/custom_interfaces1/share/custom_interfaces1/msg/TargetCoordinates.msg
[0.556s] -- Up-to-date symlink: /home/emir/ros2_ws/install/custom_interfaces1/share/ament_index/resource_index/package_run_dependencies/custom_interfaces1
[0.556s] -- Up-to-date symlink: /home/emir/ros2_ws/install/custom_interfaces1/share/ament_index/resource_index/parent_prefix_path/custom_interfaces1
[0.557s] -- Up-to-date symlink: /home/emir/ros2_ws/install/custom_interfaces1/share/custom_interfaces1/environment/ament_prefix_path.sh
[0.557s] -- Up-to-date symlink: /home/emir/ros2_ws/install/custom_interfaces1/share/custom_interfaces1/environment/ament_prefix_path.dsv
[0.557s] -- Up-to-date symlink: /home/emir/ros2_ws/install/custom_interfaces1/share/custom_interfaces1/environment/path.sh
[0.557s] -- Up-to-date symlink: /home/emir/ros2_ws/install/custom_interfaces1/share/custom_interfaces1/environment/path.dsv
[0.557s] -- Up-to-date symlink: /home/emir/ros2_ws/install/custom_interfaces1/share/custom_interfaces1/local_setup.bash
[0.557s] -- Up-to-date symlink: /home/emir/ros2_ws/install/custom_interfaces1/share/custom_interfaces1/local_setup.sh
[0.558s] -- Up-to-date symlink: /home/emir/ros2_ws/install/custom_interfaces1/share/custom_interfaces1/local_setup.zsh
[0.558s] -- Up-to-date symlink: /home/emir/ros2_ws/install/custom_interfaces1/share/custom_interfaces1/local_setup.dsv
[0.558s] -- Symlinking: /home/emir/ros2_ws/install/custom_interfaces1/share/custom_interfaces1/package.dsv
[0.567s] -- Up-to-date symlink: /home/emir/ros2_ws/install/custom_interfaces1/share/ament_index/resource_index/packages/custom_interfaces1
[0.567s] -- Up-to-date symlink: /home/emir/ros2_ws/install/custom_interfaces1/share/custom_interfaces1/cmake/rosidl_cmake-extras.cmake
[0.567s] -- Up-to-date symlink: /home/emir/ros2_ws/install/custom_interfaces1/share/custom_interfaces1/cmake/ament_cmake_export_dependencies-extras.cmake
[0.567s] -- Up-to-date symlink: /home/emir/ros2_ws/install/custom_interfaces1/share/custom_interfaces1/cmake/ament_cmake_export_include_directories-extras.cmake
[0.568s] -- Up-to-date symlink: /home/emir/ros2_ws/install/custom_interfaces1/share/custom_interfaces1/cmake/ament_cmake_export_libraries-extras.cmake
[0.568s] -- Up-to-date symlink: /home/emir/ros2_ws/install/custom_interfaces1/share/custom_interfaces1/cmake/ament_cmake_export_targets-extras.cmake
[0.570s] -- Up-to-date symlink: /home/emir/ros2_ws/install/custom_interfaces1/share/custom_interfaces1/cmake/rosidl_cmake_export_typesupport_targets-extras.cmake
[0.570s] -- Up-to-date symlink: /home/emir/ros2_ws/install/custom_interfaces1/share/custom_interfaces1/cmake/rosidl_cmake_export_typesupport_libraries-extras.cmake
[0.570s] -- Up-to-date symlink: /home/emir/ros2_ws/install/custom_interfaces1/share/custom_interfaces1/cmake/custom_interfaces1Config.cmake
[0.570s] -- Up-to-date symlink: /home/emir/ros2_ws/install/custom_interfaces1/share/custom_interfaces1/cmake/custom_interfaces1Config-version.cmake
[0.570s] -- Up-to-date symlink: /home/emir/ros2_ws/install/custom_interfaces1/share/custom_interfaces1/package.xml
[0.570s] -- Up-to-date: /home/emir/ros2_ws/install/custom_interfaces1/lib/libcustom_interfaces1__rosidl_generator_c.so
[0.570s] -- Up-to-date: /home/emir/ros2_ws/install/custom_interfaces1/lib/libcustom_interfaces1__rosidl_typesupport_fastrtps_c.so
[0.570s] -- Up-to-date: /home/emir/ros2_ws/install/custom_interfaces1/lib/libcustom_interfaces1__rosidl_typesupport_fastrtps_cpp.so
[0.570s] -- Up-to-date: /home/emir/ros2_ws/install/custom_interfaces1/lib/libcustom_interfaces1__rosidl_typesupport_introspection_c.so
[0.570s] -- Up-to-date: /home/emir/ros2_ws/install/custom_interfaces1/lib/libcustom_interfaces1__rosidl_typesupport_c.so
[0.570s] -- Up-to-date: /home/emir/ros2_ws/install/custom_interfaces1/lib/libcustom_interfaces1__rosidl_typesupport_introspection_cpp.so
[0.570s] -- Up-to-date: /home/emir/ros2_ws/install/custom_interfaces1/lib/libcustom_interfaces1__rosidl_typesupport_cpp.so
[0.601s] Listing '/home/emir/ros2_ws/install/custom_interfaces1/local/lib/python3.10/dist-packages/custom_interfaces1'...
[0.601s] Listing '/home/emir/ros2_ws/install/custom_interfaces1/local/lib/python3.10/dist-packages/custom_interfaces1/msg'...
[0.605s] -- Up-to-date: /home/emir/ros2_ws/install/custom_interfaces1/lib/libcustom_interfaces1__rosidl_generator_py.so
[0.606s] -- Up-to-date: /home/emir/ros2_ws/install/custom_interfaces1/share/custom_interfaces1/cmake/export_custom_interfaces1__rosidl_generator_cExport.cmake
[0.606s] -- Up-to-date: /home/emir/ros2_ws/install/custom_interfaces1/share/custom_interfaces1/cmake/export_custom_interfaces1__rosidl_generator_cExport-noconfig.cmake
[0.606s] -- Up-to-date: /home/emir/ros2_ws/install/custom_interfaces1/share/custom_interfaces1/cmake/export_custom_interfaces1__rosidl_typesupport_fastrtps_cExport.cmake
[0.606s] -- Up-to-date: /home/emir/ros2_ws/install/custom_interfaces1/share/custom_interfaces1/cmake/export_custom_interfaces1__rosidl_typesupport_fastrtps_cExport-noconfig.cmake
[0.606s] -- Up-to-date: /home/emir/ros2_ws/install/custom_interfaces1/share/custom_interfaces1/cmake/export_custom_interfaces1__rosidl_generator_cppExport.cmake
[0.606s] -- Up-to-date: /home/emir/ros2_ws/install/custom_interfaces1/share/custom_interfaces1/cmake/export_custom_interfaces1__rosidl_typesupport_fastrtps_cppExport.cmake
[0.607s] -- Up-to-date: /home/emir/ros2_ws/install/custom_interfaces1/share/custom_interfaces1/cmake/export_custom_interfaces1__rosidl_typesupport_fastrtps_cppExport-noconfig.cmake
[0.607s] -- Up-to-date: /home/emir/ros2_ws/install/custom_interfaces1/share/custom_interfaces1/cmake/custom_interfaces1__rosidl_typesupport_introspection_cExport.cmake
[0.607s] -- Up-to-date: /home/emir/ros2_ws/install/custom_interfaces1/share/custom_interfaces1/cmake/custom_interfaces1__rosidl_typesupport_introspection_cExport-noconfig.cmake
[0.607s] -- Up-to-date: /home/emir/ros2_ws/install/custom_interfaces1/share/custom_interfaces1/cmake/custom_interfaces1__rosidl_typesupport_cExport.cmake
[0.607s] -- Up-to-date: /home/emir/ros2_ws/install/custom_interfaces1/share/custom_interfaces1/cmake/custom_interfaces1__rosidl_typesupport_cExport-noconfig.cmake
[0.607s] -- Up-to-date: /home/emir/ros2_ws/install/custom_interfaces1/share/custom_interfaces1/cmake/custom_interfaces1__rosidl_typesupport_introspection_cppExport.cmake
[0.608s] -- Up-to-date: /home/emir/ros2_ws/install/custom_interfaces1/share/custom_interfaces1/cmake/custom_interfaces1__rosidl_typesupport_introspection_cppExport-noconfig.cmake
[0.608s] -- Up-to-date: /home/emir/ros2_ws/install/custom_interfaces1/share/custom_interfaces1/cmake/custom_interfaces1__rosidl_typesupport_cppExport.cmake
[0.608s] -- Up-to-date: /home/emir/ros2_ws/install/custom_interfaces1/share/custom_interfaces1/cmake/custom_interfaces1__rosidl_typesupport_cppExport-noconfig.cmake
[0.608s] -- Up-to-date: /home/emir/ros2_ws/install/custom_interfaces1/share/custom_interfaces1/cmake/export_custom_interfaces1__rosidl_generator_pyExport.cmake
[0.608s] -- Up-to-date: /home/emir/ros2_ws/install/custom_interfaces1/share/custom_interfaces1/cmake/export_custom_interfaces1__rosidl_generator_pyExport-noconfig.cmake
[0.612s] Invoked command in '/home/emir/ros2_ws/build/custom_interfaces1' returned '0': CMAKE_PREFIX_PATH=${CMAKE_PREFIX_PATH}:/home/emir/ros2_ws/install/my_py_pkg:/opt/ros/humble /usr/bin/cmake --install /home/emir/ros2_ws/build/custom_interfaces1
