[0.046s] Invoking command in '/home/emir/ros2_ws/build/custom_interfaces1': CMAKE_PREFIX_PATH=${CMAKE_PREFIX_PATH}:/home/emir/ros2_ws/install/turtlesim_catch_them_all:/home/emir/ros2_ws/install/my_py_pkg:/home/emir/install/my_py_pkg:/opt/ros/humble /usr/bin/cmake --build /home/emir/ros2_ws/build/custom_interfaces1 -- -j5 -l5
[0.922s] -- Found ament_cmake: 1.3.10 (/opt/ros/humble/share/ament_cmake/cmake)
[1.203s] -- Override CMake install command with custom implementation using symlinks instead of copying resources
[1.458s] -- Found geometry_msgs: 4.2.4 (/opt/ros/humble/share/geometry_msgs/cmake)
[1.783s] -- Found rosidl_generator_c: 3.1.5 (/opt/ros/humble/share/rosidl_generator_c/cmake)
[1.801s] -- Found rosidl_adapter: 3.1.5 (/opt/ros/humble/share/rosidl_adapter/cmake)
[1.814s] -- Found rosidl_generator_cpp: 3.1.5 (/opt/ros/humble/share/rosidl_generator_cpp/cmake)
[1.860s] -- Using all available rosidl_typesupport_c: rosidl_typesupport_fastrtps_c;rosidl_typesupport_introspection_c
[1.949s] -- Using all available rosidl_typesupport_cpp: rosidl_typesupport_fastrtps_cpp;rosidl_typesupport_introspection_cpp
[2.030s] -- Found rosidl_default_generators: 1.2.0 (/opt/ros/humble/share/rosidl_default_generators/cmake)
[2.585s] -- Found ament_cmake_ros: 0.10.0 (/opt/ros/humble/share/ament_cmake_ros/cmake)
[3.064s] -- Using all available rosidl_typesupport_c: rosidl_typesupport_fastrtps_c;rosidl_typesupport_introspection_c
[3.227s] -- Using all available rosidl_typesupport_cpp: rosidl_typesupport_fastrtps_cpp;rosidl_typesupport_introspection_cpp
[3.260s] -- Found python_cmake_module: 0.10.0 (/opt/ros/humble/share/python_cmake_module/cmake)
[3.352s] -- Using PYTHON_EXECUTABLE: /usr/bin/python3
[3.352s] -- Using PYTHON_INCLUDE_DIRS: /usr/include/python3.10
[3.352s] -- Using PYTHON_LIBRARIES: /usr/lib/x86_64-linux-gnu/libpython3.10.so
[3.448s] -- Configuring done
[3.691s] -- Generating done
[3.696s] -- Build files have been written to: /home/emir/ros2_ws/build/custom_interfaces1
[3.719s] [  1%] [34m[1mGenerating C code for ROS interfaces[0m
[3.729s] [  3%] [34m[1mGenerating C++ code for ROS interfaces[0m
[3.738s] [  3%] Built target ament_cmake_python_symlink_custom_interfaces1
[4.033s] running egg_info
[4.033s] writing custom_interfaces1.egg-info/PKG-INFO
[4.033s] writing dependency_links to custom_interfaces1.egg-info/dependency_links.txt
[4.033s] writing top-level names to custom_interfaces1.egg-info/top_level.txt
[4.051s] reading manifest file 'custom_interfaces1.egg-info/SOURCES.txt'
[4.072s] writing manifest file 'custom_interfaces1.egg-info/SOURCES.txt'
[4.098s] [  3%] Built target ament_cmake_python_build_custom_interfaces1_egg
[4.314s] [  3%] Built target custom_interfaces1__cpp
[4.324s] [  4%] [34m[1mGenerating C++ introspection for ROS interfaces[0m
[4.361s] [  6%] [34m[1mGenerating C++ type support dispatch for ROS interfaces[0m
[4.374s] [  7%] [34m[1mGenerating C++ type support for eProsima Fast-RTPS[0m
[4.416s] [35m[1mConsolidate compiler generated dependencies of target custom_interfaces1__rosidl_generator_c[0m
[4.506s] [  9%] [32mBuilding C object CMakeFiles/custom_interfaces1__rosidl_generator_c.dir/rosidl_generator_c/custom_interfaces1/msg/detail/led_state_array__functions.c.o[0m
[4.516s] [ 11%] [32mBuilding C object CMakeFiles/custom_interfaces1__rosidl_generator_c.dir/rosidl_generator_c/custom_interfaces1/msg/detail/target_coordinates__functions.c.o[0m
[4.751s] [35m[1mConsolidate compiler generated dependencies of target custom_interfaces1__rosidl_typesupport_cpp[0m
[4.846s] [35m[1mConsolidate compiler generated dependencies of target custom_interfaces1__rosidl_typesupport_introspection_cpp[0m
[4.913s] [ 12%] [32mBuilding CXX object CMakeFiles/custom_interfaces1__rosidl_typesupport_introspection_cpp.dir/rosidl_typesupport_introspection_cpp/custom_interfaces1/msg/detail/target_coordinates__type_support.cpp.o[0m
[4.917s] [ 14%] [32mBuilding CXX object CMakeFiles/custom_interfaces1__rosidl_typesupport_cpp.dir/rosidl_typesupport_cpp/custom_interfaces1/msg/target_coordinates__type_support.cpp.o[0m
[5.008s] [35m[1mConsolidate compiler generated dependencies of target custom_interfaces1__rosidl_typesupport_fastrtps_cpp[0m
[5.101s] [ 15%] [32mBuilding CXX object CMakeFiles/custom_interfaces1__rosidl_typesupport_fastrtps_cpp.dir/rosidl_typesupport_fastrtps_cpp/custom_interfaces1/msg/detail/dds_fastrtps/target_coordinates__type_support.cpp.o[0m
[6.396s] [ 17%] [32mBuilding C object CMakeFiles/custom_interfaces1__rosidl_generator_c.dir/rosidl_generator_c/custom_interfaces1/msg/detail/turtle__functions.c.o[0m
[6.397s] [ 19%] [32mBuilding C object CMakeFiles/custom_interfaces1__rosidl_generator_c.dir/rosidl_generator_c/custom_interfaces1/msg/detail/turtle_array__functions.c.o[0m
[6.450s] [ 20%] [32mBuilding C object CMakeFiles/custom_interfaces1__rosidl_generator_c.dir/rosidl_generator_c/custom_interfaces1/srv/detail/set_led__functions.c.o[0m
[6.493s] [ 22%] [32mBuilding CXX object CMakeFiles/custom_interfaces1__rosidl_typesupport_fastrtps_cpp.dir/rosidl_typesupport_fastrtps_cpp/custom_interfaces1/msg/detail/dds_fastrtps/led_state_array__type_support.cpp.o[0m
[6.520s] [ 23%] [32m[1mLinking C shared library libcustom_interfaces1__rosidl_generator_c.so[0m
[7.348s] [ 23%] Built target custom_interfaces1__rosidl_generator_c
[7.359s] [ 25%] [34m[1mGenerating C type support for eProsima Fast-RTPS[0m
[7.980s] [35m[1mConsolidate compiler generated dependencies of target custom_interfaces1__rosidl_typesupport_fastrtps_c[0m
[7.993s] [ 26%] [32mBuilding CXX object CMakeFiles/custom_interfaces1__rosidl_typesupport_cpp.dir/rosidl_typesupport_cpp/custom_interfaces1/msg/led_state_array__type_support.cpp.o[0m
[8.049s] [ 28%] [32mBuilding CXX object CMakeFiles/custom_interfaces1__rosidl_typesupport_fastrtps_cpp.dir/rosidl_typesupport_fastrtps_cpp/custom_interfaces1/msg/detail/dds_fastrtps/turtle__type_support.cpp.o[0m
[8.081s] [ 30%] [32mBuilding CXX object CMakeFiles/custom_interfaces1__rosidl_typesupport_introspection_cpp.dir/rosidl_typesupport_introspection_cpp/custom_interfaces1/msg/detail/led_state_array__type_support.cpp.o[0m
[8.096s] [ 31%] [32mBuilding CXX object CMakeFiles/custom_interfaces1__rosidl_typesupport_fastrtps_cpp.dir/rosidl_typesupport_fastrtps_cpp/custom_interfaces1/msg/detail/dds_fastrtps/turtle_array__type_support.cpp.o[0m
[8.161s] [ 33%] [32mBuilding CXX object CMakeFiles/custom_interfaces1__rosidl_typesupport_fastrtps_c.dir/rosidl_typesupport_fastrtps_c/custom_interfaces1/msg/detail/target_coordinates__type_support_c.cpp.o[0m
[8.255s] [ 34%] [32mBuilding CXX object CMakeFiles/custom_interfaces1__rosidl_typesupport_cpp.dir/rosidl_typesupport_cpp/custom_interfaces1/msg/turtle__type_support.cpp.o[0m
[8.454s] [ 36%] [32mBuilding CXX object CMakeFiles/custom_interfaces1__rosidl_typesupport_fastrtps_cpp.dir/rosidl_typesupport_fastrtps_cpp/custom_interfaces1/srv/detail/dds_fastrtps/set_led__type_support.cpp.o[0m
[8.486s] [ 38%] [32mBuilding CXX object CMakeFiles/custom_interfaces1__rosidl_typesupport_introspection_cpp.dir/rosidl_typesupport_introspection_cpp/custom_interfaces1/msg/detail/turtle__type_support.cpp.o[0m
[8.518s] [ 39%] [32mBuilding CXX object CMakeFiles/custom_interfaces1__rosidl_typesupport_cpp.dir/rosidl_typesupport_cpp/custom_interfaces1/msg/turtle_array__type_support.cpp.o[0m
[8.565s] [ 41%] [32mBuilding CXX object CMakeFiles/custom_interfaces1__rosidl_typesupport_fastrtps_c.dir/rosidl_typesupport_fastrtps_c/custom_interfaces1/msg/detail/led_state_array__type_support_c.cpp.o[0m
[8.638s] [ 42%] [32mBuilding CXX object CMakeFiles/custom_interfaces1__rosidl_typesupport_cpp.dir/rosidl_typesupport_cpp/custom_interfaces1/srv/set_led__type_support.cpp.o[0m
[8.810s] [ 44%] [32mBuilding CXX object CMakeFiles/custom_interfaces1__rosidl_typesupport_fastrtps_c.dir/rosidl_typesupport_fastrtps_c/custom_interfaces1/msg/detail/turtle__type_support_c.cpp.o[0m
[8.903s] [ 46%] [32mBuilding CXX object CMakeFiles/custom_interfaces1__rosidl_typesupport_introspection_cpp.dir/rosidl_typesupport_introspection_cpp/custom_interfaces1/srv/detail/set_led__type_support.cpp.o[0m
[8.904s] [ 47%] [32mBuilding CXX object CMakeFiles/custom_interfaces1__rosidl_typesupport_introspection_cpp.dir/rosidl_typesupport_introspection_cpp/custom_interfaces1/msg/detail/turtle_array__type_support.cpp.o[0m
[8.958s] [ 49%] [32m[1mLinking CXX shared library libcustom_interfaces1__rosidl_typesupport_cpp.so[0m
[9.047s] [ 50%] [32m[1mLinking CXX shared library libcustom_interfaces1__rosidl_typesupport_fastrtps_cpp.so[0m
[9.072s] [ 50%] Built target custom_interfaces1__rosidl_typesupport_cpp
[9.081s] [ 52%] [32mBuilding CXX object CMakeFiles/custom_interfaces1__rosidl_typesupport_fastrtps_c.dir/rosidl_typesupport_fastrtps_c/custom_interfaces1/msg/detail/turtle_array__type_support_c.cpp.o[0m
[9.154s] [ 53%] [32mBuilding CXX object CMakeFiles/custom_interfaces1__rosidl_typesupport_fastrtps_c.dir/rosidl_typesupport_fastrtps_c/custom_interfaces1/srv/detail/set_led__type_support_c.cpp.o[0m
[9.197s] [ 53%] Built target custom_interfaces1__rosidl_typesupport_fastrtps_cpp
[9.221s] [ 55%] [34m[1mGenerating C introspection for ROS interfaces[0m
[9.310s] [ 57%] [32m[1mLinking CXX shared library libcustom_interfaces1__rosidl_typesupport_introspection_cpp.so[0m
[9.352s] [ 58%] [34m[1mGenerating C type support dispatch for ROS interfaces[0m
[9.464s] [ 58%] Built target custom_interfaces1__rosidl_typesupport_introspection_cpp
[9.495s] [ 60%] [32m[1mLinking CXX shared library libcustom_interfaces1__rosidl_typesupport_fastrtps_c.so[0m
[9.606s] [ 60%] Built target custom_interfaces1__rosidl_typesupport_fastrtps_c
[9.687s] [35m[1mConsolidate compiler generated dependencies of target custom_interfaces1__rosidl_typesupport_introspection_c[0m
[9.689s] [35m[1mConsolidate compiler generated dependencies of target custom_interfaces1__rosidl_typesupport_c[0m
[9.701s] [ 63%] [32mBuilding CXX object CMakeFiles/custom_interfaces1__rosidl_typesupport_c.dir/rosidl_typesupport_c/custom_interfaces1/msg/turtle__type_support.cpp.o[0m
[9.701s] [ 63%] [32mBuilding CXX object CMakeFiles/custom_interfaces1__rosidl_typesupport_c.dir/rosidl_typesupport_c/custom_interfaces1/msg/target_coordinates__type_support.cpp.o[0m
[9.701s] [ 65%] [32mBuilding CXX object CMakeFiles/custom_interfaces1__rosidl_typesupport_c.dir/rosidl_typesupport_c/custom_interfaces1/msg/led_state_array__type_support.cpp.o[0m
[9.701s] [ 66%] [32mBuilding CXX object CMakeFiles/custom_interfaces1__rosidl_typesupport_c.dir/rosidl_typesupport_c/custom_interfaces1/msg/turtle_array__type_support.cpp.o[0m
[9.740s] [ 68%] [32mBuilding C object CMakeFiles/custom_interfaces1__rosidl_typesupport_introspection_c.dir/rosidl_typesupport_introspection_c/custom_interfaces1/msg/detail/target_coordinates__type_support.c.o[0m
[9.751s] [ 69%] [32mBuilding CXX object CMakeFiles/custom_interfaces1__rosidl_typesupport_c.dir/rosidl_typesupport_c/custom_interfaces1/srv/set_led__type_support.cpp.o[0m
[9.752s] [ 71%] [32mBuilding C object CMakeFiles/custom_interfaces1__rosidl_typesupport_introspection_c.dir/rosidl_typesupport_introspection_c/custom_interfaces1/msg/detail/turtle__type_support.c.o[0m
[9.756s] [ 73%] [32mBuilding C object CMakeFiles/custom_interfaces1__rosidl_typesupport_introspection_c.dir/rosidl_typesupport_introspection_c/custom_interfaces1/msg/detail/turtle_array__type_support.c.o[0m
[9.756s] [ 74%] [32mBuilding C object CMakeFiles/custom_interfaces1__rosidl_typesupport_introspection_c.dir/rosidl_typesupport_introspection_c/custom_interfaces1/msg/detail/led_state_array__type_support.c.o[0m
[9.786s] [ 76%] [32mBuilding C object CMakeFiles/custom_interfaces1__rosidl_typesupport_introspection_c.dir/rosidl_typesupport_introspection_c/custom_interfaces1/srv/detail/set_led__type_support.c.o[0m
[9.817s] [ 77%] [32m[1mLinking CXX shared library libcustom_interfaces1__rosidl_typesupport_c.so[0m
[9.843s] [ 79%] [32m[1mLinking C shared library libcustom_interfaces1__rosidl_typesupport_introspection_c.so[0m
[9.861s] [ 79%] Built target custom_interfaces1__rosidl_typesupport_c
[9.898s] [ 79%] Built target custom_interfaces1__rosidl_typesupport_introspection_c
[9.919s] [ 79%] Built target custom_interfaces1
[9.950s] [ 80%] [34m[1mGenerating Python code for ROS interfaces[0m
[10.625s] [ 80%] Built target custom_interfaces1__py
[10.715s] [35m[1mConsolidate compiler generated dependencies of target custom_interfaces1__rosidl_generator_py[0m
[11.029s] [ 82%] [32mBuilding C object CMakeFiles/custom_interfaces1__rosidl_generator_py.dir/rosidl_generator_py/custom_interfaces1/msg/_turtle_array_s.c.o[0m
[11.030s] [ 84%] [32mBuilding C object CMakeFiles/custom_interfaces1__rosidl_generator_py.dir/rosidl_generator_py/custom_interfaces1/msg/_led_state_array_s.c.o[0m
[11.030s] [ 85%] [32mBuilding C object CMakeFiles/custom_interfaces1__rosidl_generator_py.dir/rosidl_generator_py/custom_interfaces1/srv/_set_led_s.c.o[0m
[11.036s] [ 87%] [32mBuilding C object CMakeFiles/custom_interfaces1__rosidl_generator_py.dir/rosidl_generator_py/custom_interfaces1/msg/_target_coordinates_s.c.o[0m
[11.036s] [ 88%] [32mBuilding C object CMakeFiles/custom_interfaces1__rosidl_generator_py.dir/rosidl_generator_py/custom_interfaces1/msg/_turtle_s.c.o[0m
[11.507s] [ 90%] [32m[1mLinking C shared library rosidl_generator_py/custom_interfaces1/libcustom_interfaces1__rosidl_generator_py.so[0m
[11.619s] [ 90%] Built target custom_interfaces1__rosidl_generator_py
[11.652s] [35m[1mConsolidate compiler generated dependencies of target custom_interfaces1__rosidl_typesupport_fastrtps_c__pyext[0m
[11.667s] [ 92%] [32mBuilding C object CMakeFiles/custom_interfaces1__rosidl_typesupport_fastrtps_c__pyext.dir/rosidl_generator_py/custom_interfaces1/_custom_interfaces1_s.ep.rosidl_typesupport_fastrtps_c.c.o[0m
[11.681s] [35m[1mConsolidate compiler generated dependencies of target custom_interfaces1__rosidl_typesupport_introspection_c__pyext[0m
[11.681s] [35m[1mConsolidate compiler generated dependencies of target custom_interfaces1__rosidl_typesupport_c__pyext[0m
[11.697s] [ 93%] [32mBuilding C object CMakeFiles/custom_interfaces1__rosidl_typesupport_introspection_c__pyext.dir/rosidl_generator_py/custom_interfaces1/_custom_interfaces1_s.ep.rosidl_typesupport_introspection_c.c.o[0m
[11.699s] [ 95%] [32mBuilding C object CMakeFiles/custom_interfaces1__rosidl_typesupport_c__pyext.dir/rosidl_generator_py/custom_interfaces1/_custom_interfaces1_s.ep.rosidl_typesupport_c.c.o[0m
[11.799s] [ 96%] [32m[1mLinking C shared library rosidl_generator_py/custom_interfaces1/custom_interfaces1_s__rosidl_typesupport_fastrtps_c.cpython-310-x86_64-linux-gnu.so[0m
[11.804s] [ 98%] [32m[1mLinking C shared library rosidl_generator_py/custom_interfaces1/custom_interfaces1_s__rosidl_typesupport_introspection_c.cpython-310-x86_64-linux-gnu.so[0m
[11.807s] [100%] [32m[1mLinking C shared library rosidl_generator_py/custom_interfaces1/custom_interfaces1_s__rosidl_typesupport_c.cpython-310-x86_64-linux-gnu.so[0m
[11.844s] [100%] Built target custom_interfaces1__rosidl_typesupport_fastrtps_c__pyext
[11.848s] [100%] Built target custom_interfaces1__rosidl_typesupport_introspection_c__pyext
[11.850s] [100%] Built target custom_interfaces1__rosidl_typesupport_c__pyext
[11.865s] Invoked command in '/home/emir/ros2_ws/build/custom_interfaces1' returned '0': CMAKE_PREFIX_PATH=${CMAKE_PREFIX_PATH}:/home/emir/ros2_ws/install/turtlesim_catch_them_all:/home/emir/ros2_ws/install/my_py_pkg:/home/emir/install/my_py_pkg:/opt/ros/humble /usr/bin/cmake --build /home/emir/ros2_ws/build/custom_interfaces1 -- -j5 -l5
[12.018s] Invoking command in '/home/emir/ros2_ws/build/custom_interfaces1': CMAKE_PREFIX_PATH=${CMAKE_PREFIX_PATH}:/home/emir/ros2_ws/install/turtlesim_catch_them_all:/home/emir/ros2_ws/install/my_py_pkg:/home/emir/install/my_py_pkg:/opt/ros/humble /usr/bin/cmake --install /home/emir/ros2_ws/build/custom_interfaces1
[12.026s] -- Install configuration: ""
[12.027s] -- Execute custom install script
[12.027s] -- Up-to-date symlink: /home/emir/ros2_ws/install/custom_interfaces1/share/ament_index/resource_index/rosidl_interfaces/custom_interfaces1
[12.027s] -- Up-to-date symlink: /home/emir/ros2_ws/install/custom_interfaces1/include/custom_interfaces1/custom_interfaces1/msg/detail/led_state_array__functions.h
[12.028s] -- Up-to-date symlink: /home/emir/ros2_ws/install/custom_interfaces1/include/custom_interfaces1/custom_interfaces1/msg/detail/led_state_array__struct.h
[12.028s] -- Up-to-date symlink: /home/emir/ros2_ws/install/custom_interfaces1/include/custom_interfaces1/custom_interfaces1/msg/detail/led_state_array__type_support.h
[12.029s] -- Up-to-date symlink: /home/emir/ros2_ws/install/custom_interfaces1/include/custom_interfaces1/custom_interfaces1/msg/detail/target_coordinates__functions.h
[12.029s] -- Up-to-date symlink: /home/emir/ros2_ws/install/custom_interfaces1/include/custom_interfaces1/custom_interfaces1/msg/detail/target_coordinates__struct.h
[12.029s] -- Up-to-date symlink: /home/emir/ros2_ws/install/custom_interfaces1/include/custom_interfaces1/custom_interfaces1/msg/detail/target_coordinates__type_support.h
[12.029s] -- Symlinking: /home/emir/ros2_ws/install/custom_interfaces1/include/custom_interfaces1/custom_interfaces1/msg/detail/turtle__functions.h
[12.036s] -- Symlinking: /home/emir/ros2_ws/install/custom_interfaces1/include/custom_interfaces1/custom_interfaces1/msg/detail/turtle__struct.h
[12.044s] -- Symlinking: /home/emir/ros2_ws/install/custom_interfaces1/include/custom_interfaces1/custom_interfaces1/msg/detail/turtle__type_support.h
[12.052s] -- Symlinking: /home/emir/ros2_ws/install/custom_interfaces1/include/custom_interfaces1/custom_interfaces1/msg/detail/turtle_array__functions.h
[12.061s] -- Symlinking: /home/emir/ros2_ws/install/custom_interfaces1/include/custom_interfaces1/custom_interfaces1/msg/detail/turtle_array__struct.h
[12.069s] -- Symlinking: /home/emir/ros2_ws/install/custom_interfaces1/include/custom_interfaces1/custom_interfaces1/msg/detail/turtle_array__type_support.h
[12.077s] -- Up-to-date symlink: /home/emir/ros2_ws/install/custom_interfaces1/include/custom_interfaces1/custom_interfaces1/msg/led_state_array.h
[12.077s] -- Up-to-date symlink: /home/emir/ros2_ws/install/custom_interfaces1/include/custom_interfaces1/custom_interfaces1/msg/rosidl_generator_c__visibility_control.h
[12.077s] -- Up-to-date symlink: /home/emir/ros2_ws/install/custom_interfaces1/include/custom_interfaces1/custom_interfaces1/msg/target_coordinates.h
[12.077s] -- Symlinking: /home/emir/ros2_ws/install/custom_interfaces1/include/custom_interfaces1/custom_interfaces1/msg/turtle.h
[12.086s] -- Symlinking: /home/emir/ros2_ws/install/custom_interfaces1/include/custom_interfaces1/custom_interfaces1/msg/turtle_array.h
[12.095s] -- Up-to-date symlink: /home/emir/ros2_ws/install/custom_interfaces1/include/custom_interfaces1/custom_interfaces1/srv/detail/set_led__functions.h
[12.095s] -- Up-to-date symlink: /home/emir/ros2_ws/install/custom_interfaces1/include/custom_interfaces1/custom_interfaces1/srv/detail/set_led__struct.h
[12.095s] -- Up-to-date symlink: /home/emir/ros2_ws/install/custom_interfaces1/include/custom_interfaces1/custom_interfaces1/srv/detail/set_led__type_support.h
[12.096s] -- Up-to-date symlink: /home/emir/ros2_ws/install/custom_interfaces1/include/custom_interfaces1/custom_interfaces1/srv/set_led.h
[12.096s] -- Up-to-date symlink: /home/emir/ros2_ws/install/custom_interfaces1/share/custom_interfaces1/environment/library_path.sh
[12.096s] -- Up-to-date symlink: /home/emir/ros2_ws/install/custom_interfaces1/share/custom_interfaces1/environment/library_path.dsv
[12.096s] -- Up-to-date symlink: /home/emir/ros2_ws/install/custom_interfaces1/include/custom_interfaces1/custom_interfaces1/msg/detail/led_state_array__rosidl_typesupport_fastrtps_c.h
[12.096s] -- Up-to-date symlink: /home/emir/ros2_ws/install/custom_interfaces1/include/custom_interfaces1/custom_interfaces1/msg/detail/target_coordinates__rosidl_typesupport_fastrtps_c.h
[12.096s] -- Symlinking: /home/emir/ros2_ws/install/custom_interfaces1/include/custom_interfaces1/custom_interfaces1/msg/detail/turtle__rosidl_typesupport_fastrtps_c.h
[12.105s] -- Symlinking: /home/emir/ros2_ws/install/custom_interfaces1/include/custom_interfaces1/custom_interfaces1/msg/detail/turtle_array__rosidl_typesupport_fastrtps_c.h
[12.113s] -- Up-to-date symlink: /home/emir/ros2_ws/install/custom_interfaces1/include/custom_interfaces1/custom_interfaces1/msg/rosidl_typesupport_fastrtps_c__visibility_control.h
[12.114s] -- Up-to-date symlink: /home/emir/ros2_ws/install/custom_interfaces1/include/custom_interfaces1/custom_interfaces1/srv/detail/set_led__rosidl_typesupport_fastrtps_c.h
[12.114s] -- Up-to-date symlink: /home/emir/ros2_ws/install/custom_interfaces1/include/custom_interfaces1/custom_interfaces1/msg/detail/led_state_array__builder.hpp
[12.114s] -- Up-to-date symlink: /home/emir/ros2_ws/install/custom_interfaces1/include/custom_interfaces1/custom_interfaces1/msg/detail/led_state_array__struct.hpp
[12.114s] -- Up-to-date symlink: /home/emir/ros2_ws/install/custom_interfaces1/include/custom_interfaces1/custom_interfaces1/msg/detail/led_state_array__traits.hpp
[12.114s] -- Up-to-date symlink: /home/emir/ros2_ws/install/custom_interfaces1/include/custom_interfaces1/custom_interfaces1/msg/detail/target_coordinates__builder.hpp
[12.114s] -- Up-to-date symlink: /home/emir/ros2_ws/install/custom_interfaces1/include/custom_interfaces1/custom_interfaces1/msg/detail/target_coordinates__struct.hpp
[12.116s] -- Up-to-date symlink: /home/emir/ros2_ws/install/custom_interfaces1/include/custom_interfaces1/custom_interfaces1/msg/detail/target_coordinates__traits.hpp
[12.116s] -- Symlinking: /home/emir/ros2_ws/install/custom_interfaces1/include/custom_interfaces1/custom_interfaces1/msg/detail/turtle__builder.hpp
[12.122s] -- Symlinking: /home/emir/ros2_ws/install/custom_interfaces1/include/custom_interfaces1/custom_interfaces1/msg/detail/turtle__struct.hpp
[12.130s] -- Symlinking: /home/emir/ros2_ws/install/custom_interfaces1/include/custom_interfaces1/custom_interfaces1/msg/detail/turtle__traits.hpp
[12.138s] -- Symlinking: /home/emir/ros2_ws/install/custom_interfaces1/include/custom_interfaces1/custom_interfaces1/msg/detail/turtle_array__builder.hpp
[12.146s] -- Symlinking: /home/emir/ros2_ws/install/custom_interfaces1/include/custom_interfaces1/custom_interfaces1/msg/detail/turtle_array__struct.hpp
[12.154s] -- Symlinking: /home/emir/ros2_ws/install/custom_interfaces1/include/custom_interfaces1/custom_interfaces1/msg/detail/turtle_array__traits.hpp
[12.164s] -- Up-to-date symlink: /home/emir/ros2_ws/install/custom_interfaces1/include/custom_interfaces1/custom_interfaces1/msg/led_state_array.hpp
[12.164s] -- Up-to-date symlink: /home/emir/ros2_ws/install/custom_interfaces1/include/custom_interfaces1/custom_interfaces1/msg/target_coordinates.hpp
[12.165s] -- Symlinking: /home/emir/ros2_ws/install/custom_interfaces1/include/custom_interfaces1/custom_interfaces1/msg/turtle.hpp
[12.173s] -- Symlinking: /home/emir/ros2_ws/install/custom_interfaces1/include/custom_interfaces1/custom_interfaces1/msg/turtle_array.hpp
[12.181s] -- Up-to-date symlink: /home/emir/ros2_ws/install/custom_interfaces1/include/custom_interfaces1/custom_interfaces1/srv/detail/set_led__builder.hpp
[12.181s] -- Up-to-date symlink: /home/emir/ros2_ws/install/custom_interfaces1/include/custom_interfaces1/custom_interfaces1/srv/detail/set_led__struct.hpp
[12.181s] -- Up-to-date symlink: /home/emir/ros2_ws/install/custom_interfaces1/include/custom_interfaces1/custom_interfaces1/srv/detail/set_led__traits.hpp
[12.182s] -- Up-to-date symlink: /home/emir/ros2_ws/install/custom_interfaces1/include/custom_interfaces1/custom_interfaces1/srv/set_led.hpp
[12.182s] -- Up-to-date symlink: /home/emir/ros2_ws/install/custom_interfaces1/include/custom_interfaces1/custom_interfaces1/msg/detail/led_state_array__rosidl_typesupport_fastrtps_cpp.hpp
[12.182s] -- Up-to-date symlink: /home/emir/ros2_ws/install/custom_interfaces1/include/custom_interfaces1/custom_interfaces1/msg/detail/target_coordinates__rosidl_typesupport_fastrtps_cpp.hpp
[12.182s] -- Symlinking: /home/emir/ros2_ws/install/custom_interfaces1/include/custom_interfaces1/custom_interfaces1/msg/detail/turtle__rosidl_typesupport_fastrtps_cpp.hpp
[12.190s] -- Symlinking: /home/emir/ros2_ws/install/custom_interfaces1/include/custom_interfaces1/custom_interfaces1/msg/detail/turtle_array__rosidl_typesupport_fastrtps_cpp.hpp
[12.199s] -- Up-to-date symlink: /home/emir/ros2_ws/install/custom_interfaces1/include/custom_interfaces1/custom_interfaces1/msg/rosidl_typesupport_fastrtps_cpp__visibility_control.h
[12.199s] -- Up-to-date symlink: /home/emir/ros2_ws/install/custom_interfaces1/include/custom_interfaces1/custom_interfaces1/srv/detail/set_led__rosidl_typesupport_fastrtps_cpp.hpp
[12.199s] -- Up-to-date symlink: /home/emir/ros2_ws/install/custom_interfaces1/include/custom_interfaces1/custom_interfaces1/msg/detail/led_state_array__rosidl_typesupport_introspection_c.h
[12.199s] -- Up-to-date symlink: /home/emir/ros2_ws/install/custom_interfaces1/include/custom_interfaces1/custom_interfaces1/msg/detail/target_coordinates__rosidl_typesupport_introspection_c.h
[12.200s] -- Symlinking: /home/emir/ros2_ws/install/custom_interfaces1/include/custom_interfaces1/custom_interfaces1/msg/detail/turtle__rosidl_typesupport_introspection_c.h
[12.207s] -- Symlinking: /home/emir/ros2_ws/install/custom_interfaces1/include/custom_interfaces1/custom_interfaces1/msg/detail/turtle_array__rosidl_typesupport_introspection_c.h
[12.216s] -- Up-to-date symlink: /home/emir/ros2_ws/install/custom_interfaces1/include/custom_interfaces1/custom_interfaces1/msg/rosidl_typesupport_introspection_c__visibility_control.h
[12.216s] -- Up-to-date symlink: /home/emir/ros2_ws/install/custom_interfaces1/include/custom_interfaces1/custom_interfaces1/srv/detail/set_led__rosidl_typesupport_introspection_c.h
[12.216s] -- Up-to-date symlink: /home/emir/ros2_ws/install/custom_interfaces1/include/custom_interfaces1/custom_interfaces1/msg/detail/led_state_array__rosidl_typesupport_introspection_cpp.hpp
[12.216s] -- Up-to-date symlink: /home/emir/ros2_ws/install/custom_interfaces1/include/custom_interfaces1/custom_interfaces1/msg/detail/target_coordinates__rosidl_typesupport_introspection_cpp.hpp
[12.216s] -- Symlinking: /home/emir/ros2_ws/install/custom_interfaces1/include/custom_interfaces1/custom_interfaces1/msg/detail/turtle__rosidl_typesupport_introspection_cpp.hpp
[12.225s] -- Symlinking: /home/emir/ros2_ws/install/custom_interfaces1/include/custom_interfaces1/custom_interfaces1/msg/detail/turtle_array__rosidl_typesupport_introspection_cpp.hpp
[12.233s] -- Up-to-date symlink: /home/emir/ros2_ws/install/custom_interfaces1/include/custom_interfaces1/custom_interfaces1/srv/detail/set_led__rosidl_typesupport_introspection_cpp.hpp
[12.233s] -- Up-to-date symlink: /home/emir/ros2_ws/install/custom_interfaces1/share/custom_interfaces1/environment/pythonpath.sh
[12.233s] -- Up-to-date symlink: /home/emir/ros2_ws/install/custom_interfaces1/share/custom_interfaces1/environment/pythonpath.dsv
[12.233s] -- Up-to-date symlink: /home/emir/ros2_ws/install/custom_interfaces1/local/lib/python3.10/dist-packages/custom_interfaces1-0.0.0-py3.10.egg-info/PKG-INFO
[12.233s] -- Up-to-date symlink: /home/emir/ros2_ws/install/custom_interfaces1/local/lib/python3.10/dist-packages/custom_interfaces1-0.0.0-py3.10.egg-info/SOURCES.txt
[12.234s] -- Up-to-date symlink: /home/emir/ros2_ws/install/custom_interfaces1/local/lib/python3.10/dist-packages/custom_interfaces1-0.0.0-py3.10.egg-info/dependency_links.txt
[12.234s] -- Up-to-date symlink: /home/emir/ros2_ws/install/custom_interfaces1/local/lib/python3.10/dist-packages/custom_interfaces1-0.0.0-py3.10.egg-info/top_level.txt
[12.235s] -- Up-to-date symlink: /home/emir/ros2_ws/install/custom_interfaces1/local/lib/python3.10/dist-packages/custom_interfaces1/__init__.py
[12.235s] -- Up-to-date symlink: /home/emir/ros2_ws/install/custom_interfaces1/local/lib/python3.10/dist-packages/custom_interfaces1/_custom_interfaces1_s.ep.rosidl_typesupport_c.c
[12.235s] -- Up-to-date symlink: /home/emir/ros2_ws/install/custom_interfaces1/local/lib/python3.10/dist-packages/custom_interfaces1/_custom_interfaces1_s.ep.rosidl_typesupport_fastrtps_c.c
[12.235s] -- Up-to-date symlink: /home/emir/ros2_ws/install/custom_interfaces1/local/lib/python3.10/dist-packages/custom_interfaces1/_custom_interfaces1_s.ep.rosidl_typesupport_introspection_c.c
[12.235s] -- Up-to-date symlink: /home/emir/ros2_ws/install/custom_interfaces1/local/lib/python3.10/dist-packages/custom_interfaces1/custom_interfaces1_s__rosidl_typesupport_c.cpython-310-x86_64-linux-gnu.so
[12.236s] -- Up-to-date symlink: /home/emir/ros2_ws/install/custom_interfaces1/local/lib/python3.10/dist-packages/custom_interfaces1/custom_interfaces1_s__rosidl_typesupport_fastrtps_c.cpython-310-x86_64-linux-gnu.so
[12.236s] -- Up-to-date symlink: /home/emir/ros2_ws/install/custom_interfaces1/local/lib/python3.10/dist-packages/custom_interfaces1/custom_interfaces1_s__rosidl_typesupport_introspection_c.cpython-310-x86_64-linux-gnu.so
[12.236s] -- Up-to-date symlink: /home/emir/ros2_ws/install/custom_interfaces1/local/lib/python3.10/dist-packages/custom_interfaces1/libcustom_interfaces1__rosidl_generator_py.so
[12.236s] -- Up-to-date symlink: /home/emir/ros2_ws/install/custom_interfaces1/local/lib/python3.10/dist-packages/custom_interfaces1/msg/__init__.py
[12.236s] -- Up-to-date symlink: /home/emir/ros2_ws/install/custom_interfaces1/local/lib/python3.10/dist-packages/custom_interfaces1/msg/_led_state_array.py
[12.236s] -- Up-to-date symlink: /home/emir/ros2_ws/install/custom_interfaces1/local/lib/python3.10/dist-packages/custom_interfaces1/msg/_led_state_array_s.c
[12.236s] -- Up-to-date symlink: /home/emir/ros2_ws/install/custom_interfaces1/local/lib/python3.10/dist-packages/custom_interfaces1/msg/_target_coordinates.py
[12.236s] -- Up-to-date symlink: /home/emir/ros2_ws/install/custom_interfaces1/local/lib/python3.10/dist-packages/custom_interfaces1/msg/_target_coordinates_s.c
[12.236s] -- Symlinking: /home/emir/ros2_ws/install/custom_interfaces1/local/lib/python3.10/dist-packages/custom_interfaces1/msg/_turtle.py
[12.243s] -- Symlinking: /home/emir/ros2_ws/install/custom_interfaces1/local/lib/python3.10/dist-packages/custom_interfaces1/msg/_turtle_array.py
[12.252s] -- Symlinking: /home/emir/ros2_ws/install/custom_interfaces1/local/lib/python3.10/dist-packages/custom_interfaces1/msg/_turtle_array_s.c
[12.261s] -- Symlinking: /home/emir/ros2_ws/install/custom_interfaces1/local/lib/python3.10/dist-packages/custom_interfaces1/msg/_turtle_s.c
[12.270s] -- Up-to-date symlink: /home/emir/ros2_ws/install/custom_interfaces1/local/lib/python3.10/dist-packages/custom_interfaces1/srv/__init__.py
[12.270s] -- Up-to-date symlink: /home/emir/ros2_ws/install/custom_interfaces1/local/lib/python3.10/dist-packages/custom_interfaces1/srv/_set_led.py
[12.270s] -- Up-to-date symlink: /home/emir/ros2_ws/install/custom_interfaces1/local/lib/python3.10/dist-packages/custom_interfaces1/srv/_set_led_s.c
[12.337s] -- Up-to-date symlink: /home/emir/ros2_ws/install/custom_interfaces1/local/lib/python3.10/dist-packages/custom_interfaces1/custom_interfaces1_s__rosidl_typesupport_fastrtps_c.cpython-310-x86_64-linux-gnu.so
[12.338s] -- Up-to-date symlink: /home/emir/ros2_ws/install/custom_interfaces1/local/lib/python3.10/dist-packages/custom_interfaces1/custom_interfaces1_s__rosidl_typesupport_introspection_c.cpython-310-x86_64-linux-gnu.so
[12.339s] -- Up-to-date symlink: /home/emir/ros2_ws/install/custom_interfaces1/local/lib/python3.10/dist-packages/custom_interfaces1/custom_interfaces1_s__rosidl_typesupport_c.cpython-310-x86_64-linux-gnu.so
[12.339s] -- Up-to-date symlink: /home/emir/ros2_ws/install/custom_interfaces1/share/custom_interfaces1/msg/TargetCoordinates.idl
[12.339s] -- Up-to-date symlink: /home/emir/ros2_ws/install/custom_interfaces1/share/custom_interfaces1/msg/LedStateArray.idl
[12.339s] -- Symlinking: /home/emir/ros2_ws/install/custom_interfaces1/share/custom_interfaces1/msg/Turtle.idl
[12.348s] -- Symlinking: /home/emir/ros2_ws/install/custom_interfaces1/share/custom_interfaces1/msg/TurtleArray.idl
[12.356s] -- Up-to-date symlink: /home/emir/ros2_ws/install/custom_interfaces1/share/custom_interfaces1/srv/SetLed.idl
[12.358s] -- Up-to-date symlink: /home/emir/ros2_ws/install/custom_interfaces1/share/custom_interfaces1/msg/TargetCoordinates.msg
[12.358s] -- Up-to-date symlink: /home/emir/ros2_ws/install/custom_interfaces1/share/custom_interfaces1/msg/LedStateArray.msg
[12.358s] -- Symlinking: /home/emir/ros2_ws/install/custom_interfaces1/share/custom_interfaces1/msg/Turtle.msg
[12.365s] -- Symlinking: /home/emir/ros2_ws/install/custom_interfaces1/share/custom_interfaces1/msg/TurtleArray.msg
[12.374s] -- Up-to-date symlink: /home/emir/ros2_ws/install/custom_interfaces1/share/custom_interfaces1/srv/SetLed.srv
[12.374s] -- Up-to-date symlink: /home/emir/ros2_ws/install/custom_interfaces1/share/custom_interfaces1/srv/SetLed_Request.msg
[12.374s] -- Up-to-date symlink: /home/emir/ros2_ws/install/custom_interfaces1/share/custom_interfaces1/srv/SetLed_Response.msg
[12.375s] -- Up-to-date symlink: /home/emir/ros2_ws/install/custom_interfaces1/share/ament_index/resource_index/package_run_dependencies/custom_interfaces1
[12.375s] -- Up-to-date symlink: /home/emir/ros2_ws/install/custom_interfaces1/share/ament_index/resource_index/parent_prefix_path/custom_interfaces1
[12.375s] -- Up-to-date symlink: /home/emir/ros2_ws/install/custom_interfaces1/share/custom_interfaces1/environment/ament_prefix_path.sh
[12.375s] -- Up-to-date symlink: /home/emir/ros2_ws/install/custom_interfaces1/share/custom_interfaces1/environment/ament_prefix_path.dsv
[12.375s] -- Up-to-date symlink: /home/emir/ros2_ws/install/custom_interfaces1/share/custom_interfaces1/environment/path.sh
[12.375s] -- Up-to-date symlink: /home/emir/ros2_ws/install/custom_interfaces1/share/custom_interfaces1/environment/path.dsv
[12.375s] -- Up-to-date symlink: /home/emir/ros2_ws/install/custom_interfaces1/share/custom_interfaces1/local_setup.bash
[12.376s] -- Up-to-date symlink: /home/emir/ros2_ws/install/custom_interfaces1/share/custom_interfaces1/local_setup.sh
[12.376s] -- Up-to-date symlink: /home/emir/ros2_ws/install/custom_interfaces1/share/custom_interfaces1/local_setup.zsh
[12.376s] -- Up-to-date symlink: /home/emir/ros2_ws/install/custom_interfaces1/share/custom_interfaces1/local_setup.dsv
[12.376s] -- Symlinking: /home/emir/ros2_ws/install/custom_interfaces1/share/custom_interfaces1/package.dsv
[12.384s] -- Up-to-date symlink: /home/emir/ros2_ws/install/custom_interfaces1/share/ament_index/resource_index/packages/custom_interfaces1
[12.384s] -- Up-to-date symlink: /home/emir/ros2_ws/install/custom_interfaces1/share/custom_interfaces1/cmake/rosidl_cmake-extras.cmake
[12.384s] -- Up-to-date symlink: /home/emir/ros2_ws/install/custom_interfaces1/share/custom_interfaces1/cmake/ament_cmake_export_dependencies-extras.cmake
[12.384s] -- Up-to-date symlink: /home/emir/ros2_ws/install/custom_interfaces1/share/custom_interfaces1/cmake/ament_cmake_export_include_directories-extras.cmake
[12.384s] -- Up-to-date symlink: /home/emir/ros2_ws/install/custom_interfaces1/share/custom_interfaces1/cmake/ament_cmake_export_libraries-extras.cmake
[12.385s] -- Up-to-date symlink: /home/emir/ros2_ws/install/custom_interfaces1/share/custom_interfaces1/cmake/ament_cmake_export_targets-extras.cmake
[12.385s] -- Up-to-date symlink: /home/emir/ros2_ws/install/custom_interfaces1/share/custom_interfaces1/cmake/rosidl_cmake_export_typesupport_targets-extras.cmake
[12.385s] -- Up-to-date symlink: /home/emir/ros2_ws/install/custom_interfaces1/share/custom_interfaces1/cmake/rosidl_cmake_export_typesupport_libraries-extras.cmake
[12.385s] -- Up-to-date symlink: /home/emir/ros2_ws/install/custom_interfaces1/share/custom_interfaces1/cmake/custom_interfaces1Config.cmake
[12.385s] -- Up-to-date symlink: /home/emir/ros2_ws/install/custom_interfaces1/share/custom_interfaces1/cmake/custom_interfaces1Config-version.cmake
[12.385s] -- Up-to-date symlink: /home/emir/ros2_ws/install/custom_interfaces1/share/custom_interfaces1/package.xml
[12.402s] -- Installing: /home/emir/ros2_ws/install/custom_interfaces1/lib/libcustom_interfaces1__rosidl_generator_c.so
[12.402s] -- Set runtime path of "/home/emir/ros2_ws/install/custom_interfaces1/lib/libcustom_interfaces1__rosidl_generator_c.so" to ""
[12.403s] -- Installing: /home/emir/ros2_ws/install/custom_interfaces1/lib/libcustom_interfaces1__rosidl_typesupport_fastrtps_c.so
[12.404s] -- Set runtime path of "/home/emir/ros2_ws/install/custom_interfaces1/lib/libcustom_interfaces1__rosidl_typesupport_fastrtps_c.so" to ""
[12.431s] -- Installing: /home/emir/ros2_ws/install/custom_interfaces1/lib/libcustom_interfaces1__rosidl_typesupport_fastrtps_cpp.so
[12.431s] -- Set runtime path of "/home/emir/ros2_ws/install/custom_interfaces1/lib/libcustom_interfaces1__rosidl_typesupport_fastrtps_cpp.so" to ""
[12.433s] -- Installing: /home/emir/ros2_ws/install/custom_interfaces1/lib/libcustom_interfaces1__rosidl_typesupport_introspection_c.so
[12.433s] -- Set runtime path of "/home/emir/ros2_ws/install/custom_interfaces1/lib/libcustom_interfaces1__rosidl_typesupport_introspection_c.so" to ""
[12.434s] -- Installing: /home/emir/ros2_ws/install/custom_interfaces1/lib/libcustom_interfaces1__rosidl_typesupport_c.so
[12.435s] -- Set runtime path of "/home/emir/ros2_ws/install/custom_interfaces1/lib/libcustom_interfaces1__rosidl_typesupport_c.so" to ""
[12.436s] -- Installing: /home/emir/ros2_ws/install/custom_interfaces1/lib/libcustom_interfaces1__rosidl_typesupport_introspection_cpp.so
[12.436s] -- Set runtime path of "/home/emir/ros2_ws/install/custom_interfaces1/lib/libcustom_interfaces1__rosidl_typesupport_introspection_cpp.so" to ""
[12.437s] -- Installing: /home/emir/ros2_ws/install/custom_interfaces1/lib/libcustom_interfaces1__rosidl_typesupport_cpp.so
[12.437s] -- Set runtime path of "/home/emir/ros2_ws/install/custom_interfaces1/lib/libcustom_interfaces1__rosidl_typesupport_cpp.so" to ""
[12.571s] Listing '/home/emir/ros2_ws/install/custom_interfaces1/local/lib/python3.10/dist-packages/custom_interfaces1'...
[12.571s] Compiling '/home/emir/ros2_ws/install/custom_interfaces1/local/lib/python3.10/dist-packages/custom_interfaces1/__init__.py'...
[12.571s] Listing '/home/emir/ros2_ws/install/custom_interfaces1/local/lib/python3.10/dist-packages/custom_interfaces1/msg'...
[12.571s] Compiling '/home/emir/ros2_ws/install/custom_interfaces1/local/lib/python3.10/dist-packages/custom_interfaces1/msg/__init__.py'...
[12.571s] Compiling '/home/emir/ros2_ws/install/custom_interfaces1/local/lib/python3.10/dist-packages/custom_interfaces1/msg/_led_state_array.py'...
[12.571s] Compiling '/home/emir/ros2_ws/install/custom_interfaces1/local/lib/python3.10/dist-packages/custom_interfaces1/msg/_target_coordinates.py'...
[12.571s] Compiling '/home/emir/ros2_ws/install/custom_interfaces1/local/lib/python3.10/dist-packages/custom_interfaces1/msg/_turtle.py'...
[12.571s] Compiling '/home/emir/ros2_ws/install/custom_interfaces1/local/lib/python3.10/dist-packages/custom_interfaces1/msg/_turtle_array.py'...
[12.571s] Listing '/home/emir/ros2_ws/install/custom_interfaces1/local/lib/python3.10/dist-packages/custom_interfaces1/srv'...
[12.572s] Compiling '/home/emir/ros2_ws/install/custom_interfaces1/local/lib/python3.10/dist-packages/custom_interfaces1/srv/__init__.py'...
[12.572s] Compiling '/home/emir/ros2_ws/install/custom_interfaces1/local/lib/python3.10/dist-packages/custom_interfaces1/srv/_set_led.py'...
[12.578s] -- Installing: /home/emir/ros2_ws/install/custom_interfaces1/lib/libcustom_interfaces1__rosidl_generator_py.so
[12.578s] -- Set runtime path of "/home/emir/ros2_ws/install/custom_interfaces1/lib/libcustom_interfaces1__rosidl_generator_py.so" to ""
[12.600s] -- Up-to-date: /home/emir/ros2_ws/install/custom_interfaces1/share/custom_interfaces1/cmake/export_custom_interfaces1__rosidl_generator_cExport.cmake
[12.600s] -- Up-to-date: /home/emir/ros2_ws/install/custom_interfaces1/share/custom_interfaces1/cmake/export_custom_interfaces1__rosidl_generator_cExport-noconfig.cmake
[12.601s] -- Up-to-date: /home/emir/ros2_ws/install/custom_interfaces1/share/custom_interfaces1/cmake/export_custom_interfaces1__rosidl_typesupport_fastrtps_cExport.cmake
[12.601s] -- Up-to-date: /home/emir/ros2_ws/install/custom_interfaces1/share/custom_interfaces1/cmake/export_custom_interfaces1__rosidl_typesupport_fastrtps_cExport-noconfig.cmake
[12.602s] -- Up-to-date: /home/emir/ros2_ws/install/custom_interfaces1/share/custom_interfaces1/cmake/export_custom_interfaces1__rosidl_generator_cppExport.cmake
[12.603s] -- Up-to-date: /home/emir/ros2_ws/install/custom_interfaces1/share/custom_interfaces1/cmake/export_custom_interfaces1__rosidl_typesupport_fastrtps_cppExport.cmake
[12.603s] -- Up-to-date: /home/emir/ros2_ws/install/custom_interfaces1/share/custom_interfaces1/cmake/export_custom_interfaces1__rosidl_typesupport_fastrtps_cppExport-noconfig.cmake
[12.603s] -- Up-to-date: /home/emir/ros2_ws/install/custom_interfaces1/share/custom_interfaces1/cmake/custom_interfaces1__rosidl_typesupport_introspection_cExport.cmake
[12.603s] -- Up-to-date: /home/emir/ros2_ws/install/custom_interfaces1/share/custom_interfaces1/cmake/custom_interfaces1__rosidl_typesupport_introspection_cExport-noconfig.cmake
[12.604s] -- Up-to-date: /home/emir/ros2_ws/install/custom_interfaces1/share/custom_interfaces1/cmake/custom_interfaces1__rosidl_typesupport_cExport.cmake
[12.604s] -- Up-to-date: /home/emir/ros2_ws/install/custom_interfaces1/share/custom_interfaces1/cmake/custom_interfaces1__rosidl_typesupport_cExport-noconfig.cmake
[12.605s] -- Up-to-date: /home/emir/ros2_ws/install/custom_interfaces1/share/custom_interfaces1/cmake/custom_interfaces1__rosidl_typesupport_introspection_cppExport.cmake
[12.605s] -- Up-to-date: /home/emir/ros2_ws/install/custom_interfaces1/share/custom_interfaces1/cmake/custom_interfaces1__rosidl_typesupport_introspection_cppExport-noconfig.cmake
[12.606s] -- Up-to-date: /home/emir/ros2_ws/install/custom_interfaces1/share/custom_interfaces1/cmake/custom_interfaces1__rosidl_typesupport_cppExport.cmake
[12.606s] -- Up-to-date: /home/emir/ros2_ws/install/custom_interfaces1/share/custom_interfaces1/cmake/custom_interfaces1__rosidl_typesupport_cppExport-noconfig.cmake
[12.606s] -- Up-to-date: /home/emir/ros2_ws/install/custom_interfaces1/share/custom_interfaces1/cmake/export_custom_interfaces1__rosidl_generator_pyExport.cmake
[12.606s] -- Up-to-date: /home/emir/ros2_ws/install/custom_interfaces1/share/custom_interfaces1/cmake/export_custom_interfaces1__rosidl_generator_pyExport-noconfig.cmake
[12.626s] Invoked command in '/home/emir/ros2_ws/build/custom_interfaces1' returned '0': CMAKE_PREFIX_PATH=${CMAKE_PREFIX_PATH}:/home/emir/ros2_ws/install/turtlesim_catch_them_all:/home/emir/ros2_ws/install/my_py_pkg:/home/emir/install/my_py_pkg:/opt/ros/humble /usr/bin/cmake --install /home/emir/ros2_ws/build/custom_interfaces1
