[2.145s] Invoking command in '/home/emir/ros2_ws/src/my_py_pkg': PYTHONPATH=/home/emir/ros2_ws/src/build/my_py_pkg/prefix_override:/usr/lib/python3/dist-packages/colcon_core/task/python/colcon_distutils_commands:/home/emir/ros2_ws/src/install/my_py_pkg/lib/python3.10/site-packages:${PYTHONPATH} /usr/bin/python3 -W ignore:setup.py install is deprecated setup.py egg_info --egg-base ../build/my_py_pkg build --build-base /home/emir/ros2_ws/src/build/my_py_pkg/build install --record /home/emir/ros2_ws/src/build/my_py_pkg/install.log --single-version-externally-managed install_data
[2.479s] running egg_info
[2.480s] creating ../build/my_py_pkg/my_py_pkg.egg-info
[2.480s] writing ../build/my_py_pkg/my_py_pkg.egg-info/PKG-INFO
[2.482s] writing dependency_links to ../build/my_py_pkg/my_py_pkg.egg-info/dependency_links.txt
[2.482s] writing entry points to ../build/my_py_pkg/my_py_pkg.egg-info/entry_points.txt
[2.482s] writing requirements to ../build/my_py_pkg/my_py_pkg.egg-info/requires.txt
[2.482s] writing top-level names to ../build/my_py_pkg/my_py_pkg.egg-info/top_level.txt
[2.482s] writing manifest file '../build/my_py_pkg/my_py_pkg.egg-info/SOURCES.txt'
[2.485s] reading manifest file '../build/my_py_pkg/my_py_pkg.egg-info/SOURCES.txt'
[2.485s] writing manifest file '../build/my_py_pkg/my_py_pkg.egg-info/SOURCES.txt'
[2.485s] running build
[2.485s] running build_py
[2.485s] creating /home/emir/ros2_ws/src/build/my_py_pkg/build
[2.485s] creating /home/emir/ros2_ws/src/build/my_py_pkg/build/lib
[2.485s] creating /home/emir/ros2_ws/src/build/my_py_pkg/build/lib/my_py_pkg
[2.485s] copying my_py_pkg/number_counter.py -> /home/emir/ros2_ws/src/build/my_py_pkg/build/lib/my_py_pkg
[2.502s] copying my_py_pkg/number_publisher.py -> /home/emir/ros2_ws/src/build/my_py_pkg/build/lib/my_py_pkg
[2.519s] copying my_py_pkg/smartphone.py -> /home/emir/ros2_ws/src/build/my_py_pkg/build/lib/my_py_pkg
[2.532s] copying my_py_pkg/add_two_ints_client_no_oop.py -> /home/emir/ros2_ws/src/build/my_py_pkg/build/lib/my_py_pkg
[2.550s] copying my_py_pkg/add_two_ints_server.py -> /home/emir/ros2_ws/src/build/my_py_pkg/build/lib/my_py_pkg
[2.569s] copying my_py_pkg/add_two_ints_client_oop.py -> /home/emir/ros2_ws/src/build/my_py_pkg/build/lib/my_py_pkg
[2.577s] copying my_py_pkg/__init__.py -> /home/emir/ros2_ws/src/build/my_py_pkg/build/lib/my_py_pkg
[2.577s] copying my_py_pkg/my_first_node.py -> /home/emir/ros2_ws/src/build/my_py_pkg/build/lib/my_py_pkg
[2.588s] copying my_py_pkg/robot_news_station.py -> /home/emir/ros2_ws/src/build/my_py_pkg/build/lib/my_py_pkg
[2.605s] running install
[2.606s] running install_lib
[2.608s] creating /home/emir/ros2_ws/src/install/my_py_pkg/lib/python3.10/site-packages/my_py_pkg
[2.609s] copying /home/emir/ros2_ws/src/build/my_py_pkg/build/lib/my_py_pkg/number_counter.py -> /home/emir/ros2_ws/src/install/my_py_pkg/lib/python3.10/site-packages/my_py_pkg
[2.609s] copying /home/emir/ros2_ws/src/build/my_py_pkg/build/lib/my_py_pkg/number_publisher.py -> /home/emir/ros2_ws/src/install/my_py_pkg/lib/python3.10/site-packages/my_py_pkg
[2.609s] copying /home/emir/ros2_ws/src/build/my_py_pkg/build/lib/my_py_pkg/smartphone.py -> /home/emir/ros2_ws/src/install/my_py_pkg/lib/python3.10/site-packages/my_py_pkg
[2.609s] copying /home/emir/ros2_ws/src/build/my_py_pkg/build/lib/my_py_pkg/add_two_ints_client_no_oop.py -> /home/emir/ros2_ws/src/install/my_py_pkg/lib/python3.10/site-packages/my_py_pkg
[2.609s] copying /home/emir/ros2_ws/src/build/my_py_pkg/build/lib/my_py_pkg/add_two_ints_server.py -> /home/emir/ros2_ws/src/install/my_py_pkg/lib/python3.10/site-packages/my_py_pkg
[2.609s] copying /home/emir/ros2_ws/src/build/my_py_pkg/build/lib/my_py_pkg/add_two_ints_client_oop.py -> /home/emir/ros2_ws/src/install/my_py_pkg/lib/python3.10/site-packages/my_py_pkg
[2.609s] copying /home/emir/ros2_ws/src/build/my_py_pkg/build/lib/my_py_pkg/__init__.py -> /home/emir/ros2_ws/src/install/my_py_pkg/lib/python3.10/site-packages/my_py_pkg
[2.609s] copying /home/emir/ros2_ws/src/build/my_py_pkg/build/lib/my_py_pkg/my_first_node.py -> /home/emir/ros2_ws/src/install/my_py_pkg/lib/python3.10/site-packages/my_py_pkg
[2.611s] copying /home/emir/ros2_ws/src/build/my_py_pkg/build/lib/my_py_pkg/robot_news_station.py -> /home/emir/ros2_ws/src/install/my_py_pkg/lib/python3.10/site-packages/my_py_pkg
[2.611s] byte-compiling /home/emir/ros2_ws/src/install/my_py_pkg/lib/python3.10/site-packages/my_py_pkg/number_counter.py to number_counter.cpython-310.pyc
[2.612s] byte-compiling /home/emir/ros2_ws/src/install/my_py_pkg/lib/python3.10/site-packages/my_py_pkg/number_publisher.py to number_publisher.cpython-310.pyc
[2.612s] byte-compiling /home/emir/ros2_ws/src/install/my_py_pkg/lib/python3.10/site-packages/my_py_pkg/smartphone.py to smartphone.cpython-310.pyc
[2.612s] byte-compiling /home/emir/ros2_ws/src/install/my_py_pkg/lib/python3.10/site-packages/my_py_pkg/add_two_ints_client_no_oop.py to add_two_ints_client_no_oop.cpython-310.pyc
[2.613s] byte-compiling /home/emir/ros2_ws/src/install/my_py_pkg/lib/python3.10/site-packages/my_py_pkg/add_two_ints_server.py to add_two_ints_server.cpython-310.pyc
[2.613s] byte-compiling /home/emir/ros2_ws/src/install/my_py_pkg/lib/python3.10/site-packages/my_py_pkg/add_two_ints_client_oop.py to add_two_ints_client_oop.cpython-310.pyc
[2.614s] byte-compiling /home/emir/ros2_ws/src/install/my_py_pkg/lib/python3.10/site-packages/my_py_pkg/__init__.py to __init__.cpython-310.pyc
[2.614s] byte-compiling /home/emir/ros2_ws/src/install/my_py_pkg/lib/python3.10/site-packages/my_py_pkg/my_first_node.py to my_first_node.cpython-310.pyc
[2.614s] byte-compiling /home/emir/ros2_ws/src/install/my_py_pkg/lib/python3.10/site-packages/my_py_pkg/robot_news_station.py to robot_news_station.cpython-310.pyc
[2.614s] running install_data
[2.615s] creating /home/emir/ros2_ws/src/install/my_py_pkg/share/ament_index
[2.615s] creating /home/emir/ros2_ws/src/install/my_py_pkg/share/ament_index/resource_index
[2.615s] creating /home/emir/ros2_ws/src/install/my_py_pkg/share/ament_index/resource_index/packages
[2.615s] copying resource/my_py_pkg -> /home/emir/ros2_ws/src/install/my_py_pkg/share/ament_index/resource_index/packages
[2.615s] copying package.xml -> /home/emir/ros2_ws/src/install/my_py_pkg/share/my_py_pkg
[2.615s] running install_egg_info
[2.617s] Copying ../build/my_py_pkg/my_py_pkg.egg-info to /home/emir/ros2_ws/src/install/my_py_pkg/lib/python3.10/site-packages/my_py_pkg-0.0.0-py3.10.egg-info
[2.621s] running install_scripts
[2.647s] Installing add_two_ints_client_no_oop script to /home/emir/ros2_ws/src/install/my_py_pkg/lib/my_py_pkg
[2.647s] Installing add_two_ints_client_oop script to /home/emir/ros2_ws/src/install/my_py_pkg/lib/my_py_pkg
[2.647s] Installing add_two_ints_server script to /home/emir/ros2_ws/src/install/my_py_pkg/lib/my_py_pkg
[2.647s] Installing number_counter script to /home/emir/ros2_ws/src/install/my_py_pkg/lib/my_py_pkg
[2.648s] Installing number_publisher script to /home/emir/ros2_ws/src/install/my_py_pkg/lib/my_py_pkg
[2.648s] Installing py_node script to /home/emir/ros2_ws/src/install/my_py_pkg/lib/my_py_pkg
[2.648s] Installing robot_news_station script to /home/emir/ros2_ws/src/install/my_py_pkg/lib/my_py_pkg
[2.648s] Installing smartphone script to /home/emir/ros2_ws/src/install/my_py_pkg/lib/my_py_pkg
[2.648s] writing list of installed files to '/home/emir/ros2_ws/src/build/my_py_pkg/install.log'
[2.671s] Invoked command in '/home/emir/ros2_ws/src/my_py_pkg' returned '0': PYTHONPATH=/home/emir/ros2_ws/src/build/my_py_pkg/prefix_override:/usr/lib/python3/dist-packages/colcon_core/task/python/colcon_distutils_commands:/home/emir/ros2_ws/src/install/my_py_pkg/lib/python3.10/site-packages:${PYTHONPATH} /usr/bin/python3 -W ignore:setup.py install is deprecated setup.py egg_info --egg-base ../build/my_py_pkg build --build-base /home/emir/ros2_ws/src/build/my_py_pkg/build install --record /home/emir/ros2_ws/src/build/my_py_pkg/install.log --single-version-externally-managed install_data
