[0.023s] Invoking command in '/home/emir/ros2_ws/build/my_cpp_pkg': CMAKE_PREFIX_PATH=${CMAKE_PREFIX_PATH}:/home/emir/ros2_ws/install/my_py_pkg:/opt/ros/humble /usr/bin/cmake --build /home/emir/ros2_ws/build/my_cpp_pkg -- -j5 -l5
[0.085s] [ 20%] Built target cpp_node
[0.093s] [ 40%] Built target robot_news_station
[0.103s] [ 60%] Built target add_two_ints_server
[0.109s] [ 80%] Built target smartphone
[0.119s] [100%] Built target add_two_ints_client_oop
[0.307s] Invoked command in '/home/emir/ros2_ws/build/my_cpp_pkg' returned '0': CMAKE_PREFIX_PATH=${CMAKE_PREFIX_PATH}:/home/emir/ros2_ws/install/my_py_pkg:/opt/ros/humble /usr/bin/cmake --build /home/emir/ros2_ws/build/my_cpp_pkg -- -j5 -l5
[0.361s] Invoking command in '/home/emir/ros2_ws/build/my_cpp_pkg': CMAKE_PREFIX_PATH=${CMAKE_PREFIX_PATH}:/home/emir/ros2_ws/install/my_py_pkg:/opt/ros/humble /usr/bin/cmake --install /home/emir/ros2_ws/build/my_cpp_pkg
[0.368s] -- Install configuration: ""
[0.368s] -- Execute custom install script
[0.369s] -- Up-to-date symlink: /home/emir/ros2_ws/install/my_cpp_pkg/lib/my_cpp_pkg/cpp_node
[0.370s] -- Up-to-date symlink: /home/emir/ros2_ws/install/my_cpp_pkg/lib/my_cpp_pkg/robot_news_station
[0.371s] -- Up-to-date symlink: /home/emir/ros2_ws/install/my_cpp_pkg/lib/my_cpp_pkg/smartphone
[0.371s] -- Up-to-date symlink: /home/emir/ros2_ws/install/my_cpp_pkg/lib/my_cpp_pkg/add_two_ints_server
[0.372s] -- Up-to-date symlink: /home/emir/ros2_ws/install/my_cpp_pkg/lib/my_cpp_pkg/add_two_ints_client_oop
[0.373s] -- Up-to-date symlink: /home/emir/ros2_ws/install/my_cpp_pkg/share/ament_index/resource_index/package_run_dependencies/my_cpp_pkg
[0.374s] -- Up-to-date symlink: /home/emir/ros2_ws/install/my_cpp_pkg/share/ament_index/resource_index/parent_prefix_path/my_cpp_pkg
[0.374s] -- Up-to-date symlink: /home/emir/ros2_ws/install/my_cpp_pkg/share/my_cpp_pkg/environment/ament_prefix_path.sh
[0.375s] -- Up-to-date symlink: /home/emir/ros2_ws/install/my_cpp_pkg/share/my_cpp_pkg/environment/ament_prefix_path.dsv
[0.376s] -- Up-to-date symlink: /home/emir/ros2_ws/install/my_cpp_pkg/share/my_cpp_pkg/environment/path.sh
[0.377s] -- Up-to-date symlink: /home/emir/ros2_ws/install/my_cpp_pkg/share/my_cpp_pkg/environment/path.dsv
[0.377s] -- Up-to-date symlink: /home/emir/ros2_ws/install/my_cpp_pkg/share/my_cpp_pkg/local_setup.bash
[0.379s] -- Up-to-date symlink: /home/emir/ros2_ws/install/my_cpp_pkg/share/my_cpp_pkg/local_setup.sh
[0.380s] -- Up-to-date symlink: /home/emir/ros2_ws/install/my_cpp_pkg/share/my_cpp_pkg/local_setup.zsh
[0.381s] -- Up-to-date symlink: /home/emir/ros2_ws/install/my_cpp_pkg/share/my_cpp_pkg/local_setup.dsv
[0.381s] -- Symlinking: /home/emir/ros2_ws/install/my_cpp_pkg/share/my_cpp_pkg/package.dsv
[0.391s] -- Up-to-date symlink: /home/emir/ros2_ws/install/my_cpp_pkg/share/ament_index/resource_index/packages/my_cpp_pkg
[0.391s] -- Up-to-date symlink: /home/emir/ros2_ws/install/my_cpp_pkg/share/my_cpp_pkg/cmake/my_cpp_pkgConfig.cmake
[0.391s] -- Up-to-date symlink: /home/emir/ros2_ws/install/my_cpp_pkg/share/my_cpp_pkg/cmake/my_cpp_pkgConfig-version.cmake
[0.392s] -- Up-to-date symlink: /home/emir/ros2_ws/install/my_cpp_pkg/share/my_cpp_pkg/package.xml
[0.394s] Invoked command in '/home/emir/ros2_ws/build/my_cpp_pkg' returned '0': CMAKE_PREFIX_PATH=${CMAKE_PREFIX_PATH}:/home/emir/ros2_ws/install/my_py_pkg:/opt/ros/humble /usr/bin/cmake --install /home/emir/ros2_ws/build/my_cpp_pkg
