[0.534s] Invoking command in '/home/emir/ros2_ws/build/my_py_pkg': PYTHONPATH=/home/emir/ros2_ws/build/my_py_pkg/prefix_override:/home/emir/ros2_ws/install/my_py_pkg/lib/python3.10/site-packages:${PYTHONPATH} /usr/bin/python3 -W ignore:setup.py install is deprecated setup.py develop --editable --build-directory /home/emir/ros2_ws/build/my_py_pkg/build --no-deps symlink_data --force
[0.776s] running develop
[0.776s] /usr/lib/python3/dist-packages/setuptools/command/easy_install.py:158: EasyInstallDeprecationWarning: easy_install command is deprecated. Use build and pip and other standards-based tools.
[0.776s]   warnings.warn(
[0.922s] running egg_info
[0.922s] writing my_py_pkg.egg-info/PKG-INFO
[0.922s] writing dependency_links to my_py_pkg.egg-info/dependency_links.txt
[0.923s] writing entry points to my_py_pkg.egg-info/entry_points.txt
[0.923s] writing requirements to my_py_pkg.egg-info/requires.txt
[0.923s] writing top-level names to my_py_pkg.egg-info/top_level.txt
[0.925s] reading manifest file 'my_py_pkg.egg-info/SOURCES.txt'
[0.925s] writing manifest file 'my_py_pkg.egg-info/SOURCES.txt'
[0.926s] running build_ext
[0.926s] Creating /home/emir/ros2_ws/install/my_py_pkg/lib/python3.10/site-packages/my-py-pkg.egg-link (link to .)
[0.927s] Installing py_node script to /home/emir/ros2_ws/install/my_py_pkg/lib/my_py_pkg
[0.927s] Installing robot_news_station script to /home/emir/ros2_ws/install/my_py_pkg/lib/my_py_pkg
[0.928s] Installing smartphone script to /home/emir/ros2_ws/install/my_py_pkg/lib/my_py_pkg
[0.928s] 
[0.928s] Installed /home/emir/ros2_ws/build/my_py_pkg
[0.928s] running symlink_data
[0.928s] symbolically linking /home/emir/ros2_ws/build/my_py_pkg/resource/my_py_pkg -> /home/emir/ros2_ws/install/my_py_pkg/share/ament_index/resource_index/packages
[0.928s] symbolically linking /home/emir/ros2_ws/build/my_py_pkg/package.xml -> /home/emir/ros2_ws/install/my_py_pkg/share/my_py_pkg
[0.953s] Invoked command in '/home/emir/ros2_ws/build/my_py_pkg' returned '0': PYTHONPATH=/home/emir/ros2_ws/build/my_py_pkg/prefix_override:/home/emir/ros2_ws/install/my_py_pkg/lib/python3.10/site-packages:${PYTHONPATH} /usr/bin/python3 -W ignore:setup.py install is deprecated setup.py develop --editable --build-directory /home/emir/ros2_ws/build/my_py_pkg/build --no-deps symlink_data --force
