[0.010s] Invoking command in '/home/emir/ros2_ws/build/my_cpp_pkg': CMAKE_PREFIX_PATH=${CMAKE_PREFIX_PATH}:/home/emir/ros2_ws/install/my_py_pkg:/opt/ros/humble /usr/bin/cmake --build /home/emir/ros2_ws/build/my_cpp_pkg -- -j5 -l5
[0.032s] -- Found ament_cmake: 1.3.9 (/opt/ros/humble/share/ament_cmake/cmake)
[0.155s] -- Override CMake install command with custom implementation using symlinks instead of copying resources
[0.162s] -- Found rclcpp: 16.0.9 (/opt/ros/humble/share/rclcpp/cmake)
[0.189s] -- Found rosidl_generator_c: 3.1.5 (/opt/ros/humble/share/rosidl_generator_c/cmake)
[0.191s] -- Found rosidl_adapter: 3.1.5 (/opt/ros/humble/share/rosidl_adapter/cmake)
[0.197s] -- Found rosidl_generator_cpp: 3.1.5 (/opt/ros/humble/share/rosidl_generator_cpp/cmake)
[0.207s] -- Using all available rosidl_typesupport_c: rosidl_typesupport_fastrtps_c;rosidl_typesupport_introspection_c
[0.221s] -- Using all available rosidl_typesupport_cpp: rosidl_typesupport_fastrtps_cpp;rosidl_typesupport_introspection_cpp
[0.277s] -- Found rmw_implementation_cmake: 6.1.2 (/opt/ros/humble/share/rmw_implementation_cmake/cmake)
[0.278s] -- Found rmw_fastrtps_cpp: 6.2.6 (/opt/ros/humble/share/rmw_fastrtps_cpp/cmake)
[0.379s] -- Using RMW implementation 'rmw_fastrtps_cpp' as default
[0.529s] -- Found example_interfaces: 0.9.3 (/opt/ros/humble/share/example_interfaces/cmake)
[0.654s] [31mCMake Error at /opt/ros/humble/share/ament_cmake_target_dependencies/cmake/ament_target_dependencies.cmake:77 (message):
[0.654s]   ament_target_dependencies() the passed package name 'rclpp' was not found
[0.654s]   before
[0.654s] Call Stack (most recent call first):
[0.654s]   CMakeLists.txt:21 (ament_target_dependencies)
[0.654s] 
[0.654s] [0m
[0.654s] -- Configuring incomplete, errors occurred!
[0.655s] See also "/home/emir/ros2_ws/build/my_cpp_pkg/CMakeFiles/CMakeOutput.log".
[0.659s] gmake: *** [Makefile:308: cmake_check_build_system] Error 1
[0.661s] Invoked command in '/home/emir/ros2_ws/build/my_cpp_pkg' returned '2': CMAKE_PREFIX_PATH=${CMAKE_PREFIX_PATH}:/home/emir/ros2_ws/install/my_py_pkg:/opt/ros/humble /usr/bin/cmake --build /home/emir/ros2_ws/build/my_cpp_pkg -- -j5 -l5
