[0.758s] Invoking command in '/home/emir/ros2_ws/build/my_py_pkg': CMAKE_PREFIX_PATH=/home/emir/ros2_ws/install/custom_interfaces1:/home/emir/ros2_ws/install/my_cpp_pkg:/home/emir/install/my_robot_interfaces:/home/emir/install/my_cpp_pkg:/home/emir/install/custom_robot_interfaces:/home/emir/install/custom_interfaces1 PYTHONPATH=/home/emir/ros2_ws/build/my_py_pkg/prefix_override:/usr/lib/python3/dist-packages/colcon_core/task/python/colcon_distutils_commands:/home/emir/ros2_ws/install/my_py_pkg/lib/python3.10/site-packages:${PYTHONPATH} /usr/bin/python3 -W ignore:setup.py install is deprecated setup.py develop --uninstall --editable --build-directory /home/emir/ros2_ws/build/my_py_pkg/build
[1.052s] running develop
[1.053s] /usr/lib/python3/dist-packages/setuptools/command/easy_install.py:158: EasyInstallDeprecationWarning: easy_install command is deprecated. Use build and pip and other standards-based tools.
[1.053s]   warnings.warn(
[1.229s] Removing /home/emir/ros2_ws/install/my_py_pkg/lib/python3.10/site-packages/my-py-pkg.egg-link (link to .)
[1.254s] Invoked command in '/home/emir/ros2_ws/build/my_py_pkg' returned '0': CMAKE_PREFIX_PATH=/home/emir/ros2_ws/install/custom_interfaces1:/home/emir/ros2_ws/install/my_cpp_pkg:/home/emir/install/my_robot_interfaces:/home/emir/install/my_cpp_pkg:/home/emir/install/custom_robot_interfaces:/home/emir/install/custom_interfaces1 PYTHONPATH=/home/emir/ros2_ws/build/my_py_pkg/prefix_override:/usr/lib/python3/dist-packages/colcon_core/task/python/colcon_distutils_commands:/home/emir/ros2_ws/install/my_py_pkg/lib/python3.10/site-packages:${PYTHONPATH} /usr/bin/python3 -W ignore:setup.py install is deprecated setup.py develop --uninstall --editable --build-directory /home/emir/ros2_ws/build/my_py_pkg/build
[1.258s] Invoking command in '/home/emir/ros2_ws/src/my_py_pkg': CMAKE_PREFIX_PATH=/home/emir/ros2_ws/install/custom_interfaces1:/home/emir/ros2_ws/install/my_cpp_pkg:/home/emir/install/my_robot_interfaces:/home/emir/install/my_cpp_pkg:/home/emir/install/custom_robot_interfaces:/home/emir/install/custom_interfaces1 PYTHONPATH=/home/emir/ros2_ws/build/my_py_pkg/prefix_override:/usr/lib/python3/dist-packages/colcon_core/task/python/colcon_distutils_commands:/home/emir/ros2_ws/install/my_py_pkg/lib/python3.10/site-packages:${PYTHONPATH} /usr/bin/python3 -W ignore:setup.py install is deprecated setup.py egg_info --egg-base ../../build/my_py_pkg build --build-base /home/emir/ros2_ws/build/my_py_pkg/build install --record /home/emir/ros2_ws/build/my_py_pkg/install.log --single-version-externally-managed install_data --force
[1.606s] running egg_info
[1.607s] writing ../../build/my_py_pkg/my_py_pkg.egg-info/PKG-INFO
[1.608s] writing dependency_links to ../../build/my_py_pkg/my_py_pkg.egg-info/dependency_links.txt
[1.609s] writing entry points to ../../build/my_py_pkg/my_py_pkg.egg-info/entry_points.txt
[1.610s] writing requirements to ../../build/my_py_pkg/my_py_pkg.egg-info/requires.txt
[1.610s] writing top-level names to ../../build/my_py_pkg/my_py_pkg.egg-info/top_level.txt
[1.614s] reading manifest file '../../build/my_py_pkg/my_py_pkg.egg-info/SOURCES.txt'
[1.615s] writing manifest file '../../build/my_py_pkg/my_py_pkg.egg-info/SOURCES.txt'
[1.616s] running build
[1.616s] running build_py
[1.617s] running install
[1.617s] running install_lib
[1.618s] creating /home/emir/ros2_ws/install/my_py_pkg/lib/python3.10/site-packages/my_py_pkg
[1.619s] copying /home/emir/ros2_ws/build/my_py_pkg/build/lib/my_py_pkg/battery.py -> /home/emir/ros2_ws/install/my_py_pkg/lib/python3.10/site-packages/my_py_pkg
[1.619s] copying /home/emir/ros2_ws/build/my_py_pkg/build/lib/my_py_pkg/number_counter.py -> /home/emir/ros2_ws/install/my_py_pkg/lib/python3.10/site-packages/my_py_pkg
[1.619s] copying /home/emir/ros2_ws/build/my_py_pkg/build/lib/my_py_pkg/number_publisher.py -> /home/emir/ros2_ws/install/my_py_pkg/lib/python3.10/site-packages/my_py_pkg
[1.619s] copying /home/emir/ros2_ws/build/my_py_pkg/build/lib/my_py_pkg/led_panel.py -> /home/emir/ros2_ws/install/my_py_pkg/lib/python3.10/site-packages/my_py_pkg
[1.619s] copying /home/emir/ros2_ws/build/my_py_pkg/build/lib/my_py_pkg/target_coordinates_publisher.py -> /home/emir/ros2_ws/install/my_py_pkg/lib/python3.10/site-packages/my_py_pkg
[1.620s] copying /home/emir/ros2_ws/build/my_py_pkg/build/lib/my_py_pkg/smartphone.py -> /home/emir/ros2_ws/install/my_py_pkg/lib/python3.10/site-packages/my_py_pkg
[1.620s] copying /home/emir/ros2_ws/build/my_py_pkg/build/lib/my_py_pkg/add_two_ints_client_no_oop.py -> /home/emir/ros2_ws/install/my_py_pkg/lib/python3.10/site-packages/my_py_pkg
[1.620s] copying /home/emir/ros2_ws/build/my_py_pkg/build/lib/my_py_pkg/add_two_ints_server.py -> /home/emir/ros2_ws/install/my_py_pkg/lib/python3.10/site-packages/my_py_pkg
[1.620s] copying /home/emir/ros2_ws/build/my_py_pkg/build/lib/my_py_pkg/add_two_ints_client_oop.py -> /home/emir/ros2_ws/install/my_py_pkg/lib/python3.10/site-packages/my_py_pkg
[1.620s] copying /home/emir/ros2_ws/build/my_py_pkg/build/lib/my_py_pkg/__init__.py -> /home/emir/ros2_ws/install/my_py_pkg/lib/python3.10/site-packages/my_py_pkg
[1.620s] copying /home/emir/ros2_ws/build/my_py_pkg/build/lib/my_py_pkg/my_first_node.py -> /home/emir/ros2_ws/install/my_py_pkg/lib/python3.10/site-packages/my_py_pkg
[1.620s] copying /home/emir/ros2_ws/build/my_py_pkg/build/lib/my_py_pkg/robot_news_station.py -> /home/emir/ros2_ws/install/my_py_pkg/lib/python3.10/site-packages/my_py_pkg
[1.621s] byte-compiling /home/emir/ros2_ws/install/my_py_pkg/lib/python3.10/site-packages/my_py_pkg/battery.py to battery.cpython-310.pyc
[1.622s] byte-compiling /home/emir/ros2_ws/install/my_py_pkg/lib/python3.10/site-packages/my_py_pkg/number_counter.py to number_counter.cpython-310.pyc
[1.623s] byte-compiling /home/emir/ros2_ws/install/my_py_pkg/lib/python3.10/site-packages/my_py_pkg/number_publisher.py to number_publisher.cpython-310.pyc
[1.624s] byte-compiling /home/emir/ros2_ws/install/my_py_pkg/lib/python3.10/site-packages/my_py_pkg/led_panel.py to led_panel.cpython-310.pyc
[1.624s] byte-compiling /home/emir/ros2_ws/install/my_py_pkg/lib/python3.10/site-packages/my_py_pkg/target_coordinates_publisher.py to target_coordinates_publisher.cpython-310.pyc
[1.625s] byte-compiling /home/emir/ros2_ws/install/my_py_pkg/lib/python3.10/site-packages/my_py_pkg/smartphone.py to smartphone.cpython-310.pyc
[1.625s] byte-compiling /home/emir/ros2_ws/install/my_py_pkg/lib/python3.10/site-packages/my_py_pkg/add_two_ints_client_no_oop.py to add_two_ints_client_no_oop.cpython-310.pyc
[1.626s] byte-compiling /home/emir/ros2_ws/install/my_py_pkg/lib/python3.10/site-packages/my_py_pkg/add_two_ints_server.py to add_two_ints_server.cpython-310.pyc
[1.626s] byte-compiling /home/emir/ros2_ws/install/my_py_pkg/lib/python3.10/site-packages/my_py_pkg/add_two_ints_client_oop.py to add_two_ints_client_oop.cpython-310.pyc
[1.627s] byte-compiling /home/emir/ros2_ws/install/my_py_pkg/lib/python3.10/site-packages/my_py_pkg/__init__.py to __init__.cpython-310.pyc
[1.628s] byte-compiling /home/emir/ros2_ws/install/my_py_pkg/lib/python3.10/site-packages/my_py_pkg/my_first_node.py to my_first_node.cpython-310.pyc
[1.628s] byte-compiling /home/emir/ros2_ws/install/my_py_pkg/lib/python3.10/site-packages/my_py_pkg/robot_news_station.py to robot_news_station.cpython-310.pyc
[1.629s] running install_data
[1.629s] copying resource/my_py_pkg -> /home/emir/ros2_ws/install/my_py_pkg/share/ament_index/resource_index/packages
[1.629s] copying package.xml -> /home/emir/ros2_ws/install/my_py_pkg/share/my_py_pkg
[1.629s] running install_egg_info
[1.632s] Copying ../../build/my_py_pkg/my_py_pkg.egg-info to /home/emir/ros2_ws/install/my_py_pkg/lib/python3.10/site-packages/my_py_pkg-0.0.0-py3.10.egg-info
[1.633s] running install_scripts
[1.664s] Installing add_two_ints_client_no_oop script to /home/emir/ros2_ws/install/my_py_pkg/lib/my_py_pkg
[1.664s] Installing add_two_ints_client_oop script to /home/emir/ros2_ws/install/my_py_pkg/lib/my_py_pkg
[1.665s] Installing add_two_ints_server script to /home/emir/ros2_ws/install/my_py_pkg/lib/my_py_pkg
[1.665s] Installing battery script to /home/emir/ros2_ws/install/my_py_pkg/lib/my_py_pkg
[1.665s] Installing led_panel script to /home/emir/ros2_ws/install/my_py_pkg/lib/my_py_pkg
[1.666s] Installing number_counter script to /home/emir/ros2_ws/install/my_py_pkg/lib/my_py_pkg
[1.666s] Installing number_publisher script to /home/emir/ros2_ws/install/my_py_pkg/lib/my_py_pkg
[1.667s] Installing py_node script to /home/emir/ros2_ws/install/my_py_pkg/lib/my_py_pkg
[1.667s] Installing robot_news_station script to /home/emir/ros2_ws/install/my_py_pkg/lib/my_py_pkg
[1.668s] Installing smartphone script to /home/emir/ros2_ws/install/my_py_pkg/lib/my_py_pkg
[1.668s] Installing target_coordinates_publisher script to /home/emir/ros2_ws/install/my_py_pkg/lib/my_py_pkg
[1.669s] writing list of installed files to '/home/emir/ros2_ws/build/my_py_pkg/install.log'
[1.692s] Invoked command in '/home/emir/ros2_ws/src/my_py_pkg' returned '0': CMAKE_PREFIX_PATH=/home/emir/ros2_ws/install/custom_interfaces1:/home/emir/ros2_ws/install/my_cpp_pkg:/home/emir/install/my_robot_interfaces:/home/emir/install/my_cpp_pkg:/home/emir/install/custom_robot_interfaces:/home/emir/install/custom_interfaces1 PYTHONPATH=/home/emir/ros2_ws/build/my_py_pkg/prefix_override:/usr/lib/python3/dist-packages/colcon_core/task/python/colcon_distutils_commands:/home/emir/ros2_ws/install/my_py_pkg/lib/python3.10/site-packages:${PYTHONPATH} /usr/bin/python3 -W ignore:setup.py install is deprecated setup.py egg_info --egg-base ../../build/my_py_pkg build --build-base /home/emir/ros2_ws/build/my_py_pkg/build install --record /home/emir/ros2_ws/build/my_py_pkg/install.log --single-version-externally-managed install_data --force
