[0.078s] Invoking command in '/home/emir/ros2_ws/build/custom_interfaces1': CMAKE_PREFIX_PATH=${CMAKE_PREFIX_PATH}:/home/emir/ros2_ws/install/my_py_pkg:/opt/ros/humble /usr/bin/cmake /home/emir/ros2_ws/src/custom_interfaces1 -DCMAKE_INSTALL_PREFIX=/home/emir/ros2_ws/install/custom_interfaces1
[0.290s] -- Found ament_cmake: 1.3.10 (/opt/ros/humble/share/ament_cmake/cmake)
[0.834s] -- Found geometry_msgs: 4.2.4 (/opt/ros/humble/share/geometry_msgs/cmake)
[1.044s] -- Found rosidl_generator_c: 3.1.5 (/opt/ros/humble/share/rosidl_generator_c/cmake)
[1.076s] -- Found rosidl_adapter: 3.1.5 (/opt/ros/humble/share/rosidl_adapter/cmake)
[1.098s] -- Found rosidl_generator_cpp: 3.1.5 (/opt/ros/humble/share/rosidl_generator_cpp/cmake)
[1.146s] -- Using all available rosidl_typesupport_c: rosidl_typesupport_fastrtps_c;rosidl_typesupport_introspection_c
[1.227s] -- Using all available rosidl_typesupport_cpp: rosidl_typesupport_fastrtps_cpp;rosidl_typesupport_introspection_cpp
[1.336s] -- Found rosidl_default_generators: 1.2.0 (/opt/ros/humble/share/rosidl_default_generators/cmake)
[1.798s] -- Found ament_cmake_ros: 0.10.0 (/opt/ros/humble/share/ament_cmake_ros/cmake)
[2.235s] -- Using all available rosidl_typesupport_c: rosidl_typesupport_fastrtps_c;rosidl_typesupport_introspection_c
[2.384s] -- Using all available rosidl_typesupport_cpp: rosidl_typesupport_fastrtps_cpp;rosidl_typesupport_introspection_cpp
[2.406s] -- Found PythonInterp: /usr/bin/python3 (found suitable version "3.10.12", minimum required is "3.6") 
[2.421s] -- Found python_cmake_module: 0.10.0 (/opt/ros/humble/share/python_cmake_module/cmake)
[2.538s] -- Found PythonLibs: /usr/lib/x86_64-linux-gnu/libpython3.10.so (found suitable version "3.10.12", minimum required is "3.5") 
[2.538s] -- Using PYTHON_EXECUTABLE: /usr/bin/python3
[2.538s] -- Using PYTHON_INCLUDE_DIRS: /usr/include/python3.10
[2.538s] -- Using PYTHON_LIBRARIES: /usr/lib/x86_64-linux-gnu/libpython3.10.so
[2.557s] -- Found PythonExtra: .so  
[2.669s] -- Configuring done
[2.719s] -- Generating done
[2.721s] -- Build files have been written to: /home/emir/ros2_ws/build/custom_interfaces1
[2.728s] Invoked command in '/home/emir/ros2_ws/build/custom_interfaces1' returned '0': CMAKE_PREFIX_PATH=${CMAKE_PREFIX_PATH}:/home/emir/ros2_ws/install/my_py_pkg:/opt/ros/humble /usr/bin/cmake /home/emir/ros2_ws/src/custom_interfaces1 -DCMAKE_INSTALL_PREFIX=/home/emir/ros2_ws/install/custom_interfaces1
[2.730s] Invoking command in '/home/emir/ros2_ws/build/custom_interfaces1': CMAKE_PREFIX_PATH=${CMAKE_PREFIX_PATH}:/home/emir/ros2_ws/install/my_py_pkg:/opt/ros/humble /usr/bin/cmake --build /home/emir/ros2_ws/build/custom_interfaces1 -- -j5 -l5
[2.788s] [  3%] [34m[1mGenerating C code for ROS interfaces[0m
[2.800s] [  6%] [34m[1mGenerating C++ code for ROS interfaces[0m
[2.805s] [  6%] Built target ament_cmake_python_copy_custom_interfaces1
[3.035s] running egg_info
[3.035s] creating custom_interfaces1.egg-info
[3.036s] writing custom_interfaces1.egg-info/PKG-INFO
[3.036s] writing dependency_links to custom_interfaces1.egg-info/dependency_links.txt
[3.037s] writing top-level names to custom_interfaces1.egg-info/top_level.txt
[3.037s] writing manifest file 'custom_interfaces1.egg-info/SOURCES.txt'
[3.039s] reading manifest file 'custom_interfaces1.egg-info/SOURCES.txt'
[3.039s] writing manifest file 'custom_interfaces1.egg-info/SOURCES.txt'
[3.063s] [  6%] Built target ament_cmake_python_build_custom_interfaces1_egg
[3.113s] [  6%] Built target custom_interfaces1__cpp
[3.114s] [  9%] [32mBuilding C object CMakeFiles/custom_interfaces1__rosidl_generator_c.dir/rosidl_generator_c/custom_interfaces1/msg/detail/target_coordinates__functions.c.o[0m
[3.123s] [ 19%] [34m[1mGenerating C++ type support dispatch for ROS interfaces[0m
[3.123s] [ 19%] [34m[1mGenerating C++ type support for eProsima Fast-RTPS[0m
[3.123s] [ 19%] [34m[1mGenerating C++ introspection for ROS interfaces[0m
[3.366s] [ 22%] [32mBuilding CXX object CMakeFiles/custom_interfaces1__rosidl_typesupport_cpp.dir/rosidl_typesupport_cpp/custom_interfaces1/msg/target_coordinates__type_support.cpp.o[0m
[3.386s] [ 25%] [32mBuilding CXX object CMakeFiles/custom_interfaces1__rosidl_typesupport_introspection_cpp.dir/rosidl_typesupport_introspection_cpp/custom_interfaces1/msg/detail/target_coordinates__type_support.cpp.o[0m
[3.397s] [ 29%] [32mBuilding CXX object CMakeFiles/custom_interfaces1__rosidl_typesupport_fastrtps_cpp.dir/rosidl_typesupport_fastrtps_cpp/custom_interfaces1/msg/detail/dds_fastrtps/target_coordinates__type_support.cpp.o[0m
[4.649s] [ 32%] [32m[1mLinking C shared library libcustom_interfaces1__rosidl_generator_c.so[0m
[5.195s] [ 32%] Built target custom_interfaces1__rosidl_generator_c
[5.204s] [ 38%] [34m[1mGenerating C introspection for ROS interfaces[0m
[5.204s] [ 38%] [34m[1mGenerating C type support for eProsima Fast-RTPS[0m
[5.849s] [ 41%] [32mBuilding C object CMakeFiles/custom_interfaces1__rosidl_typesupport_introspection_c.dir/rosidl_typesupport_introspection_c/custom_interfaces1/msg/detail/target_coordinates__type_support.c.o[0m
[5.869s] [ 45%] [32mBuilding CXX object CMakeFiles/custom_interfaces1__rosidl_typesupport_fastrtps_c.dir/rosidl_typesupport_fastrtps_c/custom_interfaces1/msg/detail/target_coordinates__type_support_c.cpp.o[0m
[6.035s] [ 48%] [32m[1mLinking C shared library libcustom_interfaces1__rosidl_typesupport_introspection_c.so[0m
[6.461s] [ 51%] [32m[1mLinking CXX shared library libcustom_interfaces1__rosidl_typesupport_cpp.so[0m
[6.491s] [ 51%] Built target custom_interfaces1__rosidl_typesupport_introspection_c
[6.499s] [ 54%] [32m[1mLinking CXX shared library libcustom_interfaces1__rosidl_typesupport_introspection_cpp.so[0m
[6.502s] [ 58%] [34m[1mGenerating C type support dispatch for ROS interfaces[0m
[6.502s] [ 61%] [32m[1mLinking CXX shared library libcustom_interfaces1__rosidl_typesupport_fastrtps_c.so[0m
[6.504s] [ 64%] [32m[1mLinking CXX shared library libcustom_interfaces1__rosidl_typesupport_fastrtps_cpp.so[0m
[6.713s] [ 64%] Built target custom_interfaces1__rosidl_typesupport_cpp
[6.813s] [ 67%] [32mBuilding CXX object CMakeFiles/custom_interfaces1__rosidl_typesupport_c.dir/rosidl_typesupport_c/custom_interfaces1/msg/target_coordinates__type_support.cpp.o[0m
[6.824s] [ 67%] Built target custom_interfaces1__rosidl_typesupport_introspection_cpp
[6.839s] [ 67%] Built target custom_interfaces1__rosidl_typesupport_fastrtps_cpp
[6.843s] [ 67%] Built target custom_interfaces1__rosidl_typesupport_fastrtps_c
[6.848s] [ 70%] [32m[1mLinking CXX shared library libcustom_interfaces1__rosidl_typesupport_c.so[0m
[6.889s] [ 70%] Built target custom_interfaces1__rosidl_typesupport_c
[6.909s] [ 70%] Built target custom_interfaces1
[6.928s] [ 74%] [34m[1mGenerating Python code for ROS interfaces[0m
[7.406s] [ 74%] Built target custom_interfaces1__py
[7.424s] [ 77%] [32mBuilding C object CMakeFiles/custom_interfaces1__rosidl_generator_py.dir/rosidl_generator_py/custom_interfaces1/msg/_target_coordinates_s.c.o[0m
[8.481s] [ 80%] [32m[1mLinking C shared library rosidl_generator_py/custom_interfaces1/libcustom_interfaces1__rosidl_generator_py.so[0m
[8.574s] [ 80%] Built target custom_interfaces1__rosidl_generator_py
[8.593s] [ 90%] [32mBuilding C object CMakeFiles/custom_interfaces1__rosidl_typesupport_c__pyext.dir/rosidl_generator_py/custom_interfaces1/_custom_interfaces1_s.ep.rosidl_typesupport_c.c.o[0m
[8.593s] [ 90%] [32mBuilding C object CMakeFiles/custom_interfaces1__rosidl_typesupport_introspection_c__pyext.dir/rosidl_generator_py/custom_interfaces1/_custom_interfaces1_s.ep.rosidl_typesupport_introspection_c.c.o[0m
[8.593s] [ 90%] [32mBuilding C object CMakeFiles/custom_interfaces1__rosidl_typesupport_fastrtps_c__pyext.dir/rosidl_generator_py/custom_interfaces1/_custom_interfaces1_s.ep.rosidl_typesupport_fastrtps_c.c.o[0m
[8.684s] [100%] [32m[1mLinking C shared library rosidl_generator_py/custom_interfaces1/custom_interfaces1_s__rosidl_typesupport_fastrtps_c.cpython-310-x86_64-linux-gnu.so[0m
[8.685s] [100%] [32m[1mLinking C shared library rosidl_generator_py/custom_interfaces1/custom_interfaces1_s__rosidl_typesupport_c.cpython-310-x86_64-linux-gnu.so[0m
[8.686s] [100%] [32m[1mLinking C shared library rosidl_generator_py/custom_interfaces1/custom_interfaces1_s__rosidl_typesupport_introspection_c.cpython-310-x86_64-linux-gnu.so[0m
[8.722s] [100%] Built target custom_interfaces1__rosidl_typesupport_fastrtps_c__pyext
[8.722s] [100%] Built target custom_interfaces1__rosidl_typesupport_c__pyext
[8.722s] [100%] Built target custom_interfaces1__rosidl_typesupport_introspection_c__pyext
[8.735s] Invoked command in '/home/emir/ros2_ws/build/custom_interfaces1' returned '0': CMAKE_PREFIX_PATH=${CMAKE_PREFIX_PATH}:/home/emir/ros2_ws/install/my_py_pkg:/opt/ros/humble /usr/bin/cmake --build /home/emir/ros2_ws/build/custom_interfaces1 -- -j5 -l5
[8.792s] Invoking command in '/home/emir/ros2_ws/build/custom_interfaces1': CMAKE_PREFIX_PATH=${CMAKE_PREFIX_PATH}:/home/emir/ros2_ws/install/my_py_pkg:/opt/ros/humble /usr/bin/cmake --install /home/emir/ros2_ws/build/custom_interfaces1
[8.800s] -- Install configuration: ""
[8.800s] -- Installing: /home/emir/ros2_ws/install/custom_interfaces1/share/ament_index/resource_index/rosidl_interfaces/custom_interfaces1
[8.800s] -- Installing: /home/emir/ros2_ws/install/custom_interfaces1/include/custom_interfaces1/custom_interfaces1
[8.801s] -- Installing: /home/emir/ros2_ws/install/custom_interfaces1/include/custom_interfaces1/custom_interfaces1/msg
[8.801s] -- Installing: /home/emir/ros2_ws/install/custom_interfaces1/include/custom_interfaces1/custom_interfaces1/msg/rosidl_generator_c__visibility_control.h
[8.801s] -- Installing: /home/emir/ros2_ws/install/custom_interfaces1/include/custom_interfaces1/custom_interfaces1/msg/detail
[8.801s] -- Installing: /home/emir/ros2_ws/install/custom_interfaces1/include/custom_interfaces1/custom_interfaces1/msg/detail/target_coordinates__struct.h
[8.801s] -- Installing: /home/emir/ros2_ws/install/custom_interfaces1/include/custom_interfaces1/custom_interfaces1/msg/detail/target_coordinates__functions.h
[8.801s] -- Installing: /home/emir/ros2_ws/install/custom_interfaces1/include/custom_interfaces1/custom_interfaces1/msg/detail/target_coordinates__functions.c
[8.801s] -- Installing: /home/emir/ros2_ws/install/custom_interfaces1/include/custom_interfaces1/custom_interfaces1/msg/detail/target_coordinates__type_support.h
[8.801s] -- Installing: /home/emir/ros2_ws/install/custom_interfaces1/include/custom_interfaces1/custom_interfaces1/msg/target_coordinates.h
[8.801s] -- Installing: /home/emir/ros2_ws/install/custom_interfaces1/share/custom_interfaces1/environment/library_path.sh
[8.801s] -- Installing: /home/emir/ros2_ws/install/custom_interfaces1/share/custom_interfaces1/environment/library_path.dsv
[8.801s] -- Installing: /home/emir/ros2_ws/install/custom_interfaces1/lib/libcustom_interfaces1__rosidl_generator_c.so
[8.802s] -- Set runtime path of "/home/emir/ros2_ws/install/custom_interfaces1/lib/libcustom_interfaces1__rosidl_generator_c.so" to ""
[8.802s] -- Up-to-date: /home/emir/ros2_ws/install/custom_interfaces1/include/custom_interfaces1/custom_interfaces1
[8.802s] -- Up-to-date: /home/emir/ros2_ws/install/custom_interfaces1/include/custom_interfaces1/custom_interfaces1/msg
[8.802s] -- Up-to-date: /home/emir/ros2_ws/install/custom_interfaces1/include/custom_interfaces1/custom_interfaces1/msg/detail
[8.802s] -- Installing: /home/emir/ros2_ws/install/custom_interfaces1/include/custom_interfaces1/custom_interfaces1/msg/detail/target_coordinates__rosidl_typesupport_fastrtps_c.h
[8.802s] -- Installing: /home/emir/ros2_ws/install/custom_interfaces1/include/custom_interfaces1/custom_interfaces1/msg/rosidl_typesupport_fastrtps_c__visibility_control.h
[8.802s] -- Installing: /home/emir/ros2_ws/install/custom_interfaces1/lib/libcustom_interfaces1__rosidl_typesupport_fastrtps_c.so
[8.802s] -- Set runtime path of "/home/emir/ros2_ws/install/custom_interfaces1/lib/libcustom_interfaces1__rosidl_typesupport_fastrtps_c.so" to ""
[8.802s] -- Up-to-date: /home/emir/ros2_ws/install/custom_interfaces1/include/custom_interfaces1/custom_interfaces1
[8.803s] -- Up-to-date: /home/emir/ros2_ws/install/custom_interfaces1/include/custom_interfaces1/custom_interfaces1/msg
[8.803s] -- Up-to-date: /home/emir/ros2_ws/install/custom_interfaces1/include/custom_interfaces1/custom_interfaces1/msg/detail
[8.803s] -- Installing: /home/emir/ros2_ws/install/custom_interfaces1/include/custom_interfaces1/custom_interfaces1/msg/detail/target_coordinates__traits.hpp
[8.803s] -- Installing: /home/emir/ros2_ws/install/custom_interfaces1/include/custom_interfaces1/custom_interfaces1/msg/detail/target_coordinates__builder.hpp
[8.803s] -- Installing: /home/emir/ros2_ws/install/custom_interfaces1/include/custom_interfaces1/custom_interfaces1/msg/detail/target_coordinates__struct.hpp
[8.803s] -- Installing: /home/emir/ros2_ws/install/custom_interfaces1/include/custom_interfaces1/custom_interfaces1/msg/target_coordinates.hpp
[8.803s] -- Up-to-date: /home/emir/ros2_ws/install/custom_interfaces1/include/custom_interfaces1/custom_interfaces1
[8.803s] -- Up-to-date: /home/emir/ros2_ws/install/custom_interfaces1/include/custom_interfaces1/custom_interfaces1/msg
[8.803s] -- Up-to-date: /home/emir/ros2_ws/install/custom_interfaces1/include/custom_interfaces1/custom_interfaces1/msg/detail
[8.803s] -- Installing: /home/emir/ros2_ws/install/custom_interfaces1/include/custom_interfaces1/custom_interfaces1/msg/detail/dds_fastrtps
[8.804s] -- Installing: /home/emir/ros2_ws/install/custom_interfaces1/include/custom_interfaces1/custom_interfaces1/msg/detail/target_coordinates__rosidl_typesupport_fastrtps_cpp.hpp
[8.804s] -- Installing: /home/emir/ros2_ws/install/custom_interfaces1/include/custom_interfaces1/custom_interfaces1/msg/rosidl_typesupport_fastrtps_cpp__visibility_control.h
[8.804s] -- Installing: /home/emir/ros2_ws/install/custom_interfaces1/lib/libcustom_interfaces1__rosidl_typesupport_fastrtps_cpp.so
[8.804s] -- Set runtime path of "/home/emir/ros2_ws/install/custom_interfaces1/lib/libcustom_interfaces1__rosidl_typesupport_fastrtps_cpp.so" to ""
[8.804s] -- Up-to-date: /home/emir/ros2_ws/install/custom_interfaces1/include/custom_interfaces1/custom_interfaces1
[8.804s] -- Up-to-date: /home/emir/ros2_ws/install/custom_interfaces1/include/custom_interfaces1/custom_interfaces1/msg
[8.804s] -- Up-to-date: /home/emir/ros2_ws/install/custom_interfaces1/include/custom_interfaces1/custom_interfaces1/msg/detail
[8.804s] -- Installing: /home/emir/ros2_ws/install/custom_interfaces1/include/custom_interfaces1/custom_interfaces1/msg/detail/target_coordinates__type_support.c
[8.805s] -- Installing: /home/emir/ros2_ws/install/custom_interfaces1/include/custom_interfaces1/custom_interfaces1/msg/detail/target_coordinates__rosidl_typesupport_introspection_c.h
[8.805s] -- Installing: /home/emir/ros2_ws/install/custom_interfaces1/include/custom_interfaces1/custom_interfaces1/msg/rosidl_typesupport_introspection_c__visibility_control.h
[8.805s] -- Installing: /home/emir/ros2_ws/install/custom_interfaces1/lib/libcustom_interfaces1__rosidl_typesupport_introspection_c.so
[8.805s] -- Set runtime path of "/home/emir/ros2_ws/install/custom_interfaces1/lib/libcustom_interfaces1__rosidl_typesupport_introspection_c.so" to ""
[8.805s] -- Installing: /home/emir/ros2_ws/install/custom_interfaces1/lib/libcustom_interfaces1__rosidl_typesupport_c.so
[8.805s] -- Set runtime path of "/home/emir/ros2_ws/install/custom_interfaces1/lib/libcustom_interfaces1__rosidl_typesupport_c.so" to ""
[8.805s] -- Up-to-date: /home/emir/ros2_ws/install/custom_interfaces1/include/custom_interfaces1/custom_interfaces1
[8.805s] -- Up-to-date: /home/emir/ros2_ws/install/custom_interfaces1/include/custom_interfaces1/custom_interfaces1/msg
[8.805s] -- Up-to-date: /home/emir/ros2_ws/install/custom_interfaces1/include/custom_interfaces1/custom_interfaces1/msg/detail
[8.805s] -- Installing: /home/emir/ros2_ws/install/custom_interfaces1/include/custom_interfaces1/custom_interfaces1/msg/detail/target_coordinates__type_support.cpp
[8.805s] -- Installing: /home/emir/ros2_ws/install/custom_interfaces1/include/custom_interfaces1/custom_interfaces1/msg/detail/target_coordinates__rosidl_typesupport_introspection_cpp.hpp
[8.806s] -- Installing: /home/emir/ros2_ws/install/custom_interfaces1/lib/libcustom_interfaces1__rosidl_typesupport_introspection_cpp.so
[8.806s] -- Set runtime path of "/home/emir/ros2_ws/install/custom_interfaces1/lib/libcustom_interfaces1__rosidl_typesupport_introspection_cpp.so" to ""
[8.806s] -- Installing: /home/emir/ros2_ws/install/custom_interfaces1/lib/libcustom_interfaces1__rosidl_typesupport_cpp.so
[8.806s] -- Set runtime path of "/home/emir/ros2_ws/install/custom_interfaces1/lib/libcustom_interfaces1__rosidl_typesupport_cpp.so" to ""
[8.806s] -- Installing: /home/emir/ros2_ws/install/custom_interfaces1/share/custom_interfaces1/environment/pythonpath.sh
[8.806s] -- Installing: /home/emir/ros2_ws/install/custom_interfaces1/share/custom_interfaces1/environment/pythonpath.dsv
[8.806s] -- Installing: /home/emir/ros2_ws/install/custom_interfaces1/local/lib/python3.10/dist-packages/custom_interfaces1-0.0.0-py3.10.egg-info
[8.806s] -- Installing: /home/emir/ros2_ws/install/custom_interfaces1/local/lib/python3.10/dist-packages/custom_interfaces1-0.0.0-py3.10.egg-info/SOURCES.txt
[8.806s] -- Installing: /home/emir/ros2_ws/install/custom_interfaces1/local/lib/python3.10/dist-packages/custom_interfaces1-0.0.0-py3.10.egg-info/PKG-INFO
[8.807s] -- Installing: /home/emir/ros2_ws/install/custom_interfaces1/local/lib/python3.10/dist-packages/custom_interfaces1-0.0.0-py3.10.egg-info/dependency_links.txt
[8.807s] -- Installing: /home/emir/ros2_ws/install/custom_interfaces1/local/lib/python3.10/dist-packages/custom_interfaces1-0.0.0-py3.10.egg-info/top_level.txt
[8.807s] -- Installing: /home/emir/ros2_ws/install/custom_interfaces1/local/lib/python3.10/dist-packages/custom_interfaces1
[8.807s] -- Installing: /home/emir/ros2_ws/install/custom_interfaces1/local/lib/python3.10/dist-packages/custom_interfaces1/_custom_interfaces1_s.ep.rosidl_typesupport_fastrtps_c.c
[8.807s] -- Installing: /home/emir/ros2_ws/install/custom_interfaces1/local/lib/python3.10/dist-packages/custom_interfaces1/custom_interfaces1_s__rosidl_typesupport_introspection_c.cpython-310-x86_64-linux-gnu.so
[8.807s] -- Installing: /home/emir/ros2_ws/install/custom_interfaces1/local/lib/python3.10/dist-packages/custom_interfaces1/_custom_interfaces1_s.ep.rosidl_typesupport_introspection_c.c
[8.807s] -- Installing: /home/emir/ros2_ws/install/custom_interfaces1/local/lib/python3.10/dist-packages/custom_interfaces1/custom_interfaces1_s__rosidl_typesupport_fastrtps_c.cpython-310-x86_64-linux-gnu.so
[8.808s] -- Installing: /home/emir/ros2_ws/install/custom_interfaces1/local/lib/python3.10/dist-packages/custom_interfaces1/custom_interfaces1_s__rosidl_typesupport_c.cpython-310-x86_64-linux-gnu.so
[8.808s] -- Installing: /home/emir/ros2_ws/install/custom_interfaces1/local/lib/python3.10/dist-packages/custom_interfaces1/_custom_interfaces1_s.ep.rosidl_typesupport_c.c
[8.808s] -- Installing: /home/emir/ros2_ws/install/custom_interfaces1/local/lib/python3.10/dist-packages/custom_interfaces1/msg
[8.808s] -- Installing: /home/emir/ros2_ws/install/custom_interfaces1/local/lib/python3.10/dist-packages/custom_interfaces1/msg/_target_coordinates.py
[8.808s] -- Installing: /home/emir/ros2_ws/install/custom_interfaces1/local/lib/python3.10/dist-packages/custom_interfaces1/msg/_target_coordinates_s.c
[8.808s] -- Installing: /home/emir/ros2_ws/install/custom_interfaces1/local/lib/python3.10/dist-packages/custom_interfaces1/msg/__init__.py
[8.808s] -- Installing: /home/emir/ros2_ws/install/custom_interfaces1/local/lib/python3.10/dist-packages/custom_interfaces1/libcustom_interfaces1__rosidl_generator_py.so
[8.808s] -- Installing: /home/emir/ros2_ws/install/custom_interfaces1/local/lib/python3.10/dist-packages/custom_interfaces1/__init__.py
[9.054s] Listing '/home/emir/ros2_ws/install/custom_interfaces1/local/lib/python3.10/dist-packages/custom_interfaces1'...
[9.054s] Compiling '/home/emir/ros2_ws/install/custom_interfaces1/local/lib/python3.10/dist-packages/custom_interfaces1/__init__.py'...
[9.054s] Listing '/home/emir/ros2_ws/install/custom_interfaces1/local/lib/python3.10/dist-packages/custom_interfaces1/msg'...
[9.054s] Compiling '/home/emir/ros2_ws/install/custom_interfaces1/local/lib/python3.10/dist-packages/custom_interfaces1/msg/__init__.py'...
[9.055s] Compiling '/home/emir/ros2_ws/install/custom_interfaces1/local/lib/python3.10/dist-packages/custom_interfaces1/msg/_target_coordinates.py'...
[9.059s] -- Installing: /home/emir/ros2_ws/install/custom_interfaces1/local/lib/python3.10/dist-packages/custom_interfaces1/custom_interfaces1_s__rosidl_typesupport_fastrtps_c.cpython-310-x86_64-linux-gnu.so
[9.059s] -- Set runtime path of "/home/emir/ros2_ws/install/custom_interfaces1/local/lib/python3.10/dist-packages/custom_interfaces1/custom_interfaces1_s__rosidl_typesupport_fastrtps_c.cpython-310-x86_64-linux-gnu.so" to ""
[9.059s] -- Installing: /home/emir/ros2_ws/install/custom_interfaces1/local/lib/python3.10/dist-packages/custom_interfaces1/custom_interfaces1_s__rosidl_typesupport_introspection_c.cpython-310-x86_64-linux-gnu.so
[9.059s] -- Set runtime path of "/home/emir/ros2_ws/install/custom_interfaces1/local/lib/python3.10/dist-packages/custom_interfaces1/custom_interfaces1_s__rosidl_typesupport_introspection_c.cpython-310-x86_64-linux-gnu.so" to ""
[9.059s] -- Installing: /home/emir/ros2_ws/install/custom_interfaces1/local/lib/python3.10/dist-packages/custom_interfaces1/custom_interfaces1_s__rosidl_typesupport_c.cpython-310-x86_64-linux-gnu.so
[9.059s] -- Set runtime path of "/home/emir/ros2_ws/install/custom_interfaces1/local/lib/python3.10/dist-packages/custom_interfaces1/custom_interfaces1_s__rosidl_typesupport_c.cpython-310-x86_64-linux-gnu.so" to ""
[9.059s] -- Installing: /home/emir/ros2_ws/install/custom_interfaces1/lib/libcustom_interfaces1__rosidl_generator_py.so
[9.059s] -- Set runtime path of "/home/emir/ros2_ws/install/custom_interfaces1/lib/libcustom_interfaces1__rosidl_generator_py.so" to ""
[9.059s] -- Installing: /home/emir/ros2_ws/install/custom_interfaces1/share/custom_interfaces1/msg/TargetCoordinates.idl
[9.060s] -- Installing: /home/emir/ros2_ws/install/custom_interfaces1/share/custom_interfaces1/msg/TargetCoordinates.msg
[9.060s] -- Installing: /home/emir/ros2_ws/install/custom_interfaces1/share/ament_index/resource_index/package_run_dependencies/custom_interfaces1
[9.060s] -- Installing: /home/emir/ros2_ws/install/custom_interfaces1/share/ament_index/resource_index/parent_prefix_path/custom_interfaces1
[9.060s] -- Installing: /home/emir/ros2_ws/install/custom_interfaces1/share/custom_interfaces1/environment/ament_prefix_path.sh
[9.060s] -- Installing: /home/emir/ros2_ws/install/custom_interfaces1/share/custom_interfaces1/environment/ament_prefix_path.dsv
[9.060s] -- Installing: /home/emir/ros2_ws/install/custom_interfaces1/share/custom_interfaces1/environment/path.sh
[9.060s] -- Installing: /home/emir/ros2_ws/install/custom_interfaces1/share/custom_interfaces1/environment/path.dsv
[9.060s] -- Installing: /home/emir/ros2_ws/install/custom_interfaces1/share/custom_interfaces1/local_setup.bash
[9.060s] -- Installing: /home/emir/ros2_ws/install/custom_interfaces1/share/custom_interfaces1/local_setup.sh
[9.061s] -- Installing: /home/emir/ros2_ws/install/custom_interfaces1/share/custom_interfaces1/local_setup.zsh
[9.062s] -- Installing: /home/emir/ros2_ws/install/custom_interfaces1/share/custom_interfaces1/local_setup.dsv
[9.062s] -- Installing: /home/emir/ros2_ws/install/custom_interfaces1/share/custom_interfaces1/package.dsv
[9.062s] -- Installing: /home/emir/ros2_ws/install/custom_interfaces1/share/ament_index/resource_index/packages/custom_interfaces1
[9.062s] -- Installing: /home/emir/ros2_ws/install/custom_interfaces1/share/custom_interfaces1/cmake/export_custom_interfaces1__rosidl_generator_cExport.cmake
[9.062s] -- Installing: /home/emir/ros2_ws/install/custom_interfaces1/share/custom_interfaces1/cmake/export_custom_interfaces1__rosidl_generator_cExport-noconfig.cmake
[9.062s] -- Installing: /home/emir/ros2_ws/install/custom_interfaces1/share/custom_interfaces1/cmake/export_custom_interfaces1__rosidl_typesupport_fastrtps_cExport.cmake
[9.063s] -- Installing: /home/emir/ros2_ws/install/custom_interfaces1/share/custom_interfaces1/cmake/export_custom_interfaces1__rosidl_typesupport_fastrtps_cExport-noconfig.cmake
[9.063s] -- Installing: /home/emir/ros2_ws/install/custom_interfaces1/share/custom_interfaces1/cmake/export_custom_interfaces1__rosidl_generator_cppExport.cmake
[9.063s] -- Installing: /home/emir/ros2_ws/install/custom_interfaces1/share/custom_interfaces1/cmake/export_custom_interfaces1__rosidl_typesupport_fastrtps_cppExport.cmake
[9.063s] -- Installing: /home/emir/ros2_ws/install/custom_interfaces1/share/custom_interfaces1/cmake/export_custom_interfaces1__rosidl_typesupport_fastrtps_cppExport-noconfig.cmake
[9.063s] -- Installing: /home/emir/ros2_ws/install/custom_interfaces1/share/custom_interfaces1/cmake/custom_interfaces1__rosidl_typesupport_introspection_cExport.cmake
[9.063s] -- Installing: /home/emir/ros2_ws/install/custom_interfaces1/share/custom_interfaces1/cmake/custom_interfaces1__rosidl_typesupport_introspection_cExport-noconfig.cmake
[9.063s] -- Installing: /home/emir/ros2_ws/install/custom_interfaces1/share/custom_interfaces1/cmake/custom_interfaces1__rosidl_typesupport_cExport.cmake
[9.063s] -- Installing: /home/emir/ros2_ws/install/custom_interfaces1/share/custom_interfaces1/cmake/custom_interfaces1__rosidl_typesupport_cExport-noconfig.cmake
[9.063s] -- Installing: /home/emir/ros2_ws/install/custom_interfaces1/share/custom_interfaces1/cmake/custom_interfaces1__rosidl_typesupport_introspection_cppExport.cmake
[9.063s] -- Installing: /home/emir/ros2_ws/install/custom_interfaces1/share/custom_interfaces1/cmake/custom_interfaces1__rosidl_typesupport_introspection_cppExport-noconfig.cmake
[9.063s] -- Installing: /home/emir/ros2_ws/install/custom_interfaces1/share/custom_interfaces1/cmake/custom_interfaces1__rosidl_typesupport_cppExport.cmake
[9.063s] -- Installing: /home/emir/ros2_ws/install/custom_interfaces1/share/custom_interfaces1/cmake/custom_interfaces1__rosidl_typesupport_cppExport-noconfig.cmake
[9.064s] -- Installing: /home/emir/ros2_ws/install/custom_interfaces1/share/custom_interfaces1/cmake/export_custom_interfaces1__rosidl_generator_pyExport.cmake
[9.064s] -- Installing: /home/emir/ros2_ws/install/custom_interfaces1/share/custom_interfaces1/cmake/export_custom_interfaces1__rosidl_generator_pyExport-noconfig.cmake
[9.064s] -- Installing: /home/emir/ros2_ws/install/custom_interfaces1/share/custom_interfaces1/cmake/rosidl_cmake-extras.cmake
[9.064s] -- Installing: /home/emir/ros2_ws/install/custom_interfaces1/share/custom_interfaces1/cmake/ament_cmake_export_dependencies-extras.cmake
[9.064s] -- Installing: /home/emir/ros2_ws/install/custom_interfaces1/share/custom_interfaces1/cmake/ament_cmake_export_include_directories-extras.cmake
[9.064s] -- Installing: /home/emir/ros2_ws/install/custom_interfaces1/share/custom_interfaces1/cmake/ament_cmake_export_libraries-extras.cmake
[9.064s] -- Installing: /home/emir/ros2_ws/install/custom_interfaces1/share/custom_interfaces1/cmake/ament_cmake_export_targets-extras.cmake
[9.064s] -- Installing: /home/emir/ros2_ws/install/custom_interfaces1/share/custom_interfaces1/cmake/rosidl_cmake_export_typesupport_targets-extras.cmake
[9.064s] -- Installing: /home/emir/ros2_ws/install/custom_interfaces1/share/custom_interfaces1/cmake/rosidl_cmake_export_typesupport_libraries-extras.cmake
[9.064s] -- Installing: /home/emir/ros2_ws/install/custom_interfaces1/share/custom_interfaces1/cmake/custom_interfaces1Config.cmake
[9.064s] -- Installing: /home/emir/ros2_ws/install/custom_interfaces1/share/custom_interfaces1/cmake/custom_interfaces1Config-version.cmake
[9.065s] -- Installing: /home/emir/ros2_ws/install/custom_interfaces1/share/custom_interfaces1/package.xml
[9.067s] Invoked command in '/home/emir/ros2_ws/build/custom_interfaces1' returned '0': CMAKE_PREFIX_PATH=${CMAKE_PREFIX_PATH}:/home/emir/ros2_ws/install/my_py_pkg:/opt/ros/humble /usr/bin/cmake --install /home/emir/ros2_ws/build/custom_interfaces1
