[0.034s] Invoking command in '/home/emir/ros2_ws/build/custom_interfaces1': CMAKE_PREFIX_PATH=${CMAKE_PREFIX_PATH}:/home/emir/install/my_py_pkg:/home/emir/ros2_ws/install/my_py_pkg:/opt/ros/humble /usr/bin/cmake --build /home/emir/ros2_ws/build/custom_interfaces1 -- -j5 -l5
[0.153s] [  2%] Built target custom_interfaces1__cpp
[0.184s] [ 12%] Built target custom_interfaces1__rosidl_generator_c
[0.199s] [ 12%] Built target ament_cmake_python_symlink_custom_interfaces1
[0.238s] [ 23%] Built target custom_interfaces1__rosidl_typesupport_introspection_cpp
[0.243s] [ 34%] Built target custom_interfaces1__rosidl_typesupport_cpp
[0.244s] [ 44%] Built target custom_interfaces1__rosidl_typesupport_fastrtps_c
[0.245s] [ 55%] Built target custom_interfaces1__rosidl_typesupport_fastrtps_cpp
[0.250s] [ 65%] Built target custom_interfaces1__rosidl_typesupport_introspection_c
[0.276s] [ 76%] Built target custom_interfaces1__rosidl_typesupport_c
[0.308s] [ 76%] Built target custom_interfaces1
[0.351s] [ 78%] Built target custom_interfaces1__py
[0.386s] [ 87%] Built target custom_interfaces1__rosidl_generator_py
[0.418s] [ 91%] Built target custom_interfaces1__rosidl_typesupport_fastrtps_c__pyext
[0.421s] [ 95%] Built target custom_interfaces1__rosidl_typesupport_introspection_c__pyext
[0.423s] [100%] Built target custom_interfaces1__rosidl_typesupport_c__pyext
[0.632s] running egg_info
[0.636s] writing custom_interfaces1.egg-info/PKG-INFO
[0.636s] writing dependency_links to custom_interfaces1.egg-info/dependency_links.txt
[0.636s] writing top-level names to custom_interfaces1.egg-info/top_level.txt
[0.638s] reading manifest file 'custom_interfaces1.egg-info/SOURCES.txt'
[0.641s] writing manifest file 'custom_interfaces1.egg-info/SOURCES.txt'
[0.703s] [100%] Built target ament_cmake_python_build_custom_interfaces1_egg
[0.730s] Invoked command in '/home/emir/ros2_ws/build/custom_interfaces1' returned '0': CMAKE_PREFIX_PATH=${CMAKE_PREFIX_PATH}:/home/emir/install/my_py_pkg:/home/emir/ros2_ws/install/my_py_pkg:/opt/ros/humble /usr/bin/cmake --build /home/emir/ros2_ws/build/custom_interfaces1 -- -j5 -l5
[0.888s] Invoking command in '/home/emir/ros2_ws/build/custom_interfaces1': CMAKE_PREFIX_PATH=${CMAKE_PREFIX_PATH}:/home/emir/install/my_py_pkg:/home/emir/ros2_ws/install/my_py_pkg:/opt/ros/humble /usr/bin/cmake --install /home/emir/ros2_ws/build/custom_interfaces1
[0.899s] -- Install configuration: ""
[0.899s] -- Execute custom install script
[0.901s] -- Up-to-date symlink: /home/emir/ros2_ws/install/custom_interfaces1/share/ament_index/resource_index/rosidl_interfaces/custom_interfaces1
[0.901s] -- Up-to-date symlink: /home/emir/ros2_ws/install/custom_interfaces1/include/custom_interfaces1/custom_interfaces1/msg/detail/led_state_array__functions.h
[0.902s] -- Up-to-date symlink: /home/emir/ros2_ws/install/custom_interfaces1/include/custom_interfaces1/custom_interfaces1/msg/detail/led_state_array__struct.h
[0.903s] -- Up-to-date symlink: /home/emir/ros2_ws/install/custom_interfaces1/include/custom_interfaces1/custom_interfaces1/msg/detail/led_state_array__type_support.h
[0.903s] -- Up-to-date symlink: /home/emir/ros2_ws/install/custom_interfaces1/include/custom_interfaces1/custom_interfaces1/msg/detail/target_coordinates__functions.h
[0.903s] -- Up-to-date symlink: /home/emir/ros2_ws/install/custom_interfaces1/include/custom_interfaces1/custom_interfaces1/msg/detail/target_coordinates__struct.h
[0.904s] -- Up-to-date symlink: /home/emir/ros2_ws/install/custom_interfaces1/include/custom_interfaces1/custom_interfaces1/msg/detail/target_coordinates__type_support.h
[0.904s] -- Up-to-date symlink: /home/emir/ros2_ws/install/custom_interfaces1/include/custom_interfaces1/custom_interfaces1/msg/led_state_array.h
[0.904s] -- Up-to-date symlink: /home/emir/ros2_ws/install/custom_interfaces1/include/custom_interfaces1/custom_interfaces1/msg/rosidl_generator_c__visibility_control.h
[0.905s] -- Up-to-date symlink: /home/emir/ros2_ws/install/custom_interfaces1/include/custom_interfaces1/custom_interfaces1/msg/target_coordinates.h
[0.905s] -- Up-to-date symlink: /home/emir/ros2_ws/install/custom_interfaces1/include/custom_interfaces1/custom_interfaces1/srv/detail/set_led__functions.h
[0.905s] -- Up-to-date symlink: /home/emir/ros2_ws/install/custom_interfaces1/include/custom_interfaces1/custom_interfaces1/srv/detail/set_led__struct.h
[0.905s] -- Up-to-date symlink: /home/emir/ros2_ws/install/custom_interfaces1/include/custom_interfaces1/custom_interfaces1/srv/detail/set_led__type_support.h
[0.905s] -- Up-to-date symlink: /home/emir/ros2_ws/install/custom_interfaces1/include/custom_interfaces1/custom_interfaces1/srv/set_led.h
[0.908s] -- Up-to-date symlink: /home/emir/ros2_ws/install/custom_interfaces1/share/custom_interfaces1/environment/library_path.sh
[0.908s] -- Up-to-date symlink: /home/emir/ros2_ws/install/custom_interfaces1/share/custom_interfaces1/environment/library_path.dsv
[0.908s] -- Up-to-date symlink: /home/emir/ros2_ws/install/custom_interfaces1/include/custom_interfaces1/custom_interfaces1/msg/detail/led_state_array__rosidl_typesupport_fastrtps_c.h
[0.908s] -- Up-to-date symlink: /home/emir/ros2_ws/install/custom_interfaces1/include/custom_interfaces1/custom_interfaces1/msg/detail/target_coordinates__rosidl_typesupport_fastrtps_c.h
[0.908s] -- Up-to-date symlink: /home/emir/ros2_ws/install/custom_interfaces1/include/custom_interfaces1/custom_interfaces1/msg/rosidl_typesupport_fastrtps_c__visibility_control.h
[0.908s] -- Up-to-date symlink: /home/emir/ros2_ws/install/custom_interfaces1/include/custom_interfaces1/custom_interfaces1/srv/detail/set_led__rosidl_typesupport_fastrtps_c.h
[0.909s] -- Up-to-date symlink: /home/emir/ros2_ws/install/custom_interfaces1/include/custom_interfaces1/custom_interfaces1/msg/detail/led_state_array__builder.hpp
[0.909s] -- Up-to-date symlink: /home/emir/ros2_ws/install/custom_interfaces1/include/custom_interfaces1/custom_interfaces1/msg/detail/led_state_array__struct.hpp
[0.909s] -- Up-to-date symlink: /home/emir/ros2_ws/install/custom_interfaces1/include/custom_interfaces1/custom_interfaces1/msg/detail/led_state_array__traits.hpp
[0.912s] -- Up-to-date symlink: /home/emir/ros2_ws/install/custom_interfaces1/include/custom_interfaces1/custom_interfaces1/msg/detail/target_coordinates__builder.hpp
[0.912s] -- Up-to-date symlink: /home/emir/ros2_ws/install/custom_interfaces1/include/custom_interfaces1/custom_interfaces1/msg/detail/target_coordinates__struct.hpp
[0.913s] -- Up-to-date symlink: /home/emir/ros2_ws/install/custom_interfaces1/include/custom_interfaces1/custom_interfaces1/msg/detail/target_coordinates__traits.hpp
[0.913s] -- Up-to-date symlink: /home/emir/ros2_ws/install/custom_interfaces1/include/custom_interfaces1/custom_interfaces1/msg/led_state_array.hpp
[0.914s] -- Up-to-date symlink: /home/emir/ros2_ws/install/custom_interfaces1/include/custom_interfaces1/custom_interfaces1/msg/target_coordinates.hpp
[0.916s] -- Up-to-date symlink: /home/emir/ros2_ws/install/custom_interfaces1/include/custom_interfaces1/custom_interfaces1/srv/detail/set_led__builder.hpp
[0.916s] -- Up-to-date symlink: /home/emir/ros2_ws/install/custom_interfaces1/include/custom_interfaces1/custom_interfaces1/srv/detail/set_led__struct.hpp
[0.916s] -- Up-to-date symlink: /home/emir/ros2_ws/install/custom_interfaces1/include/custom_interfaces1/custom_interfaces1/srv/detail/set_led__traits.hpp
[0.916s] -- Up-to-date symlink: /home/emir/ros2_ws/install/custom_interfaces1/include/custom_interfaces1/custom_interfaces1/srv/set_led.hpp
[0.916s] -- Up-to-date symlink: /home/emir/ros2_ws/install/custom_interfaces1/include/custom_interfaces1/custom_interfaces1/msg/detail/led_state_array__rosidl_typesupport_fastrtps_cpp.hpp
[0.916s] -- Up-to-date symlink: /home/emir/ros2_ws/install/custom_interfaces1/include/custom_interfaces1/custom_interfaces1/msg/detail/target_coordinates__rosidl_typesupport_fastrtps_cpp.hpp
[0.917s] -- Up-to-date symlink: /home/emir/ros2_ws/install/custom_interfaces1/include/custom_interfaces1/custom_interfaces1/msg/rosidl_typesupport_fastrtps_cpp__visibility_control.h
[0.917s] -- Up-to-date symlink: /home/emir/ros2_ws/install/custom_interfaces1/include/custom_interfaces1/custom_interfaces1/srv/detail/set_led__rosidl_typesupport_fastrtps_cpp.hpp
[0.917s] -- Up-to-date symlink: /home/emir/ros2_ws/install/custom_interfaces1/include/custom_interfaces1/custom_interfaces1/msg/detail/led_state_array__rosidl_typesupport_introspection_c.h
[0.917s] -- Up-to-date symlink: /home/emir/ros2_ws/install/custom_interfaces1/include/custom_interfaces1/custom_interfaces1/msg/detail/target_coordinates__rosidl_typesupport_introspection_c.h
[0.917s] -- Up-to-date symlink: /home/emir/ros2_ws/install/custom_interfaces1/include/custom_interfaces1/custom_interfaces1/msg/rosidl_typesupport_introspection_c__visibility_control.h
[0.917s] -- Up-to-date symlink: /home/emir/ros2_ws/install/custom_interfaces1/include/custom_interfaces1/custom_interfaces1/srv/detail/set_led__rosidl_typesupport_introspection_c.h
[0.917s] -- Up-to-date symlink: /home/emir/ros2_ws/install/custom_interfaces1/include/custom_interfaces1/custom_interfaces1/msg/detail/led_state_array__rosidl_typesupport_introspection_cpp.hpp
[0.917s] -- Up-to-date symlink: /home/emir/ros2_ws/install/custom_interfaces1/include/custom_interfaces1/custom_interfaces1/msg/detail/target_coordinates__rosidl_typesupport_introspection_cpp.hpp
[0.917s] -- Up-to-date symlink: /home/emir/ros2_ws/install/custom_interfaces1/include/custom_interfaces1/custom_interfaces1/srv/detail/set_led__rosidl_typesupport_introspection_cpp.hpp
[0.917s] -- Up-to-date symlink: /home/emir/ros2_ws/install/custom_interfaces1/share/custom_interfaces1/environment/pythonpath.sh
[0.917s] -- Up-to-date symlink: /home/emir/ros2_ws/install/custom_interfaces1/share/custom_interfaces1/environment/pythonpath.dsv
[0.918s] -- Up-to-date symlink: /home/emir/ros2_ws/install/custom_interfaces1/local/lib/python3.10/dist-packages/custom_interfaces1-0.0.0-py3.10.egg-info/PKG-INFO
[0.918s] -- Up-to-date symlink: /home/emir/ros2_ws/install/custom_interfaces1/local/lib/python3.10/dist-packages/custom_interfaces1-0.0.0-py3.10.egg-info/SOURCES.txt
[0.918s] -- Up-to-date symlink: /home/emir/ros2_ws/install/custom_interfaces1/local/lib/python3.10/dist-packages/custom_interfaces1-0.0.0-py3.10.egg-info/dependency_links.txt
[0.918s] -- Up-to-date symlink: /home/emir/ros2_ws/install/custom_interfaces1/local/lib/python3.10/dist-packages/custom_interfaces1-0.0.0-py3.10.egg-info/top_level.txt
[0.918s] -- Up-to-date symlink: /home/emir/ros2_ws/install/custom_interfaces1/local/lib/python3.10/dist-packages/custom_interfaces1/__init__.py
[0.918s] -- Up-to-date symlink: /home/emir/ros2_ws/install/custom_interfaces1/local/lib/python3.10/dist-packages/custom_interfaces1/_custom_interfaces1_s.ep.rosidl_typesupport_c.c
[0.918s] -- Up-to-date symlink: /home/emir/ros2_ws/install/custom_interfaces1/local/lib/python3.10/dist-packages/custom_interfaces1/_custom_interfaces1_s.ep.rosidl_typesupport_fastrtps_c.c
[0.918s] -- Up-to-date symlink: /home/emir/ros2_ws/install/custom_interfaces1/local/lib/python3.10/dist-packages/custom_interfaces1/_custom_interfaces1_s.ep.rosidl_typesupport_introspection_c.c
[0.918s] -- Up-to-date symlink: /home/emir/ros2_ws/install/custom_interfaces1/local/lib/python3.10/dist-packages/custom_interfaces1/custom_interfaces1_s__rosidl_typesupport_c.cpython-310-x86_64-linux-gnu.so
[0.919s] -- Up-to-date symlink: /home/emir/ros2_ws/install/custom_interfaces1/local/lib/python3.10/dist-packages/custom_interfaces1/custom_interfaces1_s__rosidl_typesupport_fastrtps_c.cpython-310-x86_64-linux-gnu.so
[0.919s] -- Up-to-date symlink: /home/emir/ros2_ws/install/custom_interfaces1/local/lib/python3.10/dist-packages/custom_interfaces1/custom_interfaces1_s__rosidl_typesupport_introspection_c.cpython-310-x86_64-linux-gnu.so
[0.919s] -- Up-to-date symlink: /home/emir/ros2_ws/install/custom_interfaces1/local/lib/python3.10/dist-packages/custom_interfaces1/libcustom_interfaces1__rosidl_generator_py.so
[0.919s] -- Up-to-date symlink: /home/emir/ros2_ws/install/custom_interfaces1/local/lib/python3.10/dist-packages/custom_interfaces1/msg/__init__.py
[0.919s] -- Up-to-date symlink: /home/emir/ros2_ws/install/custom_interfaces1/local/lib/python3.10/dist-packages/custom_interfaces1/msg/_led_state_array.py
[0.919s] -- Up-to-date symlink: /home/emir/ros2_ws/install/custom_interfaces1/local/lib/python3.10/dist-packages/custom_interfaces1/msg/_led_state_array_s.c
[0.919s] -- Up-to-date symlink: /home/emir/ros2_ws/install/custom_interfaces1/local/lib/python3.10/dist-packages/custom_interfaces1/msg/_target_coordinates.py
[0.919s] -- Up-to-date symlink: /home/emir/ros2_ws/install/custom_interfaces1/local/lib/python3.10/dist-packages/custom_interfaces1/msg/_target_coordinates_s.c
[0.919s] -- Up-to-date symlink: /home/emir/ros2_ws/install/custom_interfaces1/local/lib/python3.10/dist-packages/custom_interfaces1/srv/__init__.py
[0.919s] -- Up-to-date symlink: /home/emir/ros2_ws/install/custom_interfaces1/local/lib/python3.10/dist-packages/custom_interfaces1/srv/_set_led.py
[0.920s] -- Up-to-date symlink: /home/emir/ros2_ws/install/custom_interfaces1/local/lib/python3.10/dist-packages/custom_interfaces1/srv/_set_led_s.c
[0.920s] -- Up-to-date symlink: /home/emir/ros2_ws/install/custom_interfaces1/local/lib/python3.10/dist-packages/custom_interfaces1/custom_interfaces1_s__rosidl_typesupport_fastrtps_c.cpython-310-x86_64-linux-gnu.so
[0.920s] -- Up-to-date symlink: /home/emir/ros2_ws/install/custom_interfaces1/local/lib/python3.10/dist-packages/custom_interfaces1/custom_interfaces1_s__rosidl_typesupport_introspection_c.cpython-310-x86_64-linux-gnu.so
[0.920s] -- Up-to-date symlink: /home/emir/ros2_ws/install/custom_interfaces1/local/lib/python3.10/dist-packages/custom_interfaces1/custom_interfaces1_s__rosidl_typesupport_c.cpython-310-x86_64-linux-gnu.so
[0.920s] -- Up-to-date symlink: /home/emir/ros2_ws/install/custom_interfaces1/share/custom_interfaces1/msg/TargetCoordinates.idl
[0.920s] -- Up-to-date symlink: /home/emir/ros2_ws/install/custom_interfaces1/share/custom_interfaces1/msg/LedStateArray.idl
[0.920s] -- Up-to-date symlink: /home/emir/ros2_ws/install/custom_interfaces1/share/custom_interfaces1/srv/SetLed.idl
[0.920s] -- Up-to-date symlink: /home/emir/ros2_ws/install/custom_interfaces1/share/custom_interfaces1/msg/TargetCoordinates.msg
[0.920s] -- Up-to-date symlink: /home/emir/ros2_ws/install/custom_interfaces1/share/custom_interfaces1/msg/LedStateArray.msg
[0.920s] -- Up-to-date symlink: /home/emir/ros2_ws/install/custom_interfaces1/share/custom_interfaces1/srv/SetLed.srv
[0.920s] -- Up-to-date symlink: /home/emir/ros2_ws/install/custom_interfaces1/share/custom_interfaces1/srv/SetLed_Request.msg
[0.920s] -- Up-to-date symlink: /home/emir/ros2_ws/install/custom_interfaces1/share/custom_interfaces1/srv/SetLed_Response.msg
[0.921s] -- Up-to-date symlink: /home/emir/ros2_ws/install/custom_interfaces1/share/ament_index/resource_index/package_run_dependencies/custom_interfaces1
[0.921s] -- Up-to-date symlink: /home/emir/ros2_ws/install/custom_interfaces1/share/ament_index/resource_index/parent_prefix_path/custom_interfaces1
[0.921s] -- Up-to-date symlink: /home/emir/ros2_ws/install/custom_interfaces1/share/custom_interfaces1/environment/ament_prefix_path.sh
[0.921s] -- Up-to-date symlink: /home/emir/ros2_ws/install/custom_interfaces1/share/custom_interfaces1/environment/ament_prefix_path.dsv
[0.921s] -- Up-to-date symlink: /home/emir/ros2_ws/install/custom_interfaces1/share/custom_interfaces1/environment/path.sh
[0.921s] -- Up-to-date symlink: /home/emir/ros2_ws/install/custom_interfaces1/share/custom_interfaces1/environment/path.dsv
[0.921s] -- Up-to-date symlink: /home/emir/ros2_ws/install/custom_interfaces1/share/custom_interfaces1/local_setup.bash
[0.921s] -- Up-to-date symlink: /home/emir/ros2_ws/install/custom_interfaces1/share/custom_interfaces1/local_setup.sh
[0.921s] -- Up-to-date symlink: /home/emir/ros2_ws/install/custom_interfaces1/share/custom_interfaces1/local_setup.zsh
[0.921s] -- Up-to-date symlink: /home/emir/ros2_ws/install/custom_interfaces1/share/custom_interfaces1/local_setup.dsv
[0.922s] -- Symlinking: /home/emir/ros2_ws/install/custom_interfaces1/share/custom_interfaces1/package.dsv
[0.927s] -- Up-to-date symlink: /home/emir/ros2_ws/install/custom_interfaces1/share/ament_index/resource_index/packages/custom_interfaces1
[0.927s] -- Up-to-date symlink: /home/emir/ros2_ws/install/custom_interfaces1/share/custom_interfaces1/cmake/rosidl_cmake-extras.cmake
[0.928s] -- Up-to-date symlink: /home/emir/ros2_ws/install/custom_interfaces1/share/custom_interfaces1/cmake/ament_cmake_export_dependencies-extras.cmake
[0.928s] -- Up-to-date symlink: /home/emir/ros2_ws/install/custom_interfaces1/share/custom_interfaces1/cmake/ament_cmake_export_include_directories-extras.cmake
[0.928s] -- Up-to-date symlink: /home/emir/ros2_ws/install/custom_interfaces1/share/custom_interfaces1/cmake/ament_cmake_export_libraries-extras.cmake
[0.928s] -- Up-to-date symlink: /home/emir/ros2_ws/install/custom_interfaces1/share/custom_interfaces1/cmake/ament_cmake_export_targets-extras.cmake
[0.929s] -- Up-to-date symlink: /home/emir/ros2_ws/install/custom_interfaces1/share/custom_interfaces1/cmake/rosidl_cmake_export_typesupport_targets-extras.cmake
[0.929s] -- Up-to-date symlink: /home/emir/ros2_ws/install/custom_interfaces1/share/custom_interfaces1/cmake/rosidl_cmake_export_typesupport_libraries-extras.cmake
[0.929s] -- Up-to-date symlink: /home/emir/ros2_ws/install/custom_interfaces1/share/custom_interfaces1/cmake/custom_interfaces1Config.cmake
[0.929s] -- Up-to-date symlink: /home/emir/ros2_ws/install/custom_interfaces1/share/custom_interfaces1/cmake/custom_interfaces1Config-version.cmake
[0.929s] -- Up-to-date symlink: /home/emir/ros2_ws/install/custom_interfaces1/share/custom_interfaces1/package.xml
[0.930s] -- Up-to-date: /home/emir/ros2_ws/install/custom_interfaces1/lib/libcustom_interfaces1__rosidl_generator_c.so
[0.930s] -- Up-to-date: /home/emir/ros2_ws/install/custom_interfaces1/lib/libcustom_interfaces1__rosidl_typesupport_fastrtps_c.so
[0.931s] -- Up-to-date: /home/emir/ros2_ws/install/custom_interfaces1/lib/libcustom_interfaces1__rosidl_typesupport_fastrtps_cpp.so
[0.931s] -- Up-to-date: /home/emir/ros2_ws/install/custom_interfaces1/lib/libcustom_interfaces1__rosidl_typesupport_introspection_c.so
[0.931s] -- Up-to-date: /home/emir/ros2_ws/install/custom_interfaces1/lib/libcustom_interfaces1__rosidl_typesupport_c.so
[0.932s] -- Up-to-date: /home/emir/ros2_ws/install/custom_interfaces1/lib/libcustom_interfaces1__rosidl_typesupport_introspection_cpp.so
[0.932s] -- Up-to-date: /home/emir/ros2_ws/install/custom_interfaces1/lib/libcustom_interfaces1__rosidl_typesupport_cpp.so
[0.986s] Listing '/home/emir/ros2_ws/install/custom_interfaces1/local/lib/python3.10/dist-packages/custom_interfaces1'...
[0.986s] Listing '/home/emir/ros2_ws/install/custom_interfaces1/local/lib/python3.10/dist-packages/custom_interfaces1/msg'...
[0.986s] Listing '/home/emir/ros2_ws/install/custom_interfaces1/local/lib/python3.10/dist-packages/custom_interfaces1/srv'...
[0.991s] -- Up-to-date: /home/emir/ros2_ws/install/custom_interfaces1/lib/libcustom_interfaces1__rosidl_generator_py.so
[0.991s] -- Up-to-date: /home/emir/ros2_ws/install/custom_interfaces1/share/custom_interfaces1/cmake/export_custom_interfaces1__rosidl_generator_cExport.cmake
[0.992s] -- Up-to-date: /home/emir/ros2_ws/install/custom_interfaces1/share/custom_interfaces1/cmake/export_custom_interfaces1__rosidl_generator_cExport-noconfig.cmake
[0.992s] -- Up-to-date: /home/emir/ros2_ws/install/custom_interfaces1/share/custom_interfaces1/cmake/export_custom_interfaces1__rosidl_typesupport_fastrtps_cExport.cmake
[0.992s] -- Up-to-date: /home/emir/ros2_ws/install/custom_interfaces1/share/custom_interfaces1/cmake/export_custom_interfaces1__rosidl_typesupport_fastrtps_cExport-noconfig.cmake
[0.992s] -- Up-to-date: /home/emir/ros2_ws/install/custom_interfaces1/share/custom_interfaces1/cmake/export_custom_interfaces1__rosidl_generator_cppExport.cmake
[0.993s] -- Up-to-date: /home/emir/ros2_ws/install/custom_interfaces1/share/custom_interfaces1/cmake/export_custom_interfaces1__rosidl_typesupport_fastrtps_cppExport.cmake
[0.993s] -- Up-to-date: /home/emir/ros2_ws/install/custom_interfaces1/share/custom_interfaces1/cmake/export_custom_interfaces1__rosidl_typesupport_fastrtps_cppExport-noconfig.cmake
[0.993s] -- Up-to-date: /home/emir/ros2_ws/install/custom_interfaces1/share/custom_interfaces1/cmake/custom_interfaces1__rosidl_typesupport_introspection_cExport.cmake
[0.993s] -- Up-to-date: /home/emir/ros2_ws/install/custom_interfaces1/share/custom_interfaces1/cmake/custom_interfaces1__rosidl_typesupport_introspection_cExport-noconfig.cmake
[0.993s] -- Up-to-date: /home/emir/ros2_ws/install/custom_interfaces1/share/custom_interfaces1/cmake/custom_interfaces1__rosidl_typesupport_cExport.cmake
[0.993s] -- Up-to-date: /home/emir/ros2_ws/install/custom_interfaces1/share/custom_interfaces1/cmake/custom_interfaces1__rosidl_typesupport_cExport-noconfig.cmake
[0.994s] -- Up-to-date: /home/emir/ros2_ws/install/custom_interfaces1/share/custom_interfaces1/cmake/custom_interfaces1__rosidl_typesupport_introspection_cppExport.cmake
[0.994s] -- Up-to-date: /home/emir/ros2_ws/install/custom_interfaces1/share/custom_interfaces1/cmake/custom_interfaces1__rosidl_typesupport_introspection_cppExport-noconfig.cmake
[0.994s] -- Up-to-date: /home/emir/ros2_ws/install/custom_interfaces1/share/custom_interfaces1/cmake/custom_interfaces1__rosidl_typesupport_cppExport.cmake
[0.994s] -- Up-to-date: /home/emir/ros2_ws/install/custom_interfaces1/share/custom_interfaces1/cmake/custom_interfaces1__rosidl_typesupport_cppExport-noconfig.cmake
[0.994s] -- Up-to-date: /home/emir/ros2_ws/install/custom_interfaces1/share/custom_interfaces1/cmake/export_custom_interfaces1__rosidl_generator_pyExport.cmake
[0.994s] -- Up-to-date: /home/emir/ros2_ws/install/custom_interfaces1/share/custom_interfaces1/cmake/export_custom_interfaces1__rosidl_generator_pyExport-noconfig.cmake
[0.997s] Invoked command in '/home/emir/ros2_ws/build/custom_interfaces1' returned '0': CMAKE_PREFIX_PATH=${CMAKE_PREFIX_PATH}:/home/emir/install/my_py_pkg:/home/emir/ros2_ws/install/my_py_pkg:/opt/ros/humble /usr/bin/cmake --install /home/emir/ros2_ws/build/custom_interfaces1
