[0.011s] Invoking command in '/home/emir/ros2_ws/build/my_cpp_pkg': CMAKE_PREFIX_PATH=${CMAKE_PREFIX_PATH}:/home/emir/ros2_ws/install/my_py_pkg:/opt/ros/humble /usr/bin/cmake --build /home/emir/ros2_ws/build/my_cpp_pkg -- -j5 -l5
[0.055s] [35m[1mConsolidate compiler generated dependencies of target add_two_ints_server[0m
[0.069s] [ 75%] Built target robot_news_station
[0.069s] [ 75%] [32mBuilding CXX object CMakeFiles/add_two_ints_server.dir/src/add_two_ints_server.cpp.o[0m
[0.070s] [ 75%] Built target smartphone
[0.070s] [ 87%] Built target cpp_node
[3.242s] [100%] [32m[1mLinking CXX executable add_two_ints_server[0m
[3.374s] [100%] Built target add_two_ints_server
[3.385s] Invoked command in '/home/emir/ros2_ws/build/my_cpp_pkg' returned '0': CMAKE_PREFIX_PATH=${CMAKE_PREFIX_PATH}:/home/emir/ros2_ws/install/my_py_pkg:/opt/ros/humble /usr/bin/cmake --build /home/emir/ros2_ws/build/my_cpp_pkg -- -j5 -l5
[3.424s] Invoking command in '/home/emir/ros2_ws/build/my_cpp_pkg': CMAKE_PREFIX_PATH=${CMAKE_PREFIX_PATH}:/home/emir/ros2_ws/install/my_py_pkg:/opt/ros/humble /usr/bin/cmake --install /home/emir/ros2_ws/build/my_cpp_pkg
[3.431s] -- Install configuration: ""
[3.431s] -- Execute custom install script
[3.431s] -- Up-to-date symlink: /home/emir/ros2_ws/install/my_cpp_pkg/lib/my_cpp_pkg/cpp_node
[3.432s] -- Up-to-date symlink: /home/emir/ros2_ws/install/my_cpp_pkg/lib/my_cpp_pkg/robot_news_station
[3.432s] -- Up-to-date symlink: /home/emir/ros2_ws/install/my_cpp_pkg/lib/my_cpp_pkg/smartphone
[3.432s] -- Symlinking: /home/emir/ros2_ws/install/my_cpp_pkg/lib/my_cpp_pkg/add_two_ints_server
[3.439s] -- Up-to-date symlink: /home/emir/ros2_ws/install/my_cpp_pkg/share/ament_index/resource_index/package_run_dependencies/my_cpp_pkg
[3.525s] -- Up-to-date symlink: /home/emir/ros2_ws/install/my_cpp_pkg/share/ament_index/resource_index/parent_prefix_path/my_cpp_pkg
[3.525s] -- Up-to-date symlink: /home/emir/ros2_ws/install/my_cpp_pkg/share/my_cpp_pkg/environment/ament_prefix_path.sh
[3.525s] -- Up-to-date symlink: /home/emir/ros2_ws/install/my_cpp_pkg/share/my_cpp_pkg/environment/ament_prefix_path.dsv
[3.525s] -- Up-to-date symlink: /home/emir/ros2_ws/install/my_cpp_pkg/share/my_cpp_pkg/environment/path.sh
[3.526s] -- Up-to-date symlink: /home/emir/ros2_ws/install/my_cpp_pkg/share/my_cpp_pkg/environment/path.dsv
[3.526s] -- Up-to-date symlink: /home/emir/ros2_ws/install/my_cpp_pkg/share/my_cpp_pkg/local_setup.bash
[3.526s] -- Up-to-date symlink: /home/emir/ros2_ws/install/my_cpp_pkg/share/my_cpp_pkg/local_setup.sh
[3.526s] -- Up-to-date symlink: /home/emir/ros2_ws/install/my_cpp_pkg/share/my_cpp_pkg/local_setup.zsh
[3.526s] -- Up-to-date symlink: /home/emir/ros2_ws/install/my_cpp_pkg/share/my_cpp_pkg/local_setup.dsv
[3.526s] -- Symlinking: /home/emir/ros2_ws/install/my_cpp_pkg/share/my_cpp_pkg/package.dsv
[3.536s] -- Up-to-date symlink: /home/emir/ros2_ws/install/my_cpp_pkg/share/ament_index/resource_index/packages/my_cpp_pkg
[3.536s] -- Up-to-date symlink: /home/emir/ros2_ws/install/my_cpp_pkg/share/my_cpp_pkg/cmake/my_cpp_pkgConfig.cmake
[3.537s] -- Up-to-date symlink: /home/emir/ros2_ws/install/my_cpp_pkg/share/my_cpp_pkg/cmake/my_cpp_pkgConfig-version.cmake
[3.537s] -- Up-to-date symlink: /home/emir/ros2_ws/install/my_cpp_pkg/share/my_cpp_pkg/package.xml
[3.538s] Invoked command in '/home/emir/ros2_ws/build/my_cpp_pkg' returned '0': CMAKE_PREFIX_PATH=${CMAKE_PREFIX_PATH}:/home/emir/ros2_ws/install/my_py_pkg:/opt/ros/humble /usr/bin/cmake --install /home/emir/ros2_ws/build/my_cpp_pkg
