[0.032s] Invoking command in '/home/emir/ros2_ws/build/my_robot_bringup': AMENT_PREFIX_PATH=/home/emir/ros2_ws/install/turtlesim_catch_them_all:/home/emir/ros2_ws/install/my_py_pkg:/home/emir/ros2_ws/install/my_robot_bringup:/home/emir/ros2_ws/install/my_cpp_pkg:/home/emir/ros2_ws/install/custom_interfaces1:/home/emir/install/my_robot_interfaces:/home/emir/install/my_py_pkg:/home/emir/install/my_cpp_pkg:/home/emir/install/custom_robot_interfaces:/home/emir/install/custom_interfaces1:/opt/ros/humble CMAKE_PREFIX_PATH=/home/emir/ros2_ws/install/my_cpp_pkg:/home/emir/ros2_ws/install/custom_interfaces1:/home/emir/ros2_ws/install/my_robot_bringup:/home/emir/install/my_robot_interfaces:/home/emir/install/my_cpp_pkg:/home/emir/install/custom_robot_interfaces:/home/emir/install/custom_interfaces1:/home/emir/ros2_ws/install/turtlesim_catch_them_all:/home/emir/ros2_ws/install/my_py_pkg:/home/emir/install/my_py_pkg:/opt/ros/humble /usr/bin/cmake --build /home/emir/ros2_ws/build/my_robot_bringup -- -j5 -l5
[0.075s] -- Found ament_cmake: 1.3.10 (/opt/ros/humble/share/ament_cmake/cmake)
[0.467s] -- Configuring done
[0.498s] -- Generating done
[0.500s] -- Build files have been written to: /home/emir/ros2_ws/build/my_robot_bringup
[0.532s] Invoked command in '/home/emir/ros2_ws/build/my_robot_bringup' returned '0': AMENT_PREFIX_PATH=/home/emir/ros2_ws/install/turtlesim_catch_them_all:/home/emir/ros2_ws/install/my_py_pkg:/home/emir/ros2_ws/install/my_robot_bringup:/home/emir/ros2_ws/install/my_cpp_pkg:/home/emir/ros2_ws/install/custom_interfaces1:/home/emir/install/my_robot_interfaces:/home/emir/install/my_py_pkg:/home/emir/install/my_cpp_pkg:/home/emir/install/custom_robot_interfaces:/home/emir/install/custom_interfaces1:/opt/ros/humble CMAKE_PREFIX_PATH=/home/emir/ros2_ws/install/my_cpp_pkg:/home/emir/ros2_ws/install/custom_interfaces1:/home/emir/ros2_ws/install/my_robot_bringup:/home/emir/install/my_robot_interfaces:/home/emir/install/my_cpp_pkg:/home/emir/install/custom_robot_interfaces:/home/emir/install/custom_interfaces1:/home/emir/ros2_ws/install/turtlesim_catch_them_all:/home/emir/ros2_ws/install/my_py_pkg:/home/emir/install/my_py_pkg:/opt/ros/humble /usr/bin/cmake --build /home/emir/ros2_ws/build/my_robot_bringup -- -j5 -l5
[0.589s] Invoking command in '/home/emir/ros2_ws/build/my_robot_bringup': AMENT_PREFIX_PATH=/home/emir/ros2_ws/install/turtlesim_catch_them_all:/home/emir/ros2_ws/install/my_py_pkg:/home/emir/ros2_ws/install/my_robot_bringup:/home/emir/ros2_ws/install/my_cpp_pkg:/home/emir/ros2_ws/install/custom_interfaces1:/home/emir/install/my_robot_interfaces:/home/emir/install/my_py_pkg:/home/emir/install/my_cpp_pkg:/home/emir/install/custom_robot_interfaces:/home/emir/install/custom_interfaces1:/opt/ros/humble CMAKE_PREFIX_PATH=/home/emir/ros2_ws/install/my_cpp_pkg:/home/emir/ros2_ws/install/custom_interfaces1:/home/emir/ros2_ws/install/my_robot_bringup:/home/emir/install/my_robot_interfaces:/home/emir/install/my_cpp_pkg:/home/emir/install/custom_robot_interfaces:/home/emir/install/custom_interfaces1:/home/emir/ros2_ws/install/turtlesim_catch_them_all:/home/emir/ros2_ws/install/my_py_pkg:/home/emir/install/my_py_pkg:/opt/ros/humble /usr/bin/cmake --install /home/emir/ros2_ws/build/my_robot_bringup
[0.602s] -- Install configuration: ""
[0.603s] -- Installing: /home/emir/ros2_ws/install/my_robot_bringup/share/my_robot_bringup/launch
[0.603s] -- Installing: /home/emir/ros2_ws/install/my_robot_bringup/share/my_robot_bringup/launch/turtlesim_catch_them_all.launch.py
[0.603s] -- Up-to-date: /home/emir/ros2_ws/install/my_robot_bringup/share/ament_index/resource_index/package_run_dependencies/my_robot_bringup
[0.603s] -- Installing: /home/emir/ros2_ws/install/my_robot_bringup/share/ament_index/resource_index/parent_prefix_path/my_robot_bringup
[0.605s] -- Up-to-date: /home/emir/ros2_ws/install/my_robot_bringup/share/my_robot_bringup/environment/ament_prefix_path.sh
[0.605s] -- Installing: /home/emir/ros2_ws/install/my_robot_bringup/share/my_robot_bringup/environment/ament_prefix_path.dsv
[0.606s] -- Up-to-date: /home/emir/ros2_ws/install/my_robot_bringup/share/my_robot_bringup/environment/path.sh
[0.606s] -- Installing: /home/emir/ros2_ws/install/my_robot_bringup/share/my_robot_bringup/environment/path.dsv
[0.606s] -- Up-to-date: /home/emir/ros2_ws/install/my_robot_bringup/share/my_robot_bringup/local_setup.bash
[0.606s] -- Up-to-date: /home/emir/ros2_ws/install/my_robot_bringup/share/my_robot_bringup/local_setup.sh
[0.606s] -- Up-to-date: /home/emir/ros2_ws/install/my_robot_bringup/share/my_robot_bringup/local_setup.zsh
[0.606s] -- Installing: /home/emir/ros2_ws/install/my_robot_bringup/share/my_robot_bringup/local_setup.dsv
[0.606s] -- Installing: /home/emir/ros2_ws/install/my_robot_bringup/share/my_robot_bringup/package.dsv
[0.606s] -- Up-to-date: /home/emir/ros2_ws/install/my_robot_bringup/share/ament_index/resource_index/packages/my_robot_bringup
[0.606s] -- Up-to-date: /home/emir/ros2_ws/install/my_robot_bringup/share/my_robot_bringup/cmake/my_robot_bringupConfig.cmake
[0.607s] -- Up-to-date: /home/emir/ros2_ws/install/my_robot_bringup/share/my_robot_bringup/cmake/my_robot_bringupConfig-version.cmake
[0.607s] -- Installing: /home/emir/ros2_ws/install/my_robot_bringup/share/my_robot_bringup/package.xml
[0.608s] Invoked command in '/home/emir/ros2_ws/build/my_robot_bringup' returned '0': AMENT_PREFIX_PATH=/home/emir/ros2_ws/install/turtlesim_catch_them_all:/home/emir/ros2_ws/install/my_py_pkg:/home/emir/ros2_ws/install/my_robot_bringup:/home/emir/ros2_ws/install/my_cpp_pkg:/home/emir/ros2_ws/install/custom_interfaces1:/home/emir/install/my_robot_interfaces:/home/emir/install/my_py_pkg:/home/emir/install/my_cpp_pkg:/home/emir/install/custom_robot_interfaces:/home/emir/install/custom_interfaces1:/opt/ros/humble CMAKE_PREFIX_PATH=/home/emir/ros2_ws/install/my_cpp_pkg:/home/emir/ros2_ws/install/custom_interfaces1:/home/emir/ros2_ws/install/my_robot_bringup:/home/emir/install/my_robot_interfaces:/home/emir/install/my_cpp_pkg:/home/emir/install/custom_robot_interfaces:/home/emir/install/custom_interfaces1:/home/emir/ros2_ws/install/turtlesim_catch_them_all:/home/emir/ros2_ws/install/my_py_pkg:/home/emir/install/my_py_pkg:/opt/ros/humble /usr/bin/cmake --install /home/emir/ros2_ws/build/my_robot_bringup
