[0.052s] Invoking command in '/home/emir/ros2_ws/build/custom_interfaces1': CMAKE_PREFIX_PATH=${CMAKE_PREFIX_PATH}:/home/emir/ros2_ws/install/my_py_pkg:/opt/ros/humble /usr/bin/cmake --build /home/emir/ros2_ws/build/custom_interfaces1 -- -j5 -l5
[0.052s] -- Found ament_cmake: 1.3.10 (/opt/ros/humble/share/ament_cmake/cmake)
[0.179s] -- Override CMake install command with custom implementation using symlinks instead of copying resources
[0.189s] -- Found geometry_msgs: 4.2.4 (/opt/ros/humble/share/geometry_msgs/cmake)
[0.334s] -- Found rosidl_generator_c: 3.1.5 (/opt/ros/humble/share/rosidl_generator_c/cmake)
[0.364s] -- Found rosidl_adapter: 3.1.5 (/opt/ros/humble/share/rosidl_adapter/cmake)
[0.380s] -- Found rosidl_generator_cpp: 3.1.5 (/opt/ros/humble/share/rosidl_generator_cpp/cmake)
[0.435s] -- Using all available rosidl_typesupport_c: rosidl_typesupport_fastrtps_c;rosidl_typesupport_introspection_c
[0.519s] -- Using all available rosidl_typesupport_cpp: rosidl_typesupport_fastrtps_cpp;rosidl_typesupport_introspection_cpp
[0.682s] -- Found rosidl_default_generators: 1.2.0 (/opt/ros/humble/share/rosidl_default_generators/cmake)
[0.977s] -- Found ament_cmake_ros: 0.10.0 (/opt/ros/humble/share/ament_cmake_ros/cmake)
[1.301s] -- Using all available rosidl_typesupport_c: rosidl_typesupport_fastrtps_c;rosidl_typesupport_introspection_c
[1.428s] -- Using all available rosidl_typesupport_cpp: rosidl_typesupport_fastrtps_cpp;rosidl_typesupport_introspection_cpp
[1.452s] -- Found python_cmake_module: 0.10.0 (/opt/ros/humble/share/python_cmake_module/cmake)
[1.478s] -- Using PYTHON_EXECUTABLE: /usr/bin/python3
[1.478s] -- Using PYTHON_INCLUDE_DIRS: /usr/include/python3.10
[1.478s] -- Using PYTHON_LIBRARIES: /usr/lib/x86_64-linux-gnu/libpython3.10.so
[1.506s] -- Configuring done
[1.555s] -- Generating done
[1.562s] -- Build files have been written to: /home/emir/ros2_ws/build/custom_interfaces1
[1.602s] [35m[1mConsolidate compiler generated dependencies of target custom_interfaces1__rosidl_generator_c[0m
[1.617s] failed to create symbolic link '/home/emir/ros2_ws/build/custom_interfaces1/ament_cmake_python/custom_interfaces1/custom_interfaces1' because existing path cannot be removed: Is a directory
[1.618s] gmake[2]: *** [CMakeFiles/ament_cmake_python_symlink_custom_interfaces1.dir/build.make:70: CMakeFiles/ament_cmake_python_symlink_custom_interfaces1] Error 1
[1.619s] [  2%] Built target custom_interfaces1__cpp
[1.619s] gmake[1]: *** [CMakeFiles/Makefile2:421: CMakeFiles/ament_cmake_python_symlink_custom_interfaces1.dir/all] Error 2
[1.619s] gmake[1]: *** Waiting for unfinished jobs....
[1.619s] [  5%] [32mBuilding C object CMakeFiles/custom_interfaces1__rosidl_generator_c.dir/rosidl_generator_c/custom_interfaces1/msg/detail/target_coordinates__functions.c.o[0m
[1.620s] [  7%] [32mBuilding C object CMakeFiles/custom_interfaces1__rosidl_generator_c.dir/rosidl_generator_c/custom_interfaces1/msg/detail/led_state_array__functions.c.o[0m
[1.957s] In file included from [01m[K/home/emir/ros2_ws/build/custom_interfaces1/rosidl_generator_c/custom_interfaces1/msg/detail/target_coordinates__functions.h:19[m[K,
[1.957s]                  from [01m[K/home/emir/ros2_ws/build/custom_interfaces1/rosidl_generator_c/custom_interfaces1/msg/detail/target_coordinates__functions.c:4[m[K:
[1.957s] [01m[K/home/emir/ros2_ws/build/custom_interfaces1/rosidl_generator_c/custom_interfaces1/msg/detail/target_coordinates__struct.h:24:10:[m[K [01;31m[Kfatal error: [m[Kgeometry_msgs/msg/detail/point__struct.h: No such file or directory
[1.957s]    24 | #include [01;31m[K"geometry_msgs/msg/detail/point__struct.h"[m[K
[1.957s]       |          [01;31m[K^~~~~~~~~~~~~~~~~~~~~~~~~~~~~~~~~~~~~~~~~~[m[K
[1.958s] compilation terminated.
[1.961s] gmake[2]: *** [CMakeFiles/custom_interfaces1__rosidl_generator_c.dir/build.make:121: CMakeFiles/custom_interfaces1__rosidl_generator_c.dir/rosidl_generator_c/custom_interfaces1/msg/detail/target_coordinates__functions.c.o] Error 1
[1.961s] gmake[2]: *** Waiting for unfinished jobs....
[2.005s] gmake[1]: *** [CMakeFiles/Makefile2:213: CMakeFiles/custom_interfaces1__rosidl_generator_c.dir/all] Error 2
[2.006s] gmake: *** [Makefile:146: all] Error 2
[2.009s] Invoked command in '/home/emir/ros2_ws/build/custom_interfaces1' returned '2': CMAKE_PREFIX_PATH=${CMAKE_PREFIX_PATH}:/home/emir/ros2_ws/install/my_py_pkg:/opt/ros/humble /usr/bin/cmake --build /home/emir/ros2_ws/build/custom_interfaces1 -- -j5 -l5
