[0.016s] Invoking command in '/home/emir/ros2_ws/build/custom_interfaces1': CMAKE_PREFIX_PATH=${CMAKE_PREFIX_PATH}:/home/emir/ros2_ws/install/my_py_pkg:/opt/ros/humble /usr/bin/cmake /home/emir/ros2_ws/src/custom_interfaces1 -DCMAKE_INSTALL_PREFIX=/home/emir/ros2_ws/install/custom_interfaces1
[0.031s] -- Found ament_cmake: 1.3.10 (/opt/ros/humble/share/ament_cmake/cmake)
[0.184s] -- Override CMake install command with custom implementation using symlinks instead of copying resources
[0.191s] -- Found geometry_msgs: 4.2.4 (/opt/ros/humble/share/geometry_msgs/cmake)
[0.215s] -- Found rosidl_generator_c: 3.1.5 (/opt/ros/humble/share/rosidl_generator_c/cmake)
[0.218s] -- Found rosidl_adapter: 3.1.5 (/opt/ros/humble/share/rosidl_adapter/cmake)
[0.224s] -- Found rosidl_generator_cpp: 3.1.5 (/opt/ros/humble/share/rosidl_generator_cpp/cmake)
[0.235s] -- Using all available rosidl_typesupport_c: rosidl_typesupport_fastrtps_c;rosidl_typesupport_introspection_c
[0.252s] -- Using all available rosidl_typesupport_cpp: rosidl_typesupport_fastrtps_cpp;rosidl_typesupport_introspection_cpp
[0.292s] -- Found rosidl_default_generators: 1.2.0 (/opt/ros/humble/share/rosidl_default_generators/cmake)
[0.647s] -- Found ament_cmake_ros: 0.10.0 (/opt/ros/humble/share/ament_cmake_ros/cmake)
[1.161s] -- Using all available rosidl_typesupport_c: rosidl_typesupport_fastrtps_c;rosidl_typesupport_introspection_c
[1.373s] -- Using all available rosidl_typesupport_cpp: rosidl_typesupport_fastrtps_cpp;rosidl_typesupport_introspection_cpp
[1.398s] -- Found python_cmake_module: 0.10.0 (/opt/ros/humble/share/python_cmake_module/cmake)
[1.421s] -- Using PYTHON_EXECUTABLE: /usr/bin/python3
[1.422s] -- Using PYTHON_INCLUDE_DIRS: /usr/include/python3.10
[1.422s] -- Using PYTHON_LIBRARIES: /usr/lib/x86_64-linux-gnu/libpython3.10.so
[1.481s] -- Configuring done
[1.529s] -- Generating done
[1.539s] -- Build files have been written to: /home/emir/ros2_ws/build/custom_interfaces1
[1.547s] Invoked command in '/home/emir/ros2_ws/build/custom_interfaces1' returned '0': CMAKE_PREFIX_PATH=${CMAKE_PREFIX_PATH}:/home/emir/ros2_ws/install/my_py_pkg:/opt/ros/humble /usr/bin/cmake /home/emir/ros2_ws/src/custom_interfaces1 -DCMAKE_INSTALL_PREFIX=/home/emir/ros2_ws/install/custom_interfaces1
[1.550s] Invoking command in '/home/emir/ros2_ws/build/custom_interfaces1': CMAKE_PREFIX_PATH=${CMAKE_PREFIX_PATH}:/home/emir/ros2_ws/install/my_py_pkg:/opt/ros/humble /usr/bin/cmake --build /home/emir/ros2_ws/build/custom_interfaces1 -- -j5 -l5
[1.604s] [35m[1mConsolidate compiler generated dependencies of target custom_interfaces1__rosidl_generator_c[0m
[1.619s] [  2%] Built target custom_interfaces1__cpp
[1.620s] [ 12%] Built target custom_interfaces1__rosidl_generator_c
[1.621s] failed to create symbolic link '/home/emir/ros2_ws/build/custom_interfaces1/ament_cmake_python/custom_interfaces1/custom_interfaces1' because existing path cannot be removed: Is a directory
[1.623s] gmake[2]: *** [CMakeFiles/ament_cmake_python_symlink_custom_interfaces1.dir/build.make:70: CMakeFiles/ament_cmake_python_symlink_custom_interfaces1] Error 1
[1.628s] gmake[1]: *** [CMakeFiles/Makefile2:421: CMakeFiles/ament_cmake_python_symlink_custom_interfaces1.dir/all] Error 2
[1.628s] gmake[1]: *** Waiting for unfinished jobs....
[1.638s] [ 20%] [34m[1mGenerating C introspection for ROS interfaces[0m
[1.639s] [ 20%] [34m[1mGenerating C++ type support for eProsima Fast-RTPS[0m
[1.639s] [ 20%] [34m[1mGenerating C++ type support dispatch for ROS interfaces[0m
[1.640s] [ 23%] [34m[1mGenerating C type support dispatch for ROS interfaces[0m
[2.134s] [35m[1mConsolidate compiler generated dependencies of target custom_interfaces1__rosidl_typesupport_c[0m
[2.137s] [35m[1mConsolidate compiler generated dependencies of target custom_interfaces1__rosidl_typesupport_cpp[0m
[2.186s] [35m[1mConsolidate compiler generated dependencies of target custom_interfaces1__rosidl_typesupport_introspection_c[0m
[2.187s] [ 25%] [32mBuilding CXX object CMakeFiles/custom_interfaces1__rosidl_typesupport_c.dir/rosidl_typesupport_c/custom_interfaces1/msg/target_coordinates__type_support.cpp.o[0m
[2.188s] [ 28%] [32mBuilding CXX object CMakeFiles/custom_interfaces1__rosidl_typesupport_c.dir/rosidl_typesupport_c/custom_interfaces1/msg/led_state_array__type_support.cpp.o[0m
[2.196s] [35m[1mConsolidate compiler generated dependencies of target custom_interfaces1__rosidl_typesupport_fastrtps_cpp[0m
[2.216s] [ 33%] [32mBuilding CXX object CMakeFiles/custom_interfaces1__rosidl_typesupport_cpp.dir/rosidl_typesupport_cpp/custom_interfaces1/msg/target_coordinates__type_support.cpp.o[0m
[2.217s] [ 33%] [32mBuilding CXX object CMakeFiles/custom_interfaces1__rosidl_typesupport_fastrtps_cpp.dir/rosidl_typesupport_fastrtps_cpp/custom_interfaces1/msg/detail/dds_fastrtps/target_coordinates__type_support.cpp.o[0m
[2.276s] [ 35%] [32mBuilding C object CMakeFiles/custom_interfaces1__rosidl_typesupport_introspection_c.dir/rosidl_typesupport_introspection_c/custom_interfaces1/msg/detail/target_coordinates__type_support.c.o[0m
[2.624s] [ 38%] [32mBuilding C object CMakeFiles/custom_interfaces1__rosidl_typesupport_introspection_c.dir/rosidl_typesupport_introspection_c/custom_interfaces1/msg/detail/led_state_array__type_support.c.o[0m
[2.677s] [ 41%] [32m[1mLinking C shared library libcustom_interfaces1__rosidl_typesupport_introspection_c.so[0m
[2.804s] [ 41%] Built target custom_interfaces1__rosidl_typesupport_introspection_c
[2.819s] [ 43%] [32mBuilding CXX object CMakeFiles/custom_interfaces1__rosidl_typesupport_fastrtps_cpp.dir/rosidl_typesupport_fastrtps_cpp/custom_interfaces1/msg/detail/dds_fastrtps/led_state_array__type_support.cpp.o[0m
[3.530s] [ 48%] [32m[1mLinking CXX shared library libcustom_interfaces1__rosidl_typesupport_c.so[0m
[3.531s] [ 48%] [32mBuilding CXX object CMakeFiles/custom_interfaces1__rosidl_typesupport_cpp.dir/rosidl_typesupport_cpp/custom_interfaces1/msg/led_state_array__type_support.cpp.o[0m
[3.703s] [ 48%] Built target custom_interfaces1__rosidl_typesupport_c
[4.355s] [ 51%] [32m[1mLinking CXX shared library libcustom_interfaces1__rosidl_typesupport_cpp.so[0m
[4.656s] [ 53%] [32m[1mLinking CXX shared library libcustom_interfaces1__rosidl_typesupport_fastrtps_cpp.so[0m
[4.686s] [ 53%] Built target custom_interfaces1__rosidl_typesupport_cpp
[4.800s] [ 53%] Built target custom_interfaces1__rosidl_typesupport_fastrtps_cpp
[4.802s] gmake: *** [Makefile:146: all] Error 2
[4.804s] Invoked command in '/home/emir/ros2_ws/build/custom_interfaces1' returned '2': CMAKE_PREFIX_PATH=${CMAKE_PREFIX_PATH}:/home/emir/ros2_ws/install/my_py_pkg:/opt/ros/humble /usr/bin/cmake --build /home/emir/ros2_ws/build/custom_interfaces1 -- -j5 -l5
