[0.012s] Invoking command in '/home/emir/ros2_ws/build/my_cpp_pkg': CMAKE_PREFIX_PATH=${CMAKE_PREFIX_PATH}:/home/emir/ros2_ws/install/my_py_pkg:/opt/ros/humble /usr/bin/cmake /home/emir/ros2_ws/src/my_cpp_pkg -DCMAKE_INSTALL_PREFIX=/home/emir/ros2_ws/install/my_cpp_pkg
[0.025s] -- Found ament_cmake: 1.3.10 (/opt/ros/humble/share/ament_cmake/cmake)
[0.149s] -- Override CMake install command with custom implementation using symlinks instead of copying resources
[0.153s] -- Found rclcpp: 16.0.10 (/opt/ros/humble/share/rclcpp/cmake)
[0.179s] -- Found rosidl_generator_c: 3.1.5 (/opt/ros/humble/share/rosidl_generator_c/cmake)
[0.181s] -- Found rosidl_adapter: 3.1.5 (/opt/ros/humble/share/rosidl_adapter/cmake)
[0.187s] -- Found rosidl_generator_cpp: 3.1.5 (/opt/ros/humble/share/rosidl_generator_cpp/cmake)
[0.196s] -- Using all available rosidl_typesupport_c: rosidl_typesupport_fastrtps_c;rosidl_typesupport_introspection_c
[0.207s] -- Using all available rosidl_typesupport_cpp: rosidl_typesupport_fastrtps_cpp;rosidl_typesupport_introspection_cpp
[0.239s] -- Found rmw_implementation_cmake: 6.1.2 (/opt/ros/humble/share/rmw_implementation_cmake/cmake)
[0.240s] -- Found rmw_fastrtps_cpp: 6.2.7 (/opt/ros/humble/share/rmw_fastrtps_cpp/cmake)
[0.358s] -- Using RMW implementation 'rmw_fastrtps_cpp' as default
[0.406s] -- Found example_interfaces: 0.9.3 (/opt/ros/humble/share/example_interfaces/cmake)
[0.516s] -- Configuring done
[0.535s] -- Generating done
[0.537s] -- Build files have been written to: /home/emir/ros2_ws/build/my_cpp_pkg
[0.545s] Invoked command in '/home/emir/ros2_ws/build/my_cpp_pkg' returned '0': CMAKE_PREFIX_PATH=${CMAKE_PREFIX_PATH}:/home/emir/ros2_ws/install/my_py_pkg:/opt/ros/humble /usr/bin/cmake /home/emir/ros2_ws/src/my_cpp_pkg -DCMAKE_INSTALL_PREFIX=/home/emir/ros2_ws/install/my_cpp_pkg
[0.547s] Invoking command in '/home/emir/ros2_ws/build/my_cpp_pkg': CMAKE_PREFIX_PATH=${CMAKE_PREFIX_PATH}:/home/emir/ros2_ws/install/my_py_pkg:/opt/ros/humble /usr/bin/cmake --build /home/emir/ros2_ws/build/my_cpp_pkg -- -j5 -l5
[0.591s] [35m[1mConsolidate compiler generated dependencies of target robot_news_station[0m
[0.591s] [35m[1mConsolidate compiler generated dependencies of target cpp_node[0m
[0.591s] [35m[1mConsolidate compiler generated dependencies of target add_two_ints_server[0m
[0.594s] [35m[1mConsolidate compiler generated dependencies of target smartphone[0m
[0.601s] [35m[1mConsolidate compiler generated dependencies of target add_two_ints_client_oop[0m
[0.605s] [ 20%] Built target cpp_node
[0.612s] [ 40%] Built target robot_news_station
[0.616s] [ 60%] Built target add_two_ints_server
[0.623s] [ 80%] Built target add_two_ints_client_oop
[0.623s] [100%] Built target smartphone
[0.638s] Invoked command in '/home/emir/ros2_ws/build/my_cpp_pkg' returned '0': CMAKE_PREFIX_PATH=${CMAKE_PREFIX_PATH}:/home/emir/ros2_ws/install/my_py_pkg:/opt/ros/humble /usr/bin/cmake --build /home/emir/ros2_ws/build/my_cpp_pkg -- -j5 -l5
[0.684s] Invoking command in '/home/emir/ros2_ws/build/my_cpp_pkg': CMAKE_PREFIX_PATH=${CMAKE_PREFIX_PATH}:/home/emir/ros2_ws/install/my_py_pkg:/opt/ros/humble /usr/bin/cmake --install /home/emir/ros2_ws/build/my_cpp_pkg
[0.689s] -- Install configuration: ""
[0.689s] -- Execute custom install script
[0.690s] -- Up-to-date symlink: /home/emir/ros2_ws/install/my_cpp_pkg/lib/my_cpp_pkg/cpp_node
[0.690s] -- Up-to-date symlink: /home/emir/ros2_ws/install/my_cpp_pkg/lib/my_cpp_pkg/robot_news_station
[0.690s] -- Up-to-date symlink: /home/emir/ros2_ws/install/my_cpp_pkg/lib/my_cpp_pkg/smartphone
[0.690s] -- Up-to-date symlink: /home/emir/ros2_ws/install/my_cpp_pkg/lib/my_cpp_pkg/add_two_ints_server
[0.691s] -- Up-to-date symlink: /home/emir/ros2_ws/install/my_cpp_pkg/lib/my_cpp_pkg/add_two_ints_client_oop
[0.691s] -- Up-to-date symlink: /home/emir/ros2_ws/install/my_cpp_pkg/share/ament_index/resource_index/package_run_dependencies/my_cpp_pkg
[0.691s] -- Up-to-date symlink: /home/emir/ros2_ws/install/my_cpp_pkg/share/ament_index/resource_index/parent_prefix_path/my_cpp_pkg
[0.691s] -- Up-to-date symlink: /home/emir/ros2_ws/install/my_cpp_pkg/share/my_cpp_pkg/environment/ament_prefix_path.sh
[0.691s] -- Up-to-date symlink: /home/emir/ros2_ws/install/my_cpp_pkg/share/my_cpp_pkg/environment/ament_prefix_path.dsv
[0.691s] -- Up-to-date symlink: /home/emir/ros2_ws/install/my_cpp_pkg/share/my_cpp_pkg/environment/path.sh
[0.692s] -- Up-to-date symlink: /home/emir/ros2_ws/install/my_cpp_pkg/share/my_cpp_pkg/environment/path.dsv
[0.692s] -- Up-to-date symlink: /home/emir/ros2_ws/install/my_cpp_pkg/share/my_cpp_pkg/local_setup.bash
[0.692s] -- Up-to-date symlink: /home/emir/ros2_ws/install/my_cpp_pkg/share/my_cpp_pkg/local_setup.sh
[0.692s] -- Up-to-date symlink: /home/emir/ros2_ws/install/my_cpp_pkg/share/my_cpp_pkg/local_setup.zsh
[0.692s] -- Up-to-date symlink: /home/emir/ros2_ws/install/my_cpp_pkg/share/my_cpp_pkg/local_setup.dsv
[0.692s] -- Symlinking: /home/emir/ros2_ws/install/my_cpp_pkg/share/my_cpp_pkg/package.dsv
[0.702s] -- Up-to-date symlink: /home/emir/ros2_ws/install/my_cpp_pkg/share/ament_index/resource_index/packages/my_cpp_pkg
[0.703s] -- Up-to-date symlink: /home/emir/ros2_ws/install/my_cpp_pkg/share/my_cpp_pkg/cmake/my_cpp_pkgConfig.cmake
[0.703s] -- Up-to-date symlink: /home/emir/ros2_ws/install/my_cpp_pkg/share/my_cpp_pkg/cmake/my_cpp_pkgConfig-version.cmake
[0.703s] -- Up-to-date symlink: /home/emir/ros2_ws/install/my_cpp_pkg/share/my_cpp_pkg/package.xml
[0.706s] Invoked command in '/home/emir/ros2_ws/build/my_cpp_pkg' returned '0': CMAKE_PREFIX_PATH=${CMAKE_PREFIX_PATH}:/home/emir/ros2_ws/install/my_py_pkg:/opt/ros/humble /usr/bin/cmake --install /home/emir/ros2_ws/build/my_cpp_pkg
