[0.543s] Invoking command in '/home/emir/ros2_ws/build/my_py_pkg': PYTHONPATH=/home/emir/ros2_ws/build/my_py_pkg/prefix_override:/home/emir/ros2_ws/install/my_py_pkg/lib/python3.10/site-packages:${PYTHONPATH} /usr/bin/python3 -W ignore:setup.py install is deprecated setup.py develop --editable --build-directory /home/emir/ros2_ws/build/my_py_pkg/build --no-deps symlink_data
[0.786s] running develop
[0.786s] /usr/lib/python3/dist-packages/setuptools/command/easy_install.py:158: EasyInstallDeprecationWarning: easy_install command is deprecated. Use build and pip and other standards-based tools.
[0.786s]   warnings.warn(
[0.944s] running egg_info
[0.944s] writing my_py_pkg.egg-info/PKG-INFO
[0.944s] writing dependency_links to my_py_pkg.egg-info/dependency_links.txt
[0.945s] writing entry points to my_py_pkg.egg-info/entry_points.txt
[0.945s] writing requirements to my_py_pkg.egg-info/requires.txt
[0.945s] writing top-level names to my_py_pkg.egg-info/top_level.txt
[0.947s] reading manifest file 'my_py_pkg.egg-info/SOURCES.txt'
[0.947s] writing manifest file 'my_py_pkg.egg-info/SOURCES.txt'
[0.948s] running build_ext
[0.949s] Creating /home/emir/ros2_ws/install/my_py_pkg/lib/python3.10/site-packages/my-py-pkg.egg-link (link to .)
[0.949s] Installing add_two_ints_server script to /home/emir/ros2_ws/install/my_py_pkg/lib/my_py_pkg
[0.949s] Installing py_node script to /home/emir/ros2_ws/install/my_py_pkg/lib/my_py_pkg
[0.950s] Installing robot_news_station script to /home/emir/ros2_ws/install/my_py_pkg/lib/my_py_pkg
[0.950s] Installing smartphone script to /home/emir/ros2_ws/install/my_py_pkg/lib/my_py_pkg
[0.950s] 
[0.950s] Installed /home/emir/ros2_ws/build/my_py_pkg
[0.950s] running symlink_data
[0.976s] Invoked command in '/home/emir/ros2_ws/build/my_py_pkg' returned '0': PYTHONPATH=/home/emir/ros2_ws/build/my_py_pkg/prefix_override:/home/emir/ros2_ws/install/my_py_pkg/lib/python3.10/site-packages:${PYTHONPATH} /usr/bin/python3 -W ignore:setup.py install is deprecated setup.py develop --editable --build-directory /home/emir/ros2_ws/build/my_py_pkg/build --no-deps symlink_data
