[1.068s] Invoking command in '/home/emir/ros2_ws/src/turtlesim_catch_them_all': CMAKE_PREFIX_PATH=/home/emir/ros2_ws/install/custom_interfaces1:/home/emir/ros2_ws/install/my_robot_bringup:/home/emir/ros2_ws/install/my_cpp_pkg:/home/emir/install/my_robot_interfaces:/home/emir/install/my_cpp_pkg:/home/emir/install/custom_robot_interfaces:/home/emir/install/custom_interfaces1 PYTHONPATH=/home/emir/ros2_ws/build/turtlesim_catch_them_all/prefix_override:/usr/lib/python3/dist-packages/colcon_core/task/python/colcon_distutils_commands:/home/emir/ros2_ws/install/turtlesim_catch_them_all/lib/python3.10/site-packages:${PYTHONPATH} /usr/bin/python3 -W ignore:setup.py install is deprecated setup.py egg_info --egg-base ../../build/turtlesim_catch_them_all build --build-base /home/emir/ros2_ws/build/turtlesim_catch_them_all/build install --record /home/emir/ros2_ws/build/turtlesim_catch_them_all/install.log --single-version-externally-managed install_data
[1.360s] running egg_info
[1.360s] writing ../../build/turtlesim_catch_them_all/turtlesim_catch_them_all.egg-info/PKG-INFO
[1.362s] writing dependency_links to ../../build/turtlesim_catch_them_all/turtlesim_catch_them_all.egg-info/dependency_links.txt
[1.362s] writing entry points to ../../build/turtlesim_catch_them_all/turtlesim_catch_them_all.egg-info/entry_points.txt
[1.362s] writing requirements to ../../build/turtlesim_catch_them_all/turtlesim_catch_them_all.egg-info/requires.txt
[1.362s] writing top-level names to ../../build/turtlesim_catch_them_all/turtlesim_catch_them_all.egg-info/top_level.txt
[1.364s] reading manifest file '../../build/turtlesim_catch_them_all/turtlesim_catch_them_all.egg-info/SOURCES.txt'
[1.366s] writing manifest file '../../build/turtlesim_catch_them_all/turtlesim_catch_them_all.egg-info/SOURCES.txt'
[1.366s] running build
[1.366s] running build_py
[1.368s] running install
[1.368s] running install_lib
[1.375s] running install_data
[1.375s] running install_egg_info
[1.376s] removing '/home/emir/ros2_ws/install/turtlesim_catch_them_all/lib/python3.10/site-packages/turtlesim_catch_them_all-0.0.0-py3.10.egg-info' (and everything under it)
[1.376s] Copying ../../build/turtlesim_catch_them_all/turtlesim_catch_them_all.egg-info to /home/emir/ros2_ws/install/turtlesim_catch_them_all/lib/python3.10/site-packages/turtlesim_catch_them_all-0.0.0-py3.10.egg-info
[1.376s] running install_scripts
[1.404s] Installing turtlesim_controller script to /home/emir/ros2_ws/install/turtlesim_catch_them_all/lib/turtlesim_catch_them_all
[1.405s] Installing turtlesim_spawner script to /home/emir/ros2_ws/install/turtlesim_catch_them_all/lib/turtlesim_catch_them_all
[1.405s] writing list of installed files to '/home/emir/ros2_ws/build/turtlesim_catch_them_all/install.log'
[1.437s] Invoked command in '/home/emir/ros2_ws/src/turtlesim_catch_them_all' returned '0': CMAKE_PREFIX_PATH=/home/emir/ros2_ws/install/custom_interfaces1:/home/emir/ros2_ws/install/my_robot_bringup:/home/emir/ros2_ws/install/my_cpp_pkg:/home/emir/install/my_robot_interfaces:/home/emir/install/my_cpp_pkg:/home/emir/install/custom_robot_interfaces:/home/emir/install/custom_interfaces1 PYTHONPATH=/home/emir/ros2_ws/build/turtlesim_catch_them_all/prefix_override:/usr/lib/python3/dist-packages/colcon_core/task/python/colcon_distutils_commands:/home/emir/ros2_ws/install/turtlesim_catch_them_all/lib/python3.10/site-packages:${PYTHONPATH} /usr/bin/python3 -W ignore:setup.py install is deprecated setup.py egg_info --egg-base ../../build/turtlesim_catch_them_all build --build-base /home/emir/ros2_ws/build/turtlesim_catch_them_all/build install --record /home/emir/ros2_ws/build/turtlesim_catch_them_all/install.log --single-version-externally-managed install_data
