[0.020s] Invoking command in '/home/emir/ros2_ws/build/custom_interfaces1': CMAKE_PREFIX_PATH=${CMAKE_PREFIX_PATH}:/home/emir/ros2_ws/install/my_py_pkg:/opt/ros/humble /usr/bin/cmake --build /home/emir/ros2_ws/build/custom_interfaces1 -- -j5 -l5
[0.051s] -- Found ament_cmake: 1.3.10 (/opt/ros/humble/share/ament_cmake/cmake)
[0.192s] -- Override CMake install command with custom implementation using symlinks instead of copying resources
[0.201s] -- Found geometry_msgs: 4.2.4 (/opt/ros/humble/share/geometry_msgs/cmake)
[0.224s] -- Found rosidl_generator_c: 3.1.5 (/opt/ros/humble/share/rosidl_generator_c/cmake)
[0.226s] -- Found rosidl_adapter: 3.1.5 (/opt/ros/humble/share/rosidl_adapter/cmake)
[0.233s] -- Found rosidl_generator_cpp: 3.1.5 (/opt/ros/humble/share/rosidl_generator_cpp/cmake)
[0.243s] -- Using all available rosidl_typesupport_c: rosidl_typesupport_fastrtps_c;rosidl_typesupport_introspection_c
[0.259s] -- Using all available rosidl_typesupport_cpp: rosidl_typesupport_fastrtps_cpp;rosidl_typesupport_introspection_cpp
[0.298s] -- Found rosidl_default_generators: 1.2.0 (/opt/ros/humble/share/rosidl_default_generators/cmake)
[0.668s] -- Found ament_cmake_ros: 0.10.0 (/opt/ros/humble/share/ament_cmake_ros/cmake)
[1.139s] -- Using all available rosidl_typesupport_c: rosidl_typesupport_fastrtps_c;rosidl_typesupport_introspection_c
[1.318s] -- Using all available rosidl_typesupport_cpp: rosidl_typesupport_fastrtps_cpp;rosidl_typesupport_introspection_cpp
[1.342s] -- Found python_cmake_module: 0.10.0 (/opt/ros/humble/share/python_cmake_module/cmake)
[1.376s] -- Using PYTHON_EXECUTABLE: /usr/bin/python3
[1.377s] -- Using PYTHON_INCLUDE_DIRS: /usr/include/python3.10
[1.377s] -- Using PYTHON_LIBRARIES: /usr/lib/x86_64-linux-gnu/libpython3.10.so
[1.430s] -- Configuring done
[1.491s] -- Generating done
[1.498s] -- Build files have been written to: /home/emir/ros2_ws/build/custom_interfaces1
[1.534s] [35m[1mConsolidate compiler generated dependencies of target custom_interfaces1__rosidl_generator_c[0m
[1.548s] failed to create symbolic link '/home/emir/ros2_ws/build/custom_interfaces1/ament_cmake_python/custom_interfaces1/custom_interfaces1' because existing path cannot be removed: Is a directory
[1.550s] gmake[2]: *** [CMakeFiles/ament_cmake_python_symlink_custom_interfaces1.dir/build.make:70: CMakeFiles/ament_cmake_python_symlink_custom_interfaces1] Error 1
[1.551s] gmake[1]: *** [CMakeFiles/Makefile2:421: CMakeFiles/ament_cmake_python_symlink_custom_interfaces1.dir/all] Error 2
[1.551s] gmake[1]: *** Waiting for unfinished jobs....
[1.555s] [  2%] [32mBuilding C object CMakeFiles/custom_interfaces1__rosidl_generator_c.dir/rosidl_generator_c/custom_interfaces1/msg/detail/led_state_array__functions.c.o[0m
[1.556s] [  5%] [32mBuilding C object CMakeFiles/custom_interfaces1__rosidl_generator_c.dir/rosidl_generator_c/custom_interfaces1/msg/detail/target_coordinates__functions.c.o[0m
[1.557s] [  7%] Built target custom_interfaces1__cpp
[1.700s] [ 10%] [32m[1mLinking C shared library libcustom_interfaces1__rosidl_generator_c.so[0m
[1.861s] [ 12%] Built target custom_interfaces1__rosidl_generator_c
[1.864s] gmake: *** [Makefile:146: all] Error 2
[1.867s] Invoked command in '/home/emir/ros2_ws/build/custom_interfaces1' returned '2': CMAKE_PREFIX_PATH=${CMAKE_PREFIX_PATH}:/home/emir/ros2_ws/install/my_py_pkg:/opt/ros/humble /usr/bin/cmake --build /home/emir/ros2_ws/build/custom_interfaces1 -- -j5 -l5
