[0.153s] Invoking command in '/home/emir/ros2_ws/build/my_cpp_pkg': CMAKE_PREFIX_PATH=${CMAKE_PREFIX_PATH}:/home/emir/ros2_ws/install/my_py_pkg:/opt/ros/humble /usr/bin/cmake --build /home/emir/ros2_ws/build/my_cpp_pkg -- -j5 -l5
[0.702s] [35m[1mConsolidate compiler generated dependencies of target cpp_node[0m
[1.058s] [100%] Built target cpp_node
[1.070s] Invoked command in '/home/emir/ros2_ws/build/my_cpp_pkg' returned '0': CMAKE_PREFIX_PATH=${CMAKE_PREFIX_PATH}:/home/emir/ros2_ws/install/my_py_pkg:/opt/ros/humble /usr/bin/cmake --build /home/emir/ros2_ws/build/my_cpp_pkg -- -j5 -l5
[1.102s] Invoking command in '/home/emir/ros2_ws/build/my_cpp_pkg': CMAKE_PREFIX_PATH=${CMAKE_PREFIX_PATH}:/home/emir/ros2_ws/install/my_py_pkg:/opt/ros/humble /usr/bin/cmake --install /home/emir/ros2_ws/build/my_cpp_pkg
[1.110s] -- Install configuration: ""
[1.141s] -- Up-to-date: /home/emir/ros2_ws/install/my_cpp_pkg/lib/my_cpp_pkg/cpp_node
[1.141s] -- Up-to-date: /home/emir/ros2_ws/install/my_cpp_pkg/share/ament_index/resource_index/package_run_dependencies/my_cpp_pkg
[1.142s] -- Up-to-date: /home/emir/ros2_ws/install/my_cpp_pkg/share/ament_index/resource_index/parent_prefix_path/my_cpp_pkg
[1.142s] -- Up-to-date: /home/emir/ros2_ws/install/my_cpp_pkg/share/my_cpp_pkg/environment/ament_prefix_path.sh
[1.142s] -- Up-to-date: /home/emir/ros2_ws/install/my_cpp_pkg/share/my_cpp_pkg/environment/ament_prefix_path.dsv
[1.142s] -- Up-to-date: /home/emir/ros2_ws/install/my_cpp_pkg/share/my_cpp_pkg/environment/path.sh
[1.142s] -- Up-to-date: /home/emir/ros2_ws/install/my_cpp_pkg/share/my_cpp_pkg/environment/path.dsv
[1.142s] -- Up-to-date: /home/emir/ros2_ws/install/my_cpp_pkg/share/my_cpp_pkg/local_setup.bash
[1.142s] -- Up-to-date: /home/emir/ros2_ws/install/my_cpp_pkg/share/my_cpp_pkg/local_setup.sh
[1.142s] -- Up-to-date: /home/emir/ros2_ws/install/my_cpp_pkg/share/my_cpp_pkg/local_setup.zsh
[1.142s] -- Up-to-date: /home/emir/ros2_ws/install/my_cpp_pkg/share/my_cpp_pkg/local_setup.dsv
[1.143s] -- Installing: /home/emir/ros2_ws/install/my_cpp_pkg/share/my_cpp_pkg/package.dsv
[1.143s] -- Up-to-date: /home/emir/ros2_ws/install/my_cpp_pkg/share/ament_index/resource_index/packages/my_cpp_pkg
[1.143s] -- Up-to-date: /home/emir/ros2_ws/install/my_cpp_pkg/share/my_cpp_pkg/cmake/my_cpp_pkgConfig.cmake
[1.143s] -- Up-to-date: /home/emir/ros2_ws/install/my_cpp_pkg/share/my_cpp_pkg/cmake/my_cpp_pkgConfig-version.cmake
[1.143s] -- Up-to-date: /home/emir/ros2_ws/install/my_cpp_pkg/share/my_cpp_pkg/package.xml
[1.144s] Invoked command in '/home/emir/ros2_ws/build/my_cpp_pkg' returned '0': CMAKE_PREFIX_PATH=${CMAKE_PREFIX_PATH}:/home/emir/ros2_ws/install/my_py_pkg:/opt/ros/humble /usr/bin/cmake --install /home/emir/ros2_ws/build/my_cpp_pkg
